{"failedCount":5,"prefixedPath":"classpath:apifeatures\/advertiser.feature","packageQualifiedName":"apifeatures.advertiser","loopIndex":-1,"relativePath":"apifeatures\/advertiser.feature","scenarioResults":[{"sectionIndex":0,"stepResults":[{"result":{"nanos":123671300,"millis":123.6713,"status":"passed"},"step":{"background":true,"line":14,"prefix":"*","index":0,"text":"url 'http:\/\/122.165.121.195:8080'"}},{"result":{"nanos":1022900,"millis":1.0229,"status":"passed"},"step":{"line":17,"prefix":"Given","index":0,"text":"path \"\/api\/v1\/advertiser\/status\""}},{"result":{"nanos":909677600,"errorMessage":"begin 0, end -1, length 0\nclasspath:apifeatures\/advertiser.feature:18","millis":909.6776,"status":"failed"},"step":{"line":18,"prefix":"When","index":1,"text":"method GET"},"stepLog":"12:11:20.295 request:\n1 > GET http:\/\/122.165.121.195:8080\/api\/v1\/advertiser\/status\n1 > Host: 122.165.121.195:8080\n1 > Connection: Keep-Alive\n1 > User-Agent: Apache-HttpClient\/4.5.13 (Java\/17.0.8.1)\n1 > Accept-Encoding: gzip,deflate\n\n\n12:11:20.660 response time in milliseconds: 362\n1 < 200\n1 < Access-Control-Allow-Methods: POST, GET, OPTIONS, DELETE, PATCH, PUT\n1 < Access-Control-Max-Age: 3600\n1 < Access-Control-Allow-Headers: _token, Authorization, x-requested-with, content-type\n1 < Vary: Origin\n1 < Vary: Access-Control-Request-Method\n1 < Vary: Access-Control-Request-Headers\n1 < X-Content-Type-Options: nosniff\n1 < X-XSS-Protection: 1; mode=block\n1 < Cache-Control: no-cache, no-store, max-age=0, must-revalidate\n1 < Pragma: no-cache\n1 < Expires: 0\n1 < X-Frame-Options: DENY\n1 < Content-Type: application\/json\n1 < Transfer-Encoding: chunked\n1 < Date: Sun, 18 Aug 2024 06:41:20 GMT\n1 < Keep-Alive: timeout=60\n1 < Connection: keep-alive\n{\"entity\":{\"active\":32,\"inActive\":47},\"httpStatus\":\"OK\",\"total\":1,\"valid\":true}\n\n12:11:20.661 classpath:apifeatures\/advertiser.feature:18\nWhen method GET\nbegin 0, end -1, length 0\nclasspath:apifeatures\/advertiser.feature:18\n"},{"result":{"nanos":0,"millis":0.0,"status":"skipped"},"step":{"line":19,"prefix":"Then","index":2,"text":"status 200"}},{"result":{"nanos":0,"errorMessage":"Cannot invoke \"com.aventstack.extentreports.ExtentTest.info(String)\" because \"apifeatures.ReportHook.test\" is null\nclasspath:apifeatures\/advertiser.feature:24","millis":0.0,"status":"failed"},"step":{"endLine":0,"line":24,"prefix":"*","index":-1,"text":"scenario [cleanup] failed"},"stepLog":"Cannot invoke \"com.aventstack.extentreports.ExtentTest.info(String)\" because \"apifeatures.ReportHook.test\" is null\njava.lang.NullPointerException: Cannot invoke \"com.aventstack.extentreports.ExtentTest.info(String)\" because \"apifeatures.ReportHook.test\" is null\r\n\tat apifeatures.ReportHook.afterScenario(ReportHook.java:51)\r\n\tat com.intuit.karate.core.ScenarioRuntime.lambda$afterRun$8(ScenarioRuntime.java:559)\r\n\tat java.base\/java.util.ArrayList.forEach(ArrayList.java:1511)\r\n\tat com.intuit.karate.core.ScenarioRuntime.afterRun(ScenarioRuntime.java:559)\r\n\tat com.intuit.karate.core.ScenarioRuntime.run(ScenarioRuntime.java:464)\r\n\tat com.intuit.karate.core.FeatureRuntime.processScenario(FeatureRuntime.java:182)\r\n\tat java.base\/java.util.stream.ReferencePipeline$2$1.accept(ReferencePipeline.java:179)\r\n\tat com.intuit.karate.core.ScenarioIterator.tryAdvance(ScenarioIterator.java:149)\r\n\tat java.base\/java.util.Spliterator.forEachRemaining(Spliterator.java:332)\r\n\tat java.base\/java.util.stream.AbstractPipeline.copyInto(AbstractPipeline.java:509)\r\n\tat java.base\/java.util.stream.AbstractPipeline.wrapAndCopyInto(AbstractPipeline.java:499)\r\n\tat java.base\/java.util.stream.StreamSpliterators$WrappingSpliterator.forEachRemaining(StreamSpliterators.java:310)\r\n\tat java.base\/java.util.Spliterators$1Adapter.forEachRemaining(Spliterators.java:706)\r\n\tat com.intuit.karate.core.FeatureRuntime.run(FeatureRuntime.java:165)\r\n\tat java.base\/java.util.concurrent.Executors$RunnableAdapter.call(Executors.java:539)\r\n\tat java.base\/java.util.concurrent.FutureTask.run(FutureTask.java:264)\r\n\tat com.intuit.karate.core.SyncExecutorService.execute(SyncExecutorService.java:70)\r\n\tat java.base\/java.util.concurrent.AbstractExecutorService.submit(AbstractExecutorService.java:123)\r\n\tat com.intuit.karate.Suite.run(Suite.java:235)\r\n\tat com.intuit.karate.Runner$Builder.parallel(Runner.java:575)\r\n\tat ScenarioRunner.testParallel(ScenarioRunner.java:19)\r\n\tat java.base\/jdk.internal.reflect.NativeMethodAccessorImpl.invoke0(Native Method)\r\n\tat java.base\/jdk.internal.reflect.NativeMethodAccessorImpl.invoke(NativeMethodAccessorImpl.java:77)\r\n\tat java.base\/jdk.internal.reflect.DelegatingMethodAccessorImpl.invoke(DelegatingMethodAccessorImpl.java:43)\r\n\tat java.base\/java.lang.reflect.Method.invoke(Method.java:568)\r\n\tat org.junit.platform.commons.util.ReflectionUtils.invokeMethod(ReflectionUtils.java:727)\r\n\tat org.junit.jupiter.engine.execution.MethodInvocation.proceed(MethodInvocation.java:60)\r\n\tat org.junit.jupiter.engine.execution.InvocationInterceptorChain$ValidatingInvocation.proceed(InvocationInterceptorChain.java:131)\r\n\tat org.junit.jupiter.engine.extension.TimeoutExtension.intercept(TimeoutExtension.java:156)\r\n\tat org.junit.jupiter.engine.extension.TimeoutExtension.interceptTestableMethod(TimeoutExtension.java:147)\r\n\tat org.junit.jupiter.engine.extension.TimeoutExtension.interceptTestMethod(TimeoutExtension.java:86)\r\n\tat org.junit.jupiter.engine.execution.InterceptingExecutableInvoker$ReflectiveInterceptorCall.lambda$ofVoidMethod$0(InterceptingExecutableInvoker.java:103)\r\n\tat org.junit.jupiter.engine.execution.InterceptingExecutableInvoker.lambda$invoke$0(InterceptingExecutableInvoker.java:93)\r\n\tat org.junit.jupiter.engine.execution.InvocationInterceptorChain$InterceptedInvocation.proceed(InvocationInterceptorChain.java:106)\r\n\tat org.junit.jupiter.engine.execution.InvocationInterceptorChain.proceed(InvocationInterceptorChain.java:64)\r\n\tat org.junit.jupiter.engine.execution.InvocationInterceptorChain.chainAndInvoke(InvocationInterceptorChain.java:45)\r\n\tat org.junit.jupiter.engine.execution.InvocationInterceptorChain.invoke(InvocationInterceptorChain.java:37)\r\n\tat org.junit.jupiter.engine.execution.InterceptingExecutableInvoker.invoke(InterceptingExecutableInvoker.java:92)\r\n\tat org.junit.jupiter.engine.execution.InterceptingExecutableInvoker.invoke(InterceptingExecutableInvoker.java:86)\r\n\tat org.junit.jupiter.engine.descriptor.TestMethodTestDescriptor.lambda$invokeTestMethod$7(TestMethodTestDescriptor.java:217)\r\n\tat org.junit.platform.engine.support.hierarchical.ThrowableCollector.execute(ThrowableCollector.java:73)\r\n\tat org.junit.jupiter.engine.descriptor.TestMethodTestDescriptor.invokeTestMethod(TestMethodTestDescriptor.java:213)\r\n\tat org.junit.jupiter.engine.descriptor.TestMethodTestDescriptor.execute(TestMethodTestDescriptor.java:138)\r\n\tat org.junit.jupiter.engine.descriptor.TestMethodTestDescriptor.execute(TestMethodTestDescriptor.java:68)\r\n\tat org.junit.platform.engine.support.hierarchical.NodeTestTask.lambda$executeRecursively$6(NodeTestTask.java:151)\r\n\tat org.junit.platform.engine.support.hierarchical.ThrowableCollector.execute(ThrowableCollector.java:73)\r\n\tat org.junit.platform.engine.support.hierarchical.NodeTestTask.lambda$executeRecursively$8(NodeTestTask.java:141)\r\n\tat org.junit.platform.engine.support.hierarchical.Node.around(Node.java:137)\r\n\tat org.junit.platform.engine.support.hierarchical.NodeTestTask.lambda$executeRecursively$9(NodeTestTask.java:139)\r\n\tat org.junit.platform.engine.support.hierarchical.ThrowableCollector.execute(ThrowableCollector.java:73)\r\n\tat org.junit.platform.engine.support.hierarchical.NodeTestTask.executeRecursively(NodeTestTask.java:138)\r\n\tat org.junit.platform.engine.support.hierarchical.NodeTestTask.execute(NodeTestTask.java:95)\r\n\tat java.base\/java.util.ArrayList.forEach(ArrayList.java:1511)\r\n\tat org.junit.platform.engine.support.hierarchical.SameThreadHierarchicalTestExecutorService.invokeAll(SameThreadHierarchicalTestExecutorService.java:41)\r\n\tat org.junit.platform.engine.support.hierarchical.NodeTestTask.lambda$executeRecursively$6(NodeTestTask.java:155)\r\n\tat org.junit.platform.engine.support.hierarchical.ThrowableCollector.execute(ThrowableCollector.java:73)\r\n\tat org.junit.platform.engine.support.hierarchical.NodeTestTask.lambda$executeRecursively$8(NodeTestTask.java:141)\r\n\tat org.junit.platform.engine.support.hierarchical.Node.around(Node.java:137)\r\n\tat org.junit.platform.engine.support.hierarchical.NodeTestTask.lambda$executeRecursively$9(NodeTestTask.java:139)\r\n\tat org.junit.platform.engine.support.hierarchical.ThrowableCollector.execute(ThrowableCollector.java:73)\r\n\tat org.junit.platform.engine.support.hierarchical.NodeTestTask.executeRecursively(NodeTestTask.java:138)\r\n\tat org.junit.platform.engine.support.hierarchical.NodeTestTask.execute(NodeTestTask.java:95)\r\n\tat java.base\/java.util.ArrayList.forEach(ArrayList.java:1511)\r\n\tat org.junit.platform.engine.support.hierarchical.SameThreadHierarchicalTestExecutorService.invokeAll(SameThreadHierarchicalTestExecutorService.java:41)\r\n\tat org.junit.platform.engine.support.hierarchical.NodeTestTask.lambda$executeRecursively$6(NodeTestTask.java:155)\r\n\tat org.junit.platform.engine.support.hierarchical.ThrowableCollector.execute(ThrowableCollector.java:73)\r\n\tat org.junit.platform.engine.support.hierarchical.NodeTestTask.lambda$executeRecursively$8(NodeTestTask.java:141)\r\n\tat org.junit.platform.engine.support.hierarchical.Node.around(Node.java:137)\r\n\tat org.junit.platform.engine.support.hierarchical.NodeTestTask.lambda$executeRecursively$9(NodeTestTask.java:139)\r\n\tat org.junit.platform.engine.support.hierarchical.ThrowableCollector.execute(ThrowableCollector.java:73)\r\n\tat org.junit.platform.engine.support.hierarchical.NodeTestTask.executeRecursively(NodeTestTask.java:138)\r\n\tat org.junit.platform.engine.support.hierarchical.NodeTestTask.execute(NodeTestTask.java:95)\r\n\tat org.junit.platform.engine.support.hierarchical.SameThreadHierarchicalTestExecutorService.submit(SameThreadHierarchicalTestExecutorService.java:35)\r\n\tat org.junit.platform.engine.support.hierarchical.HierarchicalTestExecutor.execute(HierarchicalTestExecutor.java:57)\r\n\tat org.junit.platform.engine.support.hierarchical.HierarchicalTestEngine.execute(HierarchicalTestEngine.java:54)\r\n\tat org.junit.platform.launcher.core.EngineExecutionOrchestrator.execute(EngineExecutionOrchestrator.java:147)\r\n\tat org.junit.platform.launcher.core.EngineExecutionOrchestrator.execute(EngineExecutionOrchestrator.java:127)\r\n\tat org.junit.platform.launcher.core.EngineExecutionOrchestrator.execute(EngineExecutionOrchestrator.java:90)\r\n\tat org.junit.platform.launcher.core.EngineExecutionOrchestrator.lambda$execute$0(EngineExecutionOrchestrator.java:55)\r\n\tat org.junit.platform.launcher.core.EngineExecutionOrchestrator.withInterceptedStreams(EngineExecutionOrchestrator.java:102)\r\n\tat org.junit.platform.launcher.core.EngineExecutionOrchestrator.execute(EngineExecutionOrchestrator.java:54)\r\n\tat org.junit.platform.launcher.core.DefaultLauncher.execute(DefaultLauncher.java:114)\r\n\tat org.junit.platform.launcher.core.DefaultLauncher.execute(DefaultLauncher.java:95)\r\n\tat org.junit.platform.launcher.core.DefaultLauncherSession$DelegatingLauncher.execute(DefaultLauncherSession.java:91)\r\n\tat org.junit.platform.launcher.core.SessionPerRequestLauncher.execute(SessionPerRequestLauncher.java:60)\r\n\tat org.eclipse.jdt.internal.junit5.runner.JUnit5TestReference.run(JUnit5TestReference.java:100)\r\n\tat org.eclipse.jdt.internal.junit.runner.TestExecution.run(TestExecution.java:40)\r\n\tat org.eclipse.jdt.internal.junit.runner.RemoteTestRunner.runTests(RemoteTestRunner.java:529)\r\n\tat org.eclipse.jdt.internal.junit.runner.RemoteTestRunner.runTests(RemoteTestRunner.java:757)\r\n\tat org.eclipse.jdt.internal.junit.runner.RemoteTestRunner.run(RemoteTestRunner.java:452)\r\n\tat org.eclipse.jdt.internal.junit.runner.RemoteTestRunner.main(RemoteTestRunner.java:210)\r\n"}],"line":24,"description":"","durationMillis":1034.3718,"failed":true,"error":"Cannot invoke \"com.aventstack.extentreports.ExtentTest.info(String)\" because \"apifeatures.ReportHook.test\" is null\nclasspath:apifeatures\/advertiser.feature:24","executorName":"main","name":"Status","startTime":1723963279747,"refId":"[1.1:24]","endTime":1723963280661,"exampleData":{"S.NO":"7","SCENARIO":"Status","URL":"\"\/api\/v1\/advertiser\/status\"","DESC":"Status","METHOD":"GET","STATUS_CODE":"200","VALIDATION":"status:active"},"exampleIndex":0},{"sectionIndex":0,"stepResults":[{"result":{"nanos":123671300,"millis":123.6713,"status":"passed"},"step":{"background":true,"line":14,"prefix":"*","index":0,"text":"url 'http:\/\/122.165.121.195:8080'"}},{"result":{"nanos":748500,"millis":0.7485,"status":"passed"},"step":{"line":17,"prefix":"Given","index":0,"text":"path \"\/api\/v1\/advertiser\/70\""}},{"result":{"nanos":1244608200,"errorMessage":"begin 0, end -1, length 0\nclasspath:apifeatures\/advertiser.feature:18","millis":1244.6082,"status":"failed"},"step":{"line":18,"prefix":"When","index":1,"text":"method GET"},"stepLog":"12:11:20.689 request:\n1 > GET http:\/\/122.165.121.195:8080\/api\/v1\/advertiser\/70\n1 > Host: 122.165.121.195:8080\n1 > Connection: Keep-Alive\n1 > User-Agent: Apache-HttpClient\/4.5.13 (Java\/17.0.8.1)\n1 > Accept-Encoding: gzip,deflate\n\n\n12:11:21.931 response time in milliseconds: 1241\n1 < 200\n1 < Access-Control-Allow-Methods: POST, GET, OPTIONS, DELETE, PATCH, PUT\n1 < Access-Control-Max-Age: 3600\n1 < Access-Control-Allow-Headers: _token, Authorization, x-requested-with, content-type\n1 < Vary: Origin\n1 < Vary: Access-Control-Request-Method\n1 < Vary: Access-Control-Request-Headers\n1 < X-Content-Type-Options: nosniff\n1 < X-XSS-Protection: 1; mode=block\n1 < Cache-Control: no-cache, no-store, max-age=0, must-revalidate\n1 < Pragma: no-cache\n1 < Expires: 0\n1 < X-Frame-Options: DENY\n1 < Content-Type: application\/json\n1 < Transfer-Encoding: chunked\n1 < Date: Sun, 18 Aug 2024 06:41:22 GMT\n1 < Keep-Alive: timeout=60\n1 < Connection: keep-alive\n{\"entity\":{\"id\":70,\"name\":\"Advertiser 0099021\",\"email\":\"test@gc.om\",\"description\":\"desc1\",\"active\":true},\"httpStatus\":\"OK\",\"valid\":true}\n\n12:11:21.931 classpath:apifeatures\/advertiser.feature:18\nWhen method GET\nbegin 0, end -1, length 0\nclasspath:apifeatures\/advertiser.feature:18\n"},{"result":{"nanos":0,"millis":0.0,"status":"skipped"},"step":{"line":19,"prefix":"Then","index":2,"text":"status 200"}},{"result":{"nanos":0,"errorMessage":"Cannot invoke \"com.aventstack.extentreports.ExtentTest.info(String)\" because \"apifeatures.ReportHook.test\" is null\nclasspath:apifeatures\/advertiser.feature:24","millis":0.0,"status":"failed"},"step":{"endLine":0,"line":24,"prefix":"*","index":-1,"text":"scenario [cleanup] failed"},"stepLog":"Cannot invoke \"com.aventstack.extentreports.ExtentTest.info(String)\" because \"apifeatures.ReportHook.test\" is null\njava.lang.NullPointerException: Cannot invoke \"com.aventstack.extentreports.ExtentTest.info(String)\" because \"apifeatures.ReportHook.test\" is null\r\n\tat apifeatures.ReportHook.afterScenario(ReportHook.java:51)\r\n\tat com.intuit.karate.core.ScenarioRuntime.lambda$afterRun$8(ScenarioRuntime.java:559)\r\n\tat java.base\/java.util.ArrayList.forEach(ArrayList.java:1511)\r\n\tat com.intuit.karate.core.ScenarioRuntime.afterRun(ScenarioRuntime.java:559)\r\n\tat com.intuit.karate.core.ScenarioRuntime.run(ScenarioRuntime.java:464)\r\n\tat com.intuit.karate.core.FeatureRuntime.processScenario(FeatureRuntime.java:182)\r\n\tat java.base\/java.util.stream.ReferencePipeline$2$1.accept(ReferencePipeline.java:179)\r\n\tat com.intuit.karate.core.ScenarioIterator.tryAdvance(ScenarioIterator.java:149)\r\n\tat java.base\/java.util.Spliterator.forEachRemaining(Spliterator.java:332)\r\n\tat java.base\/java.util.stream.AbstractPipeline.copyInto(AbstractPipeline.java:509)\r\n\tat java.base\/java.util.stream.AbstractPipeline.wrapAndCopyInto(AbstractPipeline.java:499)\r\n\tat java.base\/java.util.stream.StreamSpliterators$WrappingSpliterator.forEachRemaining(StreamSpliterators.java:310)\r\n\tat java.base\/java.util.Spliterators$1Adapter.forEachRemaining(Spliterators.java:706)\r\n\tat com.intuit.karate.core.FeatureRuntime.run(FeatureRuntime.java:165)\r\n\tat java.base\/java.util.concurrent.Executors$RunnableAdapter.call(Executors.java:539)\r\n\tat java.base\/java.util.concurrent.FutureTask.run(FutureTask.java:264)\r\n\tat com.intuit.karate.core.SyncExecutorService.execute(SyncExecutorService.java:70)\r\n\tat java.base\/java.util.concurrent.AbstractExecutorService.submit(AbstractExecutorService.java:123)\r\n\tat com.intuit.karate.Suite.run(Suite.java:235)\r\n\tat com.intuit.karate.Runner$Builder.parallel(Runner.java:575)\r\n\tat ScenarioRunner.testParallel(ScenarioRunner.java:19)\r\n\tat java.base\/jdk.internal.reflect.NativeMethodAccessorImpl.invoke0(Native Method)\r\n\tat java.base\/jdk.internal.reflect.NativeMethodAccessorImpl.invoke(NativeMethodAccessorImpl.java:77)\r\n\tat java.base\/jdk.internal.reflect.DelegatingMethodAccessorImpl.invoke(DelegatingMethodAccessorImpl.java:43)\r\n\tat java.base\/java.lang.reflect.Method.invoke(Method.java:568)\r\n\tat org.junit.platform.commons.util.ReflectionUtils.invokeMethod(ReflectionUtils.java:727)\r\n\tat org.junit.jupiter.engine.execution.MethodInvocation.proceed(MethodInvocation.java:60)\r\n\tat org.junit.jupiter.engine.execution.InvocationInterceptorChain$ValidatingInvocation.proceed(InvocationInterceptorChain.java:131)\r\n\tat org.junit.jupiter.engine.extension.TimeoutExtension.intercept(TimeoutExtension.java:156)\r\n\tat org.junit.jupiter.engine.extension.TimeoutExtension.interceptTestableMethod(TimeoutExtension.java:147)\r\n\tat org.junit.jupiter.engine.extension.TimeoutExtension.interceptTestMethod(TimeoutExtension.java:86)\r\n\tat org.junit.jupiter.engine.execution.InterceptingExecutableInvoker$ReflectiveInterceptorCall.lambda$ofVoidMethod$0(InterceptingExecutableInvoker.java:103)\r\n\tat org.junit.jupiter.engine.execution.InterceptingExecutableInvoker.lambda$invoke$0(InterceptingExecutableInvoker.java:93)\r\n\tat org.junit.jupiter.engine.execution.InvocationInterceptorChain$InterceptedInvocation.proceed(InvocationInterceptorChain.java:106)\r\n\tat org.junit.jupiter.engine.execution.InvocationInterceptorChain.proceed(InvocationInterceptorChain.java:64)\r\n\tat org.junit.jupiter.engine.execution.InvocationInterceptorChain.chainAndInvoke(InvocationInterceptorChain.java:45)\r\n\tat org.junit.jupiter.engine.execution.InvocationInterceptorChain.invoke(InvocationInterceptorChain.java:37)\r\n\tat org.junit.jupiter.engine.execution.InterceptingExecutableInvoker.invoke(InterceptingExecutableInvoker.java:92)\r\n\tat org.junit.jupiter.engine.execution.InterceptingExecutableInvoker.invoke(InterceptingExecutableInvoker.java:86)\r\n\tat org.junit.jupiter.engine.descriptor.TestMethodTestDescriptor.lambda$invokeTestMethod$7(TestMethodTestDescriptor.java:217)\r\n\tat org.junit.platform.engine.support.hierarchical.ThrowableCollector.execute(ThrowableCollector.java:73)\r\n\tat org.junit.jupiter.engine.descriptor.TestMethodTestDescriptor.invokeTestMethod(TestMethodTestDescriptor.java:213)\r\n\tat org.junit.jupiter.engine.descriptor.TestMethodTestDescriptor.execute(TestMethodTestDescriptor.java:138)\r\n\tat org.junit.jupiter.engine.descriptor.TestMethodTestDescriptor.execute(TestMethodTestDescriptor.java:68)\r\n\tat org.junit.platform.engine.support.hierarchical.NodeTestTask.lambda$executeRecursively$6(NodeTestTask.java:151)\r\n\tat org.junit.platform.engine.support.hierarchical.ThrowableCollector.execute(ThrowableCollector.java:73)\r\n\tat org.junit.platform.engine.support.hierarchical.NodeTestTask.lambda$executeRecursively$8(NodeTestTask.java:141)\r\n\tat org.junit.platform.engine.support.hierarchical.Node.around(Node.java:137)\r\n\tat org.junit.platform.engine.support.hierarchical.NodeTestTask.lambda$executeRecursively$9(NodeTestTask.java:139)\r\n\tat org.junit.platform.engine.support.hierarchical.ThrowableCollector.execute(ThrowableCollector.java:73)\r\n\tat org.junit.platform.engine.support.hierarchical.NodeTestTask.executeRecursively(NodeTestTask.java:138)\r\n\tat org.junit.platform.engine.support.hierarchical.NodeTestTask.execute(NodeTestTask.java:95)\r\n\tat java.base\/java.util.ArrayList.forEach(ArrayList.java:1511)\r\n\tat org.junit.platform.engine.support.hierarchical.SameThreadHierarchicalTestExecutorService.invokeAll(SameThreadHierarchicalTestExecutorService.java:41)\r\n\tat org.junit.platform.engine.support.hierarchical.NodeTestTask.lambda$executeRecursively$6(NodeTestTask.java:155)\r\n\tat org.junit.platform.engine.support.hierarchical.ThrowableCollector.execute(ThrowableCollector.java:73)\r\n\tat org.junit.platform.engine.support.hierarchical.NodeTestTask.lambda$executeRecursively$8(NodeTestTask.java:141)\r\n\tat org.junit.platform.engine.support.hierarchical.Node.around(Node.java:137)\r\n\tat org.junit.platform.engine.support.hierarchical.NodeTestTask.lambda$executeRecursively$9(NodeTestTask.java:139)\r\n\tat org.junit.platform.engine.support.hierarchical.ThrowableCollector.execute(ThrowableCollector.java:73)\r\n\tat org.junit.platform.engine.support.hierarchical.NodeTestTask.executeRecursively(NodeTestTask.java:138)\r\n\tat org.junit.platform.engine.support.hierarchical.NodeTestTask.execute(NodeTestTask.java:95)\r\n\tat java.base\/java.util.ArrayList.forEach(ArrayList.java:1511)\r\n\tat org.junit.platform.engine.support.hierarchical.SameThreadHierarchicalTestExecutorService.invokeAll(SameThreadHierarchicalTestExecutorService.java:41)\r\n\tat org.junit.platform.engine.support.hierarchical.NodeTestTask.lambda$executeRecursively$6(NodeTestTask.java:155)\r\n\tat org.junit.platform.engine.support.hierarchical.ThrowableCollector.execute(ThrowableCollector.java:73)\r\n\tat org.junit.platform.engine.support.hierarchical.NodeTestTask.lambda$executeRecursively$8(NodeTestTask.java:141)\r\n\tat org.junit.platform.engine.support.hierarchical.Node.around(Node.java:137)\r\n\tat org.junit.platform.engine.support.hierarchical.NodeTestTask.lambda$executeRecursively$9(NodeTestTask.java:139)\r\n\tat org.junit.platform.engine.support.hierarchical.ThrowableCollector.execute(ThrowableCollector.java:73)\r\n\tat org.junit.platform.engine.support.hierarchical.NodeTestTask.executeRecursively(NodeTestTask.java:138)\r\n\tat org.junit.platform.engine.support.hierarchical.NodeTestTask.execute(NodeTestTask.java:95)\r\n\tat org.junit.platform.engine.support.hierarchical.SameThreadHierarchicalTestExecutorService.submit(SameThreadHierarchicalTestExecutorService.java:35)\r\n\tat org.junit.platform.engine.support.hierarchical.HierarchicalTestExecutor.execute(HierarchicalTestExecutor.java:57)\r\n\tat org.junit.platform.engine.support.hierarchical.HierarchicalTestEngine.execute(HierarchicalTestEngine.java:54)\r\n\tat org.junit.platform.launcher.core.EngineExecutionOrchestrator.execute(EngineExecutionOrchestrator.java:147)\r\n\tat org.junit.platform.launcher.core.EngineExecutionOrchestrator.execute(EngineExecutionOrchestrator.java:127)\r\n\tat org.junit.platform.launcher.core.EngineExecutionOrchestrator.execute(EngineExecutionOrchestrator.java:90)\r\n\tat org.junit.platform.launcher.core.EngineExecutionOrchestrator.lambda$execute$0(EngineExecutionOrchestrator.java:55)\r\n\tat org.junit.platform.launcher.core.EngineExecutionOrchestrator.withInterceptedStreams(EngineExecutionOrchestrator.java:102)\r\n\tat org.junit.platform.launcher.core.EngineExecutionOrchestrator.execute(EngineExecutionOrchestrator.java:54)\r\n\tat org.junit.platform.launcher.core.DefaultLauncher.execute(DefaultLauncher.java:114)\r\n\tat org.junit.platform.launcher.core.DefaultLauncher.execute(DefaultLauncher.java:95)\r\n\tat org.junit.platform.launcher.core.DefaultLauncherSession$DelegatingLauncher.execute(DefaultLauncherSession.java:91)\r\n\tat org.junit.platform.launcher.core.SessionPerRequestLauncher.execute(SessionPerRequestLauncher.java:60)\r\n\tat org.eclipse.jdt.internal.junit5.runner.JUnit5TestReference.run(JUnit5TestReference.java:100)\r\n\tat org.eclipse.jdt.internal.junit.runner.TestExecution.run(TestExecution.java:40)\r\n\tat org.eclipse.jdt.internal.junit.runner.RemoteTestRunner.runTests(RemoteTestRunner.java:529)\r\n\tat org.eclipse.jdt.internal.junit.runner.RemoteTestRunner.runTests(RemoteTestRunner.java:757)\r\n\tat org.eclipse.jdt.internal.junit.runner.RemoteTestRunner.run(RemoteTestRunner.java:452)\r\n\tat org.eclipse.jdt.internal.junit.runner.RemoteTestRunner.main(RemoteTestRunner.java:210)\r\n"}],"line":24,"description":"","durationMillis":1369.028,"failed":true,"error":"Cannot invoke \"com.aventstack.extentreports.ExtentTest.info(String)\" because \"apifeatures.ReportHook.test\" is null\nclasspath:apifeatures\/advertiser.feature:24","executorName":"main","name":"Get Advertiser","startTime":1723963280686,"refId":"[1.2:24]","endTime":1723963281931,"exampleData":{"S.NO":"11","SCENARIO":"Get Advertiser","URL":"\"\/api\/v1\/advertiser\/70\"","DESC":"Get Advertiser","METHOD":"GET","STATUS_CODE":"200","VALIDATION":"adveriserID:70"},"exampleIndex":1},{"sectionIndex":0,"stepResults":[{"result":{"nanos":123671300,"millis":123.6713,"status":"passed"},"step":{"background":true,"line":14,"prefix":"*","index":0,"text":"url 'http:\/\/122.165.121.195:8080'"}},{"result":{"nanos":742000,"millis":0.742,"status":"passed"},"step":{"line":17,"prefix":"Given","index":0,"text":"path \"\/api\/v1\/advertiser\/70\/toggle-activate\""}},{"result":{"nanos":472543800,"errorMessage":"begin 0, end -1, length 0\nclasspath:apifeatures\/advertiser.feature:18","millis":472.5438,"status":"failed"},"step":{"line":18,"prefix":"When","index":1,"text":"method GET"},"stepLog":"12:11:21.942 request:\n1 > GET http:\/\/122.165.121.195:8080\/api\/v1\/advertiser\/70\/toggle-activate\n1 > Host: 122.165.121.195:8080\n1 > Connection: Keep-Alive\n1 > User-Agent: Apache-HttpClient\/4.5.13 (Java\/17.0.8.1)\n1 > Accept-Encoding: gzip,deflate\n\n\n12:11:22.412 response time in milliseconds: 470\n1 < 200\n1 < Access-Control-Allow-Methods: POST, GET, OPTIONS, DELETE, PATCH, PUT\n1 < Access-Control-Max-Age: 3600\n1 < Access-Control-Allow-Headers: _token, Authorization, x-requested-with, content-type\n1 < Vary: Origin\n1 < Vary: Access-Control-Request-Method\n1 < Vary: Access-Control-Request-Headers\n1 < X-Content-Type-Options: nosniff\n1 < X-XSS-Protection: 1; mode=block\n1 < Cache-Control: no-cache, no-store, max-age=0, must-revalidate\n1 < Pragma: no-cache\n1 < Expires: 0\n1 < X-Frame-Options: DENY\n1 < Content-Type: application\/json\n1 < Transfer-Encoding: chunked\n1 < Date: Sun, 18 Aug 2024 06:41:22 GMT\n1 < Keep-Alive: timeout=60\n1 < Connection: keep-alive\n{\"httpStatus\":\"OK\",\"successMessage\":\"Activated\/Deactivated successfully \",\"valid\":true}\n\n12:11:22.413 classpath:apifeatures\/advertiser.feature:18\nWhen method GET\nbegin 0, end -1, length 0\nclasspath:apifeatures\/advertiser.feature:18\n"},{"result":{"nanos":0,"millis":0.0,"status":"skipped"},"step":{"line":19,"prefix":"Then","index":2,"text":"status 200"}},{"result":{"nanos":0,"errorMessage":"Cannot invoke \"com.aventstack.extentreports.ExtentTest.info(String)\" because \"apifeatures.ReportHook.test\" is null\nclasspath:apifeatures\/advertiser.feature:24","millis":0.0,"status":"failed"},"step":{"endLine":0,"line":24,"prefix":"*","index":-1,"text":"scenario [cleanup] failed"},"stepLog":"Cannot invoke \"com.aventstack.extentreports.ExtentTest.info(String)\" because \"apifeatures.ReportHook.test\" is null\njava.lang.NullPointerException: Cannot invoke \"com.aventstack.extentreports.ExtentTest.info(String)\" because \"apifeatures.ReportHook.test\" is null\r\n\tat apifeatures.ReportHook.afterScenario(ReportHook.java:51)\r\n\tat com.intuit.karate.core.ScenarioRuntime.lambda$afterRun$8(ScenarioRuntime.java:559)\r\n\tat java.base\/java.util.ArrayList.forEach(ArrayList.java:1511)\r\n\tat com.intuit.karate.core.ScenarioRuntime.afterRun(ScenarioRuntime.java:559)\r\n\tat com.intuit.karate.core.ScenarioRuntime.run(ScenarioRuntime.java:464)\r\n\tat com.intuit.karate.core.FeatureRuntime.processScenario(FeatureRuntime.java:182)\r\n\tat java.base\/java.util.stream.ReferencePipeline$2$1.accept(ReferencePipeline.java:179)\r\n\tat com.intuit.karate.core.ScenarioIterator.tryAdvance(ScenarioIterator.java:149)\r\n\tat java.base\/java.util.Spliterator.forEachRemaining(Spliterator.java:332)\r\n\tat java.base\/java.util.stream.AbstractPipeline.copyInto(AbstractPipeline.java:509)\r\n\tat java.base\/java.util.stream.AbstractPipeline.wrapAndCopyInto(AbstractPipeline.java:499)\r\n\tat java.base\/java.util.stream.StreamSpliterators$WrappingSpliterator.forEachRemaining(StreamSpliterators.java:310)\r\n\tat java.base\/java.util.Spliterators$1Adapter.forEachRemaining(Spliterators.java:706)\r\n\tat com.intuit.karate.core.FeatureRuntime.run(FeatureRuntime.java:165)\r\n\tat java.base\/java.util.concurrent.Executors$RunnableAdapter.call(Executors.java:539)\r\n\tat java.base\/java.util.concurrent.FutureTask.run(FutureTask.java:264)\r\n\tat com.intuit.karate.core.SyncExecutorService.execute(SyncExecutorService.java:70)\r\n\tat java.base\/java.util.concurrent.AbstractExecutorService.submit(AbstractExecutorService.java:123)\r\n\tat com.intuit.karate.Suite.run(Suite.java:235)\r\n\tat com.intuit.karate.Runner$Builder.parallel(Runner.java:575)\r\n\tat ScenarioRunner.testParallel(ScenarioRunner.java:19)\r\n\tat java.base\/jdk.internal.reflect.NativeMethodAccessorImpl.invoke0(Native Method)\r\n\tat java.base\/jdk.internal.reflect.NativeMethodAccessorImpl.invoke(NativeMethodAccessorImpl.java:77)\r\n\tat java.base\/jdk.internal.reflect.DelegatingMethodAccessorImpl.invoke(DelegatingMethodAccessorImpl.java:43)\r\n\tat java.base\/java.lang.reflect.Method.invoke(Method.java:568)\r\n\tat org.junit.platform.commons.util.ReflectionUtils.invokeMethod(ReflectionUtils.java:727)\r\n\tat org.junit.jupiter.engine.execution.MethodInvocation.proceed(MethodInvocation.java:60)\r\n\tat org.junit.jupiter.engine.execution.InvocationInterceptorChain$ValidatingInvocation.proceed(InvocationInterceptorChain.java:131)\r\n\tat org.junit.jupiter.engine.extension.TimeoutExtension.intercept(TimeoutExtension.java:156)\r\n\tat org.junit.jupiter.engine.extension.TimeoutExtension.interceptTestableMethod(TimeoutExtension.java:147)\r\n\tat org.junit.jupiter.engine.extension.TimeoutExtension.interceptTestMethod(TimeoutExtension.java:86)\r\n\tat org.junit.jupiter.engine.execution.InterceptingExecutableInvoker$ReflectiveInterceptorCall.lambda$ofVoidMethod$0(InterceptingExecutableInvoker.java:103)\r\n\tat org.junit.jupiter.engine.execution.InterceptingExecutableInvoker.lambda$invoke$0(InterceptingExecutableInvoker.java:93)\r\n\tat org.junit.jupiter.engine.execution.InvocationInterceptorChain$InterceptedInvocation.proceed(InvocationInterceptorChain.java:106)\r\n\tat org.junit.jupiter.engine.execution.InvocationInterceptorChain.proceed(InvocationInterceptorChain.java:64)\r\n\tat org.junit.jupiter.engine.execution.InvocationInterceptorChain.chainAndInvoke(InvocationInterceptorChain.java:45)\r\n\tat org.junit.jupiter.engine.execution.InvocationInterceptorChain.invoke(InvocationInterceptorChain.java:37)\r\n\tat org.junit.jupiter.engine.execution.InterceptingExecutableInvoker.invoke(InterceptingExecutableInvoker.java:92)\r\n\tat org.junit.jupiter.engine.execution.InterceptingExecutableInvoker.invoke(InterceptingExecutableInvoker.java:86)\r\n\tat org.junit.jupiter.engine.descriptor.TestMethodTestDescriptor.lambda$invokeTestMethod$7(TestMethodTestDescriptor.java:217)\r\n\tat org.junit.platform.engine.support.hierarchical.ThrowableCollector.execute(ThrowableCollector.java:73)\r\n\tat org.junit.jupiter.engine.descriptor.TestMethodTestDescriptor.invokeTestMethod(TestMethodTestDescriptor.java:213)\r\n\tat org.junit.jupiter.engine.descriptor.TestMethodTestDescriptor.execute(TestMethodTestDescriptor.java:138)\r\n\tat org.junit.jupiter.engine.descriptor.TestMethodTestDescriptor.execute(TestMethodTestDescriptor.java:68)\r\n\tat org.junit.platform.engine.support.hierarchical.NodeTestTask.lambda$executeRecursively$6(NodeTestTask.java:151)\r\n\tat org.junit.platform.engine.support.hierarchical.ThrowableCollector.execute(ThrowableCollector.java:73)\r\n\tat org.junit.platform.engine.support.hierarchical.NodeTestTask.lambda$executeRecursively$8(NodeTestTask.java:141)\r\n\tat org.junit.platform.engine.support.hierarchical.Node.around(Node.java:137)\r\n\tat org.junit.platform.engine.support.hierarchical.NodeTestTask.lambda$executeRecursively$9(NodeTestTask.java:139)\r\n\tat org.junit.platform.engine.support.hierarchical.ThrowableCollector.execute(ThrowableCollector.java:73)\r\n\tat org.junit.platform.engine.support.hierarchical.NodeTestTask.executeRecursively(NodeTestTask.java:138)\r\n\tat org.junit.platform.engine.support.hierarchical.NodeTestTask.execute(NodeTestTask.java:95)\r\n\tat java.base\/java.util.ArrayList.forEach(ArrayList.java:1511)\r\n\tat org.junit.platform.engine.support.hierarchical.SameThreadHierarchicalTestExecutorService.invokeAll(SameThreadHierarchicalTestExecutorService.java:41)\r\n\tat org.junit.platform.engine.support.hierarchical.NodeTestTask.lambda$executeRecursively$6(NodeTestTask.java:155)\r\n\tat org.junit.platform.engine.support.hierarchical.ThrowableCollector.execute(ThrowableCollector.java:73)\r\n\tat org.junit.platform.engine.support.hierarchical.NodeTestTask.lambda$executeRecursively$8(NodeTestTask.java:141)\r\n\tat org.junit.platform.engine.support.hierarchical.Node.around(Node.java:137)\r\n\tat org.junit.platform.engine.support.hierarchical.NodeTestTask.lambda$executeRecursively$9(NodeTestTask.java:139)\r\n\tat org.junit.platform.engine.support.hierarchical.ThrowableCollector.execute(ThrowableCollector.java:73)\r\n\tat org.junit.platform.engine.support.hierarchical.NodeTestTask.executeRecursively(NodeTestTask.java:138)\r\n\tat org.junit.platform.engine.support.hierarchical.NodeTestTask.execute(NodeTestTask.java:95)\r\n\tat java.base\/java.util.ArrayList.forEach(ArrayList.java:1511)\r\n\tat org.junit.platform.engine.support.hierarchical.SameThreadHierarchicalTestExecutorService.invokeAll(SameThreadHierarchicalTestExecutorService.java:41)\r\n\tat org.junit.platform.engine.support.hierarchical.NodeTestTask.lambda$executeRecursively$6(NodeTestTask.java:155)\r\n\tat org.junit.platform.engine.support.hierarchical.ThrowableCollector.execute(ThrowableCollector.java:73)\r\n\tat org.junit.platform.engine.support.hierarchical.NodeTestTask.lambda$executeRecursively$8(NodeTestTask.java:141)\r\n\tat org.junit.platform.engine.support.hierarchical.Node.around(Node.java:137)\r\n\tat org.junit.platform.engine.support.hierarchical.NodeTestTask.lambda$executeRecursively$9(NodeTestTask.java:139)\r\n\tat org.junit.platform.engine.support.hierarchical.ThrowableCollector.execute(ThrowableCollector.java:73)\r\n\tat org.junit.platform.engine.support.hierarchical.NodeTestTask.executeRecursively(NodeTestTask.java:138)\r\n\tat org.junit.platform.engine.support.hierarchical.NodeTestTask.execute(NodeTestTask.java:95)\r\n\tat org.junit.platform.engine.support.hierarchical.SameThreadHierarchicalTestExecutorService.submit(SameThreadHierarchicalTestExecutorService.java:35)\r\n\tat org.junit.platform.engine.support.hierarchical.HierarchicalTestExecutor.execute(HierarchicalTestExecutor.java:57)\r\n\tat org.junit.platform.engine.support.hierarchical.HierarchicalTestEngine.execute(HierarchicalTestEngine.java:54)\r\n\tat org.junit.platform.launcher.core.EngineExecutionOrchestrator.execute(EngineExecutionOrchestrator.java:147)\r\n\tat org.junit.platform.launcher.core.EngineExecutionOrchestrator.execute(EngineExecutionOrchestrator.java:127)\r\n\tat org.junit.platform.launcher.core.EngineExecutionOrchestrator.execute(EngineExecutionOrchestrator.java:90)\r\n\tat org.junit.platform.launcher.core.EngineExecutionOrchestrator.lambda$execute$0(EngineExecutionOrchestrator.java:55)\r\n\tat org.junit.platform.launcher.core.EngineExecutionOrchestrator.withInterceptedStreams(EngineExecutionOrchestrator.java:102)\r\n\tat org.junit.platform.launcher.core.EngineExecutionOrchestrator.execute(EngineExecutionOrchestrator.java:54)\r\n\tat org.junit.platform.launcher.core.DefaultLauncher.execute(DefaultLauncher.java:114)\r\n\tat org.junit.platform.launcher.core.DefaultLauncher.execute(DefaultLauncher.java:95)\r\n\tat org.junit.platform.launcher.core.DefaultLauncherSession$DelegatingLauncher.execute(DefaultLauncherSession.java:91)\r\n\tat org.junit.platform.launcher.core.SessionPerRequestLauncher.execute(SessionPerRequestLauncher.java:60)\r\n\tat org.eclipse.jdt.internal.junit5.runner.JUnit5TestReference.run(JUnit5TestReference.java:100)\r\n\tat org.eclipse.jdt.internal.junit.runner.TestExecution.run(TestExecution.java:40)\r\n\tat org.eclipse.jdt.internal.junit.runner.RemoteTestRunner.runTests(RemoteTestRunner.java:529)\r\n\tat org.eclipse.jdt.internal.junit.runner.RemoteTestRunner.runTests(RemoteTestRunner.java:757)\r\n\tat org.eclipse.jdt.internal.junit.runner.RemoteTestRunner.run(RemoteTestRunner.java:452)\r\n\tat org.eclipse.jdt.internal.junit.runner.RemoteTestRunner.main(RemoteTestRunner.java:210)\r\n"}],"line":24,"description":"","durationMillis":596.9571,"failed":true,"error":"Cannot invoke \"com.aventstack.extentreports.ExtentTest.info(String)\" because \"apifeatures.ReportHook.test\" is null\nclasspath:apifeatures\/advertiser.feature:24","executorName":"main","name":"Activate\/Deactivate Advertiser","startTime":1723963281939,"refId":"[1.3:24]","endTime":1723963282413,"exampleData":{"S.NO":"12","SCENARIO":"Activate\/Deactivate Advertiser","URL":"\"\/api\/v1\/advertiser\/70\/toggle-activate\"","DESC":"Active inactive status ","METHOD":"GET","STATUS_CODE":"200","VALIDATION":"status:true"},"exampleIndex":2},{"sectionIndex":1,"stepResults":[{"result":{"nanos":799300,"millis":0.7993,"status":"passed"},"step":{"background":true,"line":14,"prefix":"*","index":0,"text":"url 'http:\/\/122.165.121.195:8080'"}},{"result":{"nanos":28809300,"millis":28.8093,"status":"passed"},"step":{"endLine":35,"line":27,"prefix":"*","docString":"{\n    \"name\":\"AdvertiserTest124klskfsfs\",\n    \"description\":\"desc\",\n    \"email\":\"test@gc.om\",\n    \"phoneNumber\":\"9897656215\"\n}","index":0,"text":"def user ="}},{"result":{"nanos":790100,"millis":0.7901,"status":"passed"},"step":{"line":36,"prefix":"Given","index":1,"text":"path '\/api\/v1\/advertiser'"}},{"result":{"nanos":16711800,"millis":16.7118,"status":"passed"},"step":{"line":37,"prefix":"And","index":2,"text":"request user"}},{"result":{"nanos":262014000,"errorMessage":"Cannot invoke \"com.aventstack.extentreports.ExtentTest.info(String)\" because \"apifeatures.ReportHook.test\" is null\nclasspath:apifeatures\/advertiser.feature:38","millis":262.014,"status":"failed"},"step":{"line":38,"prefix":"When","index":3,"text":"method put"},"stepLog":"12:11:22.524 request:\n1 > PUT http:\/\/122.165.121.195:8080\/api\/v1\/advertiser\n1 > Content-Type: application\/json; charset=UTF-8\n1 > Content-Length: 105\n1 > Host: 122.165.121.195:8080\n1 > Connection: Keep-Alive\n1 > User-Agent: Apache-HttpClient\/4.5.13 (Java\/17.0.8.1)\n1 > Accept-Encoding: gzip,deflate\n{\"name\":\"AdvertiserTest124klskfsfs\",\"description\":\"desc\",\"email\":\"test@gc.om\",\"phoneNumber\":\"9897656215\"}\n\n12:11:22.729 response time in milliseconds: 204\n1 < 403\n1 < Access-Control-Allow-Methods: POST, GET, OPTIONS, DELETE, PATCH, PUT\n1 < Access-Control-Max-Age: 3600\n1 < Access-Control-Allow-Headers: _token, Authorization, x-requested-with, content-type\n1 < X-Content-Type-Options: nosniff\n1 < X-XSS-Protection: 1; mode=block\n1 < Cache-Control: no-cache, no-store, max-age=0, must-revalidate\n1 < Pragma: no-cache\n1 < Expires: 0\n1 < X-Frame-Options: DENY\n1 < Content-Type: application\/json\n1 < Transfer-Encoding: chunked\n1 < Date: Sun, 18 Aug 2024 06:41:22 GMT\n1 < Keep-Alive: timeout=60\n1 < Connection: keep-alive\n{\"timestamp\":\"2024-08-18 06:41:22\",\"status\":403,\"error\":\"Forbidden\",\"path\":\"\/api\/v1\/advertiser\"}\n\n12:11:22.729 classpath:apifeatures\/advertiser.feature:38\nWhen method put\nCannot invoke \"com.aventstack.extentreports.ExtentTest.info(String)\" because \"apifeatures.ReportHook.test\" is null\nclasspath:apifeatures\/advertiser.feature:38\n"},{"result":{"nanos":0,"millis":0.0,"status":"skipped"},"step":{"line":39,"prefix":"Then","index":4,"text":"status 201"}},{"result":{"nanos":0,"errorMessage":"Cannot invoke \"com.aventstack.extentreports.ExtentTest.info(String)\" because \"apifeatures.ReportHook.test\" is null\nclasspath:apifeatures\/advertiser.feature:26","millis":0.0,"status":"failed"},"step":{"endLine":0,"line":26,"prefix":"*","index":-1,"text":"scenario [cleanup] failed"},"stepLog":"Cannot invoke \"com.aventstack.extentreports.ExtentTest.info(String)\" because \"apifeatures.ReportHook.test\" is null\njava.lang.NullPointerException: Cannot invoke \"com.aventstack.extentreports.ExtentTest.info(String)\" because \"apifeatures.ReportHook.test\" is null\r\n\tat apifeatures.ReportHook.afterScenario(ReportHook.java:51)\r\n\tat com.intuit.karate.core.ScenarioRuntime.lambda$afterRun$8(ScenarioRuntime.java:559)\r\n\tat java.base\/java.util.ArrayList.forEach(ArrayList.java:1511)\r\n\tat com.intuit.karate.core.ScenarioRuntime.afterRun(ScenarioRuntime.java:559)\r\n\tat com.intuit.karate.core.ScenarioRuntime.run(ScenarioRuntime.java:464)\r\n\tat com.intuit.karate.core.FeatureRuntime.processScenario(FeatureRuntime.java:182)\r\n\tat java.base\/java.util.stream.ReferencePipeline$2$1.accept(ReferencePipeline.java:179)\r\n\tat com.intuit.karate.core.ScenarioIterator.tryAdvance(ScenarioIterator.java:157)\r\n\tat com.intuit.karate.core.ScenarioIterator.tryAdvance(ScenarioIterator.java:88)\r\n\tat com.intuit.karate.core.ScenarioIterator.tryAdvance(ScenarioIterator.java:137)\r\n\tat java.base\/java.util.Spliterator.forEachRemaining(Spliterator.java:332)\r\n\tat java.base\/java.util.stream.AbstractPipeline.copyInto(AbstractPipeline.java:509)\r\n\tat java.base\/java.util.stream.AbstractPipeline.wrapAndCopyInto(AbstractPipeline.java:499)\r\n\tat java.base\/java.util.stream.StreamSpliterators$WrappingSpliterator.forEachRemaining(StreamSpliterators.java:310)\r\n\tat java.base\/java.util.Spliterators$1Adapter.forEachRemaining(Spliterators.java:706)\r\n\tat com.intuit.karate.core.FeatureRuntime.run(FeatureRuntime.java:165)\r\n\tat java.base\/java.util.concurrent.Executors$RunnableAdapter.call(Executors.java:539)\r\n\tat java.base\/java.util.concurrent.FutureTask.run(FutureTask.java:264)\r\n\tat com.intuit.karate.core.SyncExecutorService.execute(SyncExecutorService.java:70)\r\n\tat java.base\/java.util.concurrent.AbstractExecutorService.submit(AbstractExecutorService.java:123)\r\n\tat com.intuit.karate.Suite.run(Suite.java:235)\r\n\tat com.intuit.karate.Runner$Builder.parallel(Runner.java:575)\r\n\tat ScenarioRunner.testParallel(ScenarioRunner.java:19)\r\n\tat java.base\/jdk.internal.reflect.NativeMethodAccessorImpl.invoke0(Native Method)\r\n\tat java.base\/jdk.internal.reflect.NativeMethodAccessorImpl.invoke(NativeMethodAccessorImpl.java:77)\r\n\tat java.base\/jdk.internal.reflect.DelegatingMethodAccessorImpl.invoke(DelegatingMethodAccessorImpl.java:43)\r\n\tat java.base\/java.lang.reflect.Method.invoke(Method.java:568)\r\n\tat org.junit.platform.commons.util.ReflectionUtils.invokeMethod(ReflectionUtils.java:727)\r\n\tat org.junit.jupiter.engine.execution.MethodInvocation.proceed(MethodInvocation.java:60)\r\n\tat org.junit.jupiter.engine.execution.InvocationInterceptorChain$ValidatingInvocation.proceed(InvocationInterceptorChain.java:131)\r\n\tat org.junit.jupiter.engine.extension.TimeoutExtension.intercept(TimeoutExtension.java:156)\r\n\tat org.junit.jupiter.engine.extension.TimeoutExtension.interceptTestableMethod(TimeoutExtension.java:147)\r\n\tat org.junit.jupiter.engine.extension.TimeoutExtension.interceptTestMethod(TimeoutExtension.java:86)\r\n\tat org.junit.jupiter.engine.execution.InterceptingExecutableInvoker$ReflectiveInterceptorCall.lambda$ofVoidMethod$0(InterceptingExecutableInvoker.java:103)\r\n\tat org.junit.jupiter.engine.execution.InterceptingExecutableInvoker.lambda$invoke$0(InterceptingExecutableInvoker.java:93)\r\n\tat org.junit.jupiter.engine.execution.InvocationInterceptorChain$InterceptedInvocation.proceed(InvocationInterceptorChain.java:106)\r\n\tat org.junit.jupiter.engine.execution.InvocationInterceptorChain.proceed(InvocationInterceptorChain.java:64)\r\n\tat org.junit.jupiter.engine.execution.InvocationInterceptorChain.chainAndInvoke(InvocationInterceptorChain.java:45)\r\n\tat org.junit.jupiter.engine.execution.InvocationInterceptorChain.invoke(InvocationInterceptorChain.java:37)\r\n\tat org.junit.jupiter.engine.execution.InterceptingExecutableInvoker.invoke(InterceptingExecutableInvoker.java:92)\r\n\tat org.junit.jupiter.engine.execution.InterceptingExecutableInvoker.invoke(InterceptingExecutableInvoker.java:86)\r\n\tat org.junit.jupiter.engine.descriptor.TestMethodTestDescriptor.lambda$invokeTestMethod$7(TestMethodTestDescriptor.java:217)\r\n\tat org.junit.platform.engine.support.hierarchical.ThrowableCollector.execute(ThrowableCollector.java:73)\r\n\tat org.junit.jupiter.engine.descriptor.TestMethodTestDescriptor.invokeTestMethod(TestMethodTestDescriptor.java:213)\r\n\tat org.junit.jupiter.engine.descriptor.TestMethodTestDescriptor.execute(TestMethodTestDescriptor.java:138)\r\n\tat org.junit.jupiter.engine.descriptor.TestMethodTestDescriptor.execute(TestMethodTestDescriptor.java:68)\r\n\tat org.junit.platform.engine.support.hierarchical.NodeTestTask.lambda$executeRecursively$6(NodeTestTask.java:151)\r\n\tat org.junit.platform.engine.support.hierarchical.ThrowableCollector.execute(ThrowableCollector.java:73)\r\n\tat org.junit.platform.engine.support.hierarchical.NodeTestTask.lambda$executeRecursively$8(NodeTestTask.java:141)\r\n\tat org.junit.platform.engine.support.hierarchical.Node.around(Node.java:137)\r\n\tat org.junit.platform.engine.support.hierarchical.NodeTestTask.lambda$executeRecursively$9(NodeTestTask.java:139)\r\n\tat org.junit.platform.engine.support.hierarchical.ThrowableCollector.execute(ThrowableCollector.java:73)\r\n\tat org.junit.platform.engine.support.hierarchical.NodeTestTask.executeRecursively(NodeTestTask.java:138)\r\n\tat org.junit.platform.engine.support.hierarchical.NodeTestTask.execute(NodeTestTask.java:95)\r\n\tat java.base\/java.util.ArrayList.forEach(ArrayList.java:1511)\r\n\tat org.junit.platform.engine.support.hierarchical.SameThreadHierarchicalTestExecutorService.invokeAll(SameThreadHierarchicalTestExecutorService.java:41)\r\n\tat org.junit.platform.engine.support.hierarchical.NodeTestTask.lambda$executeRecursively$6(NodeTestTask.java:155)\r\n\tat org.junit.platform.engine.support.hierarchical.ThrowableCollector.execute(ThrowableCollector.java:73)\r\n\tat org.junit.platform.engine.support.hierarchical.NodeTestTask.lambda$executeRecursively$8(NodeTestTask.java:141)\r\n\tat org.junit.platform.engine.support.hierarchical.Node.around(Node.java:137)\r\n\tat org.junit.platform.engine.support.hierarchical.NodeTestTask.lambda$executeRecursively$9(NodeTestTask.java:139)\r\n\tat org.junit.platform.engine.support.hierarchical.ThrowableCollector.execute(ThrowableCollector.java:73)\r\n\tat org.junit.platform.engine.support.hierarchical.NodeTestTask.executeRecursively(NodeTestTask.java:138)\r\n\tat org.junit.platform.engine.support.hierarchical.NodeTestTask.execute(NodeTestTask.java:95)\r\n\tat java.base\/java.util.ArrayList.forEach(ArrayList.java:1511)\r\n\tat org.junit.platform.engine.support.hierarchical.SameThreadHierarchicalTestExecutorService.invokeAll(SameThreadHierarchicalTestExecutorService.java:41)\r\n\tat org.junit.platform.engine.support.hierarchical.NodeTestTask.lambda$executeRecursively$6(NodeTestTask.java:155)\r\n\tat org.junit.platform.engine.support.hierarchical.ThrowableCollector.execute(ThrowableCollector.java:73)\r\n\tat org.junit.platform.engine.support.hierarchical.NodeTestTask.lambda$executeRecursively$8(NodeTestTask.java:141)\r\n\tat org.junit.platform.engine.support.hierarchical.Node.around(Node.java:137)\r\n\tat org.junit.platform.engine.support.hierarchical.NodeTestTask.lambda$executeRecursively$9(NodeTestTask.java:139)\r\n\tat org.junit.platform.engine.support.hierarchical.ThrowableCollector.execute(ThrowableCollector.java:73)\r\n\tat org.junit.platform.engine.support.hierarchical.NodeTestTask.executeRecursively(NodeTestTask.java:138)\r\n\tat org.junit.platform.engine.support.hierarchical.NodeTestTask.execute(NodeTestTask.java:95)\r\n\tat org.junit.platform.engine.support.hierarchical.SameThreadHierarchicalTestExecutorService.submit(SameThreadHierarchicalTestExecutorService.java:35)\r\n\tat org.junit.platform.engine.support.hierarchical.HierarchicalTestExecutor.execute(HierarchicalTestExecutor.java:57)\r\n\tat org.junit.platform.engine.support.hierarchical.HierarchicalTestEngine.execute(HierarchicalTestEngine.java:54)\r\n\tat org.junit.platform.launcher.core.EngineExecutionOrchestrator.execute(EngineExecutionOrchestrator.java:147)\r\n\tat org.junit.platform.launcher.core.EngineExecutionOrchestrator.execute(EngineExecutionOrchestrator.java:127)\r\n\tat org.junit.platform.launcher.core.EngineExecutionOrchestrator.execute(EngineExecutionOrchestrator.java:90)\r\n\tat org.junit.platform.launcher.core.EngineExecutionOrchestrator.lambda$execute$0(EngineExecutionOrchestrator.java:55)\r\n\tat org.junit.platform.launcher.core.EngineExecutionOrchestrator.withInterceptedStreams(EngineExecutionOrchestrator.java:102)\r\n\tat org.junit.platform.launcher.core.EngineExecutionOrchestrator.execute(EngineExecutionOrchestrator.java:54)\r\n\tat org.junit.platform.launcher.core.DefaultLauncher.execute(DefaultLauncher.java:114)\r\n\tat org.junit.platform.launcher.core.DefaultLauncher.execute(DefaultLauncher.java:95)\r\n\tat org.junit.platform.launcher.core.DefaultLauncherSession$DelegatingLauncher.execute(DefaultLauncherSession.java:91)\r\n\tat org.junit.platform.launcher.core.SessionPerRequestLauncher.execute(SessionPerRequestLauncher.java:60)\r\n\tat org.eclipse.jdt.internal.junit5.runner.JUnit5TestReference.run(JUnit5TestReference.java:100)\r\n\tat org.eclipse.jdt.internal.junit.runner.TestExecution.run(TestExecution.java:40)\r\n\tat org.eclipse.jdt.internal.junit.runner.RemoteTestRunner.runTests(RemoteTestRunner.java:529)\r\n\tat org.eclipse.jdt.internal.junit.runner.RemoteTestRunner.runTests(RemoteTestRunner.java:757)\r\n\tat org.eclipse.jdt.internal.junit.runner.RemoteTestRunner.run(RemoteTestRunner.java:452)\r\n\tat org.eclipse.jdt.internal.junit.runner.RemoteTestRunner.main(RemoteTestRunner.java:210)\r\n"}],"line":26,"description":"","durationMillis":309.1245,"failed":true,"error":"Cannot invoke \"com.aventstack.extentreports.ExtentTest.info(String)\" because \"apifeatures.ReportHook.test\" is null\nclasspath:apifeatures\/advertiser.feature:26","executorName":"main","name":"Create Advertiser","startTime":1723963282419,"refId":"[2:26]","endTime":1723963282729,"exampleIndex":-1},{"sectionIndex":2,"stepResults":[{"result":{"nanos":428600,"millis":0.4286,"status":"passed"},"step":{"background":true,"line":14,"prefix":"*","index":0,"text":"url 'http:\/\/122.165.121.195:8080'"}},{"result":{"nanos":490500,"millis":0.4905,"status":"passed"},"step":{"endLine":50,"line":43,"prefix":"*","docString":"{\n  \"name\": \"sdfsdupdate\",\n  \"phoneNumber\": \"3242343242\",\n  \"email\": \"test@gmail.com\",\n  \"description\": \"\"\n}","index":0,"text":"def jsonFromCsv ="}},{"result":{"nanos":559600,"millis":0.5596,"status":"passed"},"step":{"line":52,"prefix":"Given","index":1,"text":"path '\/api\/v1\/advertiser\/90'"}},{"result":{"nanos":492300,"millis":0.4923,"status":"passed"},"step":{"line":53,"prefix":"And","index":2,"text":"request jsonFromCsv"}},{"result":{"nanos":374187400,"errorMessage":"Cannot invoke \"com.aventstack.extentreports.ExtentTest.info(String)\" because \"apifeatures.ReportHook.test\" is null\nclasspath:apifeatures\/advertiser.feature:54","millis":374.1874,"status":"failed"},"step":{"line":54,"prefix":"When","index":3,"text":"method PUT"},"stepLog":"12:11:22.740 request:\n1 > PUT http:\/\/122.165.121.195:8080\/api\/v1\/advertiser\/90\n1 > Content-Type: application\/json; charset=UTF-8\n1 > Content-Length: 91\n1 > Host: 122.165.121.195:8080\n1 > Connection: Keep-Alive\n1 > User-Agent: Apache-HttpClient\/4.5.13 (Java\/17.0.8.1)\n1 > Accept-Encoding: gzip,deflate\n{\"name\":\"sdfsdupdate\",\"phoneNumber\":\"3242343242\",\"email\":\"test@gmail.com\",\"description\":\"\"}\n\n12:11:23.112 response time in milliseconds: 372\n1 < 202\n1 < Access-Control-Allow-Methods: POST, GET, OPTIONS, DELETE, PATCH, PUT\n1 < Access-Control-Max-Age: 3600\n1 < Access-Control-Allow-Headers: _token, Authorization, x-requested-with, content-type\n1 < Vary: Origin\n1 < Vary: Access-Control-Request-Method\n1 < Vary: Access-Control-Request-Headers\n1 < X-Content-Type-Options: nosniff\n1 < X-XSS-Protection: 1; mode=block\n1 < Cache-Control: no-cache, no-store, max-age=0, must-revalidate\n1 < Pragma: no-cache\n1 < Expires: 0\n1 < X-Frame-Options: DENY\n1 < Content-Type: application\/json\n1 < Transfer-Encoding: chunked\n1 < Date: Sun, 18 Aug 2024 06:41:23 GMT\n1 < Keep-Alive: timeout=60\n1 < Connection: keep-alive\n{\"id\":90,\"name\":\"sdfsdupdate\",\"email\":\"test@gmail.com\",\"phoneNumber\":\"3242343242\",\"active\":false}\n\n12:11:23.113 classpath:apifeatures\/advertiser.feature:54\nWhen method PUT\nCannot invoke \"com.aventstack.extentreports.ExtentTest.info(String)\" because \"apifeatures.ReportHook.test\" is null\nclasspath:apifeatures\/advertiser.feature:54\n"},{"result":{"nanos":0,"millis":0.0,"status":"skipped"},"step":{"line":55,"prefix":"Then","index":4,"text":"status 202"}},{"result":{"nanos":0,"errorMessage":"Cannot invoke \"com.aventstack.extentreports.ExtentTest.info(String)\" because \"apifeatures.ReportHook.test\" is null\nclasspath:apifeatures\/advertiser.feature:41","millis":0.0,"status":"failed"},"step":{"endLine":0,"line":41,"prefix":"*","index":-1,"text":"scenario [cleanup] failed"},"stepLog":"Cannot invoke \"com.aventstack.extentreports.ExtentTest.info(String)\" because \"apifeatures.ReportHook.test\" is null\njava.lang.NullPointerException: Cannot invoke \"com.aventstack.extentreports.ExtentTest.info(String)\" because \"apifeatures.ReportHook.test\" is null\r\n\tat apifeatures.ReportHook.afterScenario(ReportHook.java:51)\r\n\tat com.intuit.karate.core.ScenarioRuntime.lambda$afterRun$8(ScenarioRuntime.java:559)\r\n\tat java.base\/java.util.ArrayList.forEach(ArrayList.java:1511)\r\n\tat com.intuit.karate.core.ScenarioRuntime.afterRun(ScenarioRuntime.java:559)\r\n\tat com.intuit.karate.core.ScenarioRuntime.run(ScenarioRuntime.java:464)\r\n\tat com.intuit.karate.core.FeatureRuntime.processScenario(FeatureRuntime.java:182)\r\n\tat java.base\/java.util.stream.ReferencePipeline$2$1.accept(ReferencePipeline.java:179)\r\n\tat com.intuit.karate.core.ScenarioIterator.tryAdvance(ScenarioIterator.java:157)\r\n\tat com.intuit.karate.core.ScenarioIterator.tryAdvance(ScenarioIterator.java:88)\r\n\tat java.base\/java.util.Spliterator.forEachRemaining(Spliterator.java:332)\r\n\tat java.base\/java.util.stream.AbstractPipeline.copyInto(AbstractPipeline.java:509)\r\n\tat java.base\/java.util.stream.AbstractPipeline.wrapAndCopyInto(AbstractPipeline.java:499)\r\n\tat java.base\/java.util.stream.StreamSpliterators$WrappingSpliterator.forEachRemaining(StreamSpliterators.java:310)\r\n\tat java.base\/java.util.Spliterators$1Adapter.forEachRemaining(Spliterators.java:706)\r\n\tat com.intuit.karate.core.FeatureRuntime.run(FeatureRuntime.java:165)\r\n\tat java.base\/java.util.concurrent.Executors$RunnableAdapter.call(Executors.java:539)\r\n\tat java.base\/java.util.concurrent.FutureTask.run(FutureTask.java:264)\r\n\tat com.intuit.karate.core.SyncExecutorService.execute(SyncExecutorService.java:70)\r\n\tat java.base\/java.util.concurrent.AbstractExecutorService.submit(AbstractExecutorService.java:123)\r\n\tat com.intuit.karate.Suite.run(Suite.java:235)\r\n\tat com.intuit.karate.Runner$Builder.parallel(Runner.java:575)\r\n\tat ScenarioRunner.testParallel(ScenarioRunner.java:19)\r\n\tat java.base\/jdk.internal.reflect.NativeMethodAccessorImpl.invoke0(Native Method)\r\n\tat java.base\/jdk.internal.reflect.NativeMethodAccessorImpl.invoke(NativeMethodAccessorImpl.java:77)\r\n\tat java.base\/jdk.internal.reflect.DelegatingMethodAccessorImpl.invoke(DelegatingMethodAccessorImpl.java:43)\r\n\tat java.base\/java.lang.reflect.Method.invoke(Method.java:568)\r\n\tat org.junit.platform.commons.util.ReflectionUtils.invokeMethod(ReflectionUtils.java:727)\r\n\tat org.junit.jupiter.engine.execution.MethodInvocation.proceed(MethodInvocation.java:60)\r\n\tat org.junit.jupiter.engine.execution.InvocationInterceptorChain$ValidatingInvocation.proceed(InvocationInterceptorChain.java:131)\r\n\tat org.junit.jupiter.engine.extension.TimeoutExtension.intercept(TimeoutExtension.java:156)\r\n\tat org.junit.jupiter.engine.extension.TimeoutExtension.interceptTestableMethod(TimeoutExtension.java:147)\r\n\tat org.junit.jupiter.engine.extension.TimeoutExtension.interceptTestMethod(TimeoutExtension.java:86)\r\n\tat org.junit.jupiter.engine.execution.InterceptingExecutableInvoker$ReflectiveInterceptorCall.lambda$ofVoidMethod$0(InterceptingExecutableInvoker.java:103)\r\n\tat org.junit.jupiter.engine.execution.InterceptingExecutableInvoker.lambda$invoke$0(InterceptingExecutableInvoker.java:93)\r\n\tat org.junit.jupiter.engine.execution.InvocationInterceptorChain$InterceptedInvocation.proceed(InvocationInterceptorChain.java:106)\r\n\tat org.junit.jupiter.engine.execution.InvocationInterceptorChain.proceed(InvocationInterceptorChain.java:64)\r\n\tat org.junit.jupiter.engine.execution.InvocationInterceptorChain.chainAndInvoke(InvocationInterceptorChain.java:45)\r\n\tat org.junit.jupiter.engine.execution.InvocationInterceptorChain.invoke(InvocationInterceptorChain.java:37)\r\n\tat org.junit.jupiter.engine.execution.InterceptingExecutableInvoker.invoke(InterceptingExecutableInvoker.java:92)\r\n\tat org.junit.jupiter.engine.execution.InterceptingExecutableInvoker.invoke(InterceptingExecutableInvoker.java:86)\r\n\tat org.junit.jupiter.engine.descriptor.TestMethodTestDescriptor.lambda$invokeTestMethod$7(TestMethodTestDescriptor.java:217)\r\n\tat org.junit.platform.engine.support.hierarchical.ThrowableCollector.execute(ThrowableCollector.java:73)\r\n\tat org.junit.jupiter.engine.descriptor.TestMethodTestDescriptor.invokeTestMethod(TestMethodTestDescriptor.java:213)\r\n\tat org.junit.jupiter.engine.descriptor.TestMethodTestDescriptor.execute(TestMethodTestDescriptor.java:138)\r\n\tat org.junit.jupiter.engine.descriptor.TestMethodTestDescriptor.execute(TestMethodTestDescriptor.java:68)\r\n\tat org.junit.platform.engine.support.hierarchical.NodeTestTask.lambda$executeRecursively$6(NodeTestTask.java:151)\r\n\tat org.junit.platform.engine.support.hierarchical.ThrowableCollector.execute(ThrowableCollector.java:73)\r\n\tat org.junit.platform.engine.support.hierarchical.NodeTestTask.lambda$executeRecursively$8(NodeTestTask.java:141)\r\n\tat org.junit.platform.engine.support.hierarchical.Node.around(Node.java:137)\r\n\tat org.junit.platform.engine.support.hierarchical.NodeTestTask.lambda$executeRecursively$9(NodeTestTask.java:139)\r\n\tat org.junit.platform.engine.support.hierarchical.ThrowableCollector.execute(ThrowableCollector.java:73)\r\n\tat org.junit.platform.engine.support.hierarchical.NodeTestTask.executeRecursively(NodeTestTask.java:138)\r\n\tat org.junit.platform.engine.support.hierarchical.NodeTestTask.execute(NodeTestTask.java:95)\r\n\tat java.base\/java.util.ArrayList.forEach(ArrayList.java:1511)\r\n\tat org.junit.platform.engine.support.hierarchical.SameThreadHierarchicalTestExecutorService.invokeAll(SameThreadHierarchicalTestExecutorService.java:41)\r\n\tat org.junit.platform.engine.support.hierarchical.NodeTestTask.lambda$executeRecursively$6(NodeTestTask.java:155)\r\n\tat org.junit.platform.engine.support.hierarchical.ThrowableCollector.execute(ThrowableCollector.java:73)\r\n\tat org.junit.platform.engine.support.hierarchical.NodeTestTask.lambda$executeRecursively$8(NodeTestTask.java:141)\r\n\tat org.junit.platform.engine.support.hierarchical.Node.around(Node.java:137)\r\n\tat org.junit.platform.engine.support.hierarchical.NodeTestTask.lambda$executeRecursively$9(NodeTestTask.java:139)\r\n\tat org.junit.platform.engine.support.hierarchical.ThrowableCollector.execute(ThrowableCollector.java:73)\r\n\tat org.junit.platform.engine.support.hierarchical.NodeTestTask.executeRecursively(NodeTestTask.java:138)\r\n\tat org.junit.platform.engine.support.hierarchical.NodeTestTask.execute(NodeTestTask.java:95)\r\n\tat java.base\/java.util.ArrayList.forEach(ArrayList.java:1511)\r\n\tat org.junit.platform.engine.support.hierarchical.SameThreadHierarchicalTestExecutorService.invokeAll(SameThreadHierarchicalTestExecutorService.java:41)\r\n\tat org.junit.platform.engine.support.hierarchical.NodeTestTask.lambda$executeRecursively$6(NodeTestTask.java:155)\r\n\tat org.junit.platform.engine.support.hierarchical.ThrowableCollector.execute(ThrowableCollector.java:73)\r\n\tat org.junit.platform.engine.support.hierarchical.NodeTestTask.lambda$executeRecursively$8(NodeTestTask.java:141)\r\n\tat org.junit.platform.engine.support.hierarchical.Node.around(Node.java:137)\r\n\tat org.junit.platform.engine.support.hierarchical.NodeTestTask.lambda$executeRecursively$9(NodeTestTask.java:139)\r\n\tat org.junit.platform.engine.support.hierarchical.ThrowableCollector.execute(ThrowableCollector.java:73)\r\n\tat org.junit.platform.engine.support.hierarchical.NodeTestTask.executeRecursively(NodeTestTask.java:138)\r\n\tat org.junit.platform.engine.support.hierarchical.NodeTestTask.execute(NodeTestTask.java:95)\r\n\tat org.junit.platform.engine.support.hierarchical.SameThreadHierarchicalTestExecutorService.submit(SameThreadHierarchicalTestExecutorService.java:35)\r\n\tat org.junit.platform.engine.support.hierarchical.HierarchicalTestExecutor.execute(HierarchicalTestExecutor.java:57)\r\n\tat org.junit.platform.engine.support.hierarchical.HierarchicalTestEngine.execute(HierarchicalTestEngine.java:54)\r\n\tat org.junit.platform.launcher.core.EngineExecutionOrchestrator.execute(EngineExecutionOrchestrator.java:147)\r\n\tat org.junit.platform.launcher.core.EngineExecutionOrchestrator.execute(EngineExecutionOrchestrator.java:127)\r\n\tat org.junit.platform.launcher.core.EngineExecutionOrchestrator.execute(EngineExecutionOrchestrator.java:90)\r\n\tat org.junit.platform.launcher.core.EngineExecutionOrchestrator.lambda$execute$0(EngineExecutionOrchestrator.java:55)\r\n\tat org.junit.platform.launcher.core.EngineExecutionOrchestrator.withInterceptedStreams(EngineExecutionOrchestrator.java:102)\r\n\tat org.junit.platform.launcher.core.EngineExecutionOrchestrator.execute(EngineExecutionOrchestrator.java:54)\r\n\tat org.junit.platform.launcher.core.DefaultLauncher.execute(DefaultLauncher.java:114)\r\n\tat org.junit.platform.launcher.core.DefaultLauncher.execute(DefaultLauncher.java:95)\r\n\tat org.junit.platform.launcher.core.DefaultLauncherSession$DelegatingLauncher.execute(DefaultLauncherSession.java:91)\r\n\tat org.junit.platform.launcher.core.SessionPerRequestLauncher.execute(SessionPerRequestLauncher.java:60)\r\n\tat org.eclipse.jdt.internal.junit5.runner.JUnit5TestReference.run(JUnit5TestReference.java:100)\r\n\tat org.eclipse.jdt.internal.junit.runner.TestExecution.run(TestExecution.java:40)\r\n\tat org.eclipse.jdt.internal.junit.runner.RemoteTestRunner.runTests(RemoteTestRunner.java:529)\r\n\tat org.eclipse.jdt.internal.junit.runner.RemoteTestRunner.runTests(RemoteTestRunner.java:757)\r\n\tat org.eclipse.jdt.internal.junit.runner.RemoteTestRunner.run(RemoteTestRunner.java:452)\r\n\tat org.eclipse.jdt.internal.junit.runner.RemoteTestRunner.main(RemoteTestRunner.java:210)\r\n"}],"line":41,"description":"","durationMillis":376.1584,"failed":true,"error":"Cannot invoke \"com.aventstack.extentreports.ExtentTest.info(String)\" because \"apifeatures.ReportHook.test\" is null\nclasspath:apifeatures\/advertiser.feature:41","executorName":"main","name":"Edit Advertiser","startTime":1723963282736,"refId":"[3:41]","endTime":1723963283113,"exampleIndex":-1}],"callDepth":0,"name":"AERQ Advertiser","description":"* def baseurl = baseURL\n \t\t* def random_number =\n\"\"\"\nfunction(s) {\n  var randomInt2 = Math.random().toFixed(s).split('.')[1];\n  var randomNum = randomInt2;\n  return randomNum;\n}\n\"\"\"","resultDate":"2024-08-18 12:11:23 pm","durationMillis":3685.6398,"passedCount":0}