<!DOCTYPE html>
<html lang="en">
  <head>
    <meta charset="utf-8"/>
    <meta name="viewport" content="width=device-width, initial-scale=1, shrink-to-fit=no"/>
    <link rel="stylesheet" href="res/bootstrap.min.css" type="text/css"/>
    <link rel="stylesheet" href="res/karate-report.css" type="text/css"/>
    <link rel="shortcut icon" href="favicon.ico"/>
    <script type="text/javascript" src="res/jquery.min.js"></script>
    <script type="text/javascript" src="res/jquery.tablesorter.min.js"></script>
    <script type="text/javascript" src="res/bootstrap.min.js"></script>
    <script type="text/javascript" src="res/karate-report.js"></script>
    <script>
!function(t,e){var o,n,p,r;e.__SV||(window.posthog=e,e._i=[],e.init=function(i,s,a){function g(t,e){var o=e.split(".");2==o.length&&(t=t[o[0]],e=o[1]),t[e]=function(){t.push([e].concat(Array.prototype.slice.call(arguments,0)))}}(p=t.createElement("script")).type="text/javascript",p.async=!0,p.src=s.api_host+"/static/array.js",(r=t.getElementsByTagName("script")[0]).parentNode.insertBefore(p,r);var u=e;for(void 0!==a?u=e[a]=[]:a="posthog",u.people=u.people||[],u.toString=function(t){var e="posthog";return"posthog"!==a&&(e+="."+a),t||(e+=" (stub)"),e},u.people.toString=function(){return u.toString(1)+".people (stub)"},o="capture identify alias people.set people.set_once set_config register register_once unregister opt_out_capturing has_opted_out_capturing opt_in_capturing reset isFeatureEnabled onFeatureFlags".split(" "),n=0;n<o.length;n++)g(u,o[n]);e._i.push([i,s,a])},e.__SV=1)}(document,window.posthog||[]);
posthog.init('phc_M6fKk3dSX9HjglkqPSybauGas45NINb7EgsPGU8N9g1',{
  api_host:'https://app.posthog.com',
  persistence:'localStorage',
  autocapture:false,
  capture_pageview:false,
  api_transport:'sendBeacon',
  loaded: function(posthog) { 
    posthog.identify("f8e6903c-ae24-447b-8dc5-d0f028ed59e7",{name:"Admin"});
    posthog.capture("report_feature",{karate_version:"1.2.0",karate_meta:null});
  }
});
</script>
  
    <title>apifeatures.advertiser</title>  
  </head>
  <body>   
    <div id="root-container">
      <div id="leftnav">
                
        <div>
  <div class="nav-logo">
    <a href="https://karatelabs.io">
      <img src="karate-labs-logo-ring.svg" alt="Karate Labs"/>
    </a>
    <div class="nav-count">
      <div id="nav-pass" class="bg-success">0</div>
      <div id="nav-fail" class="bg-danger">5</div>
    </div>
  </div>
  <div id="nav-type">
    <div>Scenarios</div>
  </div>         
  <div id="nav-date">
    <div>2024-08-18 12:11:23 pm</div>
  </div>        
</div>

        <div class="nav-container">
          <div class="nav-item failed">
            <a href="#[1.1:24]"><span>[1.1:24]</span> <span>Status</span></a>
          </div>
          <div class="nav-item failed">
            <a href="#[1.2:24]"><span>[1.2:24]</span> <span>Get Advertiser</span></a>
          </div>
          <div class="nav-item failed">
            <a href="#[1.3:24]"><span>[1.3:24]</span> <span>Activate/Deactivate Advertiser</span></a>
          </div>
          <div class="nav-item failed">
            <a href="#[2:26]"><span>[2:26]</span> <span>Create Advertiser</span></a>
          </div>
          <div class="nav-item failed">
            <a href="#[3:41]"><span>[3:41]</span> <span>Edit Advertiser</span></a>
          </div>
        </div>
      </div>
      <div id="content">
        <div class="page-heading alert alert-primary">
          <a href="karate-summary.html">Summary</a><span class="feature-label">|</span>
          <a href="karate-tags.html">Tags</a><span class="feature-label">|</span>
          <span class="feature-label">Feature:</span>
          <span class="feature-path">apifeatures/advertiser.feature</span><span class="feature-label">|</span>
          <span class="feature-name">AERQ Advertiser</span>
          <span class="feature-description">* def baseurl = baseURL
 		* def random_number =
&quot;&quot;&quot;
function(s) {
  var randomInt2 = Math.random().toFixed(s).split(&#39;.&#39;)[1];
  var randomNum = randomInt2;
  return randomNum;
}
&quot;&quot;&quot;</span>
        </div>
        <div class="scenario">
          <div class="scenario-heading" id="[1.1:24]">
            <div class="heading-container">
              <div class="scenario-tags">
                
              </div>
              <div class="scenario-keyword">
                Scenario: <span>[1.1:24]</span>
                <span class="scenario-name">Status</span>
                <span></span>
              </div>
            </div>
            <div class="scenario-time failed">
              <span>ms:</span>&nbsp;<span>1034</span>
            </div>
          </div>
          <div class="step-row">
            <div class="step-container" id="[1.1:24]bg">
              <div class="step-ref bg-step">&gt;&gt;</div>
              <div class="step-cell passed">Background:</div>
            </div>
            <div class="time-cell passed"></div>
          </div>
          <div data-parent="[1.1:24]bg"><div>
  

  

  <div class="step-row">
    <div class="step-container" id="1.14">
      <div class="step-ref bg-step">14</div>
      
      <div class="step-cell passed">
        <span>*</span>&nbsp;<span>url &#39;http://122.165.121.195:8080&#39;</span>
      </div>
    </div>
    <div class="time-cell passed">124</div>
  </div>

   
  
  

  

     

  

</div>
</div>
          <div><div>
  

  

  <div class="step-row">
    <div class="step-container" id="1.17">
      <div class="step-ref passed">17</div>
      
      <div class="step-cell passed">
        <span>Given</span>&nbsp;<span>path &quot;/api/v1/advertiser/status&quot;</span>
      </div>
    </div>
    <div class="time-cell passed">1</div>
  </div>

   
  
  

  

     

  

</div>
</div>
          <div><div>
  

  

  <div class="step-row">
    <div class="step-container" id="1.18">
      <div class="step-ref failed">18</div>
      
      <div class="step-cell failed">
        <span>When</span>&nbsp;<span>method GET</span>
      </div>
    </div>
    <div class="time-cell failed">910</div>
  </div>

   
  
  

  

  <div class="preformatted" data-parent="1.18">12:11:20.295 request:
1 &gt; GET http://122.165.121.195:8080/api/v1/advertiser/status
1 &gt; Host: 122.165.121.195:8080
1 &gt; Connection: Keep-Alive
1 &gt; User-Agent: Apache-HttpClient/4.5.13 (Java/17.0.8.1)
1 &gt; Accept-Encoding: gzip,deflate


12:11:20.660 response time in milliseconds: 362
1 &lt; 200
1 &lt; Access-Control-Allow-Methods: POST, GET, OPTIONS, DELETE, PATCH, PUT
1 &lt; Access-Control-Max-Age: 3600
1 &lt; Access-Control-Allow-Headers: _token, Authorization, x-requested-with, content-type
1 &lt; Vary: Origin
1 &lt; Vary: Access-Control-Request-Method
1 &lt; Vary: Access-Control-Request-Headers
1 &lt; X-Content-Type-Options: nosniff
1 &lt; X-XSS-Protection: 1; mode=block
1 &lt; Cache-Control: no-cache, no-store, max-age=0, must-revalidate
1 &lt; Pragma: no-cache
1 &lt; Expires: 0
1 &lt; X-Frame-Options: DENY
1 &lt; Content-Type: application/json
1 &lt; Transfer-Encoding: chunked
1 &lt; Date: Sun, 18 Aug 2024 06:41:20 GMT
1 &lt; Keep-Alive: timeout=60
1 &lt; Connection: keep-alive
{&quot;entity&quot;:{&quot;active&quot;:32,&quot;inActive&quot;:47},&quot;httpStatus&quot;:&quot;OK&quot;,&quot;total&quot;:1,&quot;valid&quot;:true}

12:11:20.661 classpath:apifeatures/advertiser.feature:18
When method GET
begin 0, end -1, length 0
classpath:apifeatures/advertiser.feature:18
</div>   

  

</div>
</div>
          <div><div>
  

  

  <div class="step-row">
    <div class="step-container" id="1.19">
      <div class="step-ref skipped">19</div>
      
      <div class="step-cell skipped">
        <span>Then</span>&nbsp;<span>status 200</span>
      </div>
    </div>
    <div class="time-cell skipped">0</div>
  </div>

   
  
  

  

     

  

</div>
</div>
          <div><div>
  

  

  <div class="step-row">
    <div class="step-container" id="1.24">
      <div class="step-ref failed">24</div>
      
      <div class="step-cell failed">
        <span>*</span>&nbsp;<span>scenario [cleanup] failed</span>
      </div>
    </div>
    <div class="time-cell failed">0</div>
  </div>

   
  
  

  

  <div class="preformatted" data-parent="1.24">Cannot invoke &quot;com.aventstack.extentreports.ExtentTest.info(String)&quot; because &quot;apifeatures.ReportHook.test&quot; is null
java.lang.NullPointerException: Cannot invoke &quot;com.aventstack.extentreports.ExtentTest.info(String)&quot; because &quot;apifeatures.ReportHook.test&quot; is null
	at apifeatures.ReportHook.afterScenario(ReportHook.java:51)
	at com.intuit.karate.core.ScenarioRuntime.lambda$afterRun$8(ScenarioRuntime.java:559)
	at java.base/java.util.ArrayList.forEach(ArrayList.java:1511)
	at com.intuit.karate.core.ScenarioRuntime.afterRun(ScenarioRuntime.java:559)
	at com.intuit.karate.core.ScenarioRuntime.run(ScenarioRuntime.java:464)
	at com.intuit.karate.core.FeatureRuntime.processScenario(FeatureRuntime.java:182)
	at java.base/java.util.stream.ReferencePipeline$2$1.accept(ReferencePipeline.java:179)
	at com.intuit.karate.core.ScenarioIterator.tryAdvance(ScenarioIterator.java:149)
	at java.base/java.util.Spliterator.forEachRemaining(Spliterator.java:332)
	at java.base/java.util.stream.AbstractPipeline.copyInto(AbstractPipeline.java:509)
	at java.base/java.util.stream.AbstractPipeline.wrapAndCopyInto(AbstractPipeline.java:499)
	at java.base/java.util.stream.StreamSpliterators$WrappingSpliterator.forEachRemaining(StreamSpliterators.java:310)
	at java.base/java.util.Spliterators$1Adapter.forEachRemaining(Spliterators.java:706)
	at com.intuit.karate.core.FeatureRuntime.run(FeatureRuntime.java:165)
	at java.base/java.util.concurrent.Executors$RunnableAdapter.call(Executors.java:539)
	at java.base/java.util.concurrent.FutureTask.run(FutureTask.java:264)
	at com.intuit.karate.core.SyncExecutorService.execute(SyncExecutorService.java:70)
	at java.base/java.util.concurrent.AbstractExecutorService.submit(AbstractExecutorService.java:123)
	at com.intuit.karate.Suite.run(Suite.java:235)
	at com.intuit.karate.Runner$Builder.parallel(Runner.java:575)
	at ScenarioRunner.testParallel(ScenarioRunner.java:19)
	at java.base/jdk.internal.reflect.NativeMethodAccessorImpl.invoke0(Native Method)
	at java.base/jdk.internal.reflect.NativeMethodAccessorImpl.invoke(NativeMethodAccessorImpl.java:77)
	at java.base/jdk.internal.reflect.DelegatingMethodAccessorImpl.invoke(DelegatingMethodAccessorImpl.java:43)
	at java.base/java.lang.reflect.Method.invoke(Method.java:568)
	at org.junit.platform.commons.util.ReflectionUtils.invokeMethod(ReflectionUtils.java:727)
	at org.junit.jupiter.engine.execution.MethodInvocation.proceed(MethodInvocation.java:60)
	at org.junit.jupiter.engine.execution.InvocationInterceptorChain$ValidatingInvocation.proceed(InvocationInterceptorChain.java:131)
	at org.junit.jupiter.engine.extension.TimeoutExtension.intercept(TimeoutExtension.java:156)
	at org.junit.jupiter.engine.extension.TimeoutExtension.interceptTestableMethod(TimeoutExtension.java:147)
	at org.junit.jupiter.engine.extension.TimeoutExtension.interceptTestMethod(TimeoutExtension.java:86)
	at org.junit.jupiter.engine.execution.InterceptingExecutableInvoker$ReflectiveInterceptorCall.lambda$ofVoidMethod$0(InterceptingExecutableInvoker.java:103)
	at org.junit.jupiter.engine.execution.InterceptingExecutableInvoker.lambda$invoke$0(InterceptingExecutableInvoker.java:93)
	at org.junit.jupiter.engine.execution.InvocationInterceptorChain$InterceptedInvocation.proceed(InvocationInterceptorChain.java:106)
	at org.junit.jupiter.engine.execution.InvocationInterceptorChain.proceed(InvocationInterceptorChain.java:64)
	at org.junit.jupiter.engine.execution.InvocationInterceptorChain.chainAndInvoke(InvocationInterceptorChain.java:45)
	at org.junit.jupiter.engine.execution.InvocationInterceptorChain.invoke(InvocationInterceptorChain.java:37)
	at org.junit.jupiter.engine.execution.InterceptingExecutableInvoker.invoke(InterceptingExecutableInvoker.java:92)
	at org.junit.jupiter.engine.execution.InterceptingExecutableInvoker.invoke(InterceptingExecutableInvoker.java:86)
	at org.junit.jupiter.engine.descriptor.TestMethodTestDescriptor.lambda$invokeTestMethod$7(TestMethodTestDescriptor.java:217)
	at org.junit.platform.engine.support.hierarchical.ThrowableCollector.execute(ThrowableCollector.java:73)
	at org.junit.jupiter.engine.descriptor.TestMethodTestDescriptor.invokeTestMethod(TestMethodTestDescriptor.java:213)
	at org.junit.jupiter.engine.descriptor.TestMethodTestDescriptor.execute(TestMethodTestDescriptor.java:138)
	at org.junit.jupiter.engine.descriptor.TestMethodTestDescriptor.execute(TestMethodTestDescriptor.java:68)
	at org.junit.platform.engine.support.hierarchical.NodeTestTask.lambda$executeRecursively$6(NodeTestTask.java:151)
	at org.junit.platform.engine.support.hierarchical.ThrowableCollector.execute(ThrowableCollector.java:73)
	at org.junit.platform.engine.support.hierarchical.NodeTestTask.lambda$executeRecursively$8(NodeTestTask.java:141)
	at org.junit.platform.engine.support.hierarchical.Node.around(Node.java:137)
	at org.junit.platform.engine.support.hierarchical.NodeTestTask.lambda$executeRecursively$9(NodeTestTask.java:139)
	at org.junit.platform.engine.support.hierarchical.ThrowableCollector.execute(ThrowableCollector.java:73)
	at org.junit.platform.engine.support.hierarchical.NodeTestTask.executeRecursively(NodeTestTask.java:138)
	at org.junit.platform.engine.support.hierarchical.NodeTestTask.execute(NodeTestTask.java:95)
	at java.base/java.util.ArrayList.forEach(ArrayList.java:1511)
	at org.junit.platform.engine.support.hierarchical.SameThreadHierarchicalTestExecutorService.invokeAll(SameThreadHierarchicalTestExecutorService.java:41)
	at org.junit.platform.engine.support.hierarchical.NodeTestTask.lambda$executeRecursively$6(NodeTestTask.java:155)
	at org.junit.platform.engine.support.hierarchical.ThrowableCollector.execute(ThrowableCollector.java:73)
	at org.junit.platform.engine.support.hierarchical.NodeTestTask.lambda$executeRecursively$8(NodeTestTask.java:141)
	at org.junit.platform.engine.support.hierarchical.Node.around(Node.java:137)
	at org.junit.platform.engine.support.hierarchical.NodeTestTask.lambda$executeRecursively$9(NodeTestTask.java:139)
	at org.junit.platform.engine.support.hierarchical.ThrowableCollector.execute(ThrowableCollector.java:73)
	at org.junit.platform.engine.support.hierarchical.NodeTestTask.executeRecursively(NodeTestTask.java:138)
	at org.junit.platform.engine.support.hierarchical.NodeTestTask.execute(NodeTestTask.java:95)
	at java.base/java.util.ArrayList.forEach(ArrayList.java:1511)
	at org.junit.platform.engine.support.hierarchical.SameThreadHierarchicalTestExecutorService.invokeAll(SameThreadHierarchicalTestExecutorService.java:41)
	at org.junit.platform.engine.support.hierarchical.NodeTestTask.lambda$executeRecursively$6(NodeTestTask.java:155)
	at org.junit.platform.engine.support.hierarchical.ThrowableCollector.execute(ThrowableCollector.java:73)
	at org.junit.platform.engine.support.hierarchical.NodeTestTask.lambda$executeRecursively$8(NodeTestTask.java:141)
	at org.junit.platform.engine.support.hierarchical.Node.around(Node.java:137)
	at org.junit.platform.engine.support.hierarchical.NodeTestTask.lambda$executeRecursively$9(NodeTestTask.java:139)
	at org.junit.platform.engine.support.hierarchical.ThrowableCollector.execute(ThrowableCollector.java:73)
	at org.junit.platform.engine.support.hierarchical.NodeTestTask.executeRecursively(NodeTestTask.java:138)
	at org.junit.platform.engine.support.hierarchical.NodeTestTask.execute(NodeTestTask.java:95)
	at org.junit.platform.engine.support.hierarchical.SameThreadHierarchicalTestExecutorService.submit(SameThreadHierarchicalTestExecutorService.java:35)
	at org.junit.platform.engine.support.hierarchical.HierarchicalTestExecutor.execute(HierarchicalTestExecutor.java:57)
	at org.junit.platform.engine.support.hierarchical.HierarchicalTestEngine.execute(HierarchicalTestEngine.java:54)
	at org.junit.platform.launcher.core.EngineExecutionOrchestrator.execute(EngineExecutionOrchestrator.java:147)
	at org.junit.platform.launcher.core.EngineExecutionOrchestrator.execute(EngineExecutionOrchestrator.java:127)
	at org.junit.platform.launcher.core.EngineExecutionOrchestrator.execute(EngineExecutionOrchestrator.java:90)
	at org.junit.platform.launcher.core.EngineExecutionOrchestrator.lambda$execute$0(EngineExecutionOrchestrator.java:55)
	at org.junit.platform.launcher.core.EngineExecutionOrchestrator.withInterceptedStreams(EngineExecutionOrchestrator.java:102)
	at org.junit.platform.launcher.core.EngineExecutionOrchestrator.execute(EngineExecutionOrchestrator.java:54)
	at org.junit.platform.launcher.core.DefaultLauncher.execute(DefaultLauncher.java:114)
	at org.junit.platform.launcher.core.DefaultLauncher.execute(DefaultLauncher.java:95)
	at org.junit.platform.launcher.core.DefaultLauncherSession$DelegatingLauncher.execute(DefaultLauncherSession.java:91)
	at org.junit.platform.launcher.core.SessionPerRequestLauncher.execute(SessionPerRequestLauncher.java:60)
	at org.eclipse.jdt.internal.junit5.runner.JUnit5TestReference.run(JUnit5TestReference.java:100)
	at org.eclipse.jdt.internal.junit.runner.TestExecution.run(TestExecution.java:40)
	at org.eclipse.jdt.internal.junit.runner.RemoteTestRunner.runTests(RemoteTestRunner.java:529)
	at org.eclipse.jdt.internal.junit.runner.RemoteTestRunner.runTests(RemoteTestRunner.java:757)
	at org.eclipse.jdt.internal.junit.runner.RemoteTestRunner.run(RemoteTestRunner.java:452)
	at org.eclipse.jdt.internal.junit.runner.RemoteTestRunner.main(RemoteTestRunner.java:210)
</div>   

  

</div>
</div>
        </div>
        <div class="scenario">
          <div class="scenario-heading" id="[1.2:24]">
            <div class="heading-container">
              <div class="scenario-tags">
                
              </div>
              <div class="scenario-keyword">
                Scenario: <span>[1.2:24]</span>
                <span class="scenario-name">Get Advertiser</span>
                <span></span>
              </div>
            </div>
            <div class="scenario-time failed">
              <span>ms:</span>&nbsp;<span>1369</span>
            </div>
          </div>
          <div class="step-row">
            <div class="step-container" id="[1.2:24]bg">
              <div class="step-ref bg-step">&gt;&gt;</div>
              <div class="step-cell passed">Background:</div>
            </div>
            <div class="time-cell passed"></div>
          </div>
          <div data-parent="[1.2:24]bg"><div>
  

  

  <div class="step-row">
    <div class="step-container" id="2.14">
      <div class="step-ref bg-step">14</div>
      
      <div class="step-cell passed">
        <span>*</span>&nbsp;<span>url &#39;http://122.165.121.195:8080&#39;</span>
      </div>
    </div>
    <div class="time-cell passed">124</div>
  </div>

   
  
  

  

     

  

</div>
</div>
          <div><div>
  

  

  <div class="step-row">
    <div class="step-container" id="2.17">
      <div class="step-ref passed">17</div>
      
      <div class="step-cell passed">
        <span>Given</span>&nbsp;<span>path &quot;/api/v1/advertiser/70&quot;</span>
      </div>
    </div>
    <div class="time-cell passed">1</div>
  </div>

   
  
  

  

     

  

</div>
</div>
          <div><div>
  

  

  <div class="step-row">
    <div class="step-container" id="2.18">
      <div class="step-ref failed">18</div>
      
      <div class="step-cell failed">
        <span>When</span>&nbsp;<span>method GET</span>
      </div>
    </div>
    <div class="time-cell failed">1245</div>
  </div>

   
  
  

  

  <div class="preformatted" data-parent="2.18">12:11:20.689 request:
1 &gt; GET http://122.165.121.195:8080/api/v1/advertiser/70
1 &gt; Host: 122.165.121.195:8080
1 &gt; Connection: Keep-Alive
1 &gt; User-Agent: Apache-HttpClient/4.5.13 (Java/17.0.8.1)
1 &gt; Accept-Encoding: gzip,deflate


12:11:21.931 response time in milliseconds: 1241
1 &lt; 200
1 &lt; Access-Control-Allow-Methods: POST, GET, OPTIONS, DELETE, PATCH, PUT
1 &lt; Access-Control-Max-Age: 3600
1 &lt; Access-Control-Allow-Headers: _token, Authorization, x-requested-with, content-type
1 &lt; Vary: Origin
1 &lt; Vary: Access-Control-Request-Method
1 &lt; Vary: Access-Control-Request-Headers
1 &lt; X-Content-Type-Options: nosniff
1 &lt; X-XSS-Protection: 1; mode=block
1 &lt; Cache-Control: no-cache, no-store, max-age=0, must-revalidate
1 &lt; Pragma: no-cache
1 &lt; Expires: 0
1 &lt; X-Frame-Options: DENY
1 &lt; Content-Type: application/json
1 &lt; Transfer-Encoding: chunked
1 &lt; Date: Sun, 18 Aug 2024 06:41:22 GMT
1 &lt; Keep-Alive: timeout=60
1 &lt; Connection: keep-alive
{&quot;entity&quot;:{&quot;id&quot;:70,&quot;name&quot;:&quot;Advertiser 0099021&quot;,&quot;email&quot;:&quot;test@gc.om&quot;,&quot;description&quot;:&quot;desc1&quot;,&quot;active&quot;:true},&quot;httpStatus&quot;:&quot;OK&quot;,&quot;valid&quot;:true}

12:11:21.931 classpath:apifeatures/advertiser.feature:18
When method GET
begin 0, end -1, length 0
classpath:apifeatures/advertiser.feature:18
</div>   

  

</div>
</div>
          <div><div>
  

  

  <div class="step-row">
    <div class="step-container" id="2.19">
      <div class="step-ref skipped">19</div>
      
      <div class="step-cell skipped">
        <span>Then</span>&nbsp;<span>status 200</span>
      </div>
    </div>
    <div class="time-cell skipped">0</div>
  </div>

   
  
  

  

     

  

</div>
</div>
          <div><div>
  

  

  <div class="step-row">
    <div class="step-container" id="2.24">
      <div class="step-ref failed">24</div>
      
      <div class="step-cell failed">
        <span>*</span>&nbsp;<span>scenario [cleanup] failed</span>
      </div>
    </div>
    <div class="time-cell failed">0</div>
  </div>

   
  
  

  

  <div class="preformatted" data-parent="2.24">Cannot invoke &quot;com.aventstack.extentreports.ExtentTest.info(String)&quot; because &quot;apifeatures.ReportHook.test&quot; is null
java.lang.NullPointerException: Cannot invoke &quot;com.aventstack.extentreports.ExtentTest.info(String)&quot; because &quot;apifeatures.ReportHook.test&quot; is null
	at apifeatures.ReportHook.afterScenario(ReportHook.java:51)
	at com.intuit.karate.core.ScenarioRuntime.lambda$afterRun$8(ScenarioRuntime.java:559)
	at java.base/java.util.ArrayList.forEach(ArrayList.java:1511)
	at com.intuit.karate.core.ScenarioRuntime.afterRun(ScenarioRuntime.java:559)
	at com.intuit.karate.core.ScenarioRuntime.run(ScenarioRuntime.java:464)
	at com.intuit.karate.core.FeatureRuntime.processScenario(FeatureRuntime.java:182)
	at java.base/java.util.stream.ReferencePipeline$2$1.accept(ReferencePipeline.java:179)
	at com.intuit.karate.core.ScenarioIterator.tryAdvance(ScenarioIterator.java:149)
	at java.base/java.util.Spliterator.forEachRemaining(Spliterator.java:332)
	at java.base/java.util.stream.AbstractPipeline.copyInto(AbstractPipeline.java:509)
	at java.base/java.util.stream.AbstractPipeline.wrapAndCopyInto(AbstractPipeline.java:499)
	at java.base/java.util.stream.StreamSpliterators$WrappingSpliterator.forEachRemaining(StreamSpliterators.java:310)
	at java.base/java.util.Spliterators$1Adapter.forEachRemaining(Spliterators.java:706)
	at com.intuit.karate.core.FeatureRuntime.run(FeatureRuntime.java:165)
	at java.base/java.util.concurrent.Executors$RunnableAdapter.call(Executors.java:539)
	at java.base/java.util.concurrent.FutureTask.run(FutureTask.java:264)
	at com.intuit.karate.core.SyncExecutorService.execute(SyncExecutorService.java:70)
	at java.base/java.util.concurrent.AbstractExecutorService.submit(AbstractExecutorService.java:123)
	at com.intuit.karate.Suite.run(Suite.java:235)
	at com.intuit.karate.Runner$Builder.parallel(Runner.java:575)
	at ScenarioRunner.testParallel(ScenarioRunner.java:19)
	at java.base/jdk.internal.reflect.NativeMethodAccessorImpl.invoke0(Native Method)
	at java.base/jdk.internal.reflect.NativeMethodAccessorImpl.invoke(NativeMethodAccessorImpl.java:77)
	at java.base/jdk.internal.reflect.DelegatingMethodAccessorImpl.invoke(DelegatingMethodAccessorImpl.java:43)
	at java.base/java.lang.reflect.Method.invoke(Method.java:568)
	at org.junit.platform.commons.util.ReflectionUtils.invokeMethod(ReflectionUtils.java:727)
	at org.junit.jupiter.engine.execution.MethodInvocation.proceed(MethodInvocation.java:60)
	at org.junit.jupiter.engine.execution.InvocationInterceptorChain$ValidatingInvocation.proceed(InvocationInterceptorChain.java:131)
	at org.junit.jupiter.engine.extension.TimeoutExtension.intercept(TimeoutExtension.java:156)
	at org.junit.jupiter.engine.extension.TimeoutExtension.interceptTestableMethod(TimeoutExtension.java:147)
	at org.junit.jupiter.engine.extension.TimeoutExtension.interceptTestMethod(TimeoutExtension.java:86)
	at org.junit.jupiter.engine.execution.InterceptingExecutableInvoker$ReflectiveInterceptorCall.lambda$ofVoidMethod$0(InterceptingExecutableInvoker.java:103)
	at org.junit.jupiter.engine.execution.InterceptingExecutableInvoker.lambda$invoke$0(InterceptingExecutableInvoker.java:93)
	at org.junit.jupiter.engine.execution.InvocationInterceptorChain$InterceptedInvocation.proceed(InvocationInterceptorChain.java:106)
	at org.junit.jupiter.engine.execution.InvocationInterceptorChain.proceed(InvocationInterceptorChain.java:64)
	at org.junit.jupiter.engine.execution.InvocationInterceptorChain.chainAndInvoke(InvocationInterceptorChain.java:45)
	at org.junit.jupiter.engine.execution.InvocationInterceptorChain.invoke(InvocationInterceptorChain.java:37)
	at org.junit.jupiter.engine.execution.InterceptingExecutableInvoker.invoke(InterceptingExecutableInvoker.java:92)
	at org.junit.jupiter.engine.execution.InterceptingExecutableInvoker.invoke(InterceptingExecutableInvoker.java:86)
	at org.junit.jupiter.engine.descriptor.TestMethodTestDescriptor.lambda$invokeTestMethod$7(TestMethodTestDescriptor.java:217)
	at org.junit.platform.engine.support.hierarchical.ThrowableCollector.execute(ThrowableCollector.java:73)
	at org.junit.jupiter.engine.descriptor.TestMethodTestDescriptor.invokeTestMethod(TestMethodTestDescriptor.java:213)
	at org.junit.jupiter.engine.descriptor.TestMethodTestDescriptor.execute(TestMethodTestDescriptor.java:138)
	at org.junit.jupiter.engine.descriptor.TestMethodTestDescriptor.execute(TestMethodTestDescriptor.java:68)
	at org.junit.platform.engine.support.hierarchical.NodeTestTask.lambda$executeRecursively$6(NodeTestTask.java:151)
	at org.junit.platform.engine.support.hierarchical.ThrowableCollector.execute(ThrowableCollector.java:73)
	at org.junit.platform.engine.support.hierarchical.NodeTestTask.lambda$executeRecursively$8(NodeTestTask.java:141)
	at org.junit.platform.engine.support.hierarchical.Node.around(Node.java:137)
	at org.junit.platform.engine.support.hierarchical.NodeTestTask.lambda$executeRecursively$9(NodeTestTask.java:139)
	at org.junit.platform.engine.support.hierarchical.ThrowableCollector.execute(ThrowableCollector.java:73)
	at org.junit.platform.engine.support.hierarchical.NodeTestTask.executeRecursively(NodeTestTask.java:138)
	at org.junit.platform.engine.support.hierarchical.NodeTestTask.execute(NodeTestTask.java:95)
	at java.base/java.util.ArrayList.forEach(ArrayList.java:1511)
	at org.junit.platform.engine.support.hierarchical.SameThreadHierarchicalTestExecutorService.invokeAll(SameThreadHierarchicalTestExecutorService.java:41)
	at org.junit.platform.engine.support.hierarchical.NodeTestTask.lambda$executeRecursively$6(NodeTestTask.java:155)
	at org.junit.platform.engine.support.hierarchical.ThrowableCollector.execute(ThrowableCollector.java:73)
	at org.junit.platform.engine.support.hierarchical.NodeTestTask.lambda$executeRecursively$8(NodeTestTask.java:141)
	at org.junit.platform.engine.support.hierarchical.Node.around(Node.java:137)
	at org.junit.platform.engine.support.hierarchical.NodeTestTask.lambda$executeRecursively$9(NodeTestTask.java:139)
	at org.junit.platform.engine.support.hierarchical.ThrowableCollector.execute(ThrowableCollector.java:73)
	at org.junit.platform.engine.support.hierarchical.NodeTestTask.executeRecursively(NodeTestTask.java:138)
	at org.junit.platform.engine.support.hierarchical.NodeTestTask.execute(NodeTestTask.java:95)
	at java.base/java.util.ArrayList.forEach(ArrayList.java:1511)
	at org.junit.platform.engine.support.hierarchical.SameThreadHierarchicalTestExecutorService.invokeAll(SameThreadHierarchicalTestExecutorService.java:41)
	at org.junit.platform.engine.support.hierarchical.NodeTestTask.lambda$executeRecursively$6(NodeTestTask.java:155)
	at org.junit.platform.engine.support.hierarchical.ThrowableCollector.execute(ThrowableCollector.java:73)
	at org.junit.platform.engine.support.hierarchical.NodeTestTask.lambda$executeRecursively$8(NodeTestTask.java:141)
	at org.junit.platform.engine.support.hierarchical.Node.around(Node.java:137)
	at org.junit.platform.engine.support.hierarchical.NodeTestTask.lambda$executeRecursively$9(NodeTestTask.java:139)
	at org.junit.platform.engine.support.hierarchical.ThrowableCollector.execute(ThrowableCollector.java:73)
	at org.junit.platform.engine.support.hierarchical.NodeTestTask.executeRecursively(NodeTestTask.java:138)
	at org.junit.platform.engine.support.hierarchical.NodeTestTask.execute(NodeTestTask.java:95)
	at org.junit.platform.engine.support.hierarchical.SameThreadHierarchicalTestExecutorService.submit(SameThreadHierarchicalTestExecutorService.java:35)
	at org.junit.platform.engine.support.hierarchical.HierarchicalTestExecutor.execute(HierarchicalTestExecutor.java:57)
	at org.junit.platform.engine.support.hierarchical.HierarchicalTestEngine.execute(HierarchicalTestEngine.java:54)
	at org.junit.platform.launcher.core.EngineExecutionOrchestrator.execute(EngineExecutionOrchestrator.java:147)
	at org.junit.platform.launcher.core.EngineExecutionOrchestrator.execute(EngineExecutionOrchestrator.java:127)
	at org.junit.platform.launcher.core.EngineExecutionOrchestrator.execute(EngineExecutionOrchestrator.java:90)
	at org.junit.platform.launcher.core.EngineExecutionOrchestrator.lambda$execute$0(EngineExecutionOrchestrator.java:55)
	at org.junit.platform.launcher.core.EngineExecutionOrchestrator.withInterceptedStreams(EngineExecutionOrchestrator.java:102)
	at org.junit.platform.launcher.core.EngineExecutionOrchestrator.execute(EngineExecutionOrchestrator.java:54)
	at org.junit.platform.launcher.core.DefaultLauncher.execute(DefaultLauncher.java:114)
	at org.junit.platform.launcher.core.DefaultLauncher.execute(DefaultLauncher.java:95)
	at org.junit.platform.launcher.core.DefaultLauncherSession$DelegatingLauncher.execute(DefaultLauncherSession.java:91)
	at org.junit.platform.launcher.core.SessionPerRequestLauncher.execute(SessionPerRequestLauncher.java:60)
	at org.eclipse.jdt.internal.junit5.runner.JUnit5TestReference.run(JUnit5TestReference.java:100)
	at org.eclipse.jdt.internal.junit.runner.TestExecution.run(TestExecution.java:40)
	at org.eclipse.jdt.internal.junit.runner.RemoteTestRunner.runTests(RemoteTestRunner.java:529)
	at org.eclipse.jdt.internal.junit.runner.RemoteTestRunner.runTests(RemoteTestRunner.java:757)
	at org.eclipse.jdt.internal.junit.runner.RemoteTestRunner.run(RemoteTestRunner.java:452)
	at org.eclipse.jdt.internal.junit.runner.RemoteTestRunner.main(RemoteTestRunner.java:210)
</div>   

  

</div>
</div>
        </div>
        <div class="scenario">
          <div class="scenario-heading" id="[1.3:24]">
            <div class="heading-container">
              <div class="scenario-tags">
                
              </div>
              <div class="scenario-keyword">
                Scenario: <span>[1.3:24]</span>
                <span class="scenario-name">Activate/Deactivate Advertiser</span>
                <span></span>
              </div>
            </div>
            <div class="scenario-time failed">
              <span>ms:</span>&nbsp;<span>597</span>
            </div>
          </div>
          <div class="step-row">
            <div class="step-container" id="[1.3:24]bg">
              <div class="step-ref bg-step">&gt;&gt;</div>
              <div class="step-cell passed">Background:</div>
            </div>
            <div class="time-cell passed"></div>
          </div>
          <div data-parent="[1.3:24]bg"><div>
  

  

  <div class="step-row">
    <div class="step-container" id="3.14">
      <div class="step-ref bg-step">14</div>
      
      <div class="step-cell passed">
        <span>*</span>&nbsp;<span>url &#39;http://122.165.121.195:8080&#39;</span>
      </div>
    </div>
    <div class="time-cell passed">124</div>
  </div>

   
  
  

  

     

  

</div>
</div>
          <div><div>
  

  

  <div class="step-row">
    <div class="step-container" id="3.17">
      <div class="step-ref passed">17</div>
      
      <div class="step-cell passed">
        <span>Given</span>&nbsp;<span>path &quot;/api/v1/advertiser/70/toggle-activate&quot;</span>
      </div>
    </div>
    <div class="time-cell passed">1</div>
  </div>

   
  
  

  

     

  

</div>
</div>
          <div><div>
  

  

  <div class="step-row">
    <div class="step-container" id="3.18">
      <div class="step-ref failed">18</div>
      
      <div class="step-cell failed">
        <span>When</span>&nbsp;<span>method GET</span>
      </div>
    </div>
    <div class="time-cell failed">473</div>
  </div>

   
  
  

  

  <div class="preformatted" data-parent="3.18">12:11:21.942 request:
1 &gt; GET http://122.165.121.195:8080/api/v1/advertiser/70/toggle-activate
1 &gt; Host: 122.165.121.195:8080
1 &gt; Connection: Keep-Alive
1 &gt; User-Agent: Apache-HttpClient/4.5.13 (Java/17.0.8.1)
1 &gt; Accept-Encoding: gzip,deflate


12:11:22.412 response time in milliseconds: 470
1 &lt; 200
1 &lt; Access-Control-Allow-Methods: POST, GET, OPTIONS, DELETE, PATCH, PUT
1 &lt; Access-Control-Max-Age: 3600
1 &lt; Access-Control-Allow-Headers: _token, Authorization, x-requested-with, content-type
1 &lt; Vary: Origin
1 &lt; Vary: Access-Control-Request-Method
1 &lt; Vary: Access-Control-Request-Headers
1 &lt; X-Content-Type-Options: nosniff
1 &lt; X-XSS-Protection: 1; mode=block
1 &lt; Cache-Control: no-cache, no-store, max-age=0, must-revalidate
1 &lt; Pragma: no-cache
1 &lt; Expires: 0
1 &lt; X-Frame-Options: DENY
1 &lt; Content-Type: application/json
1 &lt; Transfer-Encoding: chunked
1 &lt; Date: Sun, 18 Aug 2024 06:41:22 GMT
1 &lt; Keep-Alive: timeout=60
1 &lt; Connection: keep-alive
{&quot;httpStatus&quot;:&quot;OK&quot;,&quot;successMessage&quot;:&quot;Activated/Deactivated successfully &quot;,&quot;valid&quot;:true}

12:11:22.413 classpath:apifeatures/advertiser.feature:18
When method GET
begin 0, end -1, length 0
classpath:apifeatures/advertiser.feature:18
</div>   

  

</div>
</div>
          <div><div>
  

  

  <div class="step-row">
    <div class="step-container" id="3.19">
      <div class="step-ref skipped">19</div>
      
      <div class="step-cell skipped">
        <span>Then</span>&nbsp;<span>status 200</span>
      </div>
    </div>
    <div class="time-cell skipped">0</div>
  </div>

   
  
  

  

     

  

</div>
</div>
          <div><div>
  

  

  <div class="step-row">
    <div class="step-container" id="3.24">
      <div class="step-ref failed">24</div>
      
      <div class="step-cell failed">
        <span>*</span>&nbsp;<span>scenario [cleanup] failed</span>
      </div>
    </div>
    <div class="time-cell failed">0</div>
  </div>

   
  
  

  

  <div class="preformatted" data-parent="3.24">Cannot invoke &quot;com.aventstack.extentreports.ExtentTest.info(String)&quot; because &quot;apifeatures.ReportHook.test&quot; is null
java.lang.NullPointerException: Cannot invoke &quot;com.aventstack.extentreports.ExtentTest.info(String)&quot; because &quot;apifeatures.ReportHook.test&quot; is null
	at apifeatures.ReportHook.afterScenario(ReportHook.java:51)
	at com.intuit.karate.core.ScenarioRuntime.lambda$afterRun$8(ScenarioRuntime.java:559)
	at java.base/java.util.ArrayList.forEach(ArrayList.java:1511)
	at com.intuit.karate.core.ScenarioRuntime.afterRun(ScenarioRuntime.java:559)
	at com.intuit.karate.core.ScenarioRuntime.run(ScenarioRuntime.java:464)
	at com.intuit.karate.core.FeatureRuntime.processScenario(FeatureRuntime.java:182)
	at java.base/java.util.stream.ReferencePipeline$2$1.accept(ReferencePipeline.java:179)
	at com.intuit.karate.core.ScenarioIterator.tryAdvance(ScenarioIterator.java:149)
	at java.base/java.util.Spliterator.forEachRemaining(Spliterator.java:332)
	at java.base/java.util.stream.AbstractPipeline.copyInto(AbstractPipeline.java:509)
	at java.base/java.util.stream.AbstractPipeline.wrapAndCopyInto(AbstractPipeline.java:499)
	at java.base/java.util.stream.StreamSpliterators$WrappingSpliterator.forEachRemaining(StreamSpliterators.java:310)
	at java.base/java.util.Spliterators$1Adapter.forEachRemaining(Spliterators.java:706)
	at com.intuit.karate.core.FeatureRuntime.run(FeatureRuntime.java:165)
	at java.base/java.util.concurrent.Executors$RunnableAdapter.call(Executors.java:539)
	at java.base/java.util.concurrent.FutureTask.run(FutureTask.java:264)
	at com.intuit.karate.core.SyncExecutorService.execute(SyncExecutorService.java:70)
	at java.base/java.util.concurrent.AbstractExecutorService.submit(AbstractExecutorService.java:123)
	at com.intuit.karate.Suite.run(Suite.java:235)
	at com.intuit.karate.Runner$Builder.parallel(Runner.java:575)
	at ScenarioRunner.testParallel(ScenarioRunner.java:19)
	at java.base/jdk.internal.reflect.NativeMethodAccessorImpl.invoke0(Native Method)
	at java.base/jdk.internal.reflect.NativeMethodAccessorImpl.invoke(NativeMethodAccessorImpl.java:77)
	at java.base/jdk.internal.reflect.DelegatingMethodAccessorImpl.invoke(DelegatingMethodAccessorImpl.java:43)
	at java.base/java.lang.reflect.Method.invoke(Method.java:568)
	at org.junit.platform.commons.util.ReflectionUtils.invokeMethod(ReflectionUtils.java:727)
	at org.junit.jupiter.engine.execution.MethodInvocation.proceed(MethodInvocation.java:60)
	at org.junit.jupiter.engine.execution.InvocationInterceptorChain$ValidatingInvocation.proceed(InvocationInterceptorChain.java:131)
	at org.junit.jupiter.engine.extension.TimeoutExtension.intercept(TimeoutExtension.java:156)
	at org.junit.jupiter.engine.extension.TimeoutExtension.interceptTestableMethod(TimeoutExtension.java:147)
	at org.junit.jupiter.engine.extension.TimeoutExtension.interceptTestMethod(TimeoutExtension.java:86)
	at org.junit.jupiter.engine.execution.InterceptingExecutableInvoker$ReflectiveInterceptorCall.lambda$ofVoidMethod$0(InterceptingExecutableInvoker.java:103)
	at org.junit.jupiter.engine.execution.InterceptingExecutableInvoker.lambda$invoke$0(InterceptingExecutableInvoker.java:93)
	at org.junit.jupiter.engine.execution.InvocationInterceptorChain$InterceptedInvocation.proceed(InvocationInterceptorChain.java:106)
	at org.junit.jupiter.engine.execution.InvocationInterceptorChain.proceed(InvocationInterceptorChain.java:64)
	at org.junit.jupiter.engine.execution.InvocationInterceptorChain.chainAndInvoke(InvocationInterceptorChain.java:45)
	at org.junit.jupiter.engine.execution.InvocationInterceptorChain.invoke(InvocationInterceptorChain.java:37)
	at org.junit.jupiter.engine.execution.InterceptingExecutableInvoker.invoke(InterceptingExecutableInvoker.java:92)
	at org.junit.jupiter.engine.execution.InterceptingExecutableInvoker.invoke(InterceptingExecutableInvoker.java:86)
	at org.junit.jupiter.engine.descriptor.TestMethodTestDescriptor.lambda$invokeTestMethod$7(TestMethodTestDescriptor.java:217)
	at org.junit.platform.engine.support.hierarchical.ThrowableCollector.execute(ThrowableCollector.java:73)
	at org.junit.jupiter.engine.descriptor.TestMethodTestDescriptor.invokeTestMethod(TestMethodTestDescriptor.java:213)
	at org.junit.jupiter.engine.descriptor.TestMethodTestDescriptor.execute(TestMethodTestDescriptor.java:138)
	at org.junit.jupiter.engine.descriptor.TestMethodTestDescriptor.execute(TestMethodTestDescriptor.java:68)
	at org.junit.platform.engine.support.hierarchical.NodeTestTask.lambda$executeRecursively$6(NodeTestTask.java:151)
	at org.junit.platform.engine.support.hierarchical.ThrowableCollector.execute(ThrowableCollector.java:73)
	at org.junit.platform.engine.support.hierarchical.NodeTestTask.lambda$executeRecursively$8(NodeTestTask.java:141)
	at org.junit.platform.engine.support.hierarchical.Node.around(Node.java:137)
	at org.junit.platform.engine.support.hierarchical.NodeTestTask.lambda$executeRecursively$9(NodeTestTask.java:139)
	at org.junit.platform.engine.support.hierarchical.ThrowableCollector.execute(ThrowableCollector.java:73)
	at org.junit.platform.engine.support.hierarchical.NodeTestTask.executeRecursively(NodeTestTask.java:138)
	at org.junit.platform.engine.support.hierarchical.NodeTestTask.execute(NodeTestTask.java:95)
	at java.base/java.util.ArrayList.forEach(ArrayList.java:1511)
	at org.junit.platform.engine.support.hierarchical.SameThreadHierarchicalTestExecutorService.invokeAll(SameThreadHierarchicalTestExecutorService.java:41)
	at org.junit.platform.engine.support.hierarchical.NodeTestTask.lambda$executeRecursively$6(NodeTestTask.java:155)
	at org.junit.platform.engine.support.hierarchical.ThrowableCollector.execute(ThrowableCollector.java:73)
	at org.junit.platform.engine.support.hierarchical.NodeTestTask.lambda$executeRecursively$8(NodeTestTask.java:141)
	at org.junit.platform.engine.support.hierarchical.Node.around(Node.java:137)
	at org.junit.platform.engine.support.hierarchical.NodeTestTask.lambda$executeRecursively$9(NodeTestTask.java:139)
	at org.junit.platform.engine.support.hierarchical.ThrowableCollector.execute(ThrowableCollector.java:73)
	at org.junit.platform.engine.support.hierarchical.NodeTestTask.executeRecursively(NodeTestTask.java:138)
	at org.junit.platform.engine.support.hierarchical.NodeTestTask.execute(NodeTestTask.java:95)
	at java.base/java.util.ArrayList.forEach(ArrayList.java:1511)
	at org.junit.platform.engine.support.hierarchical.SameThreadHierarchicalTestExecutorService.invokeAll(SameThreadHierarchicalTestExecutorService.java:41)
	at org.junit.platform.engine.support.hierarchical.NodeTestTask.lambda$executeRecursively$6(NodeTestTask.java:155)
	at org.junit.platform.engine.support.hierarchical.ThrowableCollector.execute(ThrowableCollector.java:73)
	at org.junit.platform.engine.support.hierarchical.NodeTestTask.lambda$executeRecursively$8(NodeTestTask.java:141)
	at org.junit.platform.engine.support.hierarchical.Node.around(Node.java:137)
	at org.junit.platform.engine.support.hierarchical.NodeTestTask.lambda$executeRecursively$9(NodeTestTask.java:139)
	at org.junit.platform.engine.support.hierarchical.ThrowableCollector.execute(ThrowableCollector.java:73)
	at org.junit.platform.engine.support.hierarchical.NodeTestTask.executeRecursively(NodeTestTask.java:138)
	at org.junit.platform.engine.support.hierarchical.NodeTestTask.execute(NodeTestTask.java:95)
	at org.junit.platform.engine.support.hierarchical.SameThreadHierarchicalTestExecutorService.submit(SameThreadHierarchicalTestExecutorService.java:35)
	at org.junit.platform.engine.support.hierarchical.HierarchicalTestExecutor.execute(HierarchicalTestExecutor.java:57)
	at org.junit.platform.engine.support.hierarchical.HierarchicalTestEngine.execute(HierarchicalTestEngine.java:54)
	at org.junit.platform.launcher.core.EngineExecutionOrchestrator.execute(EngineExecutionOrchestrator.java:147)
	at org.junit.platform.launcher.core.EngineExecutionOrchestrator.execute(EngineExecutionOrchestrator.java:127)
	at org.junit.platform.launcher.core.EngineExecutionOrchestrator.execute(EngineExecutionOrchestrator.java:90)
	at org.junit.platform.launcher.core.EngineExecutionOrchestrator.lambda$execute$0(EngineExecutionOrchestrator.java:55)
	at org.junit.platform.launcher.core.EngineExecutionOrchestrator.withInterceptedStreams(EngineExecutionOrchestrator.java:102)
	at org.junit.platform.launcher.core.EngineExecutionOrchestrator.execute(EngineExecutionOrchestrator.java:54)
	at org.junit.platform.launcher.core.DefaultLauncher.execute(DefaultLauncher.java:114)
	at org.junit.platform.launcher.core.DefaultLauncher.execute(DefaultLauncher.java:95)
	at org.junit.platform.launcher.core.DefaultLauncherSession$DelegatingLauncher.execute(DefaultLauncherSession.java:91)
	at org.junit.platform.launcher.core.SessionPerRequestLauncher.execute(SessionPerRequestLauncher.java:60)
	at org.eclipse.jdt.internal.junit5.runner.JUnit5TestReference.run(JUnit5TestReference.java:100)
	at org.eclipse.jdt.internal.junit.runner.TestExecution.run(TestExecution.java:40)
	at org.eclipse.jdt.internal.junit.runner.RemoteTestRunner.runTests(RemoteTestRunner.java:529)
	at org.eclipse.jdt.internal.junit.runner.RemoteTestRunner.runTests(RemoteTestRunner.java:757)
	at org.eclipse.jdt.internal.junit.runner.RemoteTestRunner.run(RemoteTestRunner.java:452)
	at org.eclipse.jdt.internal.junit.runner.RemoteTestRunner.main(RemoteTestRunner.java:210)
</div>   

  

</div>
</div>
        </div>
        <div class="scenario">
          <div class="scenario-heading" id="[2:26]">
            <div class="heading-container">
              <div class="scenario-tags">
                
              </div>
              <div class="scenario-keyword">
                Scenario: <span>[2:26]</span>
                <span class="scenario-name">Create Advertiser</span>
                <span></span>
              </div>
            </div>
            <div class="scenario-time failed">
              <span>ms:</span>&nbsp;<span>309</span>
            </div>
          </div>
          <div class="step-row">
            <div class="step-container" id="[2:26]bg">
              <div class="step-ref bg-step">&gt;&gt;</div>
              <div class="step-cell passed">Background:</div>
            </div>
            <div class="time-cell passed"></div>
          </div>
          <div data-parent="[2:26]bg"><div>
  

  

  <div class="step-row">
    <div class="step-container" id="0.14">
      <div class="step-ref bg-step">14</div>
      
      <div class="step-cell passed">
        <span>*</span>&nbsp;<span>url &#39;http://122.165.121.195:8080&#39;</span>
      </div>
    </div>
    <div class="time-cell passed">1</div>
  </div>

   
  
  

  

     

  

</div>
</div>
          <div><div>
  

  

  <div class="step-row">
    <div class="step-container" id="0.27">
      <div class="step-ref passed">27</div>
      
      <div class="step-cell passed">
        <span>*</span>&nbsp;<span>def user =</span>
      </div>
    </div>
    <div class="time-cell passed">29</div>
  </div>

   
  
  <div class="preformatted" data-parent="0.27">{
    &quot;name&quot;:&quot;AdvertiserTest124klskfsfs&quot;,
    &quot;description&quot;:&quot;desc&quot;,
    &quot;email&quot;:&quot;test@gc.om&quot;,
    &quot;phoneNumber&quot;:&quot;9897656215&quot;
}</div>

  

     

  

</div>
</div>
          <div><div>
  

  

  <div class="step-row">
    <div class="step-container" id="0.36">
      <div class="step-ref passed">36</div>
      
      <div class="step-cell passed">
        <span>Given</span>&nbsp;<span>path &#39;/api/v1/advertiser&#39;</span>
      </div>
    </div>
    <div class="time-cell passed">1</div>
  </div>

   
  
  

  

     

  

</div>
</div>
          <div><div>
  

  

  <div class="step-row">
    <div class="step-container" id="0.37">
      <div class="step-ref passed">37</div>
      
      <div class="step-cell passed">
        <span>And</span>&nbsp;<span>request user</span>
      </div>
    </div>
    <div class="time-cell passed">17</div>
  </div>

   
  
  

  

     

  

</div>
</div>
          <div><div>
  

  

  <div class="step-row">
    <div class="step-container" id="0.38">
      <div class="step-ref failed">38</div>
      
      <div class="step-cell failed">
        <span>When</span>&nbsp;<span>method put</span>
      </div>
    </div>
    <div class="time-cell failed">262</div>
  </div>

   
  
  

  

  <div class="preformatted" data-parent="0.38">12:11:22.524 request:
1 &gt; PUT http://122.165.121.195:8080/api/v1/advertiser
1 &gt; Content-Type: application/json; charset=UTF-8
1 &gt; Content-Length: 105
1 &gt; Host: 122.165.121.195:8080
1 &gt; Connection: Keep-Alive
1 &gt; User-Agent: Apache-HttpClient/4.5.13 (Java/17.0.8.1)
1 &gt; Accept-Encoding: gzip,deflate
{&quot;name&quot;:&quot;AdvertiserTest124klskfsfs&quot;,&quot;description&quot;:&quot;desc&quot;,&quot;email&quot;:&quot;test@gc.om&quot;,&quot;phoneNumber&quot;:&quot;9897656215&quot;}

12:11:22.729 response time in milliseconds: 204
1 &lt; 403
1 &lt; Access-Control-Allow-Methods: POST, GET, OPTIONS, DELETE, PATCH, PUT
1 &lt; Access-Control-Max-Age: 3600
1 &lt; Access-Control-Allow-Headers: _token, Authorization, x-requested-with, content-type
1 &lt; X-Content-Type-Options: nosniff
1 &lt; X-XSS-Protection: 1; mode=block
1 &lt; Cache-Control: no-cache, no-store, max-age=0, must-revalidate
1 &lt; Pragma: no-cache
1 &lt; Expires: 0
1 &lt; X-Frame-Options: DENY
1 &lt; Content-Type: application/json
1 &lt; Transfer-Encoding: chunked
1 &lt; Date: Sun, 18 Aug 2024 06:41:22 GMT
1 &lt; Keep-Alive: timeout=60
1 &lt; Connection: keep-alive
{&quot;timestamp&quot;:&quot;2024-08-18 06:41:22&quot;,&quot;status&quot;:403,&quot;error&quot;:&quot;Forbidden&quot;,&quot;path&quot;:&quot;/api/v1/advertiser&quot;}

12:11:22.729 classpath:apifeatures/advertiser.feature:38
When method put
Cannot invoke &quot;com.aventstack.extentreports.ExtentTest.info(String)&quot; because &quot;apifeatures.ReportHook.test&quot; is null
classpath:apifeatures/advertiser.feature:38
</div>   

  

</div>
</div>
          <div><div>
  

  

  <div class="step-row">
    <div class="step-container" id="0.39">
      <div class="step-ref skipped">39</div>
      
      <div class="step-cell skipped">
        <span>Then</span>&nbsp;<span>status 201</span>
      </div>
    </div>
    <div class="time-cell skipped">0</div>
  </div>

   
  
  

  

     

  

</div>
</div>
          <div><div>
  

  

  <div class="step-row">
    <div class="step-container" id="0.26">
      <div class="step-ref failed">26</div>
      
      <div class="step-cell failed">
        <span>*</span>&nbsp;<span>scenario [cleanup] failed</span>
      </div>
    </div>
    <div class="time-cell failed">0</div>
  </div>

   
  
  

  

  <div class="preformatted" data-parent="0.26">Cannot invoke &quot;com.aventstack.extentreports.ExtentTest.info(String)&quot; because &quot;apifeatures.ReportHook.test&quot; is null
java.lang.NullPointerException: Cannot invoke &quot;com.aventstack.extentreports.ExtentTest.info(String)&quot; because &quot;apifeatures.ReportHook.test&quot; is null
	at apifeatures.ReportHook.afterScenario(ReportHook.java:51)
	at com.intuit.karate.core.ScenarioRuntime.lambda$afterRun$8(ScenarioRuntime.java:559)
	at java.base/java.util.ArrayList.forEach(ArrayList.java:1511)
	at com.intuit.karate.core.ScenarioRuntime.afterRun(ScenarioRuntime.java:559)
	at com.intuit.karate.core.ScenarioRuntime.run(ScenarioRuntime.java:464)
	at com.intuit.karate.core.FeatureRuntime.processScenario(FeatureRuntime.java:182)
	at java.base/java.util.stream.ReferencePipeline$2$1.accept(ReferencePipeline.java:179)
	at com.intuit.karate.core.ScenarioIterator.tryAdvance(ScenarioIterator.java:157)
	at com.intuit.karate.core.ScenarioIterator.tryAdvance(ScenarioIterator.java:88)
	at com.intuit.karate.core.ScenarioIterator.tryAdvance(ScenarioIterator.java:137)
	at java.base/java.util.Spliterator.forEachRemaining(Spliterator.java:332)
	at java.base/java.util.stream.AbstractPipeline.copyInto(AbstractPipeline.java:509)
	at java.base/java.util.stream.AbstractPipeline.wrapAndCopyInto(AbstractPipeline.java:499)
	at java.base/java.util.stream.StreamSpliterators$WrappingSpliterator.forEachRemaining(StreamSpliterators.java:310)
	at java.base/java.util.Spliterators$1Adapter.forEachRemaining(Spliterators.java:706)
	at com.intuit.karate.core.FeatureRuntime.run(FeatureRuntime.java:165)
	at java.base/java.util.concurrent.Executors$RunnableAdapter.call(Executors.java:539)
	at java.base/java.util.concurrent.FutureTask.run(FutureTask.java:264)
	at com.intuit.karate.core.SyncExecutorService.execute(SyncExecutorService.java:70)
	at java.base/java.util.concurrent.AbstractExecutorService.submit(AbstractExecutorService.java:123)
	at com.intuit.karate.Suite.run(Suite.java:235)
	at com.intuit.karate.Runner$Builder.parallel(Runner.java:575)
	at ScenarioRunner.testParallel(ScenarioRunner.java:19)
	at java.base/jdk.internal.reflect.NativeMethodAccessorImpl.invoke0(Native Method)
	at java.base/jdk.internal.reflect.NativeMethodAccessorImpl.invoke(NativeMethodAccessorImpl.java:77)
	at java.base/jdk.internal.reflect.DelegatingMethodAccessorImpl.invoke(DelegatingMethodAccessorImpl.java:43)
	at java.base/java.lang.reflect.Method.invoke(Method.java:568)
	at org.junit.platform.commons.util.ReflectionUtils.invokeMethod(ReflectionUtils.java:727)
	at org.junit.jupiter.engine.execution.MethodInvocation.proceed(MethodInvocation.java:60)
	at org.junit.jupiter.engine.execution.InvocationInterceptorChain$ValidatingInvocation.proceed(InvocationInterceptorChain.java:131)
	at org.junit.jupiter.engine.extension.TimeoutExtension.intercept(TimeoutExtension.java:156)
	at org.junit.jupiter.engine.extension.TimeoutExtension.interceptTestableMethod(TimeoutExtension.java:147)
	at org.junit.jupiter.engine.extension.TimeoutExtension.interceptTestMethod(TimeoutExtension.java:86)
	at org.junit.jupiter.engine.execution.InterceptingExecutableInvoker$ReflectiveInterceptorCall.lambda$ofVoidMethod$0(InterceptingExecutableInvoker.java:103)
	at org.junit.jupiter.engine.execution.InterceptingExecutableInvoker.lambda$invoke$0(InterceptingExecutableInvoker.java:93)
	at org.junit.jupiter.engine.execution.InvocationInterceptorChain$InterceptedInvocation.proceed(InvocationInterceptorChain.java:106)
	at org.junit.jupiter.engine.execution.InvocationInterceptorChain.proceed(InvocationInterceptorChain.java:64)
	at org.junit.jupiter.engine.execution.InvocationInterceptorChain.chainAndInvoke(InvocationInterceptorChain.java:45)
	at org.junit.jupiter.engine.execution.InvocationInterceptorChain.invoke(InvocationInterceptorChain.java:37)
	at org.junit.jupiter.engine.execution.InterceptingExecutableInvoker.invoke(InterceptingExecutableInvoker.java:92)
	at org.junit.jupiter.engine.execution.InterceptingExecutableInvoker.invoke(InterceptingExecutableInvoker.java:86)
	at org.junit.jupiter.engine.descriptor.TestMethodTestDescriptor.lambda$invokeTestMethod$7(TestMethodTestDescriptor.java:217)
	at org.junit.platform.engine.support.hierarchical.ThrowableCollector.execute(ThrowableCollector.java:73)
	at org.junit.jupiter.engine.descriptor.TestMethodTestDescriptor.invokeTestMethod(TestMethodTestDescriptor.java:213)
	at org.junit.jupiter.engine.descriptor.TestMethodTestDescriptor.execute(TestMethodTestDescriptor.java:138)
	at org.junit.jupiter.engine.descriptor.TestMethodTestDescriptor.execute(TestMethodTestDescriptor.java:68)
	at org.junit.platform.engine.support.hierarchical.NodeTestTask.lambda$executeRecursively$6(NodeTestTask.java:151)
	at org.junit.platform.engine.support.hierarchical.ThrowableCollector.execute(ThrowableCollector.java:73)
	at org.junit.platform.engine.support.hierarchical.NodeTestTask.lambda$executeRecursively$8(NodeTestTask.java:141)
	at org.junit.platform.engine.support.hierarchical.Node.around(Node.java:137)
	at org.junit.platform.engine.support.hierarchical.NodeTestTask.lambda$executeRecursively$9(NodeTestTask.java:139)
	at org.junit.platform.engine.support.hierarchical.ThrowableCollector.execute(ThrowableCollector.java:73)
	at org.junit.platform.engine.support.hierarchical.NodeTestTask.executeRecursively(NodeTestTask.java:138)
	at org.junit.platform.engine.support.hierarchical.NodeTestTask.execute(NodeTestTask.java:95)
	at java.base/java.util.ArrayList.forEach(ArrayList.java:1511)
	at org.junit.platform.engine.support.hierarchical.SameThreadHierarchicalTestExecutorService.invokeAll(SameThreadHierarchicalTestExecutorService.java:41)
	at org.junit.platform.engine.support.hierarchical.NodeTestTask.lambda$executeRecursively$6(NodeTestTask.java:155)
	at org.junit.platform.engine.support.hierarchical.ThrowableCollector.execute(ThrowableCollector.java:73)
	at org.junit.platform.engine.support.hierarchical.NodeTestTask.lambda$executeRecursively$8(NodeTestTask.java:141)
	at org.junit.platform.engine.support.hierarchical.Node.around(Node.java:137)
	at org.junit.platform.engine.support.hierarchical.NodeTestTask.lambda$executeRecursively$9(NodeTestTask.java:139)
	at org.junit.platform.engine.support.hierarchical.ThrowableCollector.execute(ThrowableCollector.java:73)
	at org.junit.platform.engine.support.hierarchical.NodeTestTask.executeRecursively(NodeTestTask.java:138)
	at org.junit.platform.engine.support.hierarchical.NodeTestTask.execute(NodeTestTask.java:95)
	at java.base/java.util.ArrayList.forEach(ArrayList.java:1511)
	at org.junit.platform.engine.support.hierarchical.SameThreadHierarchicalTestExecutorService.invokeAll(SameThreadHierarchicalTestExecutorService.java:41)
	at org.junit.platform.engine.support.hierarchical.NodeTestTask.lambda$executeRecursively$6(NodeTestTask.java:155)
	at org.junit.platform.engine.support.hierarchical.ThrowableCollector.execute(ThrowableCollector.java:73)
	at org.junit.platform.engine.support.hierarchical.NodeTestTask.lambda$executeRecursively$8(NodeTestTask.java:141)
	at org.junit.platform.engine.support.hierarchical.Node.around(Node.java:137)
	at org.junit.platform.engine.support.hierarchical.NodeTestTask.lambda$executeRecursively$9(NodeTestTask.java:139)
	at org.junit.platform.engine.support.hierarchical.ThrowableCollector.execute(ThrowableCollector.java:73)
	at org.junit.platform.engine.support.hierarchical.NodeTestTask.executeRecursively(NodeTestTask.java:138)
	at org.junit.platform.engine.support.hierarchical.NodeTestTask.execute(NodeTestTask.java:95)
	at org.junit.platform.engine.support.hierarchical.SameThreadHierarchicalTestExecutorService.submit(SameThreadHierarchicalTestExecutorService.java:35)
	at org.junit.platform.engine.support.hierarchical.HierarchicalTestExecutor.execute(HierarchicalTestExecutor.java:57)
	at org.junit.platform.engine.support.hierarchical.HierarchicalTestEngine.execute(HierarchicalTestEngine.java:54)
	at org.junit.platform.launcher.core.EngineExecutionOrchestrator.execute(EngineExecutionOrchestrator.java:147)
	at org.junit.platform.launcher.core.EngineExecutionOrchestrator.execute(EngineExecutionOrchestrator.java:127)
	at org.junit.platform.launcher.core.EngineExecutionOrchestrator.execute(EngineExecutionOrchestrator.java:90)
	at org.junit.platform.launcher.core.EngineExecutionOrchestrator.lambda$execute$0(EngineExecutionOrchestrator.java:55)
	at org.junit.platform.launcher.core.EngineExecutionOrchestrator.withInterceptedStreams(EngineExecutionOrchestrator.java:102)
	at org.junit.platform.launcher.core.EngineExecutionOrchestrator.execute(EngineExecutionOrchestrator.java:54)
	at org.junit.platform.launcher.core.DefaultLauncher.execute(DefaultLauncher.java:114)
	at org.junit.platform.launcher.core.DefaultLauncher.execute(DefaultLauncher.java:95)
	at org.junit.platform.launcher.core.DefaultLauncherSession$DelegatingLauncher.execute(DefaultLauncherSession.java:91)
	at org.junit.platform.launcher.core.SessionPerRequestLauncher.execute(SessionPerRequestLauncher.java:60)
	at org.eclipse.jdt.internal.junit5.runner.JUnit5TestReference.run(JUnit5TestReference.java:100)
	at org.eclipse.jdt.internal.junit.runner.TestExecution.run(TestExecution.java:40)
	at org.eclipse.jdt.internal.junit.runner.RemoteTestRunner.runTests(RemoteTestRunner.java:529)
	at org.eclipse.jdt.internal.junit.runner.RemoteTestRunner.runTests(RemoteTestRunner.java:757)
	at org.eclipse.jdt.internal.junit.runner.RemoteTestRunner.run(RemoteTestRunner.java:452)
	at org.eclipse.jdt.internal.junit.runner.RemoteTestRunner.main(RemoteTestRunner.java:210)
</div>   

  

</div>
</div>
        </div>
        <div class="scenario">
          <div class="scenario-heading" id="[3:41]">
            <div class="heading-container">
              <div class="scenario-tags">
                
              </div>
              <div class="scenario-keyword">
                Scenario: <span>[3:41]</span>
                <span class="scenario-name">Edit Advertiser</span>
                <span></span>
              </div>
            </div>
            <div class="scenario-time failed">
              <span>ms:</span>&nbsp;<span>376</span>
            </div>
          </div>
          <div class="step-row">
            <div class="step-container" id="[3:41]bg">
              <div class="step-ref bg-step">&gt;&gt;</div>
              <div class="step-cell passed">Background:</div>
            </div>
            <div class="time-cell passed"></div>
          </div>
          <div data-parent="[3:41]bg"><div>
  

  

  <div class="step-row">
    <div class="step-container" id="0.14">
      <div class="step-ref bg-step">14</div>
      
      <div class="step-cell passed">
        <span>*</span>&nbsp;<span>url &#39;http://122.165.121.195:8080&#39;</span>
      </div>
    </div>
    <div class="time-cell passed">0</div>
  </div>

   
  
  

  

     

  

</div>
</div>
          <div><div>
  

  

  <div class="step-row">
    <div class="step-container" id="0.43">
      <div class="step-ref passed">43</div>
      
      <div class="step-cell passed">
        <span>*</span>&nbsp;<span>def jsonFromCsv =</span>
      </div>
    </div>
    <div class="time-cell passed">0</div>
  </div>

   
  
  <div class="preformatted" data-parent="0.43">{
  &quot;name&quot;: &quot;sdfsdupdate&quot;,
  &quot;phoneNumber&quot;: &quot;3242343242&quot;,
  &quot;email&quot;: &quot;test@gmail.com&quot;,
  &quot;description&quot;: &quot;&quot;
}</div>

  

     

  

</div>
</div>
          <div><div>
  

  

  <div class="step-row">
    <div class="step-container" id="0.52">
      <div class="step-ref passed">52</div>
      
      <div class="step-cell passed">
        <span>Given</span>&nbsp;<span>path &#39;/api/v1/advertiser/90&#39;</span>
      </div>
    </div>
    <div class="time-cell passed">1</div>
  </div>

   
  
  

  

     

  

</div>
</div>
          <div><div>
  

  

  <div class="step-row">
    <div class="step-container" id="0.53">
      <div class="step-ref passed">53</div>
      
      <div class="step-cell passed">
        <span>And</span>&nbsp;<span>request jsonFromCsv</span>
      </div>
    </div>
    <div class="time-cell passed">0</div>
  </div>

   
  
  

  

     

  

</div>
</div>
          <div><div>
  

  

  <div class="step-row">
    <div class="step-container" id="0.54">
      <div class="step-ref failed">54</div>
      
      <div class="step-cell failed">
        <span>When</span>&nbsp;<span>method PUT</span>
      </div>
    </div>
    <div class="time-cell failed">374</div>
  </div>

   
  
  

  

  <div class="preformatted" data-parent="0.54">12:11:22.740 request:
1 &gt; PUT http://122.165.121.195:8080/api/v1/advertiser/90
1 &gt; Content-Type: application/json; charset=UTF-8
1 &gt; Content-Length: 91
1 &gt; Host: 122.165.121.195:8080
1 &gt; Connection: Keep-Alive
1 &gt; User-Agent: Apache-HttpClient/4.5.13 (Java/17.0.8.1)
1 &gt; Accept-Encoding: gzip,deflate
{&quot;name&quot;:&quot;sdfsdupdate&quot;,&quot;phoneNumber&quot;:&quot;3242343242&quot;,&quot;email&quot;:&quot;test@gmail.com&quot;,&quot;description&quot;:&quot;&quot;}

12:11:23.112 response time in milliseconds: 372
1 &lt; 202
1 &lt; Access-Control-Allow-Methods: POST, GET, OPTIONS, DELETE, PATCH, PUT
1 &lt; Access-Control-Max-Age: 3600
1 &lt; Access-Control-Allow-Headers: _token, Authorization, x-requested-with, content-type
1 &lt; Vary: Origin
1 &lt; Vary: Access-Control-Request-Method
1 &lt; Vary: Access-Control-Request-Headers
1 &lt; X-Content-Type-Options: nosniff
1 &lt; X-XSS-Protection: 1; mode=block
1 &lt; Cache-Control: no-cache, no-store, max-age=0, must-revalidate
1 &lt; Pragma: no-cache
1 &lt; Expires: 0
1 &lt; X-Frame-Options: DENY
1 &lt; Content-Type: application/json
1 &lt; Transfer-Encoding: chunked
1 &lt; Date: Sun, 18 Aug 2024 06:41:23 GMT
1 &lt; Keep-Alive: timeout=60
1 &lt; Connection: keep-alive
{&quot;id&quot;:90,&quot;name&quot;:&quot;sdfsdupdate&quot;,&quot;email&quot;:&quot;test@gmail.com&quot;,&quot;phoneNumber&quot;:&quot;3242343242&quot;,&quot;active&quot;:false}

12:11:23.113 classpath:apifeatures/advertiser.feature:54
When method PUT
Cannot invoke &quot;com.aventstack.extentreports.ExtentTest.info(String)&quot; because &quot;apifeatures.ReportHook.test&quot; is null
classpath:apifeatures/advertiser.feature:54
</div>   

  

</div>
</div>
          <div><div>
  

  

  <div class="step-row">
    <div class="step-container" id="0.55">
      <div class="step-ref skipped">55</div>
      
      <div class="step-cell skipped">
        <span>Then</span>&nbsp;<span>status 202</span>
      </div>
    </div>
    <div class="time-cell skipped">0</div>
  </div>

   
  
  

  

     

  

</div>
</div>
          <div><div>
  

  

  <div class="step-row">
    <div class="step-container" id="0.41">
      <div class="step-ref failed">41</div>
      
      <div class="step-cell failed">
        <span>*</span>&nbsp;<span>scenario [cleanup] failed</span>
      </div>
    </div>
    <div class="time-cell failed">0</div>
  </div>

   
  
  

  

  <div class="preformatted" data-parent="0.41">Cannot invoke &quot;com.aventstack.extentreports.ExtentTest.info(String)&quot; because &quot;apifeatures.ReportHook.test&quot; is null
java.lang.NullPointerException: Cannot invoke &quot;com.aventstack.extentreports.ExtentTest.info(String)&quot; because &quot;apifeatures.ReportHook.test&quot; is null
	at apifeatures.ReportHook.afterScenario(ReportHook.java:51)
	at com.intuit.karate.core.ScenarioRuntime.lambda$afterRun$8(ScenarioRuntime.java:559)
	at java.base/java.util.ArrayList.forEach(ArrayList.java:1511)
	at com.intuit.karate.core.ScenarioRuntime.afterRun(ScenarioRuntime.java:559)
	at com.intuit.karate.core.ScenarioRuntime.run(ScenarioRuntime.java:464)
	at com.intuit.karate.core.FeatureRuntime.processScenario(FeatureRuntime.java:182)
	at java.base/java.util.stream.ReferencePipeline$2$1.accept(ReferencePipeline.java:179)
	at com.intuit.karate.core.ScenarioIterator.tryAdvance(ScenarioIterator.java:157)
	at com.intuit.karate.core.ScenarioIterator.tryAdvance(ScenarioIterator.java:88)
	at java.base/java.util.Spliterator.forEachRemaining(Spliterator.java:332)
	at java.base/java.util.stream.AbstractPipeline.copyInto(AbstractPipeline.java:509)
	at java.base/java.util.stream.AbstractPipeline.wrapAndCopyInto(AbstractPipeline.java:499)
	at java.base/java.util.stream.StreamSpliterators$WrappingSpliterator.forEachRemaining(StreamSpliterators.java:310)
	at java.base/java.util.Spliterators$1Adapter.forEachRemaining(Spliterators.java:706)
	at com.intuit.karate.core.FeatureRuntime.run(FeatureRuntime.java:165)
	at java.base/java.util.concurrent.Executors$RunnableAdapter.call(Executors.java:539)
	at java.base/java.util.concurrent.FutureTask.run(FutureTask.java:264)
	at com.intuit.karate.core.SyncExecutorService.execute(SyncExecutorService.java:70)
	at java.base/java.util.concurrent.AbstractExecutorService.submit(AbstractExecutorService.java:123)
	at com.intuit.karate.Suite.run(Suite.java:235)
	at com.intuit.karate.Runner$Builder.parallel(Runner.java:575)
	at ScenarioRunner.testParallel(ScenarioRunner.java:19)
	at java.base/jdk.internal.reflect.NativeMethodAccessorImpl.invoke0(Native Method)
	at java.base/jdk.internal.reflect.NativeMethodAccessorImpl.invoke(NativeMethodAccessorImpl.java:77)
	at java.base/jdk.internal.reflect.DelegatingMethodAccessorImpl.invoke(DelegatingMethodAccessorImpl.java:43)
	at java.base/java.lang.reflect.Method.invoke(Method.java:568)
	at org.junit.platform.commons.util.ReflectionUtils.invokeMethod(ReflectionUtils.java:727)
	at org.junit.jupiter.engine.execution.MethodInvocation.proceed(MethodInvocation.java:60)
	at org.junit.jupiter.engine.execution.InvocationInterceptorChain$ValidatingInvocation.proceed(InvocationInterceptorChain.java:131)
	at org.junit.jupiter.engine.extension.TimeoutExtension.intercept(TimeoutExtension.java:156)
	at org.junit.jupiter.engine.extension.TimeoutExtension.interceptTestableMethod(TimeoutExtension.java:147)
	at org.junit.jupiter.engine.extension.TimeoutExtension.interceptTestMethod(TimeoutExtension.java:86)
	at org.junit.jupiter.engine.execution.InterceptingExecutableInvoker$ReflectiveInterceptorCall.lambda$ofVoidMethod$0(InterceptingExecutableInvoker.java:103)
	at org.junit.jupiter.engine.execution.InterceptingExecutableInvoker.lambda$invoke$0(InterceptingExecutableInvoker.java:93)
	at org.junit.jupiter.engine.execution.InvocationInterceptorChain$InterceptedInvocation.proceed(InvocationInterceptorChain.java:106)
	at org.junit.jupiter.engine.execution.InvocationInterceptorChain.proceed(InvocationInterceptorChain.java:64)
	at org.junit.jupiter.engine.execution.InvocationInterceptorChain.chainAndInvoke(InvocationInterceptorChain.java:45)
	at org.junit.jupiter.engine.execution.InvocationInterceptorChain.invoke(InvocationInterceptorChain.java:37)
	at org.junit.jupiter.engine.execution.InterceptingExecutableInvoker.invoke(InterceptingExecutableInvoker.java:92)
	at org.junit.jupiter.engine.execution.InterceptingExecutableInvoker.invoke(InterceptingExecutableInvoker.java:86)
	at org.junit.jupiter.engine.descriptor.TestMethodTestDescriptor.lambda$invokeTestMethod$7(TestMethodTestDescriptor.java:217)
	at org.junit.platform.engine.support.hierarchical.ThrowableCollector.execute(ThrowableCollector.java:73)
	at org.junit.jupiter.engine.descriptor.TestMethodTestDescriptor.invokeTestMethod(TestMethodTestDescriptor.java:213)
	at org.junit.jupiter.engine.descriptor.TestMethodTestDescriptor.execute(TestMethodTestDescriptor.java:138)
	at org.junit.jupiter.engine.descriptor.TestMethodTestDescriptor.execute(TestMethodTestDescriptor.java:68)
	at org.junit.platform.engine.support.hierarchical.NodeTestTask.lambda$executeRecursively$6(NodeTestTask.java:151)
	at org.junit.platform.engine.support.hierarchical.ThrowableCollector.execute(ThrowableCollector.java:73)
	at org.junit.platform.engine.support.hierarchical.NodeTestTask.lambda$executeRecursively$8(NodeTestTask.java:141)
	at org.junit.platform.engine.support.hierarchical.Node.around(Node.java:137)
	at org.junit.platform.engine.support.hierarchical.NodeTestTask.lambda$executeRecursively$9(NodeTestTask.java:139)
	at org.junit.platform.engine.support.hierarchical.ThrowableCollector.execute(ThrowableCollector.java:73)
	at org.junit.platform.engine.support.hierarchical.NodeTestTask.executeRecursively(NodeTestTask.java:138)
	at org.junit.platform.engine.support.hierarchical.NodeTestTask.execute(NodeTestTask.java:95)
	at java.base/java.util.ArrayList.forEach(ArrayList.java:1511)
	at org.junit.platform.engine.support.hierarchical.SameThreadHierarchicalTestExecutorService.invokeAll(SameThreadHierarchicalTestExecutorService.java:41)
	at org.junit.platform.engine.support.hierarchical.NodeTestTask.lambda$executeRecursively$6(NodeTestTask.java:155)
	at org.junit.platform.engine.support.hierarchical.ThrowableCollector.execute(ThrowableCollector.java:73)
	at org.junit.platform.engine.support.hierarchical.NodeTestTask.lambda$executeRecursively$8(NodeTestTask.java:141)
	at org.junit.platform.engine.support.hierarchical.Node.around(Node.java:137)
	at org.junit.platform.engine.support.hierarchical.NodeTestTask.lambda$executeRecursively$9(NodeTestTask.java:139)
	at org.junit.platform.engine.support.hierarchical.ThrowableCollector.execute(ThrowableCollector.java:73)
	at org.junit.platform.engine.support.hierarchical.NodeTestTask.executeRecursively(NodeTestTask.java:138)
	at org.junit.platform.engine.support.hierarchical.NodeTestTask.execute(NodeTestTask.java:95)
	at java.base/java.util.ArrayList.forEach(ArrayList.java:1511)
	at org.junit.platform.engine.support.hierarchical.SameThreadHierarchicalTestExecutorService.invokeAll(SameThreadHierarchicalTestExecutorService.java:41)
	at org.junit.platform.engine.support.hierarchical.NodeTestTask.lambda$executeRecursively$6(NodeTestTask.java:155)
	at org.junit.platform.engine.support.hierarchical.ThrowableCollector.execute(ThrowableCollector.java:73)
	at org.junit.platform.engine.support.hierarchical.NodeTestTask.lambda$executeRecursively$8(NodeTestTask.java:141)
	at org.junit.platform.engine.support.hierarchical.Node.around(Node.java:137)
	at org.junit.platform.engine.support.hierarchical.NodeTestTask.lambda$executeRecursively$9(NodeTestTask.java:139)
	at org.junit.platform.engine.support.hierarchical.ThrowableCollector.execute(ThrowableCollector.java:73)
	at org.junit.platform.engine.support.hierarchical.NodeTestTask.executeRecursively(NodeTestTask.java:138)
	at org.junit.platform.engine.support.hierarchical.NodeTestTask.execute(NodeTestTask.java:95)
	at org.junit.platform.engine.support.hierarchical.SameThreadHierarchicalTestExecutorService.submit(SameThreadHierarchicalTestExecutorService.java:35)
	at org.junit.platform.engine.support.hierarchical.HierarchicalTestExecutor.execute(HierarchicalTestExecutor.java:57)
	at org.junit.platform.engine.support.hierarchical.HierarchicalTestEngine.execute(HierarchicalTestEngine.java:54)
	at org.junit.platform.launcher.core.EngineExecutionOrchestrator.execute(EngineExecutionOrchestrator.java:147)
	at org.junit.platform.launcher.core.EngineExecutionOrchestrator.execute(EngineExecutionOrchestrator.java:127)
	at org.junit.platform.launcher.core.EngineExecutionOrchestrator.execute(EngineExecutionOrchestrator.java:90)
	at org.junit.platform.launcher.core.EngineExecutionOrchestrator.lambda$execute$0(EngineExecutionOrchestrator.java:55)
	at org.junit.platform.launcher.core.EngineExecutionOrchestrator.withInterceptedStreams(EngineExecutionOrchestrator.java:102)
	at org.junit.platform.launcher.core.EngineExecutionOrchestrator.execute(EngineExecutionOrchestrator.java:54)
	at org.junit.platform.launcher.core.DefaultLauncher.execute(DefaultLauncher.java:114)
	at org.junit.platform.launcher.core.DefaultLauncher.execute(DefaultLauncher.java:95)
	at org.junit.platform.launcher.core.DefaultLauncherSession$DelegatingLauncher.execute(DefaultLauncherSession.java:91)
	at org.junit.platform.launcher.core.SessionPerRequestLauncher.execute(SessionPerRequestLauncher.java:60)
	at org.eclipse.jdt.internal.junit5.runner.JUnit5TestReference.run(JUnit5TestReference.java:100)
	at org.eclipse.jdt.internal.junit.runner.TestExecution.run(TestExecution.java:40)
	at org.eclipse.jdt.internal.junit.runner.RemoteTestRunner.runTests(RemoteTestRunner.java:529)
	at org.eclipse.jdt.internal.junit.runner.RemoteTestRunner.runTests(RemoteTestRunner.java:757)
	at org.eclipse.jdt.internal.junit.runner.RemoteTestRunner.run(RemoteTestRunner.java:452)
	at org.eclipse.jdt.internal.junit.runner.RemoteTestRunner.main(RemoteTestRunner.java:210)
</div>   

  

</div>
</div>
        </div>
      </div>
    </div>
  </body>
</html>

