{"failedCount":1,"prefixedPath":"classpath:apifeatures\/CreateAirline.feature","packageQualifiedName":"apifeatures.CreateAirline","loopIndex":-1,"relativePath":"apifeatures\/CreateAirline.feature","scenarioResults":[{"sectionIndex":0,"stepResults":[{"result":{"nanos":84419900,"millis":84.4199,"status":"passed"},"step":{"line":4,"prefix":"Given","index":0,"text":"url 'https:\/\/api.instantwebtools.net\/v1\/airlines'"}},{"result":{"nanos":46210200,"millis":46.2102,"status":"passed"},"step":{"line":5,"prefix":"And","index":1,"text":"request {\"id\":432432,\"name\":\"Sri Lankan Airways\",\"country\":\"Sri Lanka\",\"logo\":\"https:\\\/\\\/upload.wikimedia.org\\\/wikipedia\\\/en\\\/thumb\\\/9\\\/9b\\\/Qatar_Airways_Logo.svg\\\/sri_lanka.png\",\"slogan\":\"From Sri Lanka\",\"head_quaters\":\"Katunayake, Sri Lanka\",\"website\":\"www.srilankaairways.com\",\"established\":\"1990\"}"}},{"result":{"nanos":21763901700,"errorMessage":"http call failed after 21717 milliseconds for url: https:\/\/api.instantwebtools.net\/v1\/airlines\nclasspath:apifeatures\/CreateAirline.feature:6","millis":21763.9017,"status":"failed"},"step":{"line":6,"prefix":"When","index":2,"text":"method post"},"stepLog":"15:40:43.500 request:\n1 > POST https:\/\/api.instantwebtools.net\/v1\/airlines\n1 > Content-Type: application\/json; charset=UTF-8\n1 > Content-Length: 293\n1 > Host: api.instantwebtools.net\n1 > Connection: Keep-Alive\n1 > User-Agent: Apache-HttpClient\/4.5.13 (Java\/17.0.8.1)\n1 > Accept-Encoding: gzip,deflate\n{\"id\":432432,\"name\":\"Sri Lankan Airways\",\"country\":\"Sri Lanka\",\"logo\":\"https:\\\/\\\/upload.wikimedia.org\\\/wikipedia\\\/en\\\/thumb\\\/9\\\/9b\\\/Qatar_Airways_Logo.svg\\\/sri_lanka.png\",\"slogan\":\"From Sri Lanka\",\"head_quaters\":\"Katunayake, Sri Lanka\",\"website\":\"www.srilankaairways.com\",\"established\":\"1990\"}\n\n15:41:04.945 org.apache.http.conn.HttpHostConnectException: Connect to api.instantwebtools.net:443 [api.instantwebtools.net\/199.59.243.226] failed: Connection timed out: no further information, http call failed after 21717 milliseconds for url: https:\/\/api.instantwebtools.net\/v1\/airlines\n15:41:04.947 classpath:apifeatures\/CreateAirline.feature:6\nWhen method post\nhttp call failed after 21717 milliseconds for url: https:\/\/api.instantwebtools.net\/v1\/airlines\nclasspath:apifeatures\/CreateAirline.feature:6\n"},{"result":{"nanos":0,"millis":0.0,"status":"skipped"},"step":{"line":7,"prefix":"Then","index":3,"text":"status 200"}},{"result":{"nanos":0,"errorMessage":"Cannot invoke \"com.aventstack.extentreports.ExtentTest.info(String)\" because \"apifeatures.ReportHook.test\" is null\nclasspath:apifeatures\/CreateAirline.feature:3","millis":0.0,"status":"failed"},"step":{"endLine":0,"line":3,"prefix":"*","index":-1,"text":"scenario [cleanup] failed"},"stepLog":"Cannot invoke \"com.aventstack.extentreports.ExtentTest.info(String)\" because \"apifeatures.ReportHook.test\" is null\njava.lang.NullPointerException: Cannot invoke \"com.aventstack.extentreports.ExtentTest.info(String)\" because \"apifeatures.ReportHook.test\" is null\r\n\tat apifeatures.ReportHook.afterScenario(ReportHook.java:48)\r\n\tat com.intuit.karate.core.ScenarioRuntime.lambda$afterRun$8(ScenarioRuntime.java:559)\r\n\tat java.base\/java.util.ArrayList.forEach(ArrayList.java:1511)\r\n\tat com.intuit.karate.core.ScenarioRuntime.afterRun(ScenarioRuntime.java:559)\r\n\tat com.intuit.karate.core.ScenarioRuntime.run(ScenarioRuntime.java:464)\r\n\tat com.intuit.karate.core.FeatureRuntime.processScenario(FeatureRuntime.java:182)\r\n\tat java.base\/java.util.stream.ReferencePipeline$2$1.accept(ReferencePipeline.java:179)\r\n\tat com.intuit.karate.core.ScenarioIterator.tryAdvance(ScenarioIterator.java:157)\r\n\tat java.base\/java.util.Spliterator.forEachRemaining(Spliterator.java:332)\r\n\tat java.base\/java.util.stream.AbstractPipeline.copyInto(AbstractPipeline.java:509)\r\n\tat java.base\/java.util.stream.AbstractPipeline.wrapAndCopyInto(AbstractPipeline.java:499)\r\n\tat java.base\/java.util.stream.StreamSpliterators$WrappingSpliterator.forEachRemaining(StreamSpliterators.java:310)\r\n\tat java.base\/java.util.Spliterators$1Adapter.forEachRemaining(Spliterators.java:706)\r\n\tat com.intuit.karate.core.FeatureRuntime.run(FeatureRuntime.java:165)\r\n\tat java.base\/java.util.concurrent.Executors$RunnableAdapter.call(Executors.java:539)\r\n\tat java.base\/java.util.concurrent.FutureTask.run(FutureTask.java:264)\r\n\tat com.intuit.karate.core.SyncExecutorService.execute(SyncExecutorService.java:70)\r\n\tat java.base\/java.util.concurrent.AbstractExecutorService.submit(AbstractExecutorService.java:123)\r\n\tat com.intuit.karate.Suite.run(Suite.java:235)\r\n\tat com.intuit.karate.Runner$Builder.parallel(Runner.java:575)\r\n\tat ScenarioRunner.testParallel(ScenarioRunner.java:19)\r\n\tat java.base\/jdk.internal.reflect.NativeMethodAccessorImpl.invoke0(Native Method)\r\n\tat java.base\/jdk.internal.reflect.NativeMethodAccessorImpl.invoke(NativeMethodAccessorImpl.java:77)\r\n\tat java.base\/jdk.internal.reflect.DelegatingMethodAccessorImpl.invoke(DelegatingMethodAccessorImpl.java:43)\r\n\tat java.base\/java.lang.reflect.Method.invoke(Method.java:568)\r\n\tat org.junit.platform.commons.util.ReflectionUtils.invokeMethod(ReflectionUtils.java:727)\r\n\tat org.junit.jupiter.engine.execution.MethodInvocation.proceed(MethodInvocation.java:60)\r\n\tat org.junit.jupiter.engine.execution.InvocationInterceptorChain$ValidatingInvocation.proceed(InvocationInterceptorChain.java:131)\r\n\tat org.junit.jupiter.engine.extension.TimeoutExtension.intercept(TimeoutExtension.java:156)\r\n\tat org.junit.jupiter.engine.extension.TimeoutExtension.interceptTestableMethod(TimeoutExtension.java:147)\r\n\tat org.junit.jupiter.engine.extension.TimeoutExtension.interceptTestMethod(TimeoutExtension.java:86)\r\n\tat org.junit.jupiter.engine.execution.InterceptingExecutableInvoker$ReflectiveInterceptorCall.lambda$ofVoidMethod$0(InterceptingExecutableInvoker.java:103)\r\n\tat org.junit.jupiter.engine.execution.InterceptingExecutableInvoker.lambda$invoke$0(InterceptingExecutableInvoker.java:93)\r\n\tat org.junit.jupiter.engine.execution.InvocationInterceptorChain$InterceptedInvocation.proceed(InvocationInterceptorChain.java:106)\r\n\tat org.junit.jupiter.engine.execution.InvocationInterceptorChain.proceed(InvocationInterceptorChain.java:64)\r\n\tat org.junit.jupiter.engine.execution.InvocationInterceptorChain.chainAndInvoke(InvocationInterceptorChain.java:45)\r\n\tat org.junit.jupiter.engine.execution.InvocationInterceptorChain.invoke(InvocationInterceptorChain.java:37)\r\n\tat org.junit.jupiter.engine.execution.InterceptingExecutableInvoker.invoke(InterceptingExecutableInvoker.java:92)\r\n\tat org.junit.jupiter.engine.execution.InterceptingExecutableInvoker.invoke(InterceptingExecutableInvoker.java:86)\r\n\tat org.junit.jupiter.engine.descriptor.TestMethodTestDescriptor.lambda$invokeTestMethod$7(TestMethodTestDescriptor.java:217)\r\n\tat org.junit.platform.engine.support.hierarchical.ThrowableCollector.execute(ThrowableCollector.java:73)\r\n\tat org.junit.jupiter.engine.descriptor.TestMethodTestDescriptor.invokeTestMethod(TestMethodTestDescriptor.java:213)\r\n\tat org.junit.jupiter.engine.descriptor.TestMethodTestDescriptor.execute(TestMethodTestDescriptor.java:138)\r\n\tat org.junit.jupiter.engine.descriptor.TestMethodTestDescriptor.execute(TestMethodTestDescriptor.java:68)\r\n\tat org.junit.platform.engine.support.hierarchical.NodeTestTask.lambda$executeRecursively$6(NodeTestTask.java:151)\r\n\tat org.junit.platform.engine.support.hierarchical.ThrowableCollector.execute(ThrowableCollector.java:73)\r\n\tat org.junit.platform.engine.support.hierarchical.NodeTestTask.lambda$executeRecursively$8(NodeTestTask.java:141)\r\n\tat org.junit.platform.engine.support.hierarchical.Node.around(Node.java:137)\r\n\tat org.junit.platform.engine.support.hierarchical.NodeTestTask.lambda$executeRecursively$9(NodeTestTask.java:139)\r\n\tat org.junit.platform.engine.support.hierarchical.ThrowableCollector.execute(ThrowableCollector.java:73)\r\n\tat org.junit.platform.engine.support.hierarchical.NodeTestTask.executeRecursively(NodeTestTask.java:138)\r\n\tat org.junit.platform.engine.support.hierarchical.NodeTestTask.execute(NodeTestTask.java:95)\r\n\tat java.base\/java.util.ArrayList.forEach(ArrayList.java:1511)\r\n\tat org.junit.platform.engine.support.hierarchical.SameThreadHierarchicalTestExecutorService.invokeAll(SameThreadHierarchicalTestExecutorService.java:41)\r\n\tat org.junit.platform.engine.support.hierarchical.NodeTestTask.lambda$executeRecursively$6(NodeTestTask.java:155)\r\n\tat org.junit.platform.engine.support.hierarchical.ThrowableCollector.execute(ThrowableCollector.java:73)\r\n\tat org.junit.platform.engine.support.hierarchical.NodeTestTask.lambda$executeRecursively$8(NodeTestTask.java:141)\r\n\tat org.junit.platform.engine.support.hierarchical.Node.around(Node.java:137)\r\n\tat org.junit.platform.engine.support.hierarchical.NodeTestTask.lambda$executeRecursively$9(NodeTestTask.java:139)\r\n\tat org.junit.platform.engine.support.hierarchical.ThrowableCollector.execute(ThrowableCollector.java:73)\r\n\tat org.junit.platform.engine.support.hierarchical.NodeTestTask.executeRecursively(NodeTestTask.java:138)\r\n\tat org.junit.platform.engine.support.hierarchical.NodeTestTask.execute(NodeTestTask.java:95)\r\n\tat java.base\/java.util.ArrayList.forEach(ArrayList.java:1511)\r\n\tat org.junit.platform.engine.support.hierarchical.SameThreadHierarchicalTestExecutorService.invokeAll(SameThreadHierarchicalTestExecutorService.java:41)\r\n\tat org.junit.platform.engine.support.hierarchical.NodeTestTask.lambda$executeRecursively$6(NodeTestTask.java:155)\r\n\tat org.junit.platform.engine.support.hierarchical.ThrowableCollector.execute(ThrowableCollector.java:73)\r\n\tat org.junit.platform.engine.support.hierarchical.NodeTestTask.lambda$executeRecursively$8(NodeTestTask.java:141)\r\n\tat org.junit.platform.engine.support.hierarchical.Node.around(Node.java:137)\r\n\tat org.junit.platform.engine.support.hierarchical.NodeTestTask.lambda$executeRecursively$9(NodeTestTask.java:139)\r\n\tat org.junit.platform.engine.support.hierarchical.ThrowableCollector.execute(ThrowableCollector.java:73)\r\n\tat org.junit.platform.engine.support.hierarchical.NodeTestTask.executeRecursively(NodeTestTask.java:138)\r\n\tat org.junit.platform.engine.support.hierarchical.NodeTestTask.execute(NodeTestTask.java:95)\r\n\tat org.junit.platform.engine.support.hierarchical.SameThreadHierarchicalTestExecutorService.submit(SameThreadHierarchicalTestExecutorService.java:35)\r\n\tat org.junit.platform.engine.support.hierarchical.HierarchicalTestExecutor.execute(HierarchicalTestExecutor.java:57)\r\n\tat org.junit.platform.engine.support.hierarchical.HierarchicalTestEngine.execute(HierarchicalTestEngine.java:54)\r\n\tat org.junit.platform.launcher.core.EngineExecutionOrchestrator.execute(EngineExecutionOrchestrator.java:147)\r\n\tat org.junit.platform.launcher.core.EngineExecutionOrchestrator.execute(EngineExecutionOrchestrator.java:127)\r\n\tat org.junit.platform.launcher.core.EngineExecutionOrchestrator.execute(EngineExecutionOrchestrator.java:90)\r\n\tat org.junit.platform.launcher.core.EngineExecutionOrchestrator.lambda$execute$0(EngineExecutionOrchestrator.java:55)\r\n\tat org.junit.platform.launcher.core.EngineExecutionOrchestrator.withInterceptedStreams(EngineExecutionOrchestrator.java:102)\r\n\tat org.junit.platform.launcher.core.EngineExecutionOrchestrator.execute(EngineExecutionOrchestrator.java:54)\r\n\tat org.junit.platform.launcher.core.DefaultLauncher.execute(DefaultLauncher.java:114)\r\n\tat org.junit.platform.launcher.core.DefaultLauncher.execute(DefaultLauncher.java:95)\r\n\tat org.junit.platform.launcher.core.DefaultLauncherSession$DelegatingLauncher.execute(DefaultLauncherSession.java:91)\r\n\tat org.junit.platform.launcher.core.SessionPerRequestLauncher.execute(SessionPerRequestLauncher.java:60)\r\n\tat org.eclipse.jdt.internal.junit5.runner.JUnit5TestReference.run(JUnit5TestReference.java:100)\r\n\tat org.eclipse.jdt.internal.junit.runner.TestExecution.run(TestExecution.java:40)\r\n\tat org.eclipse.jdt.internal.junit.runner.RemoteTestRunner.runTests(RemoteTestRunner.java:529)\r\n\tat org.eclipse.jdt.internal.junit.runner.RemoteTestRunner.runTests(RemoteTestRunner.java:757)\r\n\tat org.eclipse.jdt.internal.junit.runner.RemoteTestRunner.run(RemoteTestRunner.java:452)\r\n\tat org.eclipse.jdt.internal.junit.runner.RemoteTestRunner.main(RemoteTestRunner.java:210)\r\n"}],"line":3,"description":"","durationMillis":21894.5318,"failed":true,"error":"Cannot invoke \"com.aventstack.extentreports.ExtentTest.info(String)\" because \"apifeatures.ReportHook.test\" is null\nclasspath:apifeatures\/CreateAirline.feature:3","executorName":"main","name":"Create an airline with valid data","startTime":1723630243040,"refId":"[1:3]","endTime":1723630264947,"exampleIndex":-1}],"callDepth":0,"name":"Create an airline","description":"","resultDate":"2024-08-14 03:41:04 pm","durationMillis":21894.5318,"passedCount":0}