{"failedCount":1,"prefixedPath":"classpath:apifeatures\/base.feature","packageQualifiedName":"apifeatures.base","loopIndex":-1,"relativePath":"apifeatures\/base.feature","scenarioResults":[{"sectionIndex":0,"stepResults":[{"result":{"nanos":346600,"millis":0.3466,"status":"passed"},"step":{"background":true,"line":6,"prefix":"*","index":0,"text":"url 'http:\/\/122.165.121.195:8080'"}},{"result":{"nanos":0,"errorMessage":"js failed:\n>>>>\n01: read('\/test\/java\/data\/testdata_Common.csv')\n<<<<\norg.graalvm.polyglot.PolyglotException: java.io.FileNotFoundException: C:\\Users\\Admin\\Downloads\\KarateJunit5\\KarateJunit5_API_AERQ\\target\\test-classes\\apifeatures\\test\\java\\data\\testdata_Common.csv (The system cannot find the path specified)\n- com.intuit.karate.resource.FileResource.getStream(FileResource.java:98)\n- com.intuit.karate.core.ScenarioFileReader.readFileAsStream(ScenarioFileReader.java:102)\n- com.intuit.karate.core.ScenarioFileReader.readFileAsString(ScenarioFileReader.java:98)\n- com.intuit.karate.core.ScenarioFileReader.readFile(ScenarioFileReader.java:71)\n- com.intuit.karate.core.ScenarioEngine.lambda$new$0(ScenarioEngine.java:129)\n- <js>.:program(Unnamed:1)\n\nclasspath:apifeatures\/base.feature:14","millis":0.0,"status":"failed"},"step":{"endLine":0,"line":14,"prefix":"*","index":-1,"text":"dynamic expression evaluation failed: read('\/test\/java\/data\/testdata_Common.csv')"},"stepLog":"js failed:\n>>>>\n01: read('\/test\/java\/data\/testdata_Common.csv')\n<<<<\norg.graalvm.polyglot.PolyglotException: java.io.FileNotFoundException: C:\\Users\\Admin\\Downloads\\KarateJunit5\\KarateJunit5_API_AERQ\\target\\test-classes\\apifeatures\\test\\java\\data\\testdata_Common.csv (The system cannot find the path specified)\n- com.intuit.karate.resource.FileResource.getStream(FileResource.java:98)\n- com.intuit.karate.core.ScenarioFileReader.readFileAsStream(ScenarioFileReader.java:102)\n- com.intuit.karate.core.ScenarioFileReader.readFileAsString(ScenarioFileReader.java:98)\n- com.intuit.karate.core.ScenarioFileReader.readFile(ScenarioFileReader.java:71)\n- com.intuit.karate.core.ScenarioEngine.lambda$new$0(ScenarioEngine.java:129)\n- <js>.:program(Unnamed:1)\n\ncom.intuit.karate.KarateException: js failed:\n>>>>\n01: read('\/test\/java\/data\/testdata_Common.csv')\n<<<<\norg.graalvm.polyglot.PolyglotException: java.io.FileNotFoundException: C:\\Users\\Admin\\Downloads\\KarateJunit5\\KarateJunit5_API_AERQ\\target\\test-classes\\apifeatures\\test\\java\\data\\testdata_Common.csv (The system cannot find the path specified)\n- com.intuit.karate.resource.FileResource.getStream(FileResource.java:98)\n- com.intuit.karate.core.ScenarioFileReader.readFileAsStream(ScenarioFileReader.java:102)\n- com.intuit.karate.core.ScenarioFileReader.readFileAsString(ScenarioFileReader.java:98)\n- com.intuit.karate.core.ScenarioFileReader.readFile(ScenarioFileReader.java:71)\n- com.intuit.karate.core.ScenarioEngine.lambda$new$0(ScenarioEngine.java:129)\n- <js>.:program(Unnamed:1)\n\r\n\tat com.intuit.karate.graal.JsEngine.fromJsEvalException(JsEngine.java:233)\r\n\tat com.intuit.karate.core.ScenarioEngine.evalJs(ScenarioEngine.java:1346)\r\n\tat com.intuit.karate.core.ScenarioEngine.evalKarateExpression(ScenarioEngine.java:2373)\r\n\tat com.intuit.karate.core.ScenarioEngine.evalKarateExpression(ScenarioEngine.java:2292)\r\n\tat com.intuit.karate.core.ScenarioIterator.tryAdvance(ScenarioIterator.java:107)\r\n\tat java.base\/java.util.stream.StreamSpliterators$WrappingSpliterator.lambda$initPartialTraversalState$0(StreamSpliterators.java:292)\r\n\tat java.base\/java.util.stream.StreamSpliterators$AbstractWrappingSpliterator.fillBuffer(StreamSpliterators.java:206)\r\n\tat java.base\/java.util.stream.StreamSpliterators$AbstractWrappingSpliterator.doAdvance(StreamSpliterators.java:161)\r\n\tat java.base\/java.util.stream.StreamSpliterators$WrappingSpliterator.tryAdvance(StreamSpliterators.java:298)\r\n\tat java.base\/java.util.Spliterators$1Adapter.hasNext(Spliterators.java:681)\r\n\tat com.intuit.karate.junit5.FeatureNode.hasNext(FeatureNode.java:62)\r\n\tat com.intuit.karate.junit5.Karate.iterator(Karate.java:64)\r\n\tat java.base\/java.lang.Iterable.spliterator(Iterable.java:101)\r\n\tat org.junit.platform.commons.util.CollectionUtils.toStream(CollectionUtils.java:153)\r\n\tat org.junit.jupiter.engine.descriptor.TestFactoryTestDescriptor.toDynamicNodeStream(TestFactoryTestDescriptor.java:122)\r\n\tat org.junit.jupiter.engine.descriptor.TestFactoryTestDescriptor.lambda$invokeTestMethod$1(TestFactoryTestDescriptor.java:99)\r\n\tat org.junit.platform.engine.support.hierarchical.ThrowableCollector.execute(ThrowableCollector.java:73)\r\n\tat org.junit.jupiter.engine.descriptor.TestFactoryTestDescriptor.invokeTestMethod(TestFactoryTestDescriptor.java:93)\r\n\tat org.junit.jupiter.engine.descriptor.TestMethodTestDescriptor.execute(TestMethodTestDescriptor.java:131)\r\n\tat org.junit.jupiter.engine.descriptor.TestMethodTestDescriptor.execute(TestMethodTestDescriptor.java:65)\r\n\tat org.junit.platform.engine.support.hierarchical.NodeTestTask.lambda$executeRecursively$5(NodeTestTask.java:139)\r\n\tat org.junit.platform.engine.support.hierarchical.ThrowableCollector.execute(ThrowableCollector.java:73)\r\n\tat org.junit.platform.engine.support.hierarchical.NodeTestTask.lambda$executeRecursively$7(NodeTestTask.java:129)\r\n\tat org.junit.platform.engine.support.hierarchical.Node.around(Node.java:137)\r\n\tat org.junit.platform.engine.support.hierarchical.NodeTestTask.lambda$executeRecursively$8(NodeTestTask.java:127)\r\n\tat org.junit.platform.engine.support.hierarchical.ThrowableCollector.execute(ThrowableCollector.java:73)\r\n\tat org.junit.platform.engine.support.hierarchical.NodeTestTask.executeRecursively(NodeTestTask.java:126)\r\n\tat org.junit.platform.engine.support.hierarchical.NodeTestTask.execute(NodeTestTask.java:84)\r\n\tat java.base\/java.util.ArrayList.forEach(ArrayList.java:1511)\r\n\tat org.junit.platform.engine.support.hierarchical.SameThreadHierarchicalTestExecutorService.invokeAll(SameThreadHierarchicalTestExecutorService.java:38)\r\n\tat org.junit.platform.engine.support.hierarchical.NodeTestTask.lambda$executeRecursively$5(NodeTestTask.java:143)\r\n\tat org.junit.platform.engine.support.hierarchical.ThrowableCollector.execute(ThrowableCollector.java:73)\r\n\tat org.junit.platform.engine.support.hierarchical.NodeTestTask.lambda$executeRecursively$7(NodeTestTask.java:129)\r\n\tat org.junit.platform.engine.support.hierarchical.Node.around(Node.java:137)\r\n\tat org.junit.platform.engine.support.hierarchical.NodeTestTask.lambda$executeRecursively$8(NodeTestTask.java:127)\r\n\tat org.junit.platform.engine.support.hierarchical.ThrowableCollector.execute(ThrowableCollector.java:73)\r\n\tat org.junit.platform.engine.support.hierarchical.NodeTestTask.executeRecursively(NodeTestTask.java:126)\r\n\tat org.junit.platform.engine.support.hierarchical.NodeTestTask.execute(NodeTestTask.java:84)\r\n\tat java.base\/java.util.ArrayList.forEach(ArrayList.java:1511)\r\n\tat org.junit.platform.engine.support.hierarchical.SameThreadHierarchicalTestExecutorService.invokeAll(SameThreadHierarchicalTestExecutorService.java:38)\r\n\tat org.junit.platform.engine.support.hierarchical.NodeTestTask.lambda$executeRecursively$5(NodeTestTask.java:143)\r\n\tat org.junit.platform.engine.support.hierarchical.ThrowableCollector.execute(ThrowableCollector.java:73)\r\n\tat org.junit.platform.engine.support.hierarchical.NodeTestTask.lambda$executeRecursively$7(NodeTestTask.java:129)\r\n\tat org.junit.platform.engine.support.hierarchical.Node.around(Node.java:137)\r\n\tat org.junit.platform.engine.support.hierarchical.NodeTestTask.lambda$executeRecursively$8(NodeTestTask.java:127)\r\n\tat org.junit.platform.engine.support.hierarchical.ThrowableCollector.execute(ThrowableCollector.java:73)\r\n\tat org.junit.platform.engine.support.hierarchical.NodeTestTask.executeRecursively(NodeTestTask.java:126)\r\n\tat org.junit.platform.engine.support.hierarchical.NodeTestTask.execute(NodeTestTask.java:84)\r\n\tat org.junit.platform.engine.support.hierarchical.SameThreadHierarchicalTestExecutorService.submit(SameThreadHierarchicalTestExecutorService.java:32)\r\n\tat org.junit.platform.engine.support.hierarchical.HierarchicalTestExecutor.execute(HierarchicalTestExecutor.java:57)\r\n\tat org.junit.platform.engine.support.hierarchical.HierarchicalTestEngine.execute(HierarchicalTestEngine.java:51)\r\n\tat org.junit.platform.launcher.core.EngineExecutionOrchestrator.execute(EngineExecutionOrchestrator.java:108)\r\n\tat org.junit.platform.launcher.core.EngineExecutionOrchestrator.execute(EngineExecutionOrchestrator.java:88)\r\n\tat org.junit.platform.launcher.core.EngineExecutionOrchestrator.lambda$execute$0(EngineExecutionOrchestrator.java:54)\r\n\tat org.junit.platform.launcher.core.EngineExecutionOrchestrator.withInterceptedStreams(EngineExecutionOrchestrator.java:67)\r\n\tat org.junit.platform.launcher.core.EngineExecutionOrchestrator.execute(EngineExecutionOrchestrator.java:52)\r\n\tat org.junit.platform.launcher.core.DefaultLauncher.execute(DefaultLauncher.java:96)\r\n\tat org.junit.platform.launcher.core.DefaultLauncher.execute(DefaultLauncher.java:84)\r\n\tat org.eclipse.jdt.internal.junit5.runner.JUnit5TestReference.run(JUnit5TestReference.java:100)\r\n\tat org.eclipse.jdt.internal.junit.runner.TestExecution.run(TestExecution.java:40)\r\n\tat org.eclipse.jdt.internal.junit.runner.RemoteTestRunner.runTests(RemoteTestRunner.java:529)\r\n\tat org.eclipse.jdt.internal.junit.runner.RemoteTestRunner.runTests(RemoteTestRunner.java:757)\r\n\tat org.eclipse.jdt.internal.junit.runner.RemoteTestRunner.run(RemoteTestRunner.java:452)\r\n\tat org.eclipse.jdt.internal.junit.runner.RemoteTestRunner.main(RemoteTestRunner.java:210)\r\n"}],"line":14,"description":"","durationMillis":0.3466,"failed":true,"error":"js failed:\n>>>>\n01: read('\/test\/java\/data\/testdata_Common.csv')\n<<<<\norg.graalvm.polyglot.PolyglotException: java.io.FileNotFoundException: C:\\Users\\Admin\\Downloads\\KarateJunit5\\KarateJunit5_API_AERQ\\target\\test-classes\\apifeatures\\test\\java\\data\\testdata_Common.csv (The system cannot find the path specified)\n- com.intuit.karate.resource.FileResource.getStream(FileResource.java:98)\n- com.intuit.karate.core.ScenarioFileReader.readFileAsStream(ScenarioFileReader.java:102)\n- com.intuit.karate.core.ScenarioFileReader.readFileAsString(ScenarioFileReader.java:98)\n- com.intuit.karate.core.ScenarioFileReader.readFile(ScenarioFileReader.java:71)\n- com.intuit.karate.core.ScenarioEngine.lambda$new$0(ScenarioEngine.java:129)\n- <js>.:program(Unnamed:1)\n\nclasspath:apifeatures\/base.feature:14","executorName":"main","name":"Common Meta data features .","startTime":1723990236053,"refId":"[1.1:14]","endTime":0,"exampleIndex":0}],"callDepth":0,"name":"AERQ Advertiser","description":"* def baseurl = baseURL","resultDate":"2024-08-18 07:40:39 pm","durationMillis":0.3466,"passedCount":0}