{"failedCount":13,"prefixedPath":"classpath:apifeatures\/Target.feature","packageQualifiedName":"apifeatures.Target","loopIndex":-1,"relativePath":"apifeatures\/Target.feature","scenarioResults":[{"sectionIndex":0,"stepResults":[{"result":{"nanos":931300,"millis":0.9313,"status":"passed"},"step":{"background":true,"line":4,"prefix":"*","index":0,"text":"url 'http:\/\/122.165.121.195:8080'"},"stepLog":"20:01:10.518 The value of env is :  qa \n"},{"result":{"nanos":1031900,"millis":1.0319,"status":"passed"},"step":{"background":true,"line":5,"prefix":"*","index":1,"text":"def baseurl = baseURL"}},{"result":{"nanos":1160500,"millis":1.1605,"status":"passed"},"step":{"background":true,"line":6,"prefix":"*","index":2,"text":"def newid = \"null\""}},{"result":{"nanos":26690900,"millis":26.6909,"status":"passed"},"step":{"endLine":16,"background":true,"line":7,"prefix":"*","docString":"function(s) {\nvar text = \"\";\nvar pattern = \"ABCDEFGHIJKLMNOPQRSTUVWXYZ\";\nfor (var i=0;i<s;i++)\ntext += pattern.charAt(Math.random() * pattern.length());\nreturn text;\n}","index":3,"text":"def random_number ="}},{"result":{"nanos":18986400,"millis":18.9864,"status":"passed"},"step":{"background":true,"line":17,"prefix":"*","index":4,"text":"def randomstring = random_number(10)"}},{"result":{"nanos":1966700,"millis":1.9667,"status":"passed"},"step":{"background":true,"line":18,"prefix":"*","index":5,"text":"print randomstring"},"stepLog":"20:01:10.612 [print] RBBWNUROIR \n"},{"result":{"nanos":26635700,"errorMessage":"js failed:\n>>>>\n01: \"{\n<<<<\norg.graalvm.polyglot.PolyglotException: SyntaxError: Unnamed:1:2 Missing close quote\r\n\"{\r\n  ^\n\n- org.graalvm.polyglot.Context.eval(Context.java:401)\n- com.intuit.karate.graal.JsEngine.evalForValue(JsEngine.java:141)\n- com.intuit.karate.graal.JsEngine.eval(JsEngine.java:137)\n- com.intuit.karate.core.ScenarioEngine.evalJs(ScenarioEngine.java:1344)\n- com.intuit.karate.core.ScenarioEngine.evalKarateExpression(ScenarioEngine.java:2373)\n- com.intuit.karate.core.ScenarioEngine.evalKarateExpression(ScenarioEngine.java:2292)\n- com.intuit.karate.core.ScenarioEngine.evalAndCastTo(ScenarioEngine.java:1412)\n\nclasspath:apifeatures\/Target.feature:21","millis":26.6357,"status":"failed"},"step":{"line":21,"prefix":"*","index":0,"text":"def create = \"{\n\"advertiserId\": \"125\"\n\"airlineTargetRule\":{\"airlineIds\": [93]}\n\"audienceTargetRule\" : {\"age\": [1, 2], \"gender\": [1, 2], \"travelGroup\": [3, 4], \"language\": [2], \"nationality\": [5]}\n\"description\": \"upd\"\n\"flightClassTargetRule\": {\"classTypes\": [2, 4]}\n\"flightRouteTargetRule\":{\"routes\": [1, 2]}\n\"genreTargetRule\":{\"genre\": [5, 7]}\n\"name\":\"Aut Ad Target upd\"\n\"slotTypeTargetRule\":{\"slotTypes\": [4, 1]}}\""},"stepLog":"20:01:10.670 The value of env is :  qa \n20:01:10.702 classpath:apifeatures\/Target.feature:21\n* def create = \"{\n\"advertiserId\": \"125\"\n\"airlineTargetRule\":{\"airlineIds\": [93]}\n\"audienceTargetRule\" : {\"age\": [1, 2], \"gender\": [1, 2], \"travelGroup\": [3, 4], \"language\": [2], \"nationality\": [5]}\n\"description\": \"upd\"\n\"flightClassTargetRule\": {\"classTypes\": [2, 4]}\n\"flightRouteTargetRule\":{\"routes\": [1, 2]}\n\"genreTargetRule\":{\"genre\": [5, 7]}\n\"name\":\"Aut Ad Target upd\"\n\"slotTypeTargetRule\":{\"slotTypes\": [4, 1]}}\"\njs failed:\n>>>>\n01: \"{\n<<<<\norg.graalvm.polyglot.PolyglotException: SyntaxError: Unnamed:1:2 Missing close quote\r\n\"{\r\n  ^\n\n- org.graalvm.polyglot.Context.eval(Context.java:401)\n- com.intuit.karate.graal.JsEngine.evalForValue(JsEngine.java:141)\n- com.intuit.karate.graal.JsEngine.eval(JsEngine.java:137)\n- com.intuit.karate.core.ScenarioEngine.evalJs(ScenarioEngine.java:1344)\n- com.intuit.karate.core.ScenarioEngine.evalKarateExpression(ScenarioEngine.java:2373)\n- com.intuit.karate.core.ScenarioEngine.evalKarateExpression(ScenarioEngine.java:2292)\n- com.intuit.karate.core.ScenarioEngine.evalAndCastTo(ScenarioEngine.java:1412)\n\nclasspath:apifeatures\/Target.feature:21\n"},{"result":{"nanos":0,"millis":0.0,"status":"skipped"},"step":{"line":22,"prefix":"*","index":1,"text":"create.name= create.name+randomstring"}},{"result":{"nanos":0,"millis":0.0,"status":"skipped"},"step":{"line":23,"prefix":"*","index":2,"text":"print create"}},{"result":{"nanos":0,"millis":0.0,"status":"skipped"},"step":{"line":24,"prefix":"Given","index":3,"text":"url baseURL+\"\/api\/v1\/target\""}},{"result":{"nanos":0,"millis":0.0,"status":"skipped"},"step":{"line":25,"prefix":"And","index":4,"text":"request create"}},{"result":{"nanos":0,"millis":0.0,"status":"skipped"},"step":{"line":26,"prefix":"When","index":5,"text":"method PUT"}},{"result":{"nanos":0,"millis":0.0,"status":"skipped"},"step":{"line":27,"prefix":"Then","index":6,"text":"status 201"}},{"result":{"nanos":0,"millis":0.0,"status":"skipped"},"step":{"line":28,"prefix":"And","index":7,"text":"match response contains \"{ \"\"id\"\": '#number'}\"\n"}},{"result":{"nanos":0,"millis":0.0,"status":"skipped"},"step":{"line":29,"prefix":"Given","index":8,"text":"url baseURL+\"\/api\/v1\/target\/\"+response.id"}},{"result":{"nanos":0,"millis":0.0,"status":"skipped"},"step":{"line":30,"prefix":"*","index":9,"text":"def update =  \"{\n\"advertiserId\": \"125\"\n\"airlineTargetRule\":{\"airlineIds\": [93]}\n\"audienceTargetRule\" : {\"age\": [1, 2], \"gender\": [1, 2], \"travelGroup\": [3, 4], \"language\": [2], \"nationality\": [5]}\n\"description\": \"upd\"\n\"flightClassTargetRule\": {\"classTypes\": [2, 4]}\n\"flightRouteTargetRule\":{\"routes\": [1, 2]}\n\"genreTargetRule\":{\"genre\": [5, 7]}\n\"name\":\"Aut Ad Target upd\"\n\"slotTypeTargetRule\":{\"slotTypes\": [4, 1]}}\""}},{"result":{"nanos":0,"millis":0.0,"status":"skipped"},"step":{"line":31,"prefix":"*","index":10,"text":"create.name= create.name+randomstring+ \"Updated\""}},{"result":{"nanos":0,"millis":0.0,"status":"skipped"},"step":{"line":32,"prefix":"*","index":11,"text":"create.description = \"Automation Updated\""}},{"result":{"nanos":0,"millis":0.0,"status":"skipped"},"step":{"line":33,"prefix":"*","index":12,"text":"print create"}},{"result":{"nanos":0,"millis":0.0,"status":"skipped"},"step":{"line":34,"prefix":"And","index":13,"text":"request update"}},{"result":{"nanos":0,"millis":0.0,"status":"skipped"},"step":{"line":35,"prefix":"When","index":14,"text":"method PUT"}},{"result":{"nanos":0,"millis":0.0,"status":"skipped"},"step":{"line":36,"prefix":"Then","index":15,"text":"status 202"}},{"result":{"nanos":0,"millis":0.0,"status":"skipped"},"step":{"line":37,"prefix":"Given","index":16,"text":"url baseURL+\"\/api\/v1\/target\/\"+response.id+\"\/delete\""}},{"result":{"nanos":0,"millis":0.0,"status":"skipped"},"step":{"line":38,"prefix":"And","index":17,"text":"request \"\""}},{"result":{"nanos":0,"millis":0.0,"status":"skipped"},"step":{"line":39,"prefix":"When","index":18,"text":"method PUT"}},{"result":{"nanos":0,"millis":0.0,"status":"skipped"},"step":{"line":40,"prefix":"Then","index":19,"text":"status 200"}},{"result":{"nanos":0,"errorMessage":"Cannot invoke \"com.aventstack.extentreports.ExtentTest.info(String)\" because \"apifeatures.ReportHook.test\" is null\nclasspath:apifeatures\/Target.feature:43","millis":0.0,"status":"failed"},"step":{"endLine":0,"line":43,"prefix":"*","index":-1,"text":"scenario [cleanup] failed"},"stepLog":"Cannot invoke \"com.aventstack.extentreports.ExtentTest.info(String)\" because \"apifeatures.ReportHook.test\" is null\njava.lang.NullPointerException: Cannot invoke \"com.aventstack.extentreports.ExtentTest.info(String)\" because \"apifeatures.ReportHook.test\" is null\r\n\tat apifeatures.ReportHook.afterScenario(ReportHook.java:50)\r\n\tat com.intuit.karate.core.ScenarioRuntime.lambda$afterRun$8(ScenarioRuntime.java:559)\r\n\tat java.base\/java.util.ArrayList.forEach(ArrayList.java:1511)\r\n\tat com.intuit.karate.core.ScenarioRuntime.afterRun(ScenarioRuntime.java:559)\r\n\tat com.intuit.karate.core.ScenarioRuntime.run(ScenarioRuntime.java:464)\r\n\tat com.intuit.karate.core.FeatureRuntime.processScenario(FeatureRuntime.java:182)\r\n\tat java.base\/java.util.stream.ReferencePipeline$2$1.accept(ReferencePipeline.java:179)\r\n\tat com.intuit.karate.core.ScenarioIterator.tryAdvance(ScenarioIterator.java:149)\r\n\tat java.base\/java.util.Spliterator.forEachRemaining(Spliterator.java:332)\r\n\tat java.base\/java.util.stream.AbstractPipeline.copyInto(AbstractPipeline.java:509)\r\n\tat java.base\/java.util.stream.AbstractPipeline.wrapAndCopyInto(AbstractPipeline.java:499)\r\n\tat java.base\/java.util.stream.StreamSpliterators$WrappingSpliterator.forEachRemaining(StreamSpliterators.java:310)\r\n\tat java.base\/java.util.Spliterators$1Adapter.forEachRemaining(Spliterators.java:706)\r\n\tat com.intuit.karate.core.FeatureRuntime.run(FeatureRuntime.java:165)\r\n\tat java.base\/java.util.concurrent.Executors$RunnableAdapter.call(Executors.java:539)\r\n\tat java.base\/java.util.concurrent.FutureTask.run(FutureTask.java:264)\r\n\tat com.intuit.karate.core.SyncExecutorService.execute(SyncExecutorService.java:70)\r\n\tat java.base\/java.util.concurrent.AbstractExecutorService.submit(AbstractExecutorService.java:123)\r\n\tat com.intuit.karate.Suite.run(Suite.java:235)\r\n\tat com.intuit.karate.Runner$Builder.parallel(Runner.java:575)\r\n\tat apifeatures.ScenarioRunner.testParallel(ScenarioRunner.java:22)\r\n\tat java.base\/jdk.internal.reflect.NativeMethodAccessorImpl.invoke0(Native Method)\r\n\tat java.base\/jdk.internal.reflect.NativeMethodAccessorImpl.invoke(NativeMethodAccessorImpl.java:77)\r\n\tat java.base\/jdk.internal.reflect.DelegatingMethodAccessorImpl.invoke(DelegatingMethodAccessorImpl.java:43)\r\n\tat java.base\/java.lang.reflect.Method.invoke(Method.java:568)\r\n\tat org.junit.platform.commons.util.ReflectionUtils.invokeMethod(ReflectionUtils.java:688)\r\n\tat org.junit.jupiter.engine.execution.MethodInvocation.proceed(MethodInvocation.java:60)\r\n\tat org.junit.jupiter.engine.execution.InvocationInterceptorChain$ValidatingInvocation.proceed(InvocationInterceptorChain.java:131)\r\n\tat org.junit.jupiter.engine.extension.TimeoutExtension.intercept(TimeoutExtension.java:149)\r\n\tat org.junit.jupiter.engine.extension.TimeoutExtension.interceptTestableMethod(TimeoutExtension.java:140)\r\n\tat org.junit.jupiter.engine.extension.TimeoutExtension.interceptTestMethod(TimeoutExtension.java:84)\r\n\tat org.junit.jupiter.engine.execution.ExecutableInvoker$ReflectiveInterceptorCall.lambda$ofVoidMethod$0(ExecutableInvoker.java:115)\r\n\tat org.junit.jupiter.engine.execution.ExecutableInvoker.lambda$invoke$0(ExecutableInvoker.java:105)\r\n\tat org.junit.jupiter.engine.execution.InvocationInterceptorChain$InterceptedInvocation.proceed(InvocationInterceptorChain.java:106)\r\n\tat org.junit.jupiter.engine.execution.InvocationInterceptorChain.proceed(InvocationInterceptorChain.java:64)\r\n\tat org.junit.jupiter.engine.execution.InvocationInterceptorChain.chainAndInvoke(InvocationInterceptorChain.java:45)\r\n\tat org.junit.jupiter.engine.execution.InvocationInterceptorChain.invoke(InvocationInterceptorChain.java:37)\r\n\tat org.junit.jupiter.engine.execution.ExecutableInvoker.invoke(ExecutableInvoker.java:104)\r\n\tat org.junit.jupiter.engine.execution.ExecutableInvoker.invoke(ExecutableInvoker.java:98)\r\n\tat org.junit.jupiter.engine.descriptor.TestMethodTestDescriptor.lambda$invokeTestMethod$6(TestMethodTestDescriptor.java:210)\r\n\tat org.junit.platform.engine.support.hierarchical.ThrowableCollector.execute(ThrowableCollector.java:73)\r\n\tat org.junit.jupiter.engine.descriptor.TestMethodTestDescriptor.invokeTestMethod(TestMethodTestDescriptor.java:206)\r\n\tat org.junit.jupiter.engine.descriptor.TestMethodTestDescriptor.execute(TestMethodTestDescriptor.java:131)\r\n\tat org.junit.jupiter.engine.descriptor.TestMethodTestDescriptor.execute(TestMethodTestDescriptor.java:65)\r\n\tat org.junit.platform.engine.support.hierarchical.NodeTestTask.lambda$executeRecursively$5(NodeTestTask.java:139)\r\n\tat org.junit.platform.engine.support.hierarchical.ThrowableCollector.execute(ThrowableCollector.java:73)\r\n\tat org.junit.platform.engine.support.hierarchical.NodeTestTask.lambda$executeRecursively$7(NodeTestTask.java:129)\r\n\tat org.junit.platform.engine.support.hierarchical.Node.around(Node.java:137)\r\n\tat org.junit.platform.engine.support.hierarchical.NodeTestTask.lambda$executeRecursively$8(NodeTestTask.java:127)\r\n\tat org.junit.platform.engine.support.hierarchical.ThrowableCollector.execute(ThrowableCollector.java:73)\r\n\tat org.junit.platform.engine.support.hierarchical.NodeTestTask.executeRecursively(NodeTestTask.java:126)\r\n\tat org.junit.platform.engine.support.hierarchical.NodeTestTask.execute(NodeTestTask.java:84)\r\n\tat java.base\/java.util.ArrayList.forEach(ArrayList.java:1511)\r\n\tat org.junit.platform.engine.support.hierarchical.SameThreadHierarchicalTestExecutorService.invokeAll(SameThreadHierarchicalTestExecutorService.java:38)\r\n\tat org.junit.platform.engine.support.hierarchical.NodeTestTask.lambda$executeRecursively$5(NodeTestTask.java:143)\r\n\tat org.junit.platform.engine.support.hierarchical.ThrowableCollector.execute(ThrowableCollector.java:73)\r\n\tat org.junit.platform.engine.support.hierarchical.NodeTestTask.lambda$executeRecursively$7(NodeTestTask.java:129)\r\n\tat org.junit.platform.engine.support.hierarchical.Node.around(Node.java:137)\r\n\tat org.junit.platform.engine.support.hierarchical.NodeTestTask.lambda$executeRecursively$8(NodeTestTask.java:127)\r\n\tat org.junit.platform.engine.support.hierarchical.ThrowableCollector.execute(ThrowableCollector.java:73)\r\n\tat org.junit.platform.engine.support.hierarchical.NodeTestTask.executeRecursively(NodeTestTask.java:126)\r\n\tat org.junit.platform.engine.support.hierarchical.NodeTestTask.execute(NodeTestTask.java:84)\r\n\tat java.base\/java.util.ArrayList.forEach(ArrayList.java:1511)\r\n\tat org.junit.platform.engine.support.hierarchical.SameThreadHierarchicalTestExecutorService.invokeAll(SameThreadHierarchicalTestExecutorService.java:38)\r\n\tat org.junit.platform.engine.support.hierarchical.NodeTestTask.lambda$executeRecursively$5(NodeTestTask.java:143)\r\n\tat org.junit.platform.engine.support.hierarchical.ThrowableCollector.execute(ThrowableCollector.java:73)\r\n\tat org.junit.platform.engine.support.hierarchical.NodeTestTask.lambda$executeRecursively$7(NodeTestTask.java:129)\r\n\tat org.junit.platform.engine.support.hierarchical.Node.around(Node.java:137)\r\n\tat org.junit.platform.engine.support.hierarchical.NodeTestTask.lambda$executeRecursively$8(NodeTestTask.java:127)\r\n\tat org.junit.platform.engine.support.hierarchical.ThrowableCollector.execute(ThrowableCollector.java:73)\r\n\tat org.junit.platform.engine.support.hierarchical.NodeTestTask.executeRecursively(NodeTestTask.java:126)\r\n\tat org.junit.platform.engine.support.hierarchical.NodeTestTask.execute(NodeTestTask.java:84)\r\n\tat org.junit.platform.engine.support.hierarchical.SameThreadHierarchicalTestExecutorService.submit(SameThreadHierarchicalTestExecutorService.java:32)\r\n\tat org.junit.platform.engine.support.hierarchical.HierarchicalTestExecutor.execute(HierarchicalTestExecutor.java:57)\r\n\tat org.junit.platform.engine.support.hierarchical.HierarchicalTestEngine.execute(HierarchicalTestEngine.java:51)\r\n\tat org.junit.platform.launcher.core.EngineExecutionOrchestrator.execute(EngineExecutionOrchestrator.java:108)\r\n\tat org.junit.platform.launcher.core.EngineExecutionOrchestrator.execute(EngineExecutionOrchestrator.java:88)\r\n\tat org.junit.platform.launcher.core.EngineExecutionOrchestrator.lambda$execute$0(EngineExecutionOrchestrator.java:54)\r\n\tat org.junit.platform.launcher.core.EngineExecutionOrchestrator.withInterceptedStreams(EngineExecutionOrchestrator.java:67)\r\n\tat org.junit.platform.launcher.core.EngineExecutionOrchestrator.execute(EngineExecutionOrchestrator.java:52)\r\n\tat org.junit.platform.launcher.core.DefaultLauncher.execute(DefaultLauncher.java:96)\r\n\tat org.junit.platform.launcher.core.DefaultLauncher.execute(DefaultLauncher.java:84)\r\n\tat org.eclipse.jdt.internal.junit5.runner.JUnit5TestReference.run(JUnit5TestReference.java:100)\r\n\tat org.eclipse.jdt.internal.junit.runner.TestExecution.run(TestExecution.java:40)\r\n\tat org.eclipse.jdt.internal.junit.runner.RemoteTestRunner.runTests(RemoteTestRunner.java:529)\r\n\tat org.eclipse.jdt.internal.junit.runner.RemoteTestRunner.runTests(RemoteTestRunner.java:757)\r\n\tat org.eclipse.jdt.internal.junit.runner.RemoteTestRunner.run(RemoteTestRunner.java:452)\r\n\tat org.eclipse.jdt.internal.junit.runner.RemoteTestRunner.main(RemoteTestRunner.java:210)\r\n"}],"line":43,"description":"","durationMillis":77.4034,"failed":true,"error":"Cannot invoke \"com.aventstack.extentreports.ExtentTest.info(String)\" because \"apifeatures.ReportHook.test\" is null\nclasspath:apifeatures\/Target.feature:43","executorName":"main","name":"Create ,Edit and Delete Advertiser","startTime":1725114670667,"refId":"[1.1:43]","endTime":1725114670702,"exampleData":{"S.NO":"9","SCENARIO":"Create ,Edit and Delete Advertiser","URL":"\"\/api\/v1\/target\"","DESC":"Edit Advertiser","METHOD":"PUT","POST_DATA":"\"{\n\"advertiserId\": \"125\"\n\"airlineTargetRule\":{\"airlineIds\": [93]}\n\"audienceTargetRule\" : {\"age\": [1, 2], \"gender\": [1, 2], \"travelGroup\": [3, 4], \"language\": [2], \"nationality\": [5]}\n\"description\": \"upd\"\n\"flightClassTargetRule\": {\"classTypes\": [2, 4]}\n\"flightRouteTargetRule\":{\"routes\": [1, 2]}\n\"genreTargetRule\":{\"genre\": [5, 7]}\n\"name\":\"Aut Ad Target upd\"\n\"slotTypeTargetRule\":{\"slotTypes\": [4, 1]}}\"","STATUS_CODE":"201","VALIDATION":"\"advertiserId\": \"125\"","EXPECTED_RESULT":"","KEY":"response","VALUE":"\"{ \"\"id\"\": '#number'}\"\n"},"exampleIndex":0},{"sectionIndex":1,"stepResults":[{"result":{"nanos":603900,"millis":0.6039,"status":"passed"},"step":{"background":true,"line":4,"prefix":"*","index":0,"text":"url 'http:\/\/122.165.121.195:8080'"},"stepLog":"20:01:10.718 The value of env is :  qa \n"},{"result":{"nanos":417500,"millis":0.4175,"status":"passed"},"step":{"background":true,"line":5,"prefix":"*","index":1,"text":"def baseurl = baseURL"}},{"result":{"nanos":667700,"millis":0.6677,"status":"passed"},"step":{"background":true,"line":6,"prefix":"*","index":2,"text":"def newid = \"null\""}},{"result":{"nanos":1808300,"millis":1.8083,"status":"passed"},"step":{"endLine":16,"background":true,"line":7,"prefix":"*","docString":"function(s) {\nvar text = \"\";\nvar pattern = \"ABCDEFGHIJKLMNOPQRSTUVWXYZ\";\nfor (var i=0;i<s;i++)\ntext += pattern.charAt(Math.random() * pattern.length());\nreturn text;\n}","index":3,"text":"def random_number ="}},{"result":{"nanos":2243200,"millis":2.2432,"status":"passed"},"step":{"background":true,"line":17,"prefix":"*","index":4,"text":"def randomstring = random_number(10)"}},{"result":{"nanos":1183600,"millis":1.1836,"status":"passed"},"step":{"background":true,"line":18,"prefix":"*","index":5,"text":"print randomstring"},"stepLog":"20:01:10.729 [print] IVEPNOYPGV \n"},{"result":{"nanos":3013400,"errorMessage":"js failed:\n>>>>\n01: baseURL+\/api\/v1\/target\/list?orderBy=DESC\n<<<<\norg.graalvm.polyglot.PolyglotException: SyntaxError: Unnamed:1:15 Unsupported RegExp flag: v\r\nbaseURL+\/api\/v1\/target\/list?orderBy=DESC\r\n               ^\n\n- org.graalvm.polyglot.Context.eval(Context.java:401)\n- com.intuit.karate.graal.JsEngine.evalForValue(JsEngine.java:141)\n- com.intuit.karate.graal.JsEngine.eval(JsEngine.java:137)\n- com.intuit.karate.core.ScenarioEngine.evalJs(ScenarioEngine.java:1344)\n- com.intuit.karate.core.ScenarioEngine.evalKarateExpression(ScenarioEngine.java:2373)\n- com.intuit.karate.core.ScenarioEngine.evalKarateExpression(ScenarioEngine.java:2292)\n- com.intuit.karate.core.ScenarioEngine.url(ScenarioEngine.java:365)\n\nclasspath:apifeatures\/Target.feature:47","millis":3.0134,"status":"failed"},"step":{"line":47,"prefix":"Given","index":0,"text":"url baseURL+\/api\/v1\/target\/list?orderBy=DESC"},"stepLog":"20:01:10.739 The value of env is :  qa \n20:01:10.745 classpath:apifeatures\/Target.feature:47\nGiven url baseURL+\/api\/v1\/target\/list?orderBy=DESC\njs failed:\n>>>>\n01: baseURL+\/api\/v1\/target\/list?orderBy=DESC\n<<<<\norg.graalvm.polyglot.PolyglotException: SyntaxError: Unnamed:1:15 Unsupported RegExp flag: v\r\nbaseURL+\/api\/v1\/target\/list?orderBy=DESC\r\n               ^\n\n- org.graalvm.polyglot.Context.eval(Context.java:401)\n- com.intuit.karate.graal.JsEngine.evalForValue(JsEngine.java:141)\n- com.intuit.karate.graal.JsEngine.eval(JsEngine.java:137)\n- com.intuit.karate.core.ScenarioEngine.evalJs(ScenarioEngine.java:1344)\n- com.intuit.karate.core.ScenarioEngine.evalKarateExpression(ScenarioEngine.java:2373)\n- com.intuit.karate.core.ScenarioEngine.evalKarateExpression(ScenarioEngine.java:2292)\n- com.intuit.karate.core.ScenarioEngine.url(ScenarioEngine.java:365)\n\nclasspath:apifeatures\/Target.feature:47\n"},{"result":{"nanos":0,"millis":0.0,"status":"skipped"},"step":{"line":48,"prefix":"When","index":1,"text":"method GET"}},{"result":{"nanos":0,"millis":0.0,"status":"skipped"},"step":{"line":49,"prefix":"Then","index":2,"text":"status 200"}},{"result":{"nanos":0,"millis":0.0,"status":"skipped"},"step":{"line":50,"prefix":"*","index":3,"text":"def projectSchema = { \"id\": '#number',\"name\": '#string',\"email\": '#string' ,\"phoneNumber\": '#string',\"description\": '#string',\"active\": '#boolean'}\n"}},{"result":{"nanos":0,"millis":0.0,"status":"skipped"},"step":{"line":51,"prefix":"*","index":4,"text":"def keyafter = \"coll\""}},{"result":{"nanos":0,"millis":0.0,"status":"skipped"},"step":{"endLine":57,"line":52,"prefix":"*","docString":"if (keyafter != '') {\n  keyafter = 'response.' + keyafter\n}","index":5,"text":"eval"}},{"result":{"nanos":0,"millis":0.0,"status":"skipped"},"step":{"line":58,"prefix":"And","index":6,"text":"print keyafter"}},{"result":{"nanos":0,"millis":0.0,"status":"skipped"},"step":{"line":59,"prefix":"And","index":7,"text":"match coll contains { \"id\": '#number',\"name\": '#string',\"email\": '#string' ,\"phoneNumber\": '#string',\"description\": '#string',\"active\": '#boolean'}\n"}},{"result":{"nanos":0,"errorMessage":"Cannot invoke \"com.aventstack.extentreports.ExtentTest.info(String)\" because \"apifeatures.ReportHook.test\" is null\nclasspath:apifeatures\/Target.feature:63","millis":0.0,"status":"failed"},"step":{"endLine":0,"line":63,"prefix":"*","index":-1,"text":"scenario [cleanup] failed"},"stepLog":"Cannot invoke \"com.aventstack.extentreports.ExtentTest.info(String)\" because \"apifeatures.ReportHook.test\" is null\njava.lang.NullPointerException: Cannot invoke \"com.aventstack.extentreports.ExtentTest.info(String)\" because \"apifeatures.ReportHook.test\" is null\r\n\tat apifeatures.ReportHook.afterScenario(ReportHook.java:50)\r\n\tat com.intuit.karate.core.ScenarioRuntime.lambda$afterRun$8(ScenarioRuntime.java:559)\r\n\tat java.base\/java.util.ArrayList.forEach(ArrayList.java:1511)\r\n\tat com.intuit.karate.core.ScenarioRuntime.afterRun(ScenarioRuntime.java:559)\r\n\tat com.intuit.karate.core.ScenarioRuntime.run(ScenarioRuntime.java:464)\r\n\tat com.intuit.karate.core.FeatureRuntime.processScenario(FeatureRuntime.java:182)\r\n\tat java.base\/java.util.stream.ReferencePipeline$2$1.accept(ReferencePipeline.java:179)\r\n\tat com.intuit.karate.core.ScenarioIterator.tryAdvance(ScenarioIterator.java:149)\r\n\tat com.intuit.karate.core.ScenarioIterator.tryAdvance(ScenarioIterator.java:88)\r\n\tat com.intuit.karate.core.ScenarioIterator.tryAdvance(ScenarioIterator.java:137)\r\n\tat java.base\/java.util.Spliterator.forEachRemaining(Spliterator.java:332)\r\n\tat java.base\/java.util.stream.AbstractPipeline.copyInto(AbstractPipeline.java:509)\r\n\tat java.base\/java.util.stream.AbstractPipeline.wrapAndCopyInto(AbstractPipeline.java:499)\r\n\tat java.base\/java.util.stream.StreamSpliterators$WrappingSpliterator.forEachRemaining(StreamSpliterators.java:310)\r\n\tat java.base\/java.util.Spliterators$1Adapter.forEachRemaining(Spliterators.java:706)\r\n\tat com.intuit.karate.core.FeatureRuntime.run(FeatureRuntime.java:165)\r\n\tat java.base\/java.util.concurrent.Executors$RunnableAdapter.call(Executors.java:539)\r\n\tat java.base\/java.util.concurrent.FutureTask.run(FutureTask.java:264)\r\n\tat com.intuit.karate.core.SyncExecutorService.execute(SyncExecutorService.java:70)\r\n\tat java.base\/java.util.concurrent.AbstractExecutorService.submit(AbstractExecutorService.java:123)\r\n\tat com.intuit.karate.Suite.run(Suite.java:235)\r\n\tat com.intuit.karate.Runner$Builder.parallel(Runner.java:575)\r\n\tat apifeatures.ScenarioRunner.testParallel(ScenarioRunner.java:22)\r\n\tat java.base\/jdk.internal.reflect.NativeMethodAccessorImpl.invoke0(Native Method)\r\n\tat java.base\/jdk.internal.reflect.NativeMethodAccessorImpl.invoke(NativeMethodAccessorImpl.java:77)\r\n\tat java.base\/jdk.internal.reflect.DelegatingMethodAccessorImpl.invoke(DelegatingMethodAccessorImpl.java:43)\r\n\tat java.base\/java.lang.reflect.Method.invoke(Method.java:568)\r\n\tat org.junit.platform.commons.util.ReflectionUtils.invokeMethod(ReflectionUtils.java:688)\r\n\tat org.junit.jupiter.engine.execution.MethodInvocation.proceed(MethodInvocation.java:60)\r\n\tat org.junit.jupiter.engine.execution.InvocationInterceptorChain$ValidatingInvocation.proceed(InvocationInterceptorChain.java:131)\r\n\tat org.junit.jupiter.engine.extension.TimeoutExtension.intercept(TimeoutExtension.java:149)\r\n\tat org.junit.jupiter.engine.extension.TimeoutExtension.interceptTestableMethod(TimeoutExtension.java:140)\r\n\tat org.junit.jupiter.engine.extension.TimeoutExtension.interceptTestMethod(TimeoutExtension.java:84)\r\n\tat org.junit.jupiter.engine.execution.ExecutableInvoker$ReflectiveInterceptorCall.lambda$ofVoidMethod$0(ExecutableInvoker.java:115)\r\n\tat org.junit.jupiter.engine.execution.ExecutableInvoker.lambda$invoke$0(ExecutableInvoker.java:105)\r\n\tat org.junit.jupiter.engine.execution.InvocationInterceptorChain$InterceptedInvocation.proceed(InvocationInterceptorChain.java:106)\r\n\tat org.junit.jupiter.engine.execution.InvocationInterceptorChain.proceed(InvocationInterceptorChain.java:64)\r\n\tat org.junit.jupiter.engine.execution.InvocationInterceptorChain.chainAndInvoke(InvocationInterceptorChain.java:45)\r\n\tat org.junit.jupiter.engine.execution.InvocationInterceptorChain.invoke(InvocationInterceptorChain.java:37)\r\n\tat org.junit.jupiter.engine.execution.ExecutableInvoker.invoke(ExecutableInvoker.java:104)\r\n\tat org.junit.jupiter.engine.execution.ExecutableInvoker.invoke(ExecutableInvoker.java:98)\r\n\tat org.junit.jupiter.engine.descriptor.TestMethodTestDescriptor.lambda$invokeTestMethod$6(TestMethodTestDescriptor.java:210)\r\n\tat org.junit.platform.engine.support.hierarchical.ThrowableCollector.execute(ThrowableCollector.java:73)\r\n\tat org.junit.jupiter.engine.descriptor.TestMethodTestDescriptor.invokeTestMethod(TestMethodTestDescriptor.java:206)\r\n\tat org.junit.jupiter.engine.descriptor.TestMethodTestDescriptor.execute(TestMethodTestDescriptor.java:131)\r\n\tat org.junit.jupiter.engine.descriptor.TestMethodTestDescriptor.execute(TestMethodTestDescriptor.java:65)\r\n\tat org.junit.platform.engine.support.hierarchical.NodeTestTask.lambda$executeRecursively$5(NodeTestTask.java:139)\r\n\tat org.junit.platform.engine.support.hierarchical.ThrowableCollector.execute(ThrowableCollector.java:73)\r\n\tat org.junit.platform.engine.support.hierarchical.NodeTestTask.lambda$executeRecursively$7(NodeTestTask.java:129)\r\n\tat org.junit.platform.engine.support.hierarchical.Node.around(Node.java:137)\r\n\tat org.junit.platform.engine.support.hierarchical.NodeTestTask.lambda$executeRecursively$8(NodeTestTask.java:127)\r\n\tat org.junit.platform.engine.support.hierarchical.ThrowableCollector.execute(ThrowableCollector.java:73)\r\n\tat org.junit.platform.engine.support.hierarchical.NodeTestTask.executeRecursively(NodeTestTask.java:126)\r\n\tat org.junit.platform.engine.support.hierarchical.NodeTestTask.execute(NodeTestTask.java:84)\r\n\tat java.base\/java.util.ArrayList.forEach(ArrayList.java:1511)\r\n\tat org.junit.platform.engine.support.hierarchical.SameThreadHierarchicalTestExecutorService.invokeAll(SameThreadHierarchicalTestExecutorService.java:38)\r\n\tat org.junit.platform.engine.support.hierarchical.NodeTestTask.lambda$executeRecursively$5(NodeTestTask.java:143)\r\n\tat org.junit.platform.engine.support.hierarchical.ThrowableCollector.execute(ThrowableCollector.java:73)\r\n\tat org.junit.platform.engine.support.hierarchical.NodeTestTask.lambda$executeRecursively$7(NodeTestTask.java:129)\r\n\tat org.junit.platform.engine.support.hierarchical.Node.around(Node.java:137)\r\n\tat org.junit.platform.engine.support.hierarchical.NodeTestTask.lambda$executeRecursively$8(NodeTestTask.java:127)\r\n\tat org.junit.platform.engine.support.hierarchical.ThrowableCollector.execute(ThrowableCollector.java:73)\r\n\tat org.junit.platform.engine.support.hierarchical.NodeTestTask.executeRecursively(NodeTestTask.java:126)\r\n\tat org.junit.platform.engine.support.hierarchical.NodeTestTask.execute(NodeTestTask.java:84)\r\n\tat java.base\/java.util.ArrayList.forEach(ArrayList.java:1511)\r\n\tat org.junit.platform.engine.support.hierarchical.SameThreadHierarchicalTestExecutorService.invokeAll(SameThreadHierarchicalTestExecutorService.java:38)\r\n\tat org.junit.platform.engine.support.hierarchical.NodeTestTask.lambda$executeRecursively$5(NodeTestTask.java:143)\r\n\tat org.junit.platform.engine.support.hierarchical.ThrowableCollector.execute(ThrowableCollector.java:73)\r\n\tat org.junit.platform.engine.support.hierarchical.NodeTestTask.lambda$executeRecursively$7(NodeTestTask.java:129)\r\n\tat org.junit.platform.engine.support.hierarchical.Node.around(Node.java:137)\r\n\tat org.junit.platform.engine.support.hierarchical.NodeTestTask.lambda$executeRecursively$8(NodeTestTask.java:127)\r\n\tat org.junit.platform.engine.support.hierarchical.ThrowableCollector.execute(ThrowableCollector.java:73)\r\n\tat org.junit.platform.engine.support.hierarchical.NodeTestTask.executeRecursively(NodeTestTask.java:126)\r\n\tat org.junit.platform.engine.support.hierarchical.NodeTestTask.execute(NodeTestTask.java:84)\r\n\tat org.junit.platform.engine.support.hierarchical.SameThreadHierarchicalTestExecutorService.submit(SameThreadHierarchicalTestExecutorService.java:32)\r\n\tat org.junit.platform.engine.support.hierarchical.HierarchicalTestExecutor.execute(HierarchicalTestExecutor.java:57)\r\n\tat org.junit.platform.engine.support.hierarchical.HierarchicalTestEngine.execute(HierarchicalTestEngine.java:51)\r\n\tat org.junit.platform.launcher.core.EngineExecutionOrchestrator.execute(EngineExecutionOrchestrator.java:108)\r\n\tat org.junit.platform.launcher.core.EngineExecutionOrchestrator.execute(EngineExecutionOrchestrator.java:88)\r\n\tat org.junit.platform.launcher.core.EngineExecutionOrchestrator.lambda$execute$0(EngineExecutionOrchestrator.java:54)\r\n\tat org.junit.platform.launcher.core.EngineExecutionOrchestrator.withInterceptedStreams(EngineExecutionOrchestrator.java:67)\r\n\tat org.junit.platform.launcher.core.EngineExecutionOrchestrator.execute(EngineExecutionOrchestrator.java:52)\r\n\tat org.junit.platform.launcher.core.DefaultLauncher.execute(DefaultLauncher.java:96)\r\n\tat org.junit.platform.launcher.core.DefaultLauncher.execute(DefaultLauncher.java:84)\r\n\tat org.eclipse.jdt.internal.junit5.runner.JUnit5TestReference.run(JUnit5TestReference.java:100)\r\n\tat org.eclipse.jdt.internal.junit.runner.TestExecution.run(TestExecution.java:40)\r\n\tat org.eclipse.jdt.internal.junit.runner.RemoteTestRunner.runTests(RemoteTestRunner.java:529)\r\n\tat org.eclipse.jdt.internal.junit.runner.RemoteTestRunner.runTests(RemoteTestRunner.java:757)\r\n\tat org.eclipse.jdt.internal.junit.runner.RemoteTestRunner.run(RemoteTestRunner.java:452)\r\n\tat org.eclipse.jdt.internal.junit.runner.RemoteTestRunner.main(RemoteTestRunner.java:210)\r\n"}],"line":63,"description":"","durationMillis":9.9376,"failed":true,"error":"Cannot invoke \"com.aventstack.extentreports.ExtentTest.info(String)\" because \"apifeatures.ReportHook.test\" is null\nclasspath:apifeatures\/Target.feature:63","executorName":"main","name":"Verify the Target list","startTime":1725114670739,"refId":"[2.1:63]","endTime":1725114670745,"exampleData":{"S.NO":"1","Modules":"Target","SCENARIO":"Verify the Target list","URL":"\/api\/v1\/target\/list?orderBy=DESC","DESC":"Open target page","METHOD":"GET","STATUS_CODE":"200","VALIDATION":"Target list should be shown","EXPECTED_RESULT":"\"coll\": [\n{\n\"id\": 136,\n\"name\": \"Prog Ad Target\",\n\"advertiserId\": 125,\n\"airlineTargetRule\": {\n\"airlineIds\": [\n93\n]\n}","KEY":"coll","VALUE":"{ \"id\": '#number',\"name\": '#string',\"email\": '#string' ,\"phoneNumber\": '#string',\"description\": '#string',\"active\": '#boolean'}\n"},"exampleIndex":0},{"sectionIndex":1,"stepResults":[{"result":{"nanos":603900,"millis":0.6039,"status":"passed"},"step":{"background":true,"line":4,"prefix":"*","index":0,"text":"url 'http:\/\/122.165.121.195:8080'"},"stepLog":"20:01:10.718 The value of env is :  qa \n"},{"result":{"nanos":417500,"millis":0.4175,"status":"passed"},"step":{"background":true,"line":5,"prefix":"*","index":1,"text":"def baseurl = baseURL"}},{"result":{"nanos":667700,"millis":0.6677,"status":"passed"},"step":{"background":true,"line":6,"prefix":"*","index":2,"text":"def newid = \"null\""}},{"result":{"nanos":1808300,"millis":1.8083,"status":"passed"},"step":{"endLine":16,"background":true,"line":7,"prefix":"*","docString":"function(s) {\nvar text = \"\";\nvar pattern = \"ABCDEFGHIJKLMNOPQRSTUVWXYZ\";\nfor (var i=0;i<s;i++)\ntext += pattern.charAt(Math.random() * pattern.length());\nreturn text;\n}","index":3,"text":"def random_number ="}},{"result":{"nanos":2243200,"millis":2.2432,"status":"passed"},"step":{"background":true,"line":17,"prefix":"*","index":4,"text":"def randomstring = random_number(10)"}},{"result":{"nanos":1183600,"millis":1.1836,"status":"passed"},"step":{"background":true,"line":18,"prefix":"*","index":5,"text":"print randomstring"},"stepLog":"20:01:10.729 [print] IVEPNOYPGV \n"},{"result":{"nanos":1187700,"errorMessage":"js failed:\n>>>>\n01: baseURL+\/api\/v1\/target\/status\n<<<<\norg.graalvm.polyglot.PolyglotException: SyntaxError: Unnamed:1:15 Unsupported RegExp flag: v\r\nbaseURL+\/api\/v1\/target\/status\r\n               ^\n\n- org.graalvm.polyglot.Context.eval(Context.java:401)\n- com.intuit.karate.graal.JsEngine.evalForValue(JsEngine.java:141)\n- com.intuit.karate.graal.JsEngine.eval(JsEngine.java:137)\n- com.intuit.karate.core.ScenarioEngine.evalJs(ScenarioEngine.java:1344)\n- com.intuit.karate.core.ScenarioEngine.evalKarateExpression(ScenarioEngine.java:2373)\n- com.intuit.karate.core.ScenarioEngine.evalKarateExpression(ScenarioEngine.java:2292)\n- com.intuit.karate.core.ScenarioEngine.url(ScenarioEngine.java:365)\n\nclasspath:apifeatures\/Target.feature:47","millis":1.1877,"status":"failed"},"step":{"line":47,"prefix":"Given","index":0,"text":"url baseURL+\/api\/v1\/target\/status"},"stepLog":"20:01:10.756 The value of env is :  qa \n20:01:10.759 classpath:apifeatures\/Target.feature:47\nGiven url baseURL+\/api\/v1\/target\/status\njs failed:\n>>>>\n01: baseURL+\/api\/v1\/target\/status\n<<<<\norg.graalvm.polyglot.PolyglotException: SyntaxError: Unnamed:1:15 Unsupported RegExp flag: v\r\nbaseURL+\/api\/v1\/target\/status\r\n               ^\n\n- org.graalvm.polyglot.Context.eval(Context.java:401)\n- com.intuit.karate.graal.JsEngine.evalForValue(JsEngine.java:141)\n- com.intuit.karate.graal.JsEngine.eval(JsEngine.java:137)\n- com.intuit.karate.core.ScenarioEngine.evalJs(ScenarioEngine.java:1344)\n- com.intuit.karate.core.ScenarioEngine.evalKarateExpression(ScenarioEngine.java:2373)\n- com.intuit.karate.core.ScenarioEngine.evalKarateExpression(ScenarioEngine.java:2292)\n- com.intuit.karate.core.ScenarioEngine.url(ScenarioEngine.java:365)\n\nclasspath:apifeatures\/Target.feature:47\n"},{"result":{"nanos":0,"millis":0.0,"status":"skipped"},"step":{"line":48,"prefix":"When","index":1,"text":"method GET"}},{"result":{"nanos":0,"millis":0.0,"status":"skipped"},"step":{"line":49,"prefix":"Then","index":2,"text":"status 200"}},{"result":{"nanos":0,"millis":0.0,"status":"skipped"},"step":{"line":50,"prefix":"*","index":3,"text":"def projectSchema = \"OK\""}},{"result":{"nanos":0,"millis":0.0,"status":"skipped"},"step":{"line":51,"prefix":"*","index":4,"text":"def keyafter = \"httpStatus\""}},{"result":{"nanos":0,"millis":0.0,"status":"skipped"},"step":{"endLine":57,"line":52,"prefix":"*","docString":"if (keyafter != '') {\n  keyafter = 'response.' + keyafter\n}","index":5,"text":"eval"}},{"result":{"nanos":0,"millis":0.0,"status":"skipped"},"step":{"line":58,"prefix":"And","index":6,"text":"print keyafter"}},{"result":{"nanos":0,"millis":0.0,"status":"skipped"},"step":{"line":59,"prefix":"And","index":7,"text":"match httpStatus contains \"OK\""}},{"result":{"nanos":0,"errorMessage":"Cannot invoke \"com.aventstack.extentreports.ExtentTest.info(String)\" because \"apifeatures.ReportHook.test\" is null\nclasspath:apifeatures\/Target.feature:63","millis":0.0,"status":"failed"},"step":{"endLine":0,"line":63,"prefix":"*","index":-1,"text":"scenario [cleanup] failed"},"stepLog":"Cannot invoke \"com.aventstack.extentreports.ExtentTest.info(String)\" because \"apifeatures.ReportHook.test\" is null\njava.lang.NullPointerException: Cannot invoke \"com.aventstack.extentreports.ExtentTest.info(String)\" because \"apifeatures.ReportHook.test\" is null\r\n\tat apifeatures.ReportHook.afterScenario(ReportHook.java:50)\r\n\tat com.intuit.karate.core.ScenarioRuntime.lambda$afterRun$8(ScenarioRuntime.java:559)\r\n\tat java.base\/java.util.ArrayList.forEach(ArrayList.java:1511)\r\n\tat com.intuit.karate.core.ScenarioRuntime.afterRun(ScenarioRuntime.java:559)\r\n\tat com.intuit.karate.core.ScenarioRuntime.run(ScenarioRuntime.java:464)\r\n\tat com.intuit.karate.core.FeatureRuntime.processScenario(FeatureRuntime.java:182)\r\n\tat java.base\/java.util.stream.ReferencePipeline$2$1.accept(ReferencePipeline.java:179)\r\n\tat com.intuit.karate.core.ScenarioIterator.tryAdvance(ScenarioIterator.java:149)\r\n\tat java.base\/java.util.Spliterator.forEachRemaining(Spliterator.java:332)\r\n\tat java.base\/java.util.stream.AbstractPipeline.copyInto(AbstractPipeline.java:509)\r\n\tat java.base\/java.util.stream.AbstractPipeline.wrapAndCopyInto(AbstractPipeline.java:499)\r\n\tat java.base\/java.util.stream.StreamSpliterators$WrappingSpliterator.forEachRemaining(StreamSpliterators.java:310)\r\n\tat java.base\/java.util.Spliterators$1Adapter.forEachRemaining(Spliterators.java:706)\r\n\tat com.intuit.karate.core.FeatureRuntime.run(FeatureRuntime.java:165)\r\n\tat java.base\/java.util.concurrent.Executors$RunnableAdapter.call(Executors.java:539)\r\n\tat java.base\/java.util.concurrent.FutureTask.run(FutureTask.java:264)\r\n\tat com.intuit.karate.core.SyncExecutorService.execute(SyncExecutorService.java:70)\r\n\tat java.base\/java.util.concurrent.AbstractExecutorService.submit(AbstractExecutorService.java:123)\r\n\tat com.intuit.karate.Suite.run(Suite.java:235)\r\n\tat com.intuit.karate.Runner$Builder.parallel(Runner.java:575)\r\n\tat apifeatures.ScenarioRunner.testParallel(ScenarioRunner.java:22)\r\n\tat java.base\/jdk.internal.reflect.NativeMethodAccessorImpl.invoke0(Native Method)\r\n\tat java.base\/jdk.internal.reflect.NativeMethodAccessorImpl.invoke(NativeMethodAccessorImpl.java:77)\r\n\tat java.base\/jdk.internal.reflect.DelegatingMethodAccessorImpl.invoke(DelegatingMethodAccessorImpl.java:43)\r\n\tat java.base\/java.lang.reflect.Method.invoke(Method.java:568)\r\n\tat org.junit.platform.commons.util.ReflectionUtils.invokeMethod(ReflectionUtils.java:688)\r\n\tat org.junit.jupiter.engine.execution.MethodInvocation.proceed(MethodInvocation.java:60)\r\n\tat org.junit.jupiter.engine.execution.InvocationInterceptorChain$ValidatingInvocation.proceed(InvocationInterceptorChain.java:131)\r\n\tat org.junit.jupiter.engine.extension.TimeoutExtension.intercept(TimeoutExtension.java:149)\r\n\tat org.junit.jupiter.engine.extension.TimeoutExtension.interceptTestableMethod(TimeoutExtension.java:140)\r\n\tat org.junit.jupiter.engine.extension.TimeoutExtension.interceptTestMethod(TimeoutExtension.java:84)\r\n\tat org.junit.jupiter.engine.execution.ExecutableInvoker$ReflectiveInterceptorCall.lambda$ofVoidMethod$0(ExecutableInvoker.java:115)\r\n\tat org.junit.jupiter.engine.execution.ExecutableInvoker.lambda$invoke$0(ExecutableInvoker.java:105)\r\n\tat org.junit.jupiter.engine.execution.InvocationInterceptorChain$InterceptedInvocation.proceed(InvocationInterceptorChain.java:106)\r\n\tat org.junit.jupiter.engine.execution.InvocationInterceptorChain.proceed(InvocationInterceptorChain.java:64)\r\n\tat org.junit.jupiter.engine.execution.InvocationInterceptorChain.chainAndInvoke(InvocationInterceptorChain.java:45)\r\n\tat org.junit.jupiter.engine.execution.InvocationInterceptorChain.invoke(InvocationInterceptorChain.java:37)\r\n\tat org.junit.jupiter.engine.execution.ExecutableInvoker.invoke(ExecutableInvoker.java:104)\r\n\tat org.junit.jupiter.engine.execution.ExecutableInvoker.invoke(ExecutableInvoker.java:98)\r\n\tat org.junit.jupiter.engine.descriptor.TestMethodTestDescriptor.lambda$invokeTestMethod$6(TestMethodTestDescriptor.java:210)\r\n\tat org.junit.platform.engine.support.hierarchical.ThrowableCollector.execute(ThrowableCollector.java:73)\r\n\tat org.junit.jupiter.engine.descriptor.TestMethodTestDescriptor.invokeTestMethod(TestMethodTestDescriptor.java:206)\r\n\tat org.junit.jupiter.engine.descriptor.TestMethodTestDescriptor.execute(TestMethodTestDescriptor.java:131)\r\n\tat org.junit.jupiter.engine.descriptor.TestMethodTestDescriptor.execute(TestMethodTestDescriptor.java:65)\r\n\tat org.junit.platform.engine.support.hierarchical.NodeTestTask.lambda$executeRecursively$5(NodeTestTask.java:139)\r\n\tat org.junit.platform.engine.support.hierarchical.ThrowableCollector.execute(ThrowableCollector.java:73)\r\n\tat org.junit.platform.engine.support.hierarchical.NodeTestTask.lambda$executeRecursively$7(NodeTestTask.java:129)\r\n\tat org.junit.platform.engine.support.hierarchical.Node.around(Node.java:137)\r\n\tat org.junit.platform.engine.support.hierarchical.NodeTestTask.lambda$executeRecursively$8(NodeTestTask.java:127)\r\n\tat org.junit.platform.engine.support.hierarchical.ThrowableCollector.execute(ThrowableCollector.java:73)\r\n\tat org.junit.platform.engine.support.hierarchical.NodeTestTask.executeRecursively(NodeTestTask.java:126)\r\n\tat org.junit.platform.engine.support.hierarchical.NodeTestTask.execute(NodeTestTask.java:84)\r\n\tat java.base\/java.util.ArrayList.forEach(ArrayList.java:1511)\r\n\tat org.junit.platform.engine.support.hierarchical.SameThreadHierarchicalTestExecutorService.invokeAll(SameThreadHierarchicalTestExecutorService.java:38)\r\n\tat org.junit.platform.engine.support.hierarchical.NodeTestTask.lambda$executeRecursively$5(NodeTestTask.java:143)\r\n\tat org.junit.platform.engine.support.hierarchical.ThrowableCollector.execute(ThrowableCollector.java:73)\r\n\tat org.junit.platform.engine.support.hierarchical.NodeTestTask.lambda$executeRecursively$7(NodeTestTask.java:129)\r\n\tat org.junit.platform.engine.support.hierarchical.Node.around(Node.java:137)\r\n\tat org.junit.platform.engine.support.hierarchical.NodeTestTask.lambda$executeRecursively$8(NodeTestTask.java:127)\r\n\tat org.junit.platform.engine.support.hierarchical.ThrowableCollector.execute(ThrowableCollector.java:73)\r\n\tat org.junit.platform.engine.support.hierarchical.NodeTestTask.executeRecursively(NodeTestTask.java:126)\r\n\tat org.junit.platform.engine.support.hierarchical.NodeTestTask.execute(NodeTestTask.java:84)\r\n\tat java.base\/java.util.ArrayList.forEach(ArrayList.java:1511)\r\n\tat org.junit.platform.engine.support.hierarchical.SameThreadHierarchicalTestExecutorService.invokeAll(SameThreadHierarchicalTestExecutorService.java:38)\r\n\tat org.junit.platform.engine.support.hierarchical.NodeTestTask.lambda$executeRecursively$5(NodeTestTask.java:143)\r\n\tat org.junit.platform.engine.support.hierarchical.ThrowableCollector.execute(ThrowableCollector.java:73)\r\n\tat org.junit.platform.engine.support.hierarchical.NodeTestTask.lambda$executeRecursively$7(NodeTestTask.java:129)\r\n\tat org.junit.platform.engine.support.hierarchical.Node.around(Node.java:137)\r\n\tat org.junit.platform.engine.support.hierarchical.NodeTestTask.lambda$executeRecursively$8(NodeTestTask.java:127)\r\n\tat org.junit.platform.engine.support.hierarchical.ThrowableCollector.execute(ThrowableCollector.java:73)\r\n\tat org.junit.platform.engine.support.hierarchical.NodeTestTask.executeRecursively(NodeTestTask.java:126)\r\n\tat org.junit.platform.engine.support.hierarchical.NodeTestTask.execute(NodeTestTask.java:84)\r\n\tat org.junit.platform.engine.support.hierarchical.SameThreadHierarchicalTestExecutorService.submit(SameThreadHierarchicalTestExecutorService.java:32)\r\n\tat org.junit.platform.engine.support.hierarchical.HierarchicalTestExecutor.execute(HierarchicalTestExecutor.java:57)\r\n\tat org.junit.platform.engine.support.hierarchical.HierarchicalTestEngine.execute(HierarchicalTestEngine.java:51)\r\n\tat org.junit.platform.launcher.core.EngineExecutionOrchestrator.execute(EngineExecutionOrchestrator.java:108)\r\n\tat org.junit.platform.launcher.core.EngineExecutionOrchestrator.execute(EngineExecutionOrchestrator.java:88)\r\n\tat org.junit.platform.launcher.core.EngineExecutionOrchestrator.lambda$execute$0(EngineExecutionOrchestrator.java:54)\r\n\tat org.junit.platform.launcher.core.EngineExecutionOrchestrator.withInterceptedStreams(EngineExecutionOrchestrator.java:67)\r\n\tat org.junit.platform.launcher.core.EngineExecutionOrchestrator.execute(EngineExecutionOrchestrator.java:52)\r\n\tat org.junit.platform.launcher.core.DefaultLauncher.execute(DefaultLauncher.java:96)\r\n\tat org.junit.platform.launcher.core.DefaultLauncher.execute(DefaultLauncher.java:84)\r\n\tat org.eclipse.jdt.internal.junit5.runner.JUnit5TestReference.run(JUnit5TestReference.java:100)\r\n\tat org.eclipse.jdt.internal.junit.runner.TestExecution.run(TestExecution.java:40)\r\n\tat org.eclipse.jdt.internal.junit.runner.RemoteTestRunner.runTests(RemoteTestRunner.java:529)\r\n\tat org.eclipse.jdt.internal.junit.runner.RemoteTestRunner.runTests(RemoteTestRunner.java:757)\r\n\tat org.eclipse.jdt.internal.junit.runner.RemoteTestRunner.run(RemoteTestRunner.java:452)\r\n\tat org.eclipse.jdt.internal.junit.runner.RemoteTestRunner.main(RemoteTestRunner.java:210)\r\n"}],"line":63,"description":"","durationMillis":8.1119,"failed":true,"error":"Cannot invoke \"com.aventstack.extentreports.ExtentTest.info(String)\" because \"apifeatures.ReportHook.test\" is null\nclasspath:apifeatures\/Target.feature:63","executorName":"main","name":"Verify the status","startTime":1725114670756,"refId":"[2.2:63]","endTime":1725114670759,"exampleData":{"S.NO":"2","Modules":"Target","SCENARIO":"Verify the status","URL":"\/api\/v1\/target\/status","DESC":"Open target page","METHOD":"GET","STATUS_CODE":"200","VALIDATION":"Status should be correct","EXPECTED_RESULT":"{\"entity\":{\"active\":101,\"inActive\":0},\"httpStatus\":\"OK\",\"total\":1,\"valid\":true}","KEY":"httpStatus","VALUE":"\"OK\""},"exampleIndex":1},{"sectionIndex":1,"stepResults":[{"result":{"nanos":603900,"millis":0.6039,"status":"passed"},"step":{"background":true,"line":4,"prefix":"*","index":0,"text":"url 'http:\/\/122.165.121.195:8080'"},"stepLog":"20:01:10.718 The value of env is :  qa \n"},{"result":{"nanos":417500,"millis":0.4175,"status":"passed"},"step":{"background":true,"line":5,"prefix":"*","index":1,"text":"def baseurl = baseURL"}},{"result":{"nanos":667700,"millis":0.6677,"status":"passed"},"step":{"background":true,"line":6,"prefix":"*","index":2,"text":"def newid = \"null\""}},{"result":{"nanos":1808300,"millis":1.8083,"status":"passed"},"step":{"endLine":16,"background":true,"line":7,"prefix":"*","docString":"function(s) {\nvar text = \"\";\nvar pattern = \"ABCDEFGHIJKLMNOPQRSTUVWXYZ\";\nfor (var i=0;i<s;i++)\ntext += pattern.charAt(Math.random() * pattern.length());\nreturn text;\n}","index":3,"text":"def random_number ="}},{"result":{"nanos":2243200,"millis":2.2432,"status":"passed"},"step":{"background":true,"line":17,"prefix":"*","index":4,"text":"def randomstring = random_number(10)"}},{"result":{"nanos":1183600,"millis":1.1836,"status":"passed"},"step":{"background":true,"line":18,"prefix":"*","index":5,"text":"print randomstring"},"stepLog":"20:01:10.729 [print] IVEPNOYPGV \n"},{"result":{"nanos":1965700,"errorMessage":"js failed:\n>>>>\n01: baseURL+\/api\/v1\/target\/list?orderBy=ASC&sortBy=name\n<<<<\norg.graalvm.polyglot.PolyglotException: SyntaxError: Unnamed:1:15 Unsupported RegExp flag: v\r\nbaseURL+\/api\/v1\/target\/list?orderBy=ASC&sortBy=name\r\n               ^\n\n- org.graalvm.polyglot.Context.eval(Context.java:401)\n- com.intuit.karate.graal.JsEngine.evalForValue(JsEngine.java:141)\n- com.intuit.karate.graal.JsEngine.eval(JsEngine.java:137)\n- com.intuit.karate.core.ScenarioEngine.evalJs(ScenarioEngine.java:1344)\n- com.intuit.karate.core.ScenarioEngine.evalKarateExpression(ScenarioEngine.java:2373)\n- com.intuit.karate.core.ScenarioEngine.evalKarateExpression(ScenarioEngine.java:2292)\n- com.intuit.karate.core.ScenarioEngine.url(ScenarioEngine.java:365)\n\nclasspath:apifeatures\/Target.feature:47","millis":1.9657,"status":"failed"},"step":{"line":47,"prefix":"Given","index":0,"text":"url baseURL+\/api\/v1\/target\/list?orderBy=ASC&sortBy=name"},"stepLog":"20:01:10.769 The value of env is :  qa \n20:01:10.773 classpath:apifeatures\/Target.feature:47\nGiven url baseURL+\/api\/v1\/target\/list?orderBy=ASC&sortBy=name\njs failed:\n>>>>\n01: baseURL+\/api\/v1\/target\/list?orderBy=ASC&sortBy=name\n<<<<\norg.graalvm.polyglot.PolyglotException: SyntaxError: Unnamed:1:15 Unsupported RegExp flag: v\r\nbaseURL+\/api\/v1\/target\/list?orderBy=ASC&sortBy=name\r\n               ^\n\n- org.graalvm.polyglot.Context.eval(Context.java:401)\n- com.intuit.karate.graal.JsEngine.evalForValue(JsEngine.java:141)\n- com.intuit.karate.graal.JsEngine.eval(JsEngine.java:137)\n- com.intuit.karate.core.ScenarioEngine.evalJs(ScenarioEngine.java:1344)\n- com.intuit.karate.core.ScenarioEngine.evalKarateExpression(ScenarioEngine.java:2373)\n- com.intuit.karate.core.ScenarioEngine.evalKarateExpression(ScenarioEngine.java:2292)\n- com.intuit.karate.core.ScenarioEngine.url(ScenarioEngine.java:365)\n\nclasspath:apifeatures\/Target.feature:47\n"},{"result":{"nanos":0,"millis":0.0,"status":"skipped"},"step":{"line":48,"prefix":"When","index":1,"text":"method GET"}},{"result":{"nanos":0,"millis":0.0,"status":"skipped"},"step":{"line":49,"prefix":"Then","index":2,"text":"status 200"}},{"result":{"nanos":0,"millis":0.0,"status":"skipped"},"step":{"line":50,"prefix":"*","index":3,"text":"def projectSchema = { \"id\": '#number',\"name\": '#string',\"email\": '#string' ,\"phoneNumber\": '#string',\"description\": '#string',\"active\": '#boolean'}\n"}},{"result":{"nanos":0,"millis":0.0,"status":"skipped"},"step":{"line":51,"prefix":"*","index":4,"text":"def keyafter = \"coll\""}},{"result":{"nanos":0,"millis":0.0,"status":"skipped"},"step":{"endLine":57,"line":52,"prefix":"*","docString":"if (keyafter != '') {\n  keyafter = 'response.' + keyafter\n}","index":5,"text":"eval"}},{"result":{"nanos":0,"millis":0.0,"status":"skipped"},"step":{"line":58,"prefix":"And","index":6,"text":"print keyafter"}},{"result":{"nanos":0,"millis":0.0,"status":"skipped"},"step":{"line":59,"prefix":"And","index":7,"text":"match coll contains { \"id\": '#number',\"name\": '#string',\"email\": '#string' ,\"phoneNumber\": '#string',\"description\": '#string',\"active\": '#boolean'}\n"}},{"result":{"nanos":0,"errorMessage":"Cannot invoke \"com.aventstack.extentreports.ExtentTest.info(String)\" because \"apifeatures.ReportHook.test\" is null\nclasspath:apifeatures\/Target.feature:63","millis":0.0,"status":"failed"},"step":{"endLine":0,"line":63,"prefix":"*","index":-1,"text":"scenario [cleanup] failed"},"stepLog":"Cannot invoke \"com.aventstack.extentreports.ExtentTest.info(String)\" because \"apifeatures.ReportHook.test\" is null\njava.lang.NullPointerException: Cannot invoke \"com.aventstack.extentreports.ExtentTest.info(String)\" because \"apifeatures.ReportHook.test\" is null\r\n\tat apifeatures.ReportHook.afterScenario(ReportHook.java:50)\r\n\tat com.intuit.karate.core.ScenarioRuntime.lambda$afterRun$8(ScenarioRuntime.java:559)\r\n\tat java.base\/java.util.ArrayList.forEach(ArrayList.java:1511)\r\n\tat com.intuit.karate.core.ScenarioRuntime.afterRun(ScenarioRuntime.java:559)\r\n\tat com.intuit.karate.core.ScenarioRuntime.run(ScenarioRuntime.java:464)\r\n\tat com.intuit.karate.core.FeatureRuntime.processScenario(FeatureRuntime.java:182)\r\n\tat java.base\/java.util.stream.ReferencePipeline$2$1.accept(ReferencePipeline.java:179)\r\n\tat com.intuit.karate.core.ScenarioIterator.tryAdvance(ScenarioIterator.java:149)\r\n\tat java.base\/java.util.Spliterator.forEachRemaining(Spliterator.java:332)\r\n\tat java.base\/java.util.stream.AbstractPipeline.copyInto(AbstractPipeline.java:509)\r\n\tat java.base\/java.util.stream.AbstractPipeline.wrapAndCopyInto(AbstractPipeline.java:499)\r\n\tat java.base\/java.util.stream.StreamSpliterators$WrappingSpliterator.forEachRemaining(StreamSpliterators.java:310)\r\n\tat java.base\/java.util.Spliterators$1Adapter.forEachRemaining(Spliterators.java:706)\r\n\tat com.intuit.karate.core.FeatureRuntime.run(FeatureRuntime.java:165)\r\n\tat java.base\/java.util.concurrent.Executors$RunnableAdapter.call(Executors.java:539)\r\n\tat java.base\/java.util.concurrent.FutureTask.run(FutureTask.java:264)\r\n\tat com.intuit.karate.core.SyncExecutorService.execute(SyncExecutorService.java:70)\r\n\tat java.base\/java.util.concurrent.AbstractExecutorService.submit(AbstractExecutorService.java:123)\r\n\tat com.intuit.karate.Suite.run(Suite.java:235)\r\n\tat com.intuit.karate.Runner$Builder.parallel(Runner.java:575)\r\n\tat apifeatures.ScenarioRunner.testParallel(ScenarioRunner.java:22)\r\n\tat java.base\/jdk.internal.reflect.NativeMethodAccessorImpl.invoke0(Native Method)\r\n\tat java.base\/jdk.internal.reflect.NativeMethodAccessorImpl.invoke(NativeMethodAccessorImpl.java:77)\r\n\tat java.base\/jdk.internal.reflect.DelegatingMethodAccessorImpl.invoke(DelegatingMethodAccessorImpl.java:43)\r\n\tat java.base\/java.lang.reflect.Method.invoke(Method.java:568)\r\n\tat org.junit.platform.commons.util.ReflectionUtils.invokeMethod(ReflectionUtils.java:688)\r\n\tat org.junit.jupiter.engine.execution.MethodInvocation.proceed(MethodInvocation.java:60)\r\n\tat org.junit.jupiter.engine.execution.InvocationInterceptorChain$ValidatingInvocation.proceed(InvocationInterceptorChain.java:131)\r\n\tat org.junit.jupiter.engine.extension.TimeoutExtension.intercept(TimeoutExtension.java:149)\r\n\tat org.junit.jupiter.engine.extension.TimeoutExtension.interceptTestableMethod(TimeoutExtension.java:140)\r\n\tat org.junit.jupiter.engine.extension.TimeoutExtension.interceptTestMethod(TimeoutExtension.java:84)\r\n\tat org.junit.jupiter.engine.execution.ExecutableInvoker$ReflectiveInterceptorCall.lambda$ofVoidMethod$0(ExecutableInvoker.java:115)\r\n\tat org.junit.jupiter.engine.execution.ExecutableInvoker.lambda$invoke$0(ExecutableInvoker.java:105)\r\n\tat org.junit.jupiter.engine.execution.InvocationInterceptorChain$InterceptedInvocation.proceed(InvocationInterceptorChain.java:106)\r\n\tat org.junit.jupiter.engine.execution.InvocationInterceptorChain.proceed(InvocationInterceptorChain.java:64)\r\n\tat org.junit.jupiter.engine.execution.InvocationInterceptorChain.chainAndInvoke(InvocationInterceptorChain.java:45)\r\n\tat org.junit.jupiter.engine.execution.InvocationInterceptorChain.invoke(InvocationInterceptorChain.java:37)\r\n\tat org.junit.jupiter.engine.execution.ExecutableInvoker.invoke(ExecutableInvoker.java:104)\r\n\tat org.junit.jupiter.engine.execution.ExecutableInvoker.invoke(ExecutableInvoker.java:98)\r\n\tat org.junit.jupiter.engine.descriptor.TestMethodTestDescriptor.lambda$invokeTestMethod$6(TestMethodTestDescriptor.java:210)\r\n\tat org.junit.platform.engine.support.hierarchical.ThrowableCollector.execute(ThrowableCollector.java:73)\r\n\tat org.junit.jupiter.engine.descriptor.TestMethodTestDescriptor.invokeTestMethod(TestMethodTestDescriptor.java:206)\r\n\tat org.junit.jupiter.engine.descriptor.TestMethodTestDescriptor.execute(TestMethodTestDescriptor.java:131)\r\n\tat org.junit.jupiter.engine.descriptor.TestMethodTestDescriptor.execute(TestMethodTestDescriptor.java:65)\r\n\tat org.junit.platform.engine.support.hierarchical.NodeTestTask.lambda$executeRecursively$5(NodeTestTask.java:139)\r\n\tat org.junit.platform.engine.support.hierarchical.ThrowableCollector.execute(ThrowableCollector.java:73)\r\n\tat org.junit.platform.engine.support.hierarchical.NodeTestTask.lambda$executeRecursively$7(NodeTestTask.java:129)\r\n\tat org.junit.platform.engine.support.hierarchical.Node.around(Node.java:137)\r\n\tat org.junit.platform.engine.support.hierarchical.NodeTestTask.lambda$executeRecursively$8(NodeTestTask.java:127)\r\n\tat org.junit.platform.engine.support.hierarchical.ThrowableCollector.execute(ThrowableCollector.java:73)\r\n\tat org.junit.platform.engine.support.hierarchical.NodeTestTask.executeRecursively(NodeTestTask.java:126)\r\n\tat org.junit.platform.engine.support.hierarchical.NodeTestTask.execute(NodeTestTask.java:84)\r\n\tat java.base\/java.util.ArrayList.forEach(ArrayList.java:1511)\r\n\tat org.junit.platform.engine.support.hierarchical.SameThreadHierarchicalTestExecutorService.invokeAll(SameThreadHierarchicalTestExecutorService.java:38)\r\n\tat org.junit.platform.engine.support.hierarchical.NodeTestTask.lambda$executeRecursively$5(NodeTestTask.java:143)\r\n\tat org.junit.platform.engine.support.hierarchical.ThrowableCollector.execute(ThrowableCollector.java:73)\r\n\tat org.junit.platform.engine.support.hierarchical.NodeTestTask.lambda$executeRecursively$7(NodeTestTask.java:129)\r\n\tat org.junit.platform.engine.support.hierarchical.Node.around(Node.java:137)\r\n\tat org.junit.platform.engine.support.hierarchical.NodeTestTask.lambda$executeRecursively$8(NodeTestTask.java:127)\r\n\tat org.junit.platform.engine.support.hierarchical.ThrowableCollector.execute(ThrowableCollector.java:73)\r\n\tat org.junit.platform.engine.support.hierarchical.NodeTestTask.executeRecursively(NodeTestTask.java:126)\r\n\tat org.junit.platform.engine.support.hierarchical.NodeTestTask.execute(NodeTestTask.java:84)\r\n\tat java.base\/java.util.ArrayList.forEach(ArrayList.java:1511)\r\n\tat org.junit.platform.engine.support.hierarchical.SameThreadHierarchicalTestExecutorService.invokeAll(SameThreadHierarchicalTestExecutorService.java:38)\r\n\tat org.junit.platform.engine.support.hierarchical.NodeTestTask.lambda$executeRecursively$5(NodeTestTask.java:143)\r\n\tat org.junit.platform.engine.support.hierarchical.ThrowableCollector.execute(ThrowableCollector.java:73)\r\n\tat org.junit.platform.engine.support.hierarchical.NodeTestTask.lambda$executeRecursively$7(NodeTestTask.java:129)\r\n\tat org.junit.platform.engine.support.hierarchical.Node.around(Node.java:137)\r\n\tat org.junit.platform.engine.support.hierarchical.NodeTestTask.lambda$executeRecursively$8(NodeTestTask.java:127)\r\n\tat org.junit.platform.engine.support.hierarchical.ThrowableCollector.execute(ThrowableCollector.java:73)\r\n\tat org.junit.platform.engine.support.hierarchical.NodeTestTask.executeRecursively(NodeTestTask.java:126)\r\n\tat org.junit.platform.engine.support.hierarchical.NodeTestTask.execute(NodeTestTask.java:84)\r\n\tat org.junit.platform.engine.support.hierarchical.SameThreadHierarchicalTestExecutorService.submit(SameThreadHierarchicalTestExecutorService.java:32)\r\n\tat org.junit.platform.engine.support.hierarchical.HierarchicalTestExecutor.execute(HierarchicalTestExecutor.java:57)\r\n\tat org.junit.platform.engine.support.hierarchical.HierarchicalTestEngine.execute(HierarchicalTestEngine.java:51)\r\n\tat org.junit.platform.launcher.core.EngineExecutionOrchestrator.execute(EngineExecutionOrchestrator.java:108)\r\n\tat org.junit.platform.launcher.core.EngineExecutionOrchestrator.execute(EngineExecutionOrchestrator.java:88)\r\n\tat org.junit.platform.launcher.core.EngineExecutionOrchestrator.lambda$execute$0(EngineExecutionOrchestrator.java:54)\r\n\tat org.junit.platform.launcher.core.EngineExecutionOrchestrator.withInterceptedStreams(EngineExecutionOrchestrator.java:67)\r\n\tat org.junit.platform.launcher.core.EngineExecutionOrchestrator.execute(EngineExecutionOrchestrator.java:52)\r\n\tat org.junit.platform.launcher.core.DefaultLauncher.execute(DefaultLauncher.java:96)\r\n\tat org.junit.platform.launcher.core.DefaultLauncher.execute(DefaultLauncher.java:84)\r\n\tat org.eclipse.jdt.internal.junit5.runner.JUnit5TestReference.run(JUnit5TestReference.java:100)\r\n\tat org.eclipse.jdt.internal.junit.runner.TestExecution.run(TestExecution.java:40)\r\n\tat org.eclipse.jdt.internal.junit.runner.RemoteTestRunner.runTests(RemoteTestRunner.java:529)\r\n\tat org.eclipse.jdt.internal.junit.runner.RemoteTestRunner.runTests(RemoteTestRunner.java:757)\r\n\tat org.eclipse.jdt.internal.junit.runner.RemoteTestRunner.run(RemoteTestRunner.java:452)\r\n\tat org.eclipse.jdt.internal.junit.runner.RemoteTestRunner.main(RemoteTestRunner.java:210)\r\n"}],"line":63,"description":"","durationMillis":8.8899,"failed":true,"error":"Cannot invoke \"com.aventstack.extentreports.ExtentTest.info(String)\" because \"apifeatures.ReportHook.test\" is null\nclasspath:apifeatures\/Target.feature:63","executorName":"main","name":"Verify the active target list sort by ascending order","startTime":1725114670768,"refId":"[2.3:63]","endTime":1725114670773,"exampleData":{"S.NO":"3","Modules":"Target","SCENARIO":"Verify the active target list sort by ascending order","URL":"\/api\/v1\/target\/list?orderBy=ASC&sortBy=name","DESC":"Open target page","METHOD":"GET","STATUS_CODE":"200","VALIDATION":"Active target should be shown in ascending list","EXPECTED_RESULT":"\"coll\": [\n{\n\"id\": 106,\n\"name\": \"111\",\n\"advertiserId\": 79,\n\"airlineTargetRule\": {\n\"airlineIds\": [\n42\n]\n}","KEY":"coll","VALUE":"{ \"id\": '#number',\"name\": '#string',\"email\": '#string' ,\"phoneNumber\": '#string',\"description\": '#string',\"active\": '#boolean'}\n"},"exampleIndex":2},{"sectionIndex":1,"stepResults":[{"result":{"nanos":603900,"millis":0.6039,"status":"passed"},"step":{"background":true,"line":4,"prefix":"*","index":0,"text":"url 'http:\/\/122.165.121.195:8080'"},"stepLog":"20:01:10.718 The value of env is :  qa \n"},{"result":{"nanos":417500,"millis":0.4175,"status":"passed"},"step":{"background":true,"line":5,"prefix":"*","index":1,"text":"def baseurl = baseURL"}},{"result":{"nanos":667700,"millis":0.6677,"status":"passed"},"step":{"background":true,"line":6,"prefix":"*","index":2,"text":"def newid = \"null\""}},{"result":{"nanos":1808300,"millis":1.8083,"status":"passed"},"step":{"endLine":16,"background":true,"line":7,"prefix":"*","docString":"function(s) {\nvar text = \"\";\nvar pattern = \"ABCDEFGHIJKLMNOPQRSTUVWXYZ\";\nfor (var i=0;i<s;i++)\ntext += pattern.charAt(Math.random() * pattern.length());\nreturn text;\n}","index":3,"text":"def random_number ="}},{"result":{"nanos":2243200,"millis":2.2432,"status":"passed"},"step":{"background":true,"line":17,"prefix":"*","index":4,"text":"def randomstring = random_number(10)"}},{"result":{"nanos":1183600,"millis":1.1836,"status":"passed"},"step":{"background":true,"line":18,"prefix":"*","index":5,"text":"print randomstring"},"stepLog":"20:01:10.729 [print] IVEPNOYPGV \n"},{"result":{"nanos":1878400,"errorMessage":"js failed:\n>>>>\n01: baseURL+\/api\/v1\/target\/list?orderBy=DESC&sortBy=name\n<<<<\norg.graalvm.polyglot.PolyglotException: SyntaxError: Unnamed:1:15 Unsupported RegExp flag: v\r\nbaseURL+\/api\/v1\/target\/list?orderBy=DESC&sortBy=name\r\n               ^\n\n- org.graalvm.polyglot.Context.eval(Context.java:401)\n- com.intuit.karate.graal.JsEngine.evalForValue(JsEngine.java:141)\n- com.intuit.karate.graal.JsEngine.eval(JsEngine.java:137)\n- com.intuit.karate.core.ScenarioEngine.evalJs(ScenarioEngine.java:1344)\n- com.intuit.karate.core.ScenarioEngine.evalKarateExpression(ScenarioEngine.java:2373)\n- com.intuit.karate.core.ScenarioEngine.evalKarateExpression(ScenarioEngine.java:2292)\n- com.intuit.karate.core.ScenarioEngine.url(ScenarioEngine.java:365)\n\nclasspath:apifeatures\/Target.feature:47","millis":1.8784,"status":"failed"},"step":{"line":47,"prefix":"Given","index":0,"text":"url baseURL+\/api\/v1\/target\/list?orderBy=DESC&sortBy=name"},"stepLog":"20:01:10.784 The value of env is :  qa \n20:01:10.788 classpath:apifeatures\/Target.feature:47\nGiven url baseURL+\/api\/v1\/target\/list?orderBy=DESC&sortBy=name\njs failed:\n>>>>\n01: baseURL+\/api\/v1\/target\/list?orderBy=DESC&sortBy=name\n<<<<\norg.graalvm.polyglot.PolyglotException: SyntaxError: Unnamed:1:15 Unsupported RegExp flag: v\r\nbaseURL+\/api\/v1\/target\/list?orderBy=DESC&sortBy=name\r\n               ^\n\n- org.graalvm.polyglot.Context.eval(Context.java:401)\n- com.intuit.karate.graal.JsEngine.evalForValue(JsEngine.java:141)\n- com.intuit.karate.graal.JsEngine.eval(JsEngine.java:137)\n- com.intuit.karate.core.ScenarioEngine.evalJs(ScenarioEngine.java:1344)\n- com.intuit.karate.core.ScenarioEngine.evalKarateExpression(ScenarioEngine.java:2373)\n- com.intuit.karate.core.ScenarioEngine.evalKarateExpression(ScenarioEngine.java:2292)\n- com.intuit.karate.core.ScenarioEngine.url(ScenarioEngine.java:365)\n\nclasspath:apifeatures\/Target.feature:47\n"},{"result":{"nanos":0,"millis":0.0,"status":"skipped"},"step":{"line":48,"prefix":"When","index":1,"text":"method GET"}},{"result":{"nanos":0,"millis":0.0,"status":"skipped"},"step":{"line":49,"prefix":"Then","index":2,"text":"status 200"}},{"result":{"nanos":0,"millis":0.0,"status":"skipped"},"step":{"line":50,"prefix":"*","index":3,"text":"def projectSchema = { \"id\": '#number',\"name\": '#string',\"email\": '#string' ,\"phoneNumber\": '#string',\"description\": '#string',\"active\": '#boolean'}\n"}},{"result":{"nanos":0,"millis":0.0,"status":"skipped"},"step":{"line":51,"prefix":"*","index":4,"text":"def keyafter = \"coll\""}},{"result":{"nanos":0,"millis":0.0,"status":"skipped"},"step":{"endLine":57,"line":52,"prefix":"*","docString":"if (keyafter != '') {\n  keyafter = 'response.' + keyafter\n}","index":5,"text":"eval"}},{"result":{"nanos":0,"millis":0.0,"status":"skipped"},"step":{"line":58,"prefix":"And","index":6,"text":"print keyafter"}},{"result":{"nanos":0,"millis":0.0,"status":"skipped"},"step":{"line":59,"prefix":"And","index":7,"text":"match coll contains { \"id\": '#number',\"name\": '#string',\"email\": '#string' ,\"phoneNumber\": '#string',\"description\": '#string',\"active\": '#boolean'}\n"}},{"result":{"nanos":0,"errorMessage":"Cannot invoke \"com.aventstack.extentreports.ExtentTest.info(String)\" because \"apifeatures.ReportHook.test\" is null\nclasspath:apifeatures\/Target.feature:63","millis":0.0,"status":"failed"},"step":{"endLine":0,"line":63,"prefix":"*","index":-1,"text":"scenario [cleanup] failed"},"stepLog":"Cannot invoke \"com.aventstack.extentreports.ExtentTest.info(String)\" because \"apifeatures.ReportHook.test\" is null\njava.lang.NullPointerException: Cannot invoke \"com.aventstack.extentreports.ExtentTest.info(String)\" because \"apifeatures.ReportHook.test\" is null\r\n\tat apifeatures.ReportHook.afterScenario(ReportHook.java:50)\r\n\tat com.intuit.karate.core.ScenarioRuntime.lambda$afterRun$8(ScenarioRuntime.java:559)\r\n\tat java.base\/java.util.ArrayList.forEach(ArrayList.java:1511)\r\n\tat com.intuit.karate.core.ScenarioRuntime.afterRun(ScenarioRuntime.java:559)\r\n\tat com.intuit.karate.core.ScenarioRuntime.run(ScenarioRuntime.java:464)\r\n\tat com.intuit.karate.core.FeatureRuntime.processScenario(FeatureRuntime.java:182)\r\n\tat java.base\/java.util.stream.ReferencePipeline$2$1.accept(ReferencePipeline.java:179)\r\n\tat com.intuit.karate.core.ScenarioIterator.tryAdvance(ScenarioIterator.java:149)\r\n\tat java.base\/java.util.Spliterator.forEachRemaining(Spliterator.java:332)\r\n\tat java.base\/java.util.stream.AbstractPipeline.copyInto(AbstractPipeline.java:509)\r\n\tat java.base\/java.util.stream.AbstractPipeline.wrapAndCopyInto(AbstractPipeline.java:499)\r\n\tat java.base\/java.util.stream.StreamSpliterators$WrappingSpliterator.forEachRemaining(StreamSpliterators.java:310)\r\n\tat java.base\/java.util.Spliterators$1Adapter.forEachRemaining(Spliterators.java:706)\r\n\tat com.intuit.karate.core.FeatureRuntime.run(FeatureRuntime.java:165)\r\n\tat java.base\/java.util.concurrent.Executors$RunnableAdapter.call(Executors.java:539)\r\n\tat java.base\/java.util.concurrent.FutureTask.run(FutureTask.java:264)\r\n\tat com.intuit.karate.core.SyncExecutorService.execute(SyncExecutorService.java:70)\r\n\tat java.base\/java.util.concurrent.AbstractExecutorService.submit(AbstractExecutorService.java:123)\r\n\tat com.intuit.karate.Suite.run(Suite.java:235)\r\n\tat com.intuit.karate.Runner$Builder.parallel(Runner.java:575)\r\n\tat apifeatures.ScenarioRunner.testParallel(ScenarioRunner.java:22)\r\n\tat java.base\/jdk.internal.reflect.NativeMethodAccessorImpl.invoke0(Native Method)\r\n\tat java.base\/jdk.internal.reflect.NativeMethodAccessorImpl.invoke(NativeMethodAccessorImpl.java:77)\r\n\tat java.base\/jdk.internal.reflect.DelegatingMethodAccessorImpl.invoke(DelegatingMethodAccessorImpl.java:43)\r\n\tat java.base\/java.lang.reflect.Method.invoke(Method.java:568)\r\n\tat org.junit.platform.commons.util.ReflectionUtils.invokeMethod(ReflectionUtils.java:688)\r\n\tat org.junit.jupiter.engine.execution.MethodInvocation.proceed(MethodInvocation.java:60)\r\n\tat org.junit.jupiter.engine.execution.InvocationInterceptorChain$ValidatingInvocation.proceed(InvocationInterceptorChain.java:131)\r\n\tat org.junit.jupiter.engine.extension.TimeoutExtension.intercept(TimeoutExtension.java:149)\r\n\tat org.junit.jupiter.engine.extension.TimeoutExtension.interceptTestableMethod(TimeoutExtension.java:140)\r\n\tat org.junit.jupiter.engine.extension.TimeoutExtension.interceptTestMethod(TimeoutExtension.java:84)\r\n\tat org.junit.jupiter.engine.execution.ExecutableInvoker$ReflectiveInterceptorCall.lambda$ofVoidMethod$0(ExecutableInvoker.java:115)\r\n\tat org.junit.jupiter.engine.execution.ExecutableInvoker.lambda$invoke$0(ExecutableInvoker.java:105)\r\n\tat org.junit.jupiter.engine.execution.InvocationInterceptorChain$InterceptedInvocation.proceed(InvocationInterceptorChain.java:106)\r\n\tat org.junit.jupiter.engine.execution.InvocationInterceptorChain.proceed(InvocationInterceptorChain.java:64)\r\n\tat org.junit.jupiter.engine.execution.InvocationInterceptorChain.chainAndInvoke(InvocationInterceptorChain.java:45)\r\n\tat org.junit.jupiter.engine.execution.InvocationInterceptorChain.invoke(InvocationInterceptorChain.java:37)\r\n\tat org.junit.jupiter.engine.execution.ExecutableInvoker.invoke(ExecutableInvoker.java:104)\r\n\tat org.junit.jupiter.engine.execution.ExecutableInvoker.invoke(ExecutableInvoker.java:98)\r\n\tat org.junit.jupiter.engine.descriptor.TestMethodTestDescriptor.lambda$invokeTestMethod$6(TestMethodTestDescriptor.java:210)\r\n\tat org.junit.platform.engine.support.hierarchical.ThrowableCollector.execute(ThrowableCollector.java:73)\r\n\tat org.junit.jupiter.engine.descriptor.TestMethodTestDescriptor.invokeTestMethod(TestMethodTestDescriptor.java:206)\r\n\tat org.junit.jupiter.engine.descriptor.TestMethodTestDescriptor.execute(TestMethodTestDescriptor.java:131)\r\n\tat org.junit.jupiter.engine.descriptor.TestMethodTestDescriptor.execute(TestMethodTestDescriptor.java:65)\r\n\tat org.junit.platform.engine.support.hierarchical.NodeTestTask.lambda$executeRecursively$5(NodeTestTask.java:139)\r\n\tat org.junit.platform.engine.support.hierarchical.ThrowableCollector.execute(ThrowableCollector.java:73)\r\n\tat org.junit.platform.engine.support.hierarchical.NodeTestTask.lambda$executeRecursively$7(NodeTestTask.java:129)\r\n\tat org.junit.platform.engine.support.hierarchical.Node.around(Node.java:137)\r\n\tat org.junit.platform.engine.support.hierarchical.NodeTestTask.lambda$executeRecursively$8(NodeTestTask.java:127)\r\n\tat org.junit.platform.engine.support.hierarchical.ThrowableCollector.execute(ThrowableCollector.java:73)\r\n\tat org.junit.platform.engine.support.hierarchical.NodeTestTask.executeRecursively(NodeTestTask.java:126)\r\n\tat org.junit.platform.engine.support.hierarchical.NodeTestTask.execute(NodeTestTask.java:84)\r\n\tat java.base\/java.util.ArrayList.forEach(ArrayList.java:1511)\r\n\tat org.junit.platform.engine.support.hierarchical.SameThreadHierarchicalTestExecutorService.invokeAll(SameThreadHierarchicalTestExecutorService.java:38)\r\n\tat org.junit.platform.engine.support.hierarchical.NodeTestTask.lambda$executeRecursively$5(NodeTestTask.java:143)\r\n\tat org.junit.platform.engine.support.hierarchical.ThrowableCollector.execute(ThrowableCollector.java:73)\r\n\tat org.junit.platform.engine.support.hierarchical.NodeTestTask.lambda$executeRecursively$7(NodeTestTask.java:129)\r\n\tat org.junit.platform.engine.support.hierarchical.Node.around(Node.java:137)\r\n\tat org.junit.platform.engine.support.hierarchical.NodeTestTask.lambda$executeRecursively$8(NodeTestTask.java:127)\r\n\tat org.junit.platform.engine.support.hierarchical.ThrowableCollector.execute(ThrowableCollector.java:73)\r\n\tat org.junit.platform.engine.support.hierarchical.NodeTestTask.executeRecursively(NodeTestTask.java:126)\r\n\tat org.junit.platform.engine.support.hierarchical.NodeTestTask.execute(NodeTestTask.java:84)\r\n\tat java.base\/java.util.ArrayList.forEach(ArrayList.java:1511)\r\n\tat org.junit.platform.engine.support.hierarchical.SameThreadHierarchicalTestExecutorService.invokeAll(SameThreadHierarchicalTestExecutorService.java:38)\r\n\tat org.junit.platform.engine.support.hierarchical.NodeTestTask.lambda$executeRecursively$5(NodeTestTask.java:143)\r\n\tat org.junit.platform.engine.support.hierarchical.ThrowableCollector.execute(ThrowableCollector.java:73)\r\n\tat org.junit.platform.engine.support.hierarchical.NodeTestTask.lambda$executeRecursively$7(NodeTestTask.java:129)\r\n\tat org.junit.platform.engine.support.hierarchical.Node.around(Node.java:137)\r\n\tat org.junit.platform.engine.support.hierarchical.NodeTestTask.lambda$executeRecursively$8(NodeTestTask.java:127)\r\n\tat org.junit.platform.engine.support.hierarchical.ThrowableCollector.execute(ThrowableCollector.java:73)\r\n\tat org.junit.platform.engine.support.hierarchical.NodeTestTask.executeRecursively(NodeTestTask.java:126)\r\n\tat org.junit.platform.engine.support.hierarchical.NodeTestTask.execute(NodeTestTask.java:84)\r\n\tat org.junit.platform.engine.support.hierarchical.SameThreadHierarchicalTestExecutorService.submit(SameThreadHierarchicalTestExecutorService.java:32)\r\n\tat org.junit.platform.engine.support.hierarchical.HierarchicalTestExecutor.execute(HierarchicalTestExecutor.java:57)\r\n\tat org.junit.platform.engine.support.hierarchical.HierarchicalTestEngine.execute(HierarchicalTestEngine.java:51)\r\n\tat org.junit.platform.launcher.core.EngineExecutionOrchestrator.execute(EngineExecutionOrchestrator.java:108)\r\n\tat org.junit.platform.launcher.core.EngineExecutionOrchestrator.execute(EngineExecutionOrchestrator.java:88)\r\n\tat org.junit.platform.launcher.core.EngineExecutionOrchestrator.lambda$execute$0(EngineExecutionOrchestrator.java:54)\r\n\tat org.junit.platform.launcher.core.EngineExecutionOrchestrator.withInterceptedStreams(EngineExecutionOrchestrator.java:67)\r\n\tat org.junit.platform.launcher.core.EngineExecutionOrchestrator.execute(EngineExecutionOrchestrator.java:52)\r\n\tat org.junit.platform.launcher.core.DefaultLauncher.execute(DefaultLauncher.java:96)\r\n\tat org.junit.platform.launcher.core.DefaultLauncher.execute(DefaultLauncher.java:84)\r\n\tat org.eclipse.jdt.internal.junit5.runner.JUnit5TestReference.run(JUnit5TestReference.java:100)\r\n\tat org.eclipse.jdt.internal.junit.runner.TestExecution.run(TestExecution.java:40)\r\n\tat org.eclipse.jdt.internal.junit.runner.RemoteTestRunner.runTests(RemoteTestRunner.java:529)\r\n\tat org.eclipse.jdt.internal.junit.runner.RemoteTestRunner.runTests(RemoteTestRunner.java:757)\r\n\tat org.eclipse.jdt.internal.junit.runner.RemoteTestRunner.run(RemoteTestRunner.java:452)\r\n\tat org.eclipse.jdt.internal.junit.runner.RemoteTestRunner.main(RemoteTestRunner.java:210)\r\n"}],"line":63,"description":"","durationMillis":8.8026,"failed":true,"error":"Cannot invoke \"com.aventstack.extentreports.ExtentTest.info(String)\" because \"apifeatures.ReportHook.test\" is null\nclasspath:apifeatures\/Target.feature:63","executorName":"main","name":"Verify the active target list sort by descending order","startTime":1725114670782,"refId":"[2.4:63]","endTime":1725114670788,"exampleData":{"S.NO":"4","Modules":"Target","SCENARIO":"Verify the active target list sort by descending order","URL":"\/api\/v1\/target\/list?orderBy=DESC&sortBy=name","DESC":"Open target page","METHOD":"GET","STATUS_CODE":"200","VALIDATION":"Active target should be shown in descending list","EXPECTED_RESULT":"\"coll\": [\n{\n\"id\": 96,\n\"name\": \"video \",\n\"advertiserId\": 82,\n\"airlineTargetRule\": {\n\"airlineIds\": [\n57\n]\n}","KEY":"coll","VALUE":"{ \"id\": '#number',\"name\": '#string',\"email\": '#string' ,\"phoneNumber\": '#string',\"description\": '#string',\"active\": '#boolean'}\n"},"exampleIndex":3},{"sectionIndex":1,"stepResults":[{"result":{"nanos":603900,"millis":0.6039,"status":"passed"},"step":{"background":true,"line":4,"prefix":"*","index":0,"text":"url 'http:\/\/122.165.121.195:8080'"},"stepLog":"20:01:10.718 The value of env is :  qa \n"},{"result":{"nanos":417500,"millis":0.4175,"status":"passed"},"step":{"background":true,"line":5,"prefix":"*","index":1,"text":"def baseurl = baseURL"}},{"result":{"nanos":667700,"millis":0.6677,"status":"passed"},"step":{"background":true,"line":6,"prefix":"*","index":2,"text":"def newid = \"null\""}},{"result":{"nanos":1808300,"millis":1.8083,"status":"passed"},"step":{"endLine":16,"background":true,"line":7,"prefix":"*","docString":"function(s) {\nvar text = \"\";\nvar pattern = \"ABCDEFGHIJKLMNOPQRSTUVWXYZ\";\nfor (var i=0;i<s;i++)\ntext += pattern.charAt(Math.random() * pattern.length());\nreturn text;\n}","index":3,"text":"def random_number ="}},{"result":{"nanos":2243200,"millis":2.2432,"status":"passed"},"step":{"background":true,"line":17,"prefix":"*","index":4,"text":"def randomstring = random_number(10)"}},{"result":{"nanos":1183600,"millis":1.1836,"status":"passed"},"step":{"background":true,"line":18,"prefix":"*","index":5,"text":"print randomstring"},"stepLog":"20:01:10.729 [print] IVEPNOYPGV \n"},{"result":{"nanos":1480400,"errorMessage":"js failed:\n>>>>\n01: baseURL+\/api\/v1\/target\/list?orderBy=ASC&search=111&sortBy=name\n<<<<\norg.graalvm.polyglot.PolyglotException: SyntaxError: Unnamed:1:15 Unsupported RegExp flag: v\r\nbaseURL+\/api\/v1\/target\/list?orderBy=ASC&search=111&sortBy=name\r\n               ^\n\n- org.graalvm.polyglot.Context.eval(Context.java:401)\n- com.intuit.karate.graal.JsEngine.evalForValue(JsEngine.java:141)\n- com.intuit.karate.graal.JsEngine.eval(JsEngine.java:137)\n- com.intuit.karate.core.ScenarioEngine.evalJs(ScenarioEngine.java:1344)\n- com.intuit.karate.core.ScenarioEngine.evalKarateExpression(ScenarioEngine.java:2373)\n- com.intuit.karate.core.ScenarioEngine.evalKarateExpression(ScenarioEngine.java:2292)\n- com.intuit.karate.core.ScenarioEngine.url(ScenarioEngine.java:365)\n\nclasspath:apifeatures\/Target.feature:47","millis":1.4804,"status":"failed"},"step":{"line":47,"prefix":"Given","index":0,"text":"url baseURL+\/api\/v1\/target\/list?orderBy=ASC&search=111&sortBy=name"},"stepLog":"20:01:10.798 The value of env is :  qa \n20:01:10.801 classpath:apifeatures\/Target.feature:47\nGiven url baseURL+\/api\/v1\/target\/list?orderBy=ASC&search=111&sortBy=name\njs failed:\n>>>>\n01: baseURL+\/api\/v1\/target\/list?orderBy=ASC&search=111&sortBy=name\n<<<<\norg.graalvm.polyglot.PolyglotException: SyntaxError: Unnamed:1:15 Unsupported RegExp flag: v\r\nbaseURL+\/api\/v1\/target\/list?orderBy=ASC&search=111&sortBy=name\r\n               ^\n\n- org.graalvm.polyglot.Context.eval(Context.java:401)\n- com.intuit.karate.graal.JsEngine.evalForValue(JsEngine.java:141)\n- com.intuit.karate.graal.JsEngine.eval(JsEngine.java:137)\n- com.intuit.karate.core.ScenarioEngine.evalJs(ScenarioEngine.java:1344)\n- com.intuit.karate.core.ScenarioEngine.evalKarateExpression(ScenarioEngine.java:2373)\n- com.intuit.karate.core.ScenarioEngine.evalKarateExpression(ScenarioEngine.java:2292)\n- com.intuit.karate.core.ScenarioEngine.url(ScenarioEngine.java:365)\n\nclasspath:apifeatures\/Target.feature:47\n"},{"result":{"nanos":0,"millis":0.0,"status":"skipped"},"step":{"line":48,"prefix":"When","index":1,"text":"method GET"}},{"result":{"nanos":0,"millis":0.0,"status":"skipped"},"step":{"line":49,"prefix":"Then","index":2,"text":"status 200"}},{"result":{"nanos":0,"millis":0.0,"status":"skipped"},"step":{"line":50,"prefix":"*","index":3,"text":"def projectSchema = { \"id\": '#number',\"name\": '#string',\"email\": '#string' ,\"phoneNumber\": '#string',\"description\": '#string',\"active\": '#boolean'}\n"}},{"result":{"nanos":0,"millis":0.0,"status":"skipped"},"step":{"line":51,"prefix":"*","index":4,"text":"def keyafter = \"coll\""}},{"result":{"nanos":0,"millis":0.0,"status":"skipped"},"step":{"endLine":57,"line":52,"prefix":"*","docString":"if (keyafter != '') {\n  keyafter = 'response.' + keyafter\n}","index":5,"text":"eval"}},{"result":{"nanos":0,"millis":0.0,"status":"skipped"},"step":{"line":58,"prefix":"And","index":6,"text":"print keyafter"}},{"result":{"nanos":0,"millis":0.0,"status":"skipped"},"step":{"line":59,"prefix":"And","index":7,"text":"match coll contains { \"id\": '#number',\"name\": '#string',\"email\": '#string' ,\"phoneNumber\": '#string',\"description\": '#string',\"active\": '#boolean'}\n"}},{"result":{"nanos":0,"errorMessage":"Cannot invoke \"com.aventstack.extentreports.ExtentTest.info(String)\" because \"apifeatures.ReportHook.test\" is null\nclasspath:apifeatures\/Target.feature:63","millis":0.0,"status":"failed"},"step":{"endLine":0,"line":63,"prefix":"*","index":-1,"text":"scenario [cleanup] failed"},"stepLog":"Cannot invoke \"com.aventstack.extentreports.ExtentTest.info(String)\" because \"apifeatures.ReportHook.test\" is null\njava.lang.NullPointerException: Cannot invoke \"com.aventstack.extentreports.ExtentTest.info(String)\" because \"apifeatures.ReportHook.test\" is null\r\n\tat apifeatures.ReportHook.afterScenario(ReportHook.java:50)\r\n\tat com.intuit.karate.core.ScenarioRuntime.lambda$afterRun$8(ScenarioRuntime.java:559)\r\n\tat java.base\/java.util.ArrayList.forEach(ArrayList.java:1511)\r\n\tat com.intuit.karate.core.ScenarioRuntime.afterRun(ScenarioRuntime.java:559)\r\n\tat com.intuit.karate.core.ScenarioRuntime.run(ScenarioRuntime.java:464)\r\n\tat com.intuit.karate.core.FeatureRuntime.processScenario(FeatureRuntime.java:182)\r\n\tat java.base\/java.util.stream.ReferencePipeline$2$1.accept(ReferencePipeline.java:179)\r\n\tat com.intuit.karate.core.ScenarioIterator.tryAdvance(ScenarioIterator.java:149)\r\n\tat java.base\/java.util.Spliterator.forEachRemaining(Spliterator.java:332)\r\n\tat java.base\/java.util.stream.AbstractPipeline.copyInto(AbstractPipeline.java:509)\r\n\tat java.base\/java.util.stream.AbstractPipeline.wrapAndCopyInto(AbstractPipeline.java:499)\r\n\tat java.base\/java.util.stream.StreamSpliterators$WrappingSpliterator.forEachRemaining(StreamSpliterators.java:310)\r\n\tat java.base\/java.util.Spliterators$1Adapter.forEachRemaining(Spliterators.java:706)\r\n\tat com.intuit.karate.core.FeatureRuntime.run(FeatureRuntime.java:165)\r\n\tat java.base\/java.util.concurrent.Executors$RunnableAdapter.call(Executors.java:539)\r\n\tat java.base\/java.util.concurrent.FutureTask.run(FutureTask.java:264)\r\n\tat com.intuit.karate.core.SyncExecutorService.execute(SyncExecutorService.java:70)\r\n\tat java.base\/java.util.concurrent.AbstractExecutorService.submit(AbstractExecutorService.java:123)\r\n\tat com.intuit.karate.Suite.run(Suite.java:235)\r\n\tat com.intuit.karate.Runner$Builder.parallel(Runner.java:575)\r\n\tat apifeatures.ScenarioRunner.testParallel(ScenarioRunner.java:22)\r\n\tat java.base\/jdk.internal.reflect.NativeMethodAccessorImpl.invoke0(Native Method)\r\n\tat java.base\/jdk.internal.reflect.NativeMethodAccessorImpl.invoke(NativeMethodAccessorImpl.java:77)\r\n\tat java.base\/jdk.internal.reflect.DelegatingMethodAccessorImpl.invoke(DelegatingMethodAccessorImpl.java:43)\r\n\tat java.base\/java.lang.reflect.Method.invoke(Method.java:568)\r\n\tat org.junit.platform.commons.util.ReflectionUtils.invokeMethod(ReflectionUtils.java:688)\r\n\tat org.junit.jupiter.engine.execution.MethodInvocation.proceed(MethodInvocation.java:60)\r\n\tat org.junit.jupiter.engine.execution.InvocationInterceptorChain$ValidatingInvocation.proceed(InvocationInterceptorChain.java:131)\r\n\tat org.junit.jupiter.engine.extension.TimeoutExtension.intercept(TimeoutExtension.java:149)\r\n\tat org.junit.jupiter.engine.extension.TimeoutExtension.interceptTestableMethod(TimeoutExtension.java:140)\r\n\tat org.junit.jupiter.engine.extension.TimeoutExtension.interceptTestMethod(TimeoutExtension.java:84)\r\n\tat org.junit.jupiter.engine.execution.ExecutableInvoker$ReflectiveInterceptorCall.lambda$ofVoidMethod$0(ExecutableInvoker.java:115)\r\n\tat org.junit.jupiter.engine.execution.ExecutableInvoker.lambda$invoke$0(ExecutableInvoker.java:105)\r\n\tat org.junit.jupiter.engine.execution.InvocationInterceptorChain$InterceptedInvocation.proceed(InvocationInterceptorChain.java:106)\r\n\tat org.junit.jupiter.engine.execution.InvocationInterceptorChain.proceed(InvocationInterceptorChain.java:64)\r\n\tat org.junit.jupiter.engine.execution.InvocationInterceptorChain.chainAndInvoke(InvocationInterceptorChain.java:45)\r\n\tat org.junit.jupiter.engine.execution.InvocationInterceptorChain.invoke(InvocationInterceptorChain.java:37)\r\n\tat org.junit.jupiter.engine.execution.ExecutableInvoker.invoke(ExecutableInvoker.java:104)\r\n\tat org.junit.jupiter.engine.execution.ExecutableInvoker.invoke(ExecutableInvoker.java:98)\r\n\tat org.junit.jupiter.engine.descriptor.TestMethodTestDescriptor.lambda$invokeTestMethod$6(TestMethodTestDescriptor.java:210)\r\n\tat org.junit.platform.engine.support.hierarchical.ThrowableCollector.execute(ThrowableCollector.java:73)\r\n\tat org.junit.jupiter.engine.descriptor.TestMethodTestDescriptor.invokeTestMethod(TestMethodTestDescriptor.java:206)\r\n\tat org.junit.jupiter.engine.descriptor.TestMethodTestDescriptor.execute(TestMethodTestDescriptor.java:131)\r\n\tat org.junit.jupiter.engine.descriptor.TestMethodTestDescriptor.execute(TestMethodTestDescriptor.java:65)\r\n\tat org.junit.platform.engine.support.hierarchical.NodeTestTask.lambda$executeRecursively$5(NodeTestTask.java:139)\r\n\tat org.junit.platform.engine.support.hierarchical.ThrowableCollector.execute(ThrowableCollector.java:73)\r\n\tat org.junit.platform.engine.support.hierarchical.NodeTestTask.lambda$executeRecursively$7(NodeTestTask.java:129)\r\n\tat org.junit.platform.engine.support.hierarchical.Node.around(Node.java:137)\r\n\tat org.junit.platform.engine.support.hierarchical.NodeTestTask.lambda$executeRecursively$8(NodeTestTask.java:127)\r\n\tat org.junit.platform.engine.support.hierarchical.ThrowableCollector.execute(ThrowableCollector.java:73)\r\n\tat org.junit.platform.engine.support.hierarchical.NodeTestTask.executeRecursively(NodeTestTask.java:126)\r\n\tat org.junit.platform.engine.support.hierarchical.NodeTestTask.execute(NodeTestTask.java:84)\r\n\tat java.base\/java.util.ArrayList.forEach(ArrayList.java:1511)\r\n\tat org.junit.platform.engine.support.hierarchical.SameThreadHierarchicalTestExecutorService.invokeAll(SameThreadHierarchicalTestExecutorService.java:38)\r\n\tat org.junit.platform.engine.support.hierarchical.NodeTestTask.lambda$executeRecursively$5(NodeTestTask.java:143)\r\n\tat org.junit.platform.engine.support.hierarchical.ThrowableCollector.execute(ThrowableCollector.java:73)\r\n\tat org.junit.platform.engine.support.hierarchical.NodeTestTask.lambda$executeRecursively$7(NodeTestTask.java:129)\r\n\tat org.junit.platform.engine.support.hierarchical.Node.around(Node.java:137)\r\n\tat org.junit.platform.engine.support.hierarchical.NodeTestTask.lambda$executeRecursively$8(NodeTestTask.java:127)\r\n\tat org.junit.platform.engine.support.hierarchical.ThrowableCollector.execute(ThrowableCollector.java:73)\r\n\tat org.junit.platform.engine.support.hierarchical.NodeTestTask.executeRecursively(NodeTestTask.java:126)\r\n\tat org.junit.platform.engine.support.hierarchical.NodeTestTask.execute(NodeTestTask.java:84)\r\n\tat java.base\/java.util.ArrayList.forEach(ArrayList.java:1511)\r\n\tat org.junit.platform.engine.support.hierarchical.SameThreadHierarchicalTestExecutorService.invokeAll(SameThreadHierarchicalTestExecutorService.java:38)\r\n\tat org.junit.platform.engine.support.hierarchical.NodeTestTask.lambda$executeRecursively$5(NodeTestTask.java:143)\r\n\tat org.junit.platform.engine.support.hierarchical.ThrowableCollector.execute(ThrowableCollector.java:73)\r\n\tat org.junit.platform.engine.support.hierarchical.NodeTestTask.lambda$executeRecursively$7(NodeTestTask.java:129)\r\n\tat org.junit.platform.engine.support.hierarchical.Node.around(Node.java:137)\r\n\tat org.junit.platform.engine.support.hierarchical.NodeTestTask.lambda$executeRecursively$8(NodeTestTask.java:127)\r\n\tat org.junit.platform.engine.support.hierarchical.ThrowableCollector.execute(ThrowableCollector.java:73)\r\n\tat org.junit.platform.engine.support.hierarchical.NodeTestTask.executeRecursively(NodeTestTask.java:126)\r\n\tat org.junit.platform.engine.support.hierarchical.NodeTestTask.execute(NodeTestTask.java:84)\r\n\tat org.junit.platform.engine.support.hierarchical.SameThreadHierarchicalTestExecutorService.submit(SameThreadHierarchicalTestExecutorService.java:32)\r\n\tat org.junit.platform.engine.support.hierarchical.HierarchicalTestExecutor.execute(HierarchicalTestExecutor.java:57)\r\n\tat org.junit.platform.engine.support.hierarchical.HierarchicalTestEngine.execute(HierarchicalTestEngine.java:51)\r\n\tat org.junit.platform.launcher.core.EngineExecutionOrchestrator.execute(EngineExecutionOrchestrator.java:108)\r\n\tat org.junit.platform.launcher.core.EngineExecutionOrchestrator.execute(EngineExecutionOrchestrator.java:88)\r\n\tat org.junit.platform.launcher.core.EngineExecutionOrchestrator.lambda$execute$0(EngineExecutionOrchestrator.java:54)\r\n\tat org.junit.platform.launcher.core.EngineExecutionOrchestrator.withInterceptedStreams(EngineExecutionOrchestrator.java:67)\r\n\tat org.junit.platform.launcher.core.EngineExecutionOrchestrator.execute(EngineExecutionOrchestrator.java:52)\r\n\tat org.junit.platform.launcher.core.DefaultLauncher.execute(DefaultLauncher.java:96)\r\n\tat org.junit.platform.launcher.core.DefaultLauncher.execute(DefaultLauncher.java:84)\r\n\tat org.eclipse.jdt.internal.junit5.runner.JUnit5TestReference.run(JUnit5TestReference.java:100)\r\n\tat org.eclipse.jdt.internal.junit.runner.TestExecution.run(TestExecution.java:40)\r\n\tat org.eclipse.jdt.internal.junit.runner.RemoteTestRunner.runTests(RemoteTestRunner.java:529)\r\n\tat org.eclipse.jdt.internal.junit.runner.RemoteTestRunner.runTests(RemoteTestRunner.java:757)\r\n\tat org.eclipse.jdt.internal.junit.runner.RemoteTestRunner.run(RemoteTestRunner.java:452)\r\n\tat org.eclipse.jdt.internal.junit.runner.RemoteTestRunner.main(RemoteTestRunner.java:210)\r\n"}],"line":63,"description":"","durationMillis":8.4046,"failed":true,"error":"Cannot invoke \"com.aventstack.extentreports.ExtentTest.info(String)\" because \"apifeatures.ReportHook.test\" is null\nclasspath:apifeatures\/Target.feature:63","executorName":"main","name":"Verify the target search in target list","startTime":1725114670797,"refId":"[2.5:63]","endTime":1725114670802,"exampleData":{"S.NO":"5","Modules":"Target","SCENARIO":"Verify the target search in target list","URL":"\/api\/v1\/target\/list?orderBy=ASC&search=111&sortBy=name","DESC":"Open target page","METHOD":"GET","STATUS_CODE":"200","VALIDATION":"Searched target should be shown in list","EXPECTED_RESULT":"\"coll\": [\n{\n\"id\": 106,\n\"name\": \"111\",\n\"advertiserId\": 79,\n\"airlineTargetRule\": {\n\"airlineIds\": [\n42\n]\n}","KEY":"coll","VALUE":"{ \"id\": '#number',\"name\": '#string',\"email\": '#string' ,\"phoneNumber\": '#string',\"description\": '#string',\"active\": '#boolean'}\n"},"exampleIndex":4},{"sectionIndex":1,"stepResults":[{"result":{"nanos":603900,"millis":0.6039,"status":"passed"},"step":{"background":true,"line":4,"prefix":"*","index":0,"text":"url 'http:\/\/122.165.121.195:8080'"},"stepLog":"20:01:10.718 The value of env is :  qa \n"},{"result":{"nanos":417500,"millis":0.4175,"status":"passed"},"step":{"background":true,"line":5,"prefix":"*","index":1,"text":"def baseurl = baseURL"}},{"result":{"nanos":667700,"millis":0.6677,"status":"passed"},"step":{"background":true,"line":6,"prefix":"*","index":2,"text":"def newid = \"null\""}},{"result":{"nanos":1808300,"millis":1.8083,"status":"passed"},"step":{"endLine":16,"background":true,"line":7,"prefix":"*","docString":"function(s) {\nvar text = \"\";\nvar pattern = \"ABCDEFGHIJKLMNOPQRSTUVWXYZ\";\nfor (var i=0;i<s;i++)\ntext += pattern.charAt(Math.random() * pattern.length());\nreturn text;\n}","index":3,"text":"def random_number ="}},{"result":{"nanos":2243200,"millis":2.2432,"status":"passed"},"step":{"background":true,"line":17,"prefix":"*","index":4,"text":"def randomstring = random_number(10)"}},{"result":{"nanos":1183600,"millis":1.1836,"status":"passed"},"step":{"background":true,"line":18,"prefix":"*","index":5,"text":"print randomstring"},"stepLog":"20:01:10.729 [print] IVEPNOYPGV \n"},{"result":{"nanos":1342500,"errorMessage":"js failed:\n>>>>\n01: baseURL+\/api\/v1\/target\/134\n<<<<\norg.graalvm.polyglot.PolyglotException: SyntaxError: Unnamed:1:15 Unsupported RegExp flag: v\r\nbaseURL+\/api\/v1\/target\/134\r\n               ^\n\n- org.graalvm.polyglot.Context.eval(Context.java:401)\n- com.intuit.karate.graal.JsEngine.evalForValue(JsEngine.java:141)\n- com.intuit.karate.graal.JsEngine.eval(JsEngine.java:137)\n- com.intuit.karate.core.ScenarioEngine.evalJs(ScenarioEngine.java:1344)\n- com.intuit.karate.core.ScenarioEngine.evalKarateExpression(ScenarioEngine.java:2373)\n- com.intuit.karate.core.ScenarioEngine.evalKarateExpression(ScenarioEngine.java:2292)\n- com.intuit.karate.core.ScenarioEngine.url(ScenarioEngine.java:365)\n\nclasspath:apifeatures\/Target.feature:47","millis":1.3425,"status":"failed"},"step":{"line":47,"prefix":"Given","index":0,"text":"url baseURL+\/api\/v1\/target\/134"},"stepLog":"20:01:10.810 The value of env is :  qa \n20:01:10.813 classpath:apifeatures\/Target.feature:47\nGiven url baseURL+\/api\/v1\/target\/134\njs failed:\n>>>>\n01: baseURL+\/api\/v1\/target\/134\n<<<<\norg.graalvm.polyglot.PolyglotException: SyntaxError: Unnamed:1:15 Unsupported RegExp flag: v\r\nbaseURL+\/api\/v1\/target\/134\r\n               ^\n\n- org.graalvm.polyglot.Context.eval(Context.java:401)\n- com.intuit.karate.graal.JsEngine.evalForValue(JsEngine.java:141)\n- com.intuit.karate.graal.JsEngine.eval(JsEngine.java:137)\n- com.intuit.karate.core.ScenarioEngine.evalJs(ScenarioEngine.java:1344)\n- com.intuit.karate.core.ScenarioEngine.evalKarateExpression(ScenarioEngine.java:2373)\n- com.intuit.karate.core.ScenarioEngine.evalKarateExpression(ScenarioEngine.java:2292)\n- com.intuit.karate.core.ScenarioEngine.url(ScenarioEngine.java:365)\n\nclasspath:apifeatures\/Target.feature:47\n"},{"result":{"nanos":0,"millis":0.0,"status":"skipped"},"step":{"line":48,"prefix":"When","index":1,"text":"method GET"}},{"result":{"nanos":0,"millis":0.0,"status":"skipped"},"step":{"line":49,"prefix":"Then","index":2,"text":"status 200"}},{"result":{"nanos":0,"millis":0.0,"status":"skipped"},"step":{"line":50,"prefix":"*","index":3,"text":"def projectSchema = { \"id\": '#number',\"name\": '#string',\"email\": '#string' ,\"phoneNumber\": '#string',\"description\": '#string',\"active\": '#boolean'}\n"}},{"result":{"nanos":0,"millis":0.0,"status":"skipped"},"step":{"line":51,"prefix":"*","index":4,"text":"def keyafter = \"coll\""}},{"result":{"nanos":0,"millis":0.0,"status":"skipped"},"step":{"endLine":57,"line":52,"prefix":"*","docString":"if (keyafter != '') {\n  keyafter = 'response.' + keyafter\n}","index":5,"text":"eval"}},{"result":{"nanos":0,"millis":0.0,"status":"skipped"},"step":{"line":58,"prefix":"And","index":6,"text":"print keyafter"}},{"result":{"nanos":0,"millis":0.0,"status":"skipped"},"step":{"line":59,"prefix":"And","index":7,"text":"match coll contains { \"id\": '#number',\"name\": '#string',\"email\": '#string' ,\"phoneNumber\": '#string',\"description\": '#string',\"active\": '#boolean'}\n"}},{"result":{"nanos":0,"errorMessage":"Cannot invoke \"com.aventstack.extentreports.ExtentTest.info(String)\" because \"apifeatures.ReportHook.test\" is null\nclasspath:apifeatures\/Target.feature:63","millis":0.0,"status":"failed"},"step":{"endLine":0,"line":63,"prefix":"*","index":-1,"text":"scenario [cleanup] failed"},"stepLog":"Cannot invoke \"com.aventstack.extentreports.ExtentTest.info(String)\" because \"apifeatures.ReportHook.test\" is null\njava.lang.NullPointerException: Cannot invoke \"com.aventstack.extentreports.ExtentTest.info(String)\" because \"apifeatures.ReportHook.test\" is null\r\n\tat apifeatures.ReportHook.afterScenario(ReportHook.java:50)\r\n\tat com.intuit.karate.core.ScenarioRuntime.lambda$afterRun$8(ScenarioRuntime.java:559)\r\n\tat java.base\/java.util.ArrayList.forEach(ArrayList.java:1511)\r\n\tat com.intuit.karate.core.ScenarioRuntime.afterRun(ScenarioRuntime.java:559)\r\n\tat com.intuit.karate.core.ScenarioRuntime.run(ScenarioRuntime.java:464)\r\n\tat com.intuit.karate.core.FeatureRuntime.processScenario(FeatureRuntime.java:182)\r\n\tat java.base\/java.util.stream.ReferencePipeline$2$1.accept(ReferencePipeline.java:179)\r\n\tat com.intuit.karate.core.ScenarioIterator.tryAdvance(ScenarioIterator.java:149)\r\n\tat java.base\/java.util.Spliterator.forEachRemaining(Spliterator.java:332)\r\n\tat java.base\/java.util.stream.AbstractPipeline.copyInto(AbstractPipeline.java:509)\r\n\tat java.base\/java.util.stream.AbstractPipeline.wrapAndCopyInto(AbstractPipeline.java:499)\r\n\tat java.base\/java.util.stream.StreamSpliterators$WrappingSpliterator.forEachRemaining(StreamSpliterators.java:310)\r\n\tat java.base\/java.util.Spliterators$1Adapter.forEachRemaining(Spliterators.java:706)\r\n\tat com.intuit.karate.core.FeatureRuntime.run(FeatureRuntime.java:165)\r\n\tat java.base\/java.util.concurrent.Executors$RunnableAdapter.call(Executors.java:539)\r\n\tat java.base\/java.util.concurrent.FutureTask.run(FutureTask.java:264)\r\n\tat com.intuit.karate.core.SyncExecutorService.execute(SyncExecutorService.java:70)\r\n\tat java.base\/java.util.concurrent.AbstractExecutorService.submit(AbstractExecutorService.java:123)\r\n\tat com.intuit.karate.Suite.run(Suite.java:235)\r\n\tat com.intuit.karate.Runner$Builder.parallel(Runner.java:575)\r\n\tat apifeatures.ScenarioRunner.testParallel(ScenarioRunner.java:22)\r\n\tat java.base\/jdk.internal.reflect.NativeMethodAccessorImpl.invoke0(Native Method)\r\n\tat java.base\/jdk.internal.reflect.NativeMethodAccessorImpl.invoke(NativeMethodAccessorImpl.java:77)\r\n\tat java.base\/jdk.internal.reflect.DelegatingMethodAccessorImpl.invoke(DelegatingMethodAccessorImpl.java:43)\r\n\tat java.base\/java.lang.reflect.Method.invoke(Method.java:568)\r\n\tat org.junit.platform.commons.util.ReflectionUtils.invokeMethod(ReflectionUtils.java:688)\r\n\tat org.junit.jupiter.engine.execution.MethodInvocation.proceed(MethodInvocation.java:60)\r\n\tat org.junit.jupiter.engine.execution.InvocationInterceptorChain$ValidatingInvocation.proceed(InvocationInterceptorChain.java:131)\r\n\tat org.junit.jupiter.engine.extension.TimeoutExtension.intercept(TimeoutExtension.java:149)\r\n\tat org.junit.jupiter.engine.extension.TimeoutExtension.interceptTestableMethod(TimeoutExtension.java:140)\r\n\tat org.junit.jupiter.engine.extension.TimeoutExtension.interceptTestMethod(TimeoutExtension.java:84)\r\n\tat org.junit.jupiter.engine.execution.ExecutableInvoker$ReflectiveInterceptorCall.lambda$ofVoidMethod$0(ExecutableInvoker.java:115)\r\n\tat org.junit.jupiter.engine.execution.ExecutableInvoker.lambda$invoke$0(ExecutableInvoker.java:105)\r\n\tat org.junit.jupiter.engine.execution.InvocationInterceptorChain$InterceptedInvocation.proceed(InvocationInterceptorChain.java:106)\r\n\tat org.junit.jupiter.engine.execution.InvocationInterceptorChain.proceed(InvocationInterceptorChain.java:64)\r\n\tat org.junit.jupiter.engine.execution.InvocationInterceptorChain.chainAndInvoke(InvocationInterceptorChain.java:45)\r\n\tat org.junit.jupiter.engine.execution.InvocationInterceptorChain.invoke(InvocationInterceptorChain.java:37)\r\n\tat org.junit.jupiter.engine.execution.ExecutableInvoker.invoke(ExecutableInvoker.java:104)\r\n\tat org.junit.jupiter.engine.execution.ExecutableInvoker.invoke(ExecutableInvoker.java:98)\r\n\tat org.junit.jupiter.engine.descriptor.TestMethodTestDescriptor.lambda$invokeTestMethod$6(TestMethodTestDescriptor.java:210)\r\n\tat org.junit.platform.engine.support.hierarchical.ThrowableCollector.execute(ThrowableCollector.java:73)\r\n\tat org.junit.jupiter.engine.descriptor.TestMethodTestDescriptor.invokeTestMethod(TestMethodTestDescriptor.java:206)\r\n\tat org.junit.jupiter.engine.descriptor.TestMethodTestDescriptor.execute(TestMethodTestDescriptor.java:131)\r\n\tat org.junit.jupiter.engine.descriptor.TestMethodTestDescriptor.execute(TestMethodTestDescriptor.java:65)\r\n\tat org.junit.platform.engine.support.hierarchical.NodeTestTask.lambda$executeRecursively$5(NodeTestTask.java:139)\r\n\tat org.junit.platform.engine.support.hierarchical.ThrowableCollector.execute(ThrowableCollector.java:73)\r\n\tat org.junit.platform.engine.support.hierarchical.NodeTestTask.lambda$executeRecursively$7(NodeTestTask.java:129)\r\n\tat org.junit.platform.engine.support.hierarchical.Node.around(Node.java:137)\r\n\tat org.junit.platform.engine.support.hierarchical.NodeTestTask.lambda$executeRecursively$8(NodeTestTask.java:127)\r\n\tat org.junit.platform.engine.support.hierarchical.ThrowableCollector.execute(ThrowableCollector.java:73)\r\n\tat org.junit.platform.engine.support.hierarchical.NodeTestTask.executeRecursively(NodeTestTask.java:126)\r\n\tat org.junit.platform.engine.support.hierarchical.NodeTestTask.execute(NodeTestTask.java:84)\r\n\tat java.base\/java.util.ArrayList.forEach(ArrayList.java:1511)\r\n\tat org.junit.platform.engine.support.hierarchical.SameThreadHierarchicalTestExecutorService.invokeAll(SameThreadHierarchicalTestExecutorService.java:38)\r\n\tat org.junit.platform.engine.support.hierarchical.NodeTestTask.lambda$executeRecursively$5(NodeTestTask.java:143)\r\n\tat org.junit.platform.engine.support.hierarchical.ThrowableCollector.execute(ThrowableCollector.java:73)\r\n\tat org.junit.platform.engine.support.hierarchical.NodeTestTask.lambda$executeRecursively$7(NodeTestTask.java:129)\r\n\tat org.junit.platform.engine.support.hierarchical.Node.around(Node.java:137)\r\n\tat org.junit.platform.engine.support.hierarchical.NodeTestTask.lambda$executeRecursively$8(NodeTestTask.java:127)\r\n\tat org.junit.platform.engine.support.hierarchical.ThrowableCollector.execute(ThrowableCollector.java:73)\r\n\tat org.junit.platform.engine.support.hierarchical.NodeTestTask.executeRecursively(NodeTestTask.java:126)\r\n\tat org.junit.platform.engine.support.hierarchical.NodeTestTask.execute(NodeTestTask.java:84)\r\n\tat java.base\/java.util.ArrayList.forEach(ArrayList.java:1511)\r\n\tat org.junit.platform.engine.support.hierarchical.SameThreadHierarchicalTestExecutorService.invokeAll(SameThreadHierarchicalTestExecutorService.java:38)\r\n\tat org.junit.platform.engine.support.hierarchical.NodeTestTask.lambda$executeRecursively$5(NodeTestTask.java:143)\r\n\tat org.junit.platform.engine.support.hierarchical.ThrowableCollector.execute(ThrowableCollector.java:73)\r\n\tat org.junit.platform.engine.support.hierarchical.NodeTestTask.lambda$executeRecursively$7(NodeTestTask.java:129)\r\n\tat org.junit.platform.engine.support.hierarchical.Node.around(Node.java:137)\r\n\tat org.junit.platform.engine.support.hierarchical.NodeTestTask.lambda$executeRecursively$8(NodeTestTask.java:127)\r\n\tat org.junit.platform.engine.support.hierarchical.ThrowableCollector.execute(ThrowableCollector.java:73)\r\n\tat org.junit.platform.engine.support.hierarchical.NodeTestTask.executeRecursively(NodeTestTask.java:126)\r\n\tat org.junit.platform.engine.support.hierarchical.NodeTestTask.execute(NodeTestTask.java:84)\r\n\tat org.junit.platform.engine.support.hierarchical.SameThreadHierarchicalTestExecutorService.submit(SameThreadHierarchicalTestExecutorService.java:32)\r\n\tat org.junit.platform.engine.support.hierarchical.HierarchicalTestExecutor.execute(HierarchicalTestExecutor.java:57)\r\n\tat org.junit.platform.engine.support.hierarchical.HierarchicalTestEngine.execute(HierarchicalTestEngine.java:51)\r\n\tat org.junit.platform.launcher.core.EngineExecutionOrchestrator.execute(EngineExecutionOrchestrator.java:108)\r\n\tat org.junit.platform.launcher.core.EngineExecutionOrchestrator.execute(EngineExecutionOrchestrator.java:88)\r\n\tat org.junit.platform.launcher.core.EngineExecutionOrchestrator.lambda$execute$0(EngineExecutionOrchestrator.java:54)\r\n\tat org.junit.platform.launcher.core.EngineExecutionOrchestrator.withInterceptedStreams(EngineExecutionOrchestrator.java:67)\r\n\tat org.junit.platform.launcher.core.EngineExecutionOrchestrator.execute(EngineExecutionOrchestrator.java:52)\r\n\tat org.junit.platform.launcher.core.DefaultLauncher.execute(DefaultLauncher.java:96)\r\n\tat org.junit.platform.launcher.core.DefaultLauncher.execute(DefaultLauncher.java:84)\r\n\tat org.eclipse.jdt.internal.junit5.runner.JUnit5TestReference.run(JUnit5TestReference.java:100)\r\n\tat org.eclipse.jdt.internal.junit.runner.TestExecution.run(TestExecution.java:40)\r\n\tat org.eclipse.jdt.internal.junit.runner.RemoteTestRunner.runTests(RemoteTestRunner.java:529)\r\n\tat org.eclipse.jdt.internal.junit.runner.RemoteTestRunner.runTests(RemoteTestRunner.java:757)\r\n\tat org.eclipse.jdt.internal.junit.runner.RemoteTestRunner.run(RemoteTestRunner.java:452)\r\n\tat org.eclipse.jdt.internal.junit.runner.RemoteTestRunner.main(RemoteTestRunner.java:210)\r\n"}],"line":63,"description":"","durationMillis":8.2667,"failed":true,"error":"Cannot invoke \"com.aventstack.extentreports.ExtentTest.info(String)\" because \"apifeatures.ReportHook.test\" is null\nclasspath:apifeatures\/Target.feature:63","executorName":"main","name":"Verify the target detail","startTime":1725114670810,"refId":"[2.6:63]","endTime":1725114670813,"exampleData":{"S.NO":"6","Modules":"Target","SCENARIO":"Verify the target detail","URL":"\/api\/v1\/target\/134","DESC":"Open view target","METHOD":"GET","STATUS_CODE":"200","VALIDATION":"Users should be able to view the target","EXPECTED_RESULT":"\"id\": 134","KEY":"coll","VALUE":"{ \"id\": '#number',\"name\": '#string',\"email\": '#string' ,\"phoneNumber\": '#string',\"description\": '#string',\"active\": '#boolean'}\n"},"exampleIndex":5},{"sectionIndex":1,"stepResults":[{"result":{"nanos":603900,"millis":0.6039,"status":"passed"},"step":{"background":true,"line":4,"prefix":"*","index":0,"text":"url 'http:\/\/122.165.121.195:8080'"},"stepLog":"20:01:10.718 The value of env is :  qa \n"},{"result":{"nanos":417500,"millis":0.4175,"status":"passed"},"step":{"background":true,"line":5,"prefix":"*","index":1,"text":"def baseurl = baseURL"}},{"result":{"nanos":667700,"millis":0.6677,"status":"passed"},"step":{"background":true,"line":6,"prefix":"*","index":2,"text":"def newid = \"null\""}},{"result":{"nanos":1808300,"millis":1.8083,"status":"passed"},"step":{"endLine":16,"background":true,"line":7,"prefix":"*","docString":"function(s) {\nvar text = \"\";\nvar pattern = \"ABCDEFGHIJKLMNOPQRSTUVWXYZ\";\nfor (var i=0;i<s;i++)\ntext += pattern.charAt(Math.random() * pattern.length());\nreturn text;\n}","index":3,"text":"def random_number ="}},{"result":{"nanos":2243200,"millis":2.2432,"status":"passed"},"step":{"background":true,"line":17,"prefix":"*","index":4,"text":"def randomstring = random_number(10)"}},{"result":{"nanos":1183600,"millis":1.1836,"status":"passed"},"step":{"background":true,"line":18,"prefix":"*","index":5,"text":"print randomstring"},"stepLog":"20:01:10.729 [print] IVEPNOYPGV \n"},{"result":{"nanos":1232600,"errorMessage":"js failed:\n>>>>\n01: baseURL+\/api\/v1\/advertiser\/125\n<<<<\norg.graalvm.polyglot.PolyglotException: SyntaxError: Unnamed:1:15 Unsupported RegExp flag: v\r\nbaseURL+\/api\/v1\/advertiser\/125\r\n               ^\n\n- org.graalvm.polyglot.Context.eval(Context.java:401)\n- com.intuit.karate.graal.JsEngine.evalForValue(JsEngine.java:141)\n- com.intuit.karate.graal.JsEngine.eval(JsEngine.java:137)\n- com.intuit.karate.core.ScenarioEngine.evalJs(ScenarioEngine.java:1344)\n- com.intuit.karate.core.ScenarioEngine.evalKarateExpression(ScenarioEngine.java:2373)\n- com.intuit.karate.core.ScenarioEngine.evalKarateExpression(ScenarioEngine.java:2292)\n- com.intuit.karate.core.ScenarioEngine.url(ScenarioEngine.java:365)\n\nclasspath:apifeatures\/Target.feature:47","millis":1.2326,"status":"failed"},"step":{"line":47,"prefix":"Given","index":0,"text":"url baseURL+\/api\/v1\/advertiser\/125"},"stepLog":"20:01:10.822 The value of env is :  qa \n20:01:10.825 classpath:apifeatures\/Target.feature:47\nGiven url baseURL+\/api\/v1\/advertiser\/125\njs failed:\n>>>>\n01: baseURL+\/api\/v1\/advertiser\/125\n<<<<\norg.graalvm.polyglot.PolyglotException: SyntaxError: Unnamed:1:15 Unsupported RegExp flag: v\r\nbaseURL+\/api\/v1\/advertiser\/125\r\n               ^\n\n- org.graalvm.polyglot.Context.eval(Context.java:401)\n- com.intuit.karate.graal.JsEngine.evalForValue(JsEngine.java:141)\n- com.intuit.karate.graal.JsEngine.eval(JsEngine.java:137)\n- com.intuit.karate.core.ScenarioEngine.evalJs(ScenarioEngine.java:1344)\n- com.intuit.karate.core.ScenarioEngine.evalKarateExpression(ScenarioEngine.java:2373)\n- com.intuit.karate.core.ScenarioEngine.evalKarateExpression(ScenarioEngine.java:2292)\n- com.intuit.karate.core.ScenarioEngine.url(ScenarioEngine.java:365)\n\nclasspath:apifeatures\/Target.feature:47\n"},{"result":{"nanos":0,"millis":0.0,"status":"skipped"},"step":{"line":48,"prefix":"When","index":1,"text":"method GET"}},{"result":{"nanos":0,"millis":0.0,"status":"skipped"},"step":{"line":49,"prefix":"Then","index":2,"text":"status 200"}},{"result":{"nanos":0,"millis":0.0,"status":"skipped"},"step":{"line":50,"prefix":"*","index":3,"text":"def projectSchema = { \"id\": '#number',\"name\": '#string',\"email\": '#string' ,\"phoneNumber\": '#string',\"description\": '#string',\"active\": '#boolean'}\n"}},{"result":{"nanos":0,"millis":0.0,"status":"skipped"},"step":{"line":51,"prefix":"*","index":4,"text":"def keyafter = \"coll\""}},{"result":{"nanos":0,"millis":0.0,"status":"skipped"},"step":{"endLine":57,"line":52,"prefix":"*","docString":"if (keyafter != '') {\n  keyafter = 'response.' + keyafter\n}","index":5,"text":"eval"}},{"result":{"nanos":0,"millis":0.0,"status":"skipped"},"step":{"line":58,"prefix":"And","index":6,"text":"print keyafter"}},{"result":{"nanos":0,"millis":0.0,"status":"skipped"},"step":{"line":59,"prefix":"And","index":7,"text":"match coll contains { \"id\": '#number',\"name\": '#string',\"email\": '#string' ,\"phoneNumber\": '#string',\"description\": '#string',\"active\": '#boolean'}\n"}},{"result":{"nanos":0,"errorMessage":"Cannot invoke \"com.aventstack.extentreports.ExtentTest.info(String)\" because \"apifeatures.ReportHook.test\" is null\nclasspath:apifeatures\/Target.feature:63","millis":0.0,"status":"failed"},"step":{"endLine":0,"line":63,"prefix":"*","index":-1,"text":"scenario [cleanup] failed"},"stepLog":"Cannot invoke \"com.aventstack.extentreports.ExtentTest.info(String)\" because \"apifeatures.ReportHook.test\" is null\njava.lang.NullPointerException: Cannot invoke \"com.aventstack.extentreports.ExtentTest.info(String)\" because \"apifeatures.ReportHook.test\" is null\r\n\tat apifeatures.ReportHook.afterScenario(ReportHook.java:50)\r\n\tat com.intuit.karate.core.ScenarioRuntime.lambda$afterRun$8(ScenarioRuntime.java:559)\r\n\tat java.base\/java.util.ArrayList.forEach(ArrayList.java:1511)\r\n\tat com.intuit.karate.core.ScenarioRuntime.afterRun(ScenarioRuntime.java:559)\r\n\tat com.intuit.karate.core.ScenarioRuntime.run(ScenarioRuntime.java:464)\r\n\tat com.intuit.karate.core.FeatureRuntime.processScenario(FeatureRuntime.java:182)\r\n\tat java.base\/java.util.stream.ReferencePipeline$2$1.accept(ReferencePipeline.java:179)\r\n\tat com.intuit.karate.core.ScenarioIterator.tryAdvance(ScenarioIterator.java:149)\r\n\tat java.base\/java.util.Spliterator.forEachRemaining(Spliterator.java:332)\r\n\tat java.base\/java.util.stream.AbstractPipeline.copyInto(AbstractPipeline.java:509)\r\n\tat java.base\/java.util.stream.AbstractPipeline.wrapAndCopyInto(AbstractPipeline.java:499)\r\n\tat java.base\/java.util.stream.StreamSpliterators$WrappingSpliterator.forEachRemaining(StreamSpliterators.java:310)\r\n\tat java.base\/java.util.Spliterators$1Adapter.forEachRemaining(Spliterators.java:706)\r\n\tat com.intuit.karate.core.FeatureRuntime.run(FeatureRuntime.java:165)\r\n\tat java.base\/java.util.concurrent.Executors$RunnableAdapter.call(Executors.java:539)\r\n\tat java.base\/java.util.concurrent.FutureTask.run(FutureTask.java:264)\r\n\tat com.intuit.karate.core.SyncExecutorService.execute(SyncExecutorService.java:70)\r\n\tat java.base\/java.util.concurrent.AbstractExecutorService.submit(AbstractExecutorService.java:123)\r\n\tat com.intuit.karate.Suite.run(Suite.java:235)\r\n\tat com.intuit.karate.Runner$Builder.parallel(Runner.java:575)\r\n\tat apifeatures.ScenarioRunner.testParallel(ScenarioRunner.java:22)\r\n\tat java.base\/jdk.internal.reflect.NativeMethodAccessorImpl.invoke0(Native Method)\r\n\tat java.base\/jdk.internal.reflect.NativeMethodAccessorImpl.invoke(NativeMethodAccessorImpl.java:77)\r\n\tat java.base\/jdk.internal.reflect.DelegatingMethodAccessorImpl.invoke(DelegatingMethodAccessorImpl.java:43)\r\n\tat java.base\/java.lang.reflect.Method.invoke(Method.java:568)\r\n\tat org.junit.platform.commons.util.ReflectionUtils.invokeMethod(ReflectionUtils.java:688)\r\n\tat org.junit.jupiter.engine.execution.MethodInvocation.proceed(MethodInvocation.java:60)\r\n\tat org.junit.jupiter.engine.execution.InvocationInterceptorChain$ValidatingInvocation.proceed(InvocationInterceptorChain.java:131)\r\n\tat org.junit.jupiter.engine.extension.TimeoutExtension.intercept(TimeoutExtension.java:149)\r\n\tat org.junit.jupiter.engine.extension.TimeoutExtension.interceptTestableMethod(TimeoutExtension.java:140)\r\n\tat org.junit.jupiter.engine.extension.TimeoutExtension.interceptTestMethod(TimeoutExtension.java:84)\r\n\tat org.junit.jupiter.engine.execution.ExecutableInvoker$ReflectiveInterceptorCall.lambda$ofVoidMethod$0(ExecutableInvoker.java:115)\r\n\tat org.junit.jupiter.engine.execution.ExecutableInvoker.lambda$invoke$0(ExecutableInvoker.java:105)\r\n\tat org.junit.jupiter.engine.execution.InvocationInterceptorChain$InterceptedInvocation.proceed(InvocationInterceptorChain.java:106)\r\n\tat org.junit.jupiter.engine.execution.InvocationInterceptorChain.proceed(InvocationInterceptorChain.java:64)\r\n\tat org.junit.jupiter.engine.execution.InvocationInterceptorChain.chainAndInvoke(InvocationInterceptorChain.java:45)\r\n\tat org.junit.jupiter.engine.execution.InvocationInterceptorChain.invoke(InvocationInterceptorChain.java:37)\r\n\tat org.junit.jupiter.engine.execution.ExecutableInvoker.invoke(ExecutableInvoker.java:104)\r\n\tat org.junit.jupiter.engine.execution.ExecutableInvoker.invoke(ExecutableInvoker.java:98)\r\n\tat org.junit.jupiter.engine.descriptor.TestMethodTestDescriptor.lambda$invokeTestMethod$6(TestMethodTestDescriptor.java:210)\r\n\tat org.junit.platform.engine.support.hierarchical.ThrowableCollector.execute(ThrowableCollector.java:73)\r\n\tat org.junit.jupiter.engine.descriptor.TestMethodTestDescriptor.invokeTestMethod(TestMethodTestDescriptor.java:206)\r\n\tat org.junit.jupiter.engine.descriptor.TestMethodTestDescriptor.execute(TestMethodTestDescriptor.java:131)\r\n\tat org.junit.jupiter.engine.descriptor.TestMethodTestDescriptor.execute(TestMethodTestDescriptor.java:65)\r\n\tat org.junit.platform.engine.support.hierarchical.NodeTestTask.lambda$executeRecursively$5(NodeTestTask.java:139)\r\n\tat org.junit.platform.engine.support.hierarchical.ThrowableCollector.execute(ThrowableCollector.java:73)\r\n\tat org.junit.platform.engine.support.hierarchical.NodeTestTask.lambda$executeRecursively$7(NodeTestTask.java:129)\r\n\tat org.junit.platform.engine.support.hierarchical.Node.around(Node.java:137)\r\n\tat org.junit.platform.engine.support.hierarchical.NodeTestTask.lambda$executeRecursively$8(NodeTestTask.java:127)\r\n\tat org.junit.platform.engine.support.hierarchical.ThrowableCollector.execute(ThrowableCollector.java:73)\r\n\tat org.junit.platform.engine.support.hierarchical.NodeTestTask.executeRecursively(NodeTestTask.java:126)\r\n\tat org.junit.platform.engine.support.hierarchical.NodeTestTask.execute(NodeTestTask.java:84)\r\n\tat java.base\/java.util.ArrayList.forEach(ArrayList.java:1511)\r\n\tat org.junit.platform.engine.support.hierarchical.SameThreadHierarchicalTestExecutorService.invokeAll(SameThreadHierarchicalTestExecutorService.java:38)\r\n\tat org.junit.platform.engine.support.hierarchical.NodeTestTask.lambda$executeRecursively$5(NodeTestTask.java:143)\r\n\tat org.junit.platform.engine.support.hierarchical.ThrowableCollector.execute(ThrowableCollector.java:73)\r\n\tat org.junit.platform.engine.support.hierarchical.NodeTestTask.lambda$executeRecursively$7(NodeTestTask.java:129)\r\n\tat org.junit.platform.engine.support.hierarchical.Node.around(Node.java:137)\r\n\tat org.junit.platform.engine.support.hierarchical.NodeTestTask.lambda$executeRecursively$8(NodeTestTask.java:127)\r\n\tat org.junit.platform.engine.support.hierarchical.ThrowableCollector.execute(ThrowableCollector.java:73)\r\n\tat org.junit.platform.engine.support.hierarchical.NodeTestTask.executeRecursively(NodeTestTask.java:126)\r\n\tat org.junit.platform.engine.support.hierarchical.NodeTestTask.execute(NodeTestTask.java:84)\r\n\tat java.base\/java.util.ArrayList.forEach(ArrayList.java:1511)\r\n\tat org.junit.platform.engine.support.hierarchical.SameThreadHierarchicalTestExecutorService.invokeAll(SameThreadHierarchicalTestExecutorService.java:38)\r\n\tat org.junit.platform.engine.support.hierarchical.NodeTestTask.lambda$executeRecursively$5(NodeTestTask.java:143)\r\n\tat org.junit.platform.engine.support.hierarchical.ThrowableCollector.execute(ThrowableCollector.java:73)\r\n\tat org.junit.platform.engine.support.hierarchical.NodeTestTask.lambda$executeRecursively$7(NodeTestTask.java:129)\r\n\tat org.junit.platform.engine.support.hierarchical.Node.around(Node.java:137)\r\n\tat org.junit.platform.engine.support.hierarchical.NodeTestTask.lambda$executeRecursively$8(NodeTestTask.java:127)\r\n\tat org.junit.platform.engine.support.hierarchical.ThrowableCollector.execute(ThrowableCollector.java:73)\r\n\tat org.junit.platform.engine.support.hierarchical.NodeTestTask.executeRecursively(NodeTestTask.java:126)\r\n\tat org.junit.platform.engine.support.hierarchical.NodeTestTask.execute(NodeTestTask.java:84)\r\n\tat org.junit.platform.engine.support.hierarchical.SameThreadHierarchicalTestExecutorService.submit(SameThreadHierarchicalTestExecutorService.java:32)\r\n\tat org.junit.platform.engine.support.hierarchical.HierarchicalTestExecutor.execute(HierarchicalTestExecutor.java:57)\r\n\tat org.junit.platform.engine.support.hierarchical.HierarchicalTestEngine.execute(HierarchicalTestEngine.java:51)\r\n\tat org.junit.platform.launcher.core.EngineExecutionOrchestrator.execute(EngineExecutionOrchestrator.java:108)\r\n\tat org.junit.platform.launcher.core.EngineExecutionOrchestrator.execute(EngineExecutionOrchestrator.java:88)\r\n\tat org.junit.platform.launcher.core.EngineExecutionOrchestrator.lambda$execute$0(EngineExecutionOrchestrator.java:54)\r\n\tat org.junit.platform.launcher.core.EngineExecutionOrchestrator.withInterceptedStreams(EngineExecutionOrchestrator.java:67)\r\n\tat org.junit.platform.launcher.core.EngineExecutionOrchestrator.execute(EngineExecutionOrchestrator.java:52)\r\n\tat org.junit.platform.launcher.core.DefaultLauncher.execute(DefaultLauncher.java:96)\r\n\tat org.junit.platform.launcher.core.DefaultLauncher.execute(DefaultLauncher.java:84)\r\n\tat org.eclipse.jdt.internal.junit5.runner.JUnit5TestReference.run(JUnit5TestReference.java:100)\r\n\tat org.eclipse.jdt.internal.junit.runner.TestExecution.run(TestExecution.java:40)\r\n\tat org.eclipse.jdt.internal.junit.runner.RemoteTestRunner.runTests(RemoteTestRunner.java:529)\r\n\tat org.eclipse.jdt.internal.junit.runner.RemoteTestRunner.runTests(RemoteTestRunner.java:757)\r\n\tat org.eclipse.jdt.internal.junit.runner.RemoteTestRunner.run(RemoteTestRunner.java:452)\r\n\tat org.eclipse.jdt.internal.junit.runner.RemoteTestRunner.main(RemoteTestRunner.java:210)\r\n"}],"line":63,"description":"","durationMillis":8.1568,"failed":true,"error":"Cannot invoke \"com.aventstack.extentreports.ExtentTest.info(String)\" because \"apifeatures.ReportHook.test\" is null\nclasspath:apifeatures\/Target.feature:63","executorName":"main","name":"Verify the advertiser linked to the target","startTime":1725114670821,"refId":"[2.7:63]","endTime":1725114670825,"exampleData":{"S.NO":"7","Modules":"Target","SCENARIO":"Verify the advertiser linked to the target","URL":"\/api\/v1\/advertiser\/125","DESC":"Open view target","METHOD":"GET","STATUS_CODE":"200","VALIDATION":"Linked advertiser should be dispayed","EXPECTED_RESULT":"\"id\": 125","KEY":"coll","VALUE":"{ \"id\": '#number',\"name\": '#string',\"email\": '#string' ,\"phoneNumber\": '#string',\"description\": '#string',\"active\": '#boolean'}\n"},"exampleIndex":6},{"sectionIndex":1,"stepResults":[{"result":{"nanos":603900,"millis":0.6039,"status":"passed"},"step":{"background":true,"line":4,"prefix":"*","index":0,"text":"url 'http:\/\/122.165.121.195:8080'"},"stepLog":"20:01:10.718 The value of env is :  qa \n"},{"result":{"nanos":417500,"millis":0.4175,"status":"passed"},"step":{"background":true,"line":5,"prefix":"*","index":1,"text":"def baseurl = baseURL"}},{"result":{"nanos":667700,"millis":0.6677,"status":"passed"},"step":{"background":true,"line":6,"prefix":"*","index":2,"text":"def newid = \"null\""}},{"result":{"nanos":1808300,"millis":1.8083,"status":"passed"},"step":{"endLine":16,"background":true,"line":7,"prefix":"*","docString":"function(s) {\nvar text = \"\";\nvar pattern = \"ABCDEFGHIJKLMNOPQRSTUVWXYZ\";\nfor (var i=0;i<s;i++)\ntext += pattern.charAt(Math.random() * pattern.length());\nreturn text;\n}","index":3,"text":"def random_number ="}},{"result":{"nanos":2243200,"millis":2.2432,"status":"passed"},"step":{"background":true,"line":17,"prefix":"*","index":4,"text":"def randomstring = random_number(10)"}},{"result":{"nanos":1183600,"millis":1.1836,"status":"passed"},"step":{"background":true,"line":18,"prefix":"*","index":5,"text":"print randomstring"},"stepLog":"20:01:10.729 [print] IVEPNOYPGV \n"},{"result":{"nanos":1238500,"errorMessage":"js failed:\n>>>>\n01: baseURL+\/api\/v1\/target\/134\n<<<<\norg.graalvm.polyglot.PolyglotException: SyntaxError: Unnamed:1:15 Unsupported RegExp flag: v\r\nbaseURL+\/api\/v1\/target\/134\r\n               ^\n\n- org.graalvm.polyglot.Context.eval(Context.java:401)\n- com.intuit.karate.graal.JsEngine.evalForValue(JsEngine.java:141)\n- com.intuit.karate.graal.JsEngine.eval(JsEngine.java:137)\n- com.intuit.karate.core.ScenarioEngine.evalJs(ScenarioEngine.java:1344)\n- com.intuit.karate.core.ScenarioEngine.evalKarateExpression(ScenarioEngine.java:2373)\n- com.intuit.karate.core.ScenarioEngine.evalKarateExpression(ScenarioEngine.java:2292)\n- com.intuit.karate.core.ScenarioEngine.url(ScenarioEngine.java:365)\n\nclasspath:apifeatures\/Target.feature:47","millis":1.2385,"status":"failed"},"step":{"line":47,"prefix":"Given","index":0,"text":"url baseURL+\/api\/v1\/target\/134"},"stepLog":"20:01:10.834 The value of env is :  qa \n20:01:10.837 classpath:apifeatures\/Target.feature:47\nGiven url baseURL+\/api\/v1\/target\/134\njs failed:\n>>>>\n01: baseURL+\/api\/v1\/target\/134\n<<<<\norg.graalvm.polyglot.PolyglotException: SyntaxError: Unnamed:1:15 Unsupported RegExp flag: v\r\nbaseURL+\/api\/v1\/target\/134\r\n               ^\n\n- org.graalvm.polyglot.Context.eval(Context.java:401)\n- com.intuit.karate.graal.JsEngine.evalForValue(JsEngine.java:141)\n- com.intuit.karate.graal.JsEngine.eval(JsEngine.java:137)\n- com.intuit.karate.core.ScenarioEngine.evalJs(ScenarioEngine.java:1344)\n- com.intuit.karate.core.ScenarioEngine.evalKarateExpression(ScenarioEngine.java:2373)\n- com.intuit.karate.core.ScenarioEngine.evalKarateExpression(ScenarioEngine.java:2292)\n- com.intuit.karate.core.ScenarioEngine.url(ScenarioEngine.java:365)\n\nclasspath:apifeatures\/Target.feature:47\n"},{"result":{"nanos":0,"millis":0.0,"status":"skipped"},"step":{"line":48,"prefix":"When","index":1,"text":"method GET"}},{"result":{"nanos":0,"millis":0.0,"status":"skipped"},"step":{"line":49,"prefix":"Then","index":2,"text":"status 200"}},{"result":{"nanos":0,"millis":0.0,"status":"skipped"},"step":{"line":50,"prefix":"*","index":3,"text":"def projectSchema = { \"id\": '#number',\"name\": '#string',\"email\": '#string' ,\"phoneNumber\": '#string',\"description\": '#string',\"active\": '#boolean'}\n"}},{"result":{"nanos":0,"millis":0.0,"status":"skipped"},"step":{"line":51,"prefix":"*","index":4,"text":"def keyafter = \"coll\""}},{"result":{"nanos":0,"millis":0.0,"status":"skipped"},"step":{"endLine":57,"line":52,"prefix":"*","docString":"if (keyafter != '') {\n  keyafter = 'response.' + keyafter\n}","index":5,"text":"eval"}},{"result":{"nanos":0,"millis":0.0,"status":"skipped"},"step":{"line":58,"prefix":"And","index":6,"text":"print keyafter"}},{"result":{"nanos":0,"millis":0.0,"status":"skipped"},"step":{"line":59,"prefix":"And","index":7,"text":"match coll contains { \"id\": '#number',\"name\": '#string',\"email\": '#string' ,\"phoneNumber\": '#string',\"description\": '#string',\"active\": '#boolean'}\n"}},{"result":{"nanos":0,"errorMessage":"Cannot invoke \"com.aventstack.extentreports.ExtentTest.info(String)\" because \"apifeatures.ReportHook.test\" is null\nclasspath:apifeatures\/Target.feature:63","millis":0.0,"status":"failed"},"step":{"endLine":0,"line":63,"prefix":"*","index":-1,"text":"scenario [cleanup] failed"},"stepLog":"Cannot invoke \"com.aventstack.extentreports.ExtentTest.info(String)\" because \"apifeatures.ReportHook.test\" is null\njava.lang.NullPointerException: Cannot invoke \"com.aventstack.extentreports.ExtentTest.info(String)\" because \"apifeatures.ReportHook.test\" is null\r\n\tat apifeatures.ReportHook.afterScenario(ReportHook.java:50)\r\n\tat com.intuit.karate.core.ScenarioRuntime.lambda$afterRun$8(ScenarioRuntime.java:559)\r\n\tat java.base\/java.util.ArrayList.forEach(ArrayList.java:1511)\r\n\tat com.intuit.karate.core.ScenarioRuntime.afterRun(ScenarioRuntime.java:559)\r\n\tat com.intuit.karate.core.ScenarioRuntime.run(ScenarioRuntime.java:464)\r\n\tat com.intuit.karate.core.FeatureRuntime.processScenario(FeatureRuntime.java:182)\r\n\tat java.base\/java.util.stream.ReferencePipeline$2$1.accept(ReferencePipeline.java:179)\r\n\tat com.intuit.karate.core.ScenarioIterator.tryAdvance(ScenarioIterator.java:149)\r\n\tat java.base\/java.util.Spliterator.forEachRemaining(Spliterator.java:332)\r\n\tat java.base\/java.util.stream.AbstractPipeline.copyInto(AbstractPipeline.java:509)\r\n\tat java.base\/java.util.stream.AbstractPipeline.wrapAndCopyInto(AbstractPipeline.java:499)\r\n\tat java.base\/java.util.stream.StreamSpliterators$WrappingSpliterator.forEachRemaining(StreamSpliterators.java:310)\r\n\tat java.base\/java.util.Spliterators$1Adapter.forEachRemaining(Spliterators.java:706)\r\n\tat com.intuit.karate.core.FeatureRuntime.run(FeatureRuntime.java:165)\r\n\tat java.base\/java.util.concurrent.Executors$RunnableAdapter.call(Executors.java:539)\r\n\tat java.base\/java.util.concurrent.FutureTask.run(FutureTask.java:264)\r\n\tat com.intuit.karate.core.SyncExecutorService.execute(SyncExecutorService.java:70)\r\n\tat java.base\/java.util.concurrent.AbstractExecutorService.submit(AbstractExecutorService.java:123)\r\n\tat com.intuit.karate.Suite.run(Suite.java:235)\r\n\tat com.intuit.karate.Runner$Builder.parallel(Runner.java:575)\r\n\tat apifeatures.ScenarioRunner.testParallel(ScenarioRunner.java:22)\r\n\tat java.base\/jdk.internal.reflect.NativeMethodAccessorImpl.invoke0(Native Method)\r\n\tat java.base\/jdk.internal.reflect.NativeMethodAccessorImpl.invoke(NativeMethodAccessorImpl.java:77)\r\n\tat java.base\/jdk.internal.reflect.DelegatingMethodAccessorImpl.invoke(DelegatingMethodAccessorImpl.java:43)\r\n\tat java.base\/java.lang.reflect.Method.invoke(Method.java:568)\r\n\tat org.junit.platform.commons.util.ReflectionUtils.invokeMethod(ReflectionUtils.java:688)\r\n\tat org.junit.jupiter.engine.execution.MethodInvocation.proceed(MethodInvocation.java:60)\r\n\tat org.junit.jupiter.engine.execution.InvocationInterceptorChain$ValidatingInvocation.proceed(InvocationInterceptorChain.java:131)\r\n\tat org.junit.jupiter.engine.extension.TimeoutExtension.intercept(TimeoutExtension.java:149)\r\n\tat org.junit.jupiter.engine.extension.TimeoutExtension.interceptTestableMethod(TimeoutExtension.java:140)\r\n\tat org.junit.jupiter.engine.extension.TimeoutExtension.interceptTestMethod(TimeoutExtension.java:84)\r\n\tat org.junit.jupiter.engine.execution.ExecutableInvoker$ReflectiveInterceptorCall.lambda$ofVoidMethod$0(ExecutableInvoker.java:115)\r\n\tat org.junit.jupiter.engine.execution.ExecutableInvoker.lambda$invoke$0(ExecutableInvoker.java:105)\r\n\tat org.junit.jupiter.engine.execution.InvocationInterceptorChain$InterceptedInvocation.proceed(InvocationInterceptorChain.java:106)\r\n\tat org.junit.jupiter.engine.execution.InvocationInterceptorChain.proceed(InvocationInterceptorChain.java:64)\r\n\tat org.junit.jupiter.engine.execution.InvocationInterceptorChain.chainAndInvoke(InvocationInterceptorChain.java:45)\r\n\tat org.junit.jupiter.engine.execution.InvocationInterceptorChain.invoke(InvocationInterceptorChain.java:37)\r\n\tat org.junit.jupiter.engine.execution.ExecutableInvoker.invoke(ExecutableInvoker.java:104)\r\n\tat org.junit.jupiter.engine.execution.ExecutableInvoker.invoke(ExecutableInvoker.java:98)\r\n\tat org.junit.jupiter.engine.descriptor.TestMethodTestDescriptor.lambda$invokeTestMethod$6(TestMethodTestDescriptor.java:210)\r\n\tat org.junit.platform.engine.support.hierarchical.ThrowableCollector.execute(ThrowableCollector.java:73)\r\n\tat org.junit.jupiter.engine.descriptor.TestMethodTestDescriptor.invokeTestMethod(TestMethodTestDescriptor.java:206)\r\n\tat org.junit.jupiter.engine.descriptor.TestMethodTestDescriptor.execute(TestMethodTestDescriptor.java:131)\r\n\tat org.junit.jupiter.engine.descriptor.TestMethodTestDescriptor.execute(TestMethodTestDescriptor.java:65)\r\n\tat org.junit.platform.engine.support.hierarchical.NodeTestTask.lambda$executeRecursively$5(NodeTestTask.java:139)\r\n\tat org.junit.platform.engine.support.hierarchical.ThrowableCollector.execute(ThrowableCollector.java:73)\r\n\tat org.junit.platform.engine.support.hierarchical.NodeTestTask.lambda$executeRecursively$7(NodeTestTask.java:129)\r\n\tat org.junit.platform.engine.support.hierarchical.Node.around(Node.java:137)\r\n\tat org.junit.platform.engine.support.hierarchical.NodeTestTask.lambda$executeRecursively$8(NodeTestTask.java:127)\r\n\tat org.junit.platform.engine.support.hierarchical.ThrowableCollector.execute(ThrowableCollector.java:73)\r\n\tat org.junit.platform.engine.support.hierarchical.NodeTestTask.executeRecursively(NodeTestTask.java:126)\r\n\tat org.junit.platform.engine.support.hierarchical.NodeTestTask.execute(NodeTestTask.java:84)\r\n\tat java.base\/java.util.ArrayList.forEach(ArrayList.java:1511)\r\n\tat org.junit.platform.engine.support.hierarchical.SameThreadHierarchicalTestExecutorService.invokeAll(SameThreadHierarchicalTestExecutorService.java:38)\r\n\tat org.junit.platform.engine.support.hierarchical.NodeTestTask.lambda$executeRecursively$5(NodeTestTask.java:143)\r\n\tat org.junit.platform.engine.support.hierarchical.ThrowableCollector.execute(ThrowableCollector.java:73)\r\n\tat org.junit.platform.engine.support.hierarchical.NodeTestTask.lambda$executeRecursively$7(NodeTestTask.java:129)\r\n\tat org.junit.platform.engine.support.hierarchical.Node.around(Node.java:137)\r\n\tat org.junit.platform.engine.support.hierarchical.NodeTestTask.lambda$executeRecursively$8(NodeTestTask.java:127)\r\n\tat org.junit.platform.engine.support.hierarchical.ThrowableCollector.execute(ThrowableCollector.java:73)\r\n\tat org.junit.platform.engine.support.hierarchical.NodeTestTask.executeRecursively(NodeTestTask.java:126)\r\n\tat org.junit.platform.engine.support.hierarchical.NodeTestTask.execute(NodeTestTask.java:84)\r\n\tat java.base\/java.util.ArrayList.forEach(ArrayList.java:1511)\r\n\tat org.junit.platform.engine.support.hierarchical.SameThreadHierarchicalTestExecutorService.invokeAll(SameThreadHierarchicalTestExecutorService.java:38)\r\n\tat org.junit.platform.engine.support.hierarchical.NodeTestTask.lambda$executeRecursively$5(NodeTestTask.java:143)\r\n\tat org.junit.platform.engine.support.hierarchical.ThrowableCollector.execute(ThrowableCollector.java:73)\r\n\tat org.junit.platform.engine.support.hierarchical.NodeTestTask.lambda$executeRecursively$7(NodeTestTask.java:129)\r\n\tat org.junit.platform.engine.support.hierarchical.Node.around(Node.java:137)\r\n\tat org.junit.platform.engine.support.hierarchical.NodeTestTask.lambda$executeRecursively$8(NodeTestTask.java:127)\r\n\tat org.junit.platform.engine.support.hierarchical.ThrowableCollector.execute(ThrowableCollector.java:73)\r\n\tat org.junit.platform.engine.support.hierarchical.NodeTestTask.executeRecursively(NodeTestTask.java:126)\r\n\tat org.junit.platform.engine.support.hierarchical.NodeTestTask.execute(NodeTestTask.java:84)\r\n\tat org.junit.platform.engine.support.hierarchical.SameThreadHierarchicalTestExecutorService.submit(SameThreadHierarchicalTestExecutorService.java:32)\r\n\tat org.junit.platform.engine.support.hierarchical.HierarchicalTestExecutor.execute(HierarchicalTestExecutor.java:57)\r\n\tat org.junit.platform.engine.support.hierarchical.HierarchicalTestEngine.execute(HierarchicalTestEngine.java:51)\r\n\tat org.junit.platform.launcher.core.EngineExecutionOrchestrator.execute(EngineExecutionOrchestrator.java:108)\r\n\tat org.junit.platform.launcher.core.EngineExecutionOrchestrator.execute(EngineExecutionOrchestrator.java:88)\r\n\tat org.junit.platform.launcher.core.EngineExecutionOrchestrator.lambda$execute$0(EngineExecutionOrchestrator.java:54)\r\n\tat org.junit.platform.launcher.core.EngineExecutionOrchestrator.withInterceptedStreams(EngineExecutionOrchestrator.java:67)\r\n\tat org.junit.platform.launcher.core.EngineExecutionOrchestrator.execute(EngineExecutionOrchestrator.java:52)\r\n\tat org.junit.platform.launcher.core.DefaultLauncher.execute(DefaultLauncher.java:96)\r\n\tat org.junit.platform.launcher.core.DefaultLauncher.execute(DefaultLauncher.java:84)\r\n\tat org.eclipse.jdt.internal.junit5.runner.JUnit5TestReference.run(JUnit5TestReference.java:100)\r\n\tat org.eclipse.jdt.internal.junit.runner.TestExecution.run(TestExecution.java:40)\r\n\tat org.eclipse.jdt.internal.junit.runner.RemoteTestRunner.runTests(RemoteTestRunner.java:529)\r\n\tat org.eclipse.jdt.internal.junit.runner.RemoteTestRunner.runTests(RemoteTestRunner.java:757)\r\n\tat org.eclipse.jdt.internal.junit.runner.RemoteTestRunner.run(RemoteTestRunner.java:452)\r\n\tat org.eclipse.jdt.internal.junit.runner.RemoteTestRunner.main(RemoteTestRunner.java:210)\r\n"}],"line":63,"description":"","durationMillis":8.1627,"failed":true,"error":"Cannot invoke \"com.aventstack.extentreports.ExtentTest.info(String)\" because \"apifeatures.ReportHook.test\" is null\nclasspath:apifeatures\/Target.feature:63","executorName":"main","name":"Verify the updated data of target","startTime":1725114670834,"refId":"[2.8:63]","endTime":1725114670838,"exampleData":{"S.NO":"8","Modules":"Target","SCENARIO":"Verify the updated data of target","URL":"\/api\/v1\/target\/134","DESC":"Open view updated target","METHOD":"GET","STATUS_CODE":"200","VALIDATION":"Updated target should be displayed","EXPECTED_RESULT":"\"id\": 134","KEY":"coll","VALUE":"{ \"id\": '#number',\"name\": '#string',\"email\": '#string' ,\"phoneNumber\": '#string',\"description\": '#string',\"active\": '#boolean'}\n"},"exampleIndex":7},{"sectionIndex":1,"stepResults":[{"result":{"nanos":603900,"millis":0.6039,"status":"passed"},"step":{"background":true,"line":4,"prefix":"*","index":0,"text":"url 'http:\/\/122.165.121.195:8080'"},"stepLog":"20:01:10.718 The value of env is :  qa \n"},{"result":{"nanos":417500,"millis":0.4175,"status":"passed"},"step":{"background":true,"line":5,"prefix":"*","index":1,"text":"def baseurl = baseURL"}},{"result":{"nanos":667700,"millis":0.6677,"status":"passed"},"step":{"background":true,"line":6,"prefix":"*","index":2,"text":"def newid = \"null\""}},{"result":{"nanos":1808300,"millis":1.8083,"status":"passed"},"step":{"endLine":16,"background":true,"line":7,"prefix":"*","docString":"function(s) {\nvar text = \"\";\nvar pattern = \"ABCDEFGHIJKLMNOPQRSTUVWXYZ\";\nfor (var i=0;i<s;i++)\ntext += pattern.charAt(Math.random() * pattern.length());\nreturn text;\n}","index":3,"text":"def random_number ="}},{"result":{"nanos":2243200,"millis":2.2432,"status":"passed"},"step":{"background":true,"line":17,"prefix":"*","index":4,"text":"def randomstring = random_number(10)"}},{"result":{"nanos":1183600,"millis":1.1836,"status":"passed"},"step":{"background":true,"line":18,"prefix":"*","index":5,"text":"print randomstring"},"stepLog":"20:01:10.729 [print] IVEPNOYPGV \n"},{"result":{"nanos":1241000,"errorMessage":"js failed:\n>>>>\n01: baseURL+\n<<<<\norg.graalvm.polyglot.PolyglotException: SyntaxError: Unnamed:1:8 Expected an operand but found eof\r\nbaseURL+\r\n        ^\n\n- org.graalvm.polyglot.Context.eval(Context.java:401)\n- com.intuit.karate.graal.JsEngine.evalForValue(JsEngine.java:141)\n- com.intuit.karate.graal.JsEngine.eval(JsEngine.java:137)\n- com.intuit.karate.core.ScenarioEngine.evalJs(ScenarioEngine.java:1344)\n- com.intuit.karate.core.ScenarioEngine.evalKarateExpression(ScenarioEngine.java:2373)\n- com.intuit.karate.core.ScenarioEngine.evalKarateExpression(ScenarioEngine.java:2292)\n- com.intuit.karate.core.ScenarioEngine.url(ScenarioEngine.java:365)\n\nclasspath:apifeatures\/Target.feature:47","millis":1.241,"status":"failed"},"step":{"line":47,"prefix":"Given","index":0,"text":"url baseURL+"},"stepLog":"20:01:10.848 The value of env is :  qa \n20:01:10.851 classpath:apifeatures\/Target.feature:47\nGiven url baseURL+\njs failed:\n>>>>\n01: baseURL+\n<<<<\norg.graalvm.polyglot.PolyglotException: SyntaxError: Unnamed:1:8 Expected an operand but found eof\r\nbaseURL+\r\n        ^\n\n- org.graalvm.polyglot.Context.eval(Context.java:401)\n- com.intuit.karate.graal.JsEngine.evalForValue(JsEngine.java:141)\n- com.intuit.karate.graal.JsEngine.eval(JsEngine.java:137)\n- com.intuit.karate.core.ScenarioEngine.evalJs(ScenarioEngine.java:1344)\n- com.intuit.karate.core.ScenarioEngine.evalKarateExpression(ScenarioEngine.java:2373)\n- com.intuit.karate.core.ScenarioEngine.evalKarateExpression(ScenarioEngine.java:2292)\n- com.intuit.karate.core.ScenarioEngine.url(ScenarioEngine.java:365)\n\nclasspath:apifeatures\/Target.feature:47\n"},{"result":{"nanos":0,"millis":0.0,"status":"skipped"},"step":{"line":48,"prefix":"When","index":1,"text":"method "}},{"result":{"nanos":0,"millis":0.0,"status":"skipped"},"step":{"line":49,"prefix":"Then","index":2,"text":"status "}},{"result":{"nanos":0,"millis":0.0,"status":"skipped"},"step":{"line":50,"prefix":"*","index":3,"text":"def projectSchema = { \"id\": '#number',\"name\": '#string',\"email\": '#string' ,\"phoneNumber\": '#string',\"description\": '#string',\"active\": '#boolean'}\n"}},{"result":{"nanos":0,"millis":0.0,"status":"skipped"},"step":{"line":51,"prefix":"*","index":4,"text":"def keyafter = \"coll\""}},{"result":{"nanos":0,"millis":0.0,"status":"skipped"},"step":{"endLine":57,"line":52,"prefix":"*","docString":"if (keyafter != '') {\n  keyafter = 'response.' + keyafter\n}","index":5,"text":"eval"}},{"result":{"nanos":0,"millis":0.0,"status":"skipped"},"step":{"line":58,"prefix":"And","index":6,"text":"print keyafter"}},{"result":{"nanos":0,"millis":0.0,"status":"skipped"},"step":{"line":59,"prefix":"And","index":7,"text":"match coll contains { \"id\": '#number',\"name\": '#string',\"email\": '#string' ,\"phoneNumber\": '#string',\"description\": '#string',\"active\": '#boolean'}\n"}},{"result":{"nanos":0,"errorMessage":"Cannot invoke \"com.aventstack.extentreports.ExtentTest.info(String)\" because \"apifeatures.ReportHook.test\" is null\nclasspath:apifeatures\/Target.feature:63","millis":0.0,"status":"failed"},"step":{"endLine":0,"line":63,"prefix":"*","index":-1,"text":"scenario [cleanup] failed"},"stepLog":"Cannot invoke \"com.aventstack.extentreports.ExtentTest.info(String)\" because \"apifeatures.ReportHook.test\" is null\njava.lang.NullPointerException: Cannot invoke \"com.aventstack.extentreports.ExtentTest.info(String)\" because \"apifeatures.ReportHook.test\" is null\r\n\tat apifeatures.ReportHook.afterScenario(ReportHook.java:50)\r\n\tat com.intuit.karate.core.ScenarioRuntime.lambda$afterRun$8(ScenarioRuntime.java:559)\r\n\tat java.base\/java.util.ArrayList.forEach(ArrayList.java:1511)\r\n\tat com.intuit.karate.core.ScenarioRuntime.afterRun(ScenarioRuntime.java:559)\r\n\tat com.intuit.karate.core.ScenarioRuntime.run(ScenarioRuntime.java:464)\r\n\tat com.intuit.karate.core.FeatureRuntime.processScenario(FeatureRuntime.java:182)\r\n\tat java.base\/java.util.stream.ReferencePipeline$2$1.accept(ReferencePipeline.java:179)\r\n\tat com.intuit.karate.core.ScenarioIterator.tryAdvance(ScenarioIterator.java:149)\r\n\tat java.base\/java.util.Spliterator.forEachRemaining(Spliterator.java:332)\r\n\tat java.base\/java.util.stream.AbstractPipeline.copyInto(AbstractPipeline.java:509)\r\n\tat java.base\/java.util.stream.AbstractPipeline.wrapAndCopyInto(AbstractPipeline.java:499)\r\n\tat java.base\/java.util.stream.StreamSpliterators$WrappingSpliterator.forEachRemaining(StreamSpliterators.java:310)\r\n\tat java.base\/java.util.Spliterators$1Adapter.forEachRemaining(Spliterators.java:706)\r\n\tat com.intuit.karate.core.FeatureRuntime.run(FeatureRuntime.java:165)\r\n\tat java.base\/java.util.concurrent.Executors$RunnableAdapter.call(Executors.java:539)\r\n\tat java.base\/java.util.concurrent.FutureTask.run(FutureTask.java:264)\r\n\tat com.intuit.karate.core.SyncExecutorService.execute(SyncExecutorService.java:70)\r\n\tat java.base\/java.util.concurrent.AbstractExecutorService.submit(AbstractExecutorService.java:123)\r\n\tat com.intuit.karate.Suite.run(Suite.java:235)\r\n\tat com.intuit.karate.Runner$Builder.parallel(Runner.java:575)\r\n\tat apifeatures.ScenarioRunner.testParallel(ScenarioRunner.java:22)\r\n\tat java.base\/jdk.internal.reflect.NativeMethodAccessorImpl.invoke0(Native Method)\r\n\tat java.base\/jdk.internal.reflect.NativeMethodAccessorImpl.invoke(NativeMethodAccessorImpl.java:77)\r\n\tat java.base\/jdk.internal.reflect.DelegatingMethodAccessorImpl.invoke(DelegatingMethodAccessorImpl.java:43)\r\n\tat java.base\/java.lang.reflect.Method.invoke(Method.java:568)\r\n\tat org.junit.platform.commons.util.ReflectionUtils.invokeMethod(ReflectionUtils.java:688)\r\n\tat org.junit.jupiter.engine.execution.MethodInvocation.proceed(MethodInvocation.java:60)\r\n\tat org.junit.jupiter.engine.execution.InvocationInterceptorChain$ValidatingInvocation.proceed(InvocationInterceptorChain.java:131)\r\n\tat org.junit.jupiter.engine.extension.TimeoutExtension.intercept(TimeoutExtension.java:149)\r\n\tat org.junit.jupiter.engine.extension.TimeoutExtension.interceptTestableMethod(TimeoutExtension.java:140)\r\n\tat org.junit.jupiter.engine.extension.TimeoutExtension.interceptTestMethod(TimeoutExtension.java:84)\r\n\tat org.junit.jupiter.engine.execution.ExecutableInvoker$ReflectiveInterceptorCall.lambda$ofVoidMethod$0(ExecutableInvoker.java:115)\r\n\tat org.junit.jupiter.engine.execution.ExecutableInvoker.lambda$invoke$0(ExecutableInvoker.java:105)\r\n\tat org.junit.jupiter.engine.execution.InvocationInterceptorChain$InterceptedInvocation.proceed(InvocationInterceptorChain.java:106)\r\n\tat org.junit.jupiter.engine.execution.InvocationInterceptorChain.proceed(InvocationInterceptorChain.java:64)\r\n\tat org.junit.jupiter.engine.execution.InvocationInterceptorChain.chainAndInvoke(InvocationInterceptorChain.java:45)\r\n\tat org.junit.jupiter.engine.execution.InvocationInterceptorChain.invoke(InvocationInterceptorChain.java:37)\r\n\tat org.junit.jupiter.engine.execution.ExecutableInvoker.invoke(ExecutableInvoker.java:104)\r\n\tat org.junit.jupiter.engine.execution.ExecutableInvoker.invoke(ExecutableInvoker.java:98)\r\n\tat org.junit.jupiter.engine.descriptor.TestMethodTestDescriptor.lambda$invokeTestMethod$6(TestMethodTestDescriptor.java:210)\r\n\tat org.junit.platform.engine.support.hierarchical.ThrowableCollector.execute(ThrowableCollector.java:73)\r\n\tat org.junit.jupiter.engine.descriptor.TestMethodTestDescriptor.invokeTestMethod(TestMethodTestDescriptor.java:206)\r\n\tat org.junit.jupiter.engine.descriptor.TestMethodTestDescriptor.execute(TestMethodTestDescriptor.java:131)\r\n\tat org.junit.jupiter.engine.descriptor.TestMethodTestDescriptor.execute(TestMethodTestDescriptor.java:65)\r\n\tat org.junit.platform.engine.support.hierarchical.NodeTestTask.lambda$executeRecursively$5(NodeTestTask.java:139)\r\n\tat org.junit.platform.engine.support.hierarchical.ThrowableCollector.execute(ThrowableCollector.java:73)\r\n\tat org.junit.platform.engine.support.hierarchical.NodeTestTask.lambda$executeRecursively$7(NodeTestTask.java:129)\r\n\tat org.junit.platform.engine.support.hierarchical.Node.around(Node.java:137)\r\n\tat org.junit.platform.engine.support.hierarchical.NodeTestTask.lambda$executeRecursively$8(NodeTestTask.java:127)\r\n\tat org.junit.platform.engine.support.hierarchical.ThrowableCollector.execute(ThrowableCollector.java:73)\r\n\tat org.junit.platform.engine.support.hierarchical.NodeTestTask.executeRecursively(NodeTestTask.java:126)\r\n\tat org.junit.platform.engine.support.hierarchical.NodeTestTask.execute(NodeTestTask.java:84)\r\n\tat java.base\/java.util.ArrayList.forEach(ArrayList.java:1511)\r\n\tat org.junit.platform.engine.support.hierarchical.SameThreadHierarchicalTestExecutorService.invokeAll(SameThreadHierarchicalTestExecutorService.java:38)\r\n\tat org.junit.platform.engine.support.hierarchical.NodeTestTask.lambda$executeRecursively$5(NodeTestTask.java:143)\r\n\tat org.junit.platform.engine.support.hierarchical.ThrowableCollector.execute(ThrowableCollector.java:73)\r\n\tat org.junit.platform.engine.support.hierarchical.NodeTestTask.lambda$executeRecursively$7(NodeTestTask.java:129)\r\n\tat org.junit.platform.engine.support.hierarchical.Node.around(Node.java:137)\r\n\tat org.junit.platform.engine.support.hierarchical.NodeTestTask.lambda$executeRecursively$8(NodeTestTask.java:127)\r\n\tat org.junit.platform.engine.support.hierarchical.ThrowableCollector.execute(ThrowableCollector.java:73)\r\n\tat org.junit.platform.engine.support.hierarchical.NodeTestTask.executeRecursively(NodeTestTask.java:126)\r\n\tat org.junit.platform.engine.support.hierarchical.NodeTestTask.execute(NodeTestTask.java:84)\r\n\tat java.base\/java.util.ArrayList.forEach(ArrayList.java:1511)\r\n\tat org.junit.platform.engine.support.hierarchical.SameThreadHierarchicalTestExecutorService.invokeAll(SameThreadHierarchicalTestExecutorService.java:38)\r\n\tat org.junit.platform.engine.support.hierarchical.NodeTestTask.lambda$executeRecursively$5(NodeTestTask.java:143)\r\n\tat org.junit.platform.engine.support.hierarchical.ThrowableCollector.execute(ThrowableCollector.java:73)\r\n\tat org.junit.platform.engine.support.hierarchical.NodeTestTask.lambda$executeRecursively$7(NodeTestTask.java:129)\r\n\tat org.junit.platform.engine.support.hierarchical.Node.around(Node.java:137)\r\n\tat org.junit.platform.engine.support.hierarchical.NodeTestTask.lambda$executeRecursively$8(NodeTestTask.java:127)\r\n\tat org.junit.platform.engine.support.hierarchical.ThrowableCollector.execute(ThrowableCollector.java:73)\r\n\tat org.junit.platform.engine.support.hierarchical.NodeTestTask.executeRecursively(NodeTestTask.java:126)\r\n\tat org.junit.platform.engine.support.hierarchical.NodeTestTask.execute(NodeTestTask.java:84)\r\n\tat org.junit.platform.engine.support.hierarchical.SameThreadHierarchicalTestExecutorService.submit(SameThreadHierarchicalTestExecutorService.java:32)\r\n\tat org.junit.platform.engine.support.hierarchical.HierarchicalTestExecutor.execute(HierarchicalTestExecutor.java:57)\r\n\tat org.junit.platform.engine.support.hierarchical.HierarchicalTestEngine.execute(HierarchicalTestEngine.java:51)\r\n\tat org.junit.platform.launcher.core.EngineExecutionOrchestrator.execute(EngineExecutionOrchestrator.java:108)\r\n\tat org.junit.platform.launcher.core.EngineExecutionOrchestrator.execute(EngineExecutionOrchestrator.java:88)\r\n\tat org.junit.platform.launcher.core.EngineExecutionOrchestrator.lambda$execute$0(EngineExecutionOrchestrator.java:54)\r\n\tat org.junit.platform.launcher.core.EngineExecutionOrchestrator.withInterceptedStreams(EngineExecutionOrchestrator.java:67)\r\n\tat org.junit.platform.launcher.core.EngineExecutionOrchestrator.execute(EngineExecutionOrchestrator.java:52)\r\n\tat org.junit.platform.launcher.core.DefaultLauncher.execute(DefaultLauncher.java:96)\r\n\tat org.junit.platform.launcher.core.DefaultLauncher.execute(DefaultLauncher.java:84)\r\n\tat org.eclipse.jdt.internal.junit5.runner.JUnit5TestReference.run(JUnit5TestReference.java:100)\r\n\tat org.eclipse.jdt.internal.junit.runner.TestExecution.run(TestExecution.java:40)\r\n\tat org.eclipse.jdt.internal.junit.runner.RemoteTestRunner.runTests(RemoteTestRunner.java:529)\r\n\tat org.eclipse.jdt.internal.junit.runner.RemoteTestRunner.runTests(RemoteTestRunner.java:757)\r\n\tat org.eclipse.jdt.internal.junit.runner.RemoteTestRunner.run(RemoteTestRunner.java:452)\r\n\tat org.eclipse.jdt.internal.junit.runner.RemoteTestRunner.main(RemoteTestRunner.java:210)\r\n"}],"line":63,"description":"","durationMillis":8.1652,"failed":true,"error":"Cannot invoke \"com.aventstack.extentreports.ExtentTest.info(String)\" because \"apifeatures.ReportHook.test\" is null\nclasspath:apifeatures\/Target.feature:63","executorName":"main","name":"","startTime":1725114670847,"refId":"[2.9:63]","endTime":1725114670851,"exampleData":{"S.NO":"","Modules":"","SCENARIO":"","URL":"","DESC":"","METHOD":"","STATUS_CODE":"","VALIDATION":"","EXPECTED_RESULT":"","KEY":"coll","VALUE":"{ \"id\": '#number',\"name\": '#string',\"email\": '#string' ,\"phoneNumber\": '#string',\"description\": '#string',\"active\": '#boolean'}\n"},"exampleIndex":8},{"sectionIndex":1,"stepResults":[{"result":{"nanos":603900,"millis":0.6039,"status":"passed"},"step":{"background":true,"line":4,"prefix":"*","index":0,"text":"url 'http:\/\/122.165.121.195:8080'"},"stepLog":"20:01:10.718 The value of env is :  qa \n"},{"result":{"nanos":417500,"millis":0.4175,"status":"passed"},"step":{"background":true,"line":5,"prefix":"*","index":1,"text":"def baseurl = baseURL"}},{"result":{"nanos":667700,"millis":0.6677,"status":"passed"},"step":{"background":true,"line":6,"prefix":"*","index":2,"text":"def newid = \"null\""}},{"result":{"nanos":1808300,"millis":1.8083,"status":"passed"},"step":{"endLine":16,"background":true,"line":7,"prefix":"*","docString":"function(s) {\nvar text = \"\";\nvar pattern = \"ABCDEFGHIJKLMNOPQRSTUVWXYZ\";\nfor (var i=0;i<s;i++)\ntext += pattern.charAt(Math.random() * pattern.length());\nreturn text;\n}","index":3,"text":"def random_number ="}},{"result":{"nanos":2243200,"millis":2.2432,"status":"passed"},"step":{"background":true,"line":17,"prefix":"*","index":4,"text":"def randomstring = random_number(10)"}},{"result":{"nanos":1183600,"millis":1.1836,"status":"passed"},"step":{"background":true,"line":18,"prefix":"*","index":5,"text":"print randomstring"},"stepLog":"20:01:10.729 [print] IVEPNOYPGV \n"},{"result":{"nanos":1476400,"errorMessage":"js failed:\n>>>>\n01: baseURL+\n<<<<\norg.graalvm.polyglot.PolyglotException: SyntaxError: Unnamed:1:8 Expected an operand but found eof\r\nbaseURL+\r\n        ^\n\n- org.graalvm.polyglot.Context.eval(Context.java:401)\n- com.intuit.karate.graal.JsEngine.evalForValue(JsEngine.java:141)\n- com.intuit.karate.graal.JsEngine.eval(JsEngine.java:137)\n- com.intuit.karate.core.ScenarioEngine.evalJs(ScenarioEngine.java:1344)\n- com.intuit.karate.core.ScenarioEngine.evalKarateExpression(ScenarioEngine.java:2373)\n- com.intuit.karate.core.ScenarioEngine.evalKarateExpression(ScenarioEngine.java:2292)\n- com.intuit.karate.core.ScenarioEngine.url(ScenarioEngine.java:365)\n\nclasspath:apifeatures\/Target.feature:47","millis":1.4764,"status":"failed"},"step":{"line":47,"prefix":"Given","index":0,"text":"url baseURL+"},"stepLog":"20:01:10.861 The value of env is :  qa \n20:01:10.864 classpath:apifeatures\/Target.feature:47\nGiven url baseURL+\njs failed:\n>>>>\n01: baseURL+\n<<<<\norg.graalvm.polyglot.PolyglotException: SyntaxError: Unnamed:1:8 Expected an operand but found eof\r\nbaseURL+\r\n        ^\n\n- org.graalvm.polyglot.Context.eval(Context.java:401)\n- com.intuit.karate.graal.JsEngine.evalForValue(JsEngine.java:141)\n- com.intuit.karate.graal.JsEngine.eval(JsEngine.java:137)\n- com.intuit.karate.core.ScenarioEngine.evalJs(ScenarioEngine.java:1344)\n- com.intuit.karate.core.ScenarioEngine.evalKarateExpression(ScenarioEngine.java:2373)\n- com.intuit.karate.core.ScenarioEngine.evalKarateExpression(ScenarioEngine.java:2292)\n- com.intuit.karate.core.ScenarioEngine.url(ScenarioEngine.java:365)\n\nclasspath:apifeatures\/Target.feature:47\n"},{"result":{"nanos":0,"millis":0.0,"status":"skipped"},"step":{"line":48,"prefix":"When","index":1,"text":"method "}},{"result":{"nanos":0,"millis":0.0,"status":"skipped"},"step":{"line":49,"prefix":"Then","index":2,"text":"status "}},{"result":{"nanos":0,"millis":0.0,"status":"skipped"},"step":{"line":50,"prefix":"*","index":3,"text":"def projectSchema = {\"id\": 125}"}},{"result":{"nanos":0,"millis":0.0,"status":"skipped"},"step":{"line":51,"prefix":"*","index":4,"text":"def keyafter = \"entity\""}},{"result":{"nanos":0,"millis":0.0,"status":"skipped"},"step":{"endLine":57,"line":52,"prefix":"*","docString":"if (keyafter != '') {\n  keyafter = 'response.' + keyafter\n}","index":5,"text":"eval"}},{"result":{"nanos":0,"millis":0.0,"status":"skipped"},"step":{"line":58,"prefix":"And","index":6,"text":"print keyafter"}},{"result":{"nanos":0,"millis":0.0,"status":"skipped"},"step":{"line":59,"prefix":"And","index":7,"text":"match entity contains {\"id\": 125}"}},{"result":{"nanos":0,"errorMessage":"Cannot invoke \"com.aventstack.extentreports.ExtentTest.info(String)\" because \"apifeatures.ReportHook.test\" is null\nclasspath:apifeatures\/Target.feature:63","millis":0.0,"status":"failed"},"step":{"endLine":0,"line":63,"prefix":"*","index":-1,"text":"scenario [cleanup] failed"},"stepLog":"Cannot invoke \"com.aventstack.extentreports.ExtentTest.info(String)\" because \"apifeatures.ReportHook.test\" is null\njava.lang.NullPointerException: Cannot invoke \"com.aventstack.extentreports.ExtentTest.info(String)\" because \"apifeatures.ReportHook.test\" is null\r\n\tat apifeatures.ReportHook.afterScenario(ReportHook.java:50)\r\n\tat com.intuit.karate.core.ScenarioRuntime.lambda$afterRun$8(ScenarioRuntime.java:559)\r\n\tat java.base\/java.util.ArrayList.forEach(ArrayList.java:1511)\r\n\tat com.intuit.karate.core.ScenarioRuntime.afterRun(ScenarioRuntime.java:559)\r\n\tat com.intuit.karate.core.ScenarioRuntime.run(ScenarioRuntime.java:464)\r\n\tat com.intuit.karate.core.FeatureRuntime.processScenario(FeatureRuntime.java:182)\r\n\tat java.base\/java.util.stream.ReferencePipeline$2$1.accept(ReferencePipeline.java:179)\r\n\tat com.intuit.karate.core.ScenarioIterator.tryAdvance(ScenarioIterator.java:149)\r\n\tat java.base\/java.util.Spliterator.forEachRemaining(Spliterator.java:332)\r\n\tat java.base\/java.util.stream.AbstractPipeline.copyInto(AbstractPipeline.java:509)\r\n\tat java.base\/java.util.stream.AbstractPipeline.wrapAndCopyInto(AbstractPipeline.java:499)\r\n\tat java.base\/java.util.stream.StreamSpliterators$WrappingSpliterator.forEachRemaining(StreamSpliterators.java:310)\r\n\tat java.base\/java.util.Spliterators$1Adapter.forEachRemaining(Spliterators.java:706)\r\n\tat com.intuit.karate.core.FeatureRuntime.run(FeatureRuntime.java:165)\r\n\tat java.base\/java.util.concurrent.Executors$RunnableAdapter.call(Executors.java:539)\r\n\tat java.base\/java.util.concurrent.FutureTask.run(FutureTask.java:264)\r\n\tat com.intuit.karate.core.SyncExecutorService.execute(SyncExecutorService.java:70)\r\n\tat java.base\/java.util.concurrent.AbstractExecutorService.submit(AbstractExecutorService.java:123)\r\n\tat com.intuit.karate.Suite.run(Suite.java:235)\r\n\tat com.intuit.karate.Runner$Builder.parallel(Runner.java:575)\r\n\tat apifeatures.ScenarioRunner.testParallel(ScenarioRunner.java:22)\r\n\tat java.base\/jdk.internal.reflect.NativeMethodAccessorImpl.invoke0(Native Method)\r\n\tat java.base\/jdk.internal.reflect.NativeMethodAccessorImpl.invoke(NativeMethodAccessorImpl.java:77)\r\n\tat java.base\/jdk.internal.reflect.DelegatingMethodAccessorImpl.invoke(DelegatingMethodAccessorImpl.java:43)\r\n\tat java.base\/java.lang.reflect.Method.invoke(Method.java:568)\r\n\tat org.junit.platform.commons.util.ReflectionUtils.invokeMethod(ReflectionUtils.java:688)\r\n\tat org.junit.jupiter.engine.execution.MethodInvocation.proceed(MethodInvocation.java:60)\r\n\tat org.junit.jupiter.engine.execution.InvocationInterceptorChain$ValidatingInvocation.proceed(InvocationInterceptorChain.java:131)\r\n\tat org.junit.jupiter.engine.extension.TimeoutExtension.intercept(TimeoutExtension.java:149)\r\n\tat org.junit.jupiter.engine.extension.TimeoutExtension.interceptTestableMethod(TimeoutExtension.java:140)\r\n\tat org.junit.jupiter.engine.extension.TimeoutExtension.interceptTestMethod(TimeoutExtension.java:84)\r\n\tat org.junit.jupiter.engine.execution.ExecutableInvoker$ReflectiveInterceptorCall.lambda$ofVoidMethod$0(ExecutableInvoker.java:115)\r\n\tat org.junit.jupiter.engine.execution.ExecutableInvoker.lambda$invoke$0(ExecutableInvoker.java:105)\r\n\tat org.junit.jupiter.engine.execution.InvocationInterceptorChain$InterceptedInvocation.proceed(InvocationInterceptorChain.java:106)\r\n\tat org.junit.jupiter.engine.execution.InvocationInterceptorChain.proceed(InvocationInterceptorChain.java:64)\r\n\tat org.junit.jupiter.engine.execution.InvocationInterceptorChain.chainAndInvoke(InvocationInterceptorChain.java:45)\r\n\tat org.junit.jupiter.engine.execution.InvocationInterceptorChain.invoke(InvocationInterceptorChain.java:37)\r\n\tat org.junit.jupiter.engine.execution.ExecutableInvoker.invoke(ExecutableInvoker.java:104)\r\n\tat org.junit.jupiter.engine.execution.ExecutableInvoker.invoke(ExecutableInvoker.java:98)\r\n\tat org.junit.jupiter.engine.descriptor.TestMethodTestDescriptor.lambda$invokeTestMethod$6(TestMethodTestDescriptor.java:210)\r\n\tat org.junit.platform.engine.support.hierarchical.ThrowableCollector.execute(ThrowableCollector.java:73)\r\n\tat org.junit.jupiter.engine.descriptor.TestMethodTestDescriptor.invokeTestMethod(TestMethodTestDescriptor.java:206)\r\n\tat org.junit.jupiter.engine.descriptor.TestMethodTestDescriptor.execute(TestMethodTestDescriptor.java:131)\r\n\tat org.junit.jupiter.engine.descriptor.TestMethodTestDescriptor.execute(TestMethodTestDescriptor.java:65)\r\n\tat org.junit.platform.engine.support.hierarchical.NodeTestTask.lambda$executeRecursively$5(NodeTestTask.java:139)\r\n\tat org.junit.platform.engine.support.hierarchical.ThrowableCollector.execute(ThrowableCollector.java:73)\r\n\tat org.junit.platform.engine.support.hierarchical.NodeTestTask.lambda$executeRecursively$7(NodeTestTask.java:129)\r\n\tat org.junit.platform.engine.support.hierarchical.Node.around(Node.java:137)\r\n\tat org.junit.platform.engine.support.hierarchical.NodeTestTask.lambda$executeRecursively$8(NodeTestTask.java:127)\r\n\tat org.junit.platform.engine.support.hierarchical.ThrowableCollector.execute(ThrowableCollector.java:73)\r\n\tat org.junit.platform.engine.support.hierarchical.NodeTestTask.executeRecursively(NodeTestTask.java:126)\r\n\tat org.junit.platform.engine.support.hierarchical.NodeTestTask.execute(NodeTestTask.java:84)\r\n\tat java.base\/java.util.ArrayList.forEach(ArrayList.java:1511)\r\n\tat org.junit.platform.engine.support.hierarchical.SameThreadHierarchicalTestExecutorService.invokeAll(SameThreadHierarchicalTestExecutorService.java:38)\r\n\tat org.junit.platform.engine.support.hierarchical.NodeTestTask.lambda$executeRecursively$5(NodeTestTask.java:143)\r\n\tat org.junit.platform.engine.support.hierarchical.ThrowableCollector.execute(ThrowableCollector.java:73)\r\n\tat org.junit.platform.engine.support.hierarchical.NodeTestTask.lambda$executeRecursively$7(NodeTestTask.java:129)\r\n\tat org.junit.platform.engine.support.hierarchical.Node.around(Node.java:137)\r\n\tat org.junit.platform.engine.support.hierarchical.NodeTestTask.lambda$executeRecursively$8(NodeTestTask.java:127)\r\n\tat org.junit.platform.engine.support.hierarchical.ThrowableCollector.execute(ThrowableCollector.java:73)\r\n\tat org.junit.platform.engine.support.hierarchical.NodeTestTask.executeRecursively(NodeTestTask.java:126)\r\n\tat org.junit.platform.engine.support.hierarchical.NodeTestTask.execute(NodeTestTask.java:84)\r\n\tat java.base\/java.util.ArrayList.forEach(ArrayList.java:1511)\r\n\tat org.junit.platform.engine.support.hierarchical.SameThreadHierarchicalTestExecutorService.invokeAll(SameThreadHierarchicalTestExecutorService.java:38)\r\n\tat org.junit.platform.engine.support.hierarchical.NodeTestTask.lambda$executeRecursively$5(NodeTestTask.java:143)\r\n\tat org.junit.platform.engine.support.hierarchical.ThrowableCollector.execute(ThrowableCollector.java:73)\r\n\tat org.junit.platform.engine.support.hierarchical.NodeTestTask.lambda$executeRecursively$7(NodeTestTask.java:129)\r\n\tat org.junit.platform.engine.support.hierarchical.Node.around(Node.java:137)\r\n\tat org.junit.platform.engine.support.hierarchical.NodeTestTask.lambda$executeRecursively$8(NodeTestTask.java:127)\r\n\tat org.junit.platform.engine.support.hierarchical.ThrowableCollector.execute(ThrowableCollector.java:73)\r\n\tat org.junit.platform.engine.support.hierarchical.NodeTestTask.executeRecursively(NodeTestTask.java:126)\r\n\tat org.junit.platform.engine.support.hierarchical.NodeTestTask.execute(NodeTestTask.java:84)\r\n\tat org.junit.platform.engine.support.hierarchical.SameThreadHierarchicalTestExecutorService.submit(SameThreadHierarchicalTestExecutorService.java:32)\r\n\tat org.junit.platform.engine.support.hierarchical.HierarchicalTestExecutor.execute(HierarchicalTestExecutor.java:57)\r\n\tat org.junit.platform.engine.support.hierarchical.HierarchicalTestEngine.execute(HierarchicalTestEngine.java:51)\r\n\tat org.junit.platform.launcher.core.EngineExecutionOrchestrator.execute(EngineExecutionOrchestrator.java:108)\r\n\tat org.junit.platform.launcher.core.EngineExecutionOrchestrator.execute(EngineExecutionOrchestrator.java:88)\r\n\tat org.junit.platform.launcher.core.EngineExecutionOrchestrator.lambda$execute$0(EngineExecutionOrchestrator.java:54)\r\n\tat org.junit.platform.launcher.core.EngineExecutionOrchestrator.withInterceptedStreams(EngineExecutionOrchestrator.java:67)\r\n\tat org.junit.platform.launcher.core.EngineExecutionOrchestrator.execute(EngineExecutionOrchestrator.java:52)\r\n\tat org.junit.platform.launcher.core.DefaultLauncher.execute(DefaultLauncher.java:96)\r\n\tat org.junit.platform.launcher.core.DefaultLauncher.execute(DefaultLauncher.java:84)\r\n\tat org.eclipse.jdt.internal.junit5.runner.JUnit5TestReference.run(JUnit5TestReference.java:100)\r\n\tat org.eclipse.jdt.internal.junit.runner.TestExecution.run(TestExecution.java:40)\r\n\tat org.eclipse.jdt.internal.junit.runner.RemoteTestRunner.runTests(RemoteTestRunner.java:529)\r\n\tat org.eclipse.jdt.internal.junit.runner.RemoteTestRunner.runTests(RemoteTestRunner.java:757)\r\n\tat org.eclipse.jdt.internal.junit.runner.RemoteTestRunner.run(RemoteTestRunner.java:452)\r\n\tat org.eclipse.jdt.internal.junit.runner.RemoteTestRunner.main(RemoteTestRunner.java:210)\r\n"}],"line":63,"description":"","durationMillis":8.4006,"failed":true,"error":"Cannot invoke \"com.aventstack.extentreports.ExtentTest.info(String)\" because \"apifeatures.ReportHook.test\" is null\nclasspath:apifeatures\/Target.feature:63","executorName":"main","name":"","startTime":1725114670860,"refId":"[2.10:63]","endTime":1725114670864,"exampleData":{"S.NO":"","Modules":"","SCENARIO":"","URL":"","DESC":"","METHOD":"","STATUS_CODE":"","VALIDATION":"","EXPECTED_RESULT":"","KEY":"entity","VALUE":"{\"id\": 125}"},"exampleIndex":9},{"sectionIndex":1,"stepResults":[{"result":{"nanos":603900,"millis":0.6039,"status":"passed"},"step":{"background":true,"line":4,"prefix":"*","index":0,"text":"url 'http:\/\/122.165.121.195:8080'"},"stepLog":"20:01:10.718 The value of env is :  qa \n"},{"result":{"nanos":417500,"millis":0.4175,"status":"passed"},"step":{"background":true,"line":5,"prefix":"*","index":1,"text":"def baseurl = baseURL"}},{"result":{"nanos":667700,"millis":0.6677,"status":"passed"},"step":{"background":true,"line":6,"prefix":"*","index":2,"text":"def newid = \"null\""}},{"result":{"nanos":1808300,"millis":1.8083,"status":"passed"},"step":{"endLine":16,"background":true,"line":7,"prefix":"*","docString":"function(s) {\nvar text = \"\";\nvar pattern = \"ABCDEFGHIJKLMNOPQRSTUVWXYZ\";\nfor (var i=0;i<s;i++)\ntext += pattern.charAt(Math.random() * pattern.length());\nreturn text;\n}","index":3,"text":"def random_number ="}},{"result":{"nanos":2243200,"millis":2.2432,"status":"passed"},"step":{"background":true,"line":17,"prefix":"*","index":4,"text":"def randomstring = random_number(10)"}},{"result":{"nanos":1183600,"millis":1.1836,"status":"passed"},"step":{"background":true,"line":18,"prefix":"*","index":5,"text":"print randomstring"},"stepLog":"20:01:10.729 [print] IVEPNOYPGV \n"},{"result":{"nanos":1192100,"errorMessage":"js failed:\n>>>>\n01: baseURL+\n<<<<\norg.graalvm.polyglot.PolyglotException: SyntaxError: Unnamed:1:8 Expected an operand but found eof\r\nbaseURL+\r\n        ^\n\n- org.graalvm.polyglot.Context.eval(Context.java:401)\n- com.intuit.karate.graal.JsEngine.evalForValue(JsEngine.java:141)\n- com.intuit.karate.graal.JsEngine.eval(JsEngine.java:137)\n- com.intuit.karate.core.ScenarioEngine.evalJs(ScenarioEngine.java:1344)\n- com.intuit.karate.core.ScenarioEngine.evalKarateExpression(ScenarioEngine.java:2373)\n- com.intuit.karate.core.ScenarioEngine.evalKarateExpression(ScenarioEngine.java:2292)\n- com.intuit.karate.core.ScenarioEngine.url(ScenarioEngine.java:365)\n\nclasspath:apifeatures\/Target.feature:47","millis":1.1921,"status":"failed"},"step":{"line":47,"prefix":"Given","index":0,"text":"url baseURL+"},"stepLog":"20:01:10.874 The value of env is :  qa \n20:01:10.876 classpath:apifeatures\/Target.feature:47\nGiven url baseURL+\njs failed:\n>>>>\n01: baseURL+\n<<<<\norg.graalvm.polyglot.PolyglotException: SyntaxError: Unnamed:1:8 Expected an operand but found eof\r\nbaseURL+\r\n        ^\n\n- org.graalvm.polyglot.Context.eval(Context.java:401)\n- com.intuit.karate.graal.JsEngine.evalForValue(JsEngine.java:141)\n- com.intuit.karate.graal.JsEngine.eval(JsEngine.java:137)\n- com.intuit.karate.core.ScenarioEngine.evalJs(ScenarioEngine.java:1344)\n- com.intuit.karate.core.ScenarioEngine.evalKarateExpression(ScenarioEngine.java:2373)\n- com.intuit.karate.core.ScenarioEngine.evalKarateExpression(ScenarioEngine.java:2292)\n- com.intuit.karate.core.ScenarioEngine.url(ScenarioEngine.java:365)\n\nclasspath:apifeatures\/Target.feature:47\n"},{"result":{"nanos":0,"millis":0.0,"status":"skipped"},"step":{"line":48,"prefix":"When","index":1,"text":"method "}},{"result":{"nanos":0,"millis":0.0,"status":"skipped"},"step":{"line":49,"prefix":"Then","index":2,"text":"status "}},{"result":{"nanos":0,"millis":0.0,"status":"skipped"},"step":{"line":50,"prefix":"*","index":3,"text":"def projectSchema = {\"id\": 125}"}},{"result":{"nanos":0,"millis":0.0,"status":"skipped"},"step":{"line":51,"prefix":"*","index":4,"text":"def keyafter = \"entity\""}},{"result":{"nanos":0,"millis":0.0,"status":"skipped"},"step":{"endLine":57,"line":52,"prefix":"*","docString":"if (keyafter != '') {\n  keyafter = 'response.' + keyafter\n}","index":5,"text":"eval"}},{"result":{"nanos":0,"millis":0.0,"status":"skipped"},"step":{"line":58,"prefix":"And","index":6,"text":"print keyafter"}},{"result":{"nanos":0,"millis":0.0,"status":"skipped"},"step":{"line":59,"prefix":"And","index":7,"text":"match entity contains {\"id\": 125}"}},{"result":{"nanos":0,"errorMessage":"Cannot invoke \"com.aventstack.extentreports.ExtentTest.info(String)\" because \"apifeatures.ReportHook.test\" is null\nclasspath:apifeatures\/Target.feature:63","millis":0.0,"status":"failed"},"step":{"endLine":0,"line":63,"prefix":"*","index":-1,"text":"scenario [cleanup] failed"},"stepLog":"Cannot invoke \"com.aventstack.extentreports.ExtentTest.info(String)\" because \"apifeatures.ReportHook.test\" is null\njava.lang.NullPointerException: Cannot invoke \"com.aventstack.extentreports.ExtentTest.info(String)\" because \"apifeatures.ReportHook.test\" is null\r\n\tat apifeatures.ReportHook.afterScenario(ReportHook.java:50)\r\n\tat com.intuit.karate.core.ScenarioRuntime.lambda$afterRun$8(ScenarioRuntime.java:559)\r\n\tat java.base\/java.util.ArrayList.forEach(ArrayList.java:1511)\r\n\tat com.intuit.karate.core.ScenarioRuntime.afterRun(ScenarioRuntime.java:559)\r\n\tat com.intuit.karate.core.ScenarioRuntime.run(ScenarioRuntime.java:464)\r\n\tat com.intuit.karate.core.FeatureRuntime.processScenario(FeatureRuntime.java:182)\r\n\tat java.base\/java.util.stream.ReferencePipeline$2$1.accept(ReferencePipeline.java:179)\r\n\tat com.intuit.karate.core.ScenarioIterator.tryAdvance(ScenarioIterator.java:149)\r\n\tat java.base\/java.util.Spliterator.forEachRemaining(Spliterator.java:332)\r\n\tat java.base\/java.util.stream.AbstractPipeline.copyInto(AbstractPipeline.java:509)\r\n\tat java.base\/java.util.stream.AbstractPipeline.wrapAndCopyInto(AbstractPipeline.java:499)\r\n\tat java.base\/java.util.stream.StreamSpliterators$WrappingSpliterator.forEachRemaining(StreamSpliterators.java:310)\r\n\tat java.base\/java.util.Spliterators$1Adapter.forEachRemaining(Spliterators.java:706)\r\n\tat com.intuit.karate.core.FeatureRuntime.run(FeatureRuntime.java:165)\r\n\tat java.base\/java.util.concurrent.Executors$RunnableAdapter.call(Executors.java:539)\r\n\tat java.base\/java.util.concurrent.FutureTask.run(FutureTask.java:264)\r\n\tat com.intuit.karate.core.SyncExecutorService.execute(SyncExecutorService.java:70)\r\n\tat java.base\/java.util.concurrent.AbstractExecutorService.submit(AbstractExecutorService.java:123)\r\n\tat com.intuit.karate.Suite.run(Suite.java:235)\r\n\tat com.intuit.karate.Runner$Builder.parallel(Runner.java:575)\r\n\tat apifeatures.ScenarioRunner.testParallel(ScenarioRunner.java:22)\r\n\tat java.base\/jdk.internal.reflect.NativeMethodAccessorImpl.invoke0(Native Method)\r\n\tat java.base\/jdk.internal.reflect.NativeMethodAccessorImpl.invoke(NativeMethodAccessorImpl.java:77)\r\n\tat java.base\/jdk.internal.reflect.DelegatingMethodAccessorImpl.invoke(DelegatingMethodAccessorImpl.java:43)\r\n\tat java.base\/java.lang.reflect.Method.invoke(Method.java:568)\r\n\tat org.junit.platform.commons.util.ReflectionUtils.invokeMethod(ReflectionUtils.java:688)\r\n\tat org.junit.jupiter.engine.execution.MethodInvocation.proceed(MethodInvocation.java:60)\r\n\tat org.junit.jupiter.engine.execution.InvocationInterceptorChain$ValidatingInvocation.proceed(InvocationInterceptorChain.java:131)\r\n\tat org.junit.jupiter.engine.extension.TimeoutExtension.intercept(TimeoutExtension.java:149)\r\n\tat org.junit.jupiter.engine.extension.TimeoutExtension.interceptTestableMethod(TimeoutExtension.java:140)\r\n\tat org.junit.jupiter.engine.extension.TimeoutExtension.interceptTestMethod(TimeoutExtension.java:84)\r\n\tat org.junit.jupiter.engine.execution.ExecutableInvoker$ReflectiveInterceptorCall.lambda$ofVoidMethod$0(ExecutableInvoker.java:115)\r\n\tat org.junit.jupiter.engine.execution.ExecutableInvoker.lambda$invoke$0(ExecutableInvoker.java:105)\r\n\tat org.junit.jupiter.engine.execution.InvocationInterceptorChain$InterceptedInvocation.proceed(InvocationInterceptorChain.java:106)\r\n\tat org.junit.jupiter.engine.execution.InvocationInterceptorChain.proceed(InvocationInterceptorChain.java:64)\r\n\tat org.junit.jupiter.engine.execution.InvocationInterceptorChain.chainAndInvoke(InvocationInterceptorChain.java:45)\r\n\tat org.junit.jupiter.engine.execution.InvocationInterceptorChain.invoke(InvocationInterceptorChain.java:37)\r\n\tat org.junit.jupiter.engine.execution.ExecutableInvoker.invoke(ExecutableInvoker.java:104)\r\n\tat org.junit.jupiter.engine.execution.ExecutableInvoker.invoke(ExecutableInvoker.java:98)\r\n\tat org.junit.jupiter.engine.descriptor.TestMethodTestDescriptor.lambda$invokeTestMethod$6(TestMethodTestDescriptor.java:210)\r\n\tat org.junit.platform.engine.support.hierarchical.ThrowableCollector.execute(ThrowableCollector.java:73)\r\n\tat org.junit.jupiter.engine.descriptor.TestMethodTestDescriptor.invokeTestMethod(TestMethodTestDescriptor.java:206)\r\n\tat org.junit.jupiter.engine.descriptor.TestMethodTestDescriptor.execute(TestMethodTestDescriptor.java:131)\r\n\tat org.junit.jupiter.engine.descriptor.TestMethodTestDescriptor.execute(TestMethodTestDescriptor.java:65)\r\n\tat org.junit.platform.engine.support.hierarchical.NodeTestTask.lambda$executeRecursively$5(NodeTestTask.java:139)\r\n\tat org.junit.platform.engine.support.hierarchical.ThrowableCollector.execute(ThrowableCollector.java:73)\r\n\tat org.junit.platform.engine.support.hierarchical.NodeTestTask.lambda$executeRecursively$7(NodeTestTask.java:129)\r\n\tat org.junit.platform.engine.support.hierarchical.Node.around(Node.java:137)\r\n\tat org.junit.platform.engine.support.hierarchical.NodeTestTask.lambda$executeRecursively$8(NodeTestTask.java:127)\r\n\tat org.junit.platform.engine.support.hierarchical.ThrowableCollector.execute(ThrowableCollector.java:73)\r\n\tat org.junit.platform.engine.support.hierarchical.NodeTestTask.executeRecursively(NodeTestTask.java:126)\r\n\tat org.junit.platform.engine.support.hierarchical.NodeTestTask.execute(NodeTestTask.java:84)\r\n\tat java.base\/java.util.ArrayList.forEach(ArrayList.java:1511)\r\n\tat org.junit.platform.engine.support.hierarchical.SameThreadHierarchicalTestExecutorService.invokeAll(SameThreadHierarchicalTestExecutorService.java:38)\r\n\tat org.junit.platform.engine.support.hierarchical.NodeTestTask.lambda$executeRecursively$5(NodeTestTask.java:143)\r\n\tat org.junit.platform.engine.support.hierarchical.ThrowableCollector.execute(ThrowableCollector.java:73)\r\n\tat org.junit.platform.engine.support.hierarchical.NodeTestTask.lambda$executeRecursively$7(NodeTestTask.java:129)\r\n\tat org.junit.platform.engine.support.hierarchical.Node.around(Node.java:137)\r\n\tat org.junit.platform.engine.support.hierarchical.NodeTestTask.lambda$executeRecursively$8(NodeTestTask.java:127)\r\n\tat org.junit.platform.engine.support.hierarchical.ThrowableCollector.execute(ThrowableCollector.java:73)\r\n\tat org.junit.platform.engine.support.hierarchical.NodeTestTask.executeRecursively(NodeTestTask.java:126)\r\n\tat org.junit.platform.engine.support.hierarchical.NodeTestTask.execute(NodeTestTask.java:84)\r\n\tat java.base\/java.util.ArrayList.forEach(ArrayList.java:1511)\r\n\tat org.junit.platform.engine.support.hierarchical.SameThreadHierarchicalTestExecutorService.invokeAll(SameThreadHierarchicalTestExecutorService.java:38)\r\n\tat org.junit.platform.engine.support.hierarchical.NodeTestTask.lambda$executeRecursively$5(NodeTestTask.java:143)\r\n\tat org.junit.platform.engine.support.hierarchical.ThrowableCollector.execute(ThrowableCollector.java:73)\r\n\tat org.junit.platform.engine.support.hierarchical.NodeTestTask.lambda$executeRecursively$7(NodeTestTask.java:129)\r\n\tat org.junit.platform.engine.support.hierarchical.Node.around(Node.java:137)\r\n\tat org.junit.platform.engine.support.hierarchical.NodeTestTask.lambda$executeRecursively$8(NodeTestTask.java:127)\r\n\tat org.junit.platform.engine.support.hierarchical.ThrowableCollector.execute(ThrowableCollector.java:73)\r\n\tat org.junit.platform.engine.support.hierarchical.NodeTestTask.executeRecursively(NodeTestTask.java:126)\r\n\tat org.junit.platform.engine.support.hierarchical.NodeTestTask.execute(NodeTestTask.java:84)\r\n\tat org.junit.platform.engine.support.hierarchical.SameThreadHierarchicalTestExecutorService.submit(SameThreadHierarchicalTestExecutorService.java:32)\r\n\tat org.junit.platform.engine.support.hierarchical.HierarchicalTestExecutor.execute(HierarchicalTestExecutor.java:57)\r\n\tat org.junit.platform.engine.support.hierarchical.HierarchicalTestEngine.execute(HierarchicalTestEngine.java:51)\r\n\tat org.junit.platform.launcher.core.EngineExecutionOrchestrator.execute(EngineExecutionOrchestrator.java:108)\r\n\tat org.junit.platform.launcher.core.EngineExecutionOrchestrator.execute(EngineExecutionOrchestrator.java:88)\r\n\tat org.junit.platform.launcher.core.EngineExecutionOrchestrator.lambda$execute$0(EngineExecutionOrchestrator.java:54)\r\n\tat org.junit.platform.launcher.core.EngineExecutionOrchestrator.withInterceptedStreams(EngineExecutionOrchestrator.java:67)\r\n\tat org.junit.platform.launcher.core.EngineExecutionOrchestrator.execute(EngineExecutionOrchestrator.java:52)\r\n\tat org.junit.platform.launcher.core.DefaultLauncher.execute(DefaultLauncher.java:96)\r\n\tat org.junit.platform.launcher.core.DefaultLauncher.execute(DefaultLauncher.java:84)\r\n\tat org.eclipse.jdt.internal.junit5.runner.JUnit5TestReference.run(JUnit5TestReference.java:100)\r\n\tat org.eclipse.jdt.internal.junit.runner.TestExecution.run(TestExecution.java:40)\r\n\tat org.eclipse.jdt.internal.junit.runner.RemoteTestRunner.runTests(RemoteTestRunner.java:529)\r\n\tat org.eclipse.jdt.internal.junit.runner.RemoteTestRunner.runTests(RemoteTestRunner.java:757)\r\n\tat org.eclipse.jdt.internal.junit.runner.RemoteTestRunner.run(RemoteTestRunner.java:452)\r\n\tat org.eclipse.jdt.internal.junit.runner.RemoteTestRunner.main(RemoteTestRunner.java:210)\r\n"}],"line":63,"description":"","durationMillis":8.1163,"failed":true,"error":"Cannot invoke \"com.aventstack.extentreports.ExtentTest.info(String)\" because \"apifeatures.ReportHook.test\" is null\nclasspath:apifeatures\/Target.feature:63","executorName":"main","name":"","startTime":1725114670873,"refId":"[2.11:63]","endTime":1725114670876,"exampleData":{"S.NO":"","Modules":"","SCENARIO":"","URL":"","DESC":"","METHOD":"","STATUS_CODE":"","VALIDATION":"","EXPECTED_RESULT":"","KEY":"entity","VALUE":"{\"id\": 125}"},"exampleIndex":10},{"sectionIndex":1,"stepResults":[{"result":{"nanos":603900,"millis":0.6039,"status":"passed"},"step":{"background":true,"line":4,"prefix":"*","index":0,"text":"url 'http:\/\/122.165.121.195:8080'"},"stepLog":"20:01:10.718 The value of env is :  qa \n"},{"result":{"nanos":417500,"millis":0.4175,"status":"passed"},"step":{"background":true,"line":5,"prefix":"*","index":1,"text":"def baseurl = baseURL"}},{"result":{"nanos":667700,"millis":0.6677,"status":"passed"},"step":{"background":true,"line":6,"prefix":"*","index":2,"text":"def newid = \"null\""}},{"result":{"nanos":1808300,"millis":1.8083,"status":"passed"},"step":{"endLine":16,"background":true,"line":7,"prefix":"*","docString":"function(s) {\nvar text = \"\";\nvar pattern = \"ABCDEFGHIJKLMNOPQRSTUVWXYZ\";\nfor (var i=0;i<s;i++)\ntext += pattern.charAt(Math.random() * pattern.length());\nreturn text;\n}","index":3,"text":"def random_number ="}},{"result":{"nanos":2243200,"millis":2.2432,"status":"passed"},"step":{"background":true,"line":17,"prefix":"*","index":4,"text":"def randomstring = random_number(10)"}},{"result":{"nanos":1183600,"millis":1.1836,"status":"passed"},"step":{"background":true,"line":18,"prefix":"*","index":5,"text":"print randomstring"},"stepLog":"20:01:10.729 [print] IVEPNOYPGV \n"},{"result":{"nanos":1263800,"errorMessage":"js failed:\n>>>>\n01: baseURL+\n<<<<\norg.graalvm.polyglot.PolyglotException: SyntaxError: Unnamed:1:8 Expected an operand but found eof\r\nbaseURL+\r\n        ^\n\n- org.graalvm.polyglot.Context.eval(Context.java:401)\n- com.intuit.karate.graal.JsEngine.evalForValue(JsEngine.java:141)\n- com.intuit.karate.graal.JsEngine.eval(JsEngine.java:137)\n- com.intuit.karate.core.ScenarioEngine.evalJs(ScenarioEngine.java:1344)\n- com.intuit.karate.core.ScenarioEngine.evalKarateExpression(ScenarioEngine.java:2373)\n- com.intuit.karate.core.ScenarioEngine.evalKarateExpression(ScenarioEngine.java:2292)\n- com.intuit.karate.core.ScenarioEngine.url(ScenarioEngine.java:365)\n\nclasspath:apifeatures\/Target.feature:47","millis":1.2638,"status":"failed"},"step":{"line":47,"prefix":"Given","index":0,"text":"url baseURL+"},"stepLog":"20:01:10.884 The value of env is :  qa \n20:01:10.887 classpath:apifeatures\/Target.feature:47\nGiven url baseURL+\njs failed:\n>>>>\n01: baseURL+\n<<<<\norg.graalvm.polyglot.PolyglotException: SyntaxError: Unnamed:1:8 Expected an operand but found eof\r\nbaseURL+\r\n        ^\n\n- org.graalvm.polyglot.Context.eval(Context.java:401)\n- com.intuit.karate.graal.JsEngine.evalForValue(JsEngine.java:141)\n- com.intuit.karate.graal.JsEngine.eval(JsEngine.java:137)\n- com.intuit.karate.core.ScenarioEngine.evalJs(ScenarioEngine.java:1344)\n- com.intuit.karate.core.ScenarioEngine.evalKarateExpression(ScenarioEngine.java:2373)\n- com.intuit.karate.core.ScenarioEngine.evalKarateExpression(ScenarioEngine.java:2292)\n- com.intuit.karate.core.ScenarioEngine.url(ScenarioEngine.java:365)\n\nclasspath:apifeatures\/Target.feature:47\n"},{"result":{"nanos":0,"millis":0.0,"status":"skipped"},"step":{"line":48,"prefix":"When","index":1,"text":"method "}},{"result":{"nanos":0,"millis":0.0,"status":"skipped"},"step":{"line":49,"prefix":"Then","index":2,"text":"status "}},{"result":{"nanos":0,"millis":0.0,"status":"skipped"},"step":{"line":50,"prefix":"*","index":3,"text":"def projectSchema = \"OK\""}},{"result":{"nanos":0,"millis":0.0,"status":"skipped"},"step":{"line":51,"prefix":"*","index":4,"text":"def keyafter = \"httpStatus\""}},{"result":{"nanos":0,"millis":0.0,"status":"skipped"},"step":{"endLine":57,"line":52,"prefix":"*","docString":"if (keyafter != '') {\n  keyafter = 'response.' + keyafter\n}","index":5,"text":"eval"}},{"result":{"nanos":0,"millis":0.0,"status":"skipped"},"step":{"line":58,"prefix":"And","index":6,"text":"print keyafter"}},{"result":{"nanos":0,"millis":0.0,"status":"skipped"},"step":{"line":59,"prefix":"And","index":7,"text":"match httpStatus contains \"OK\""}},{"result":{"nanos":0,"errorMessage":"Cannot invoke \"com.aventstack.extentreports.ExtentTest.info(String)\" because \"apifeatures.ReportHook.test\" is null\nclasspath:apifeatures\/Target.feature:63","millis":0.0,"status":"failed"},"step":{"endLine":0,"line":63,"prefix":"*","index":-1,"text":"scenario [cleanup] failed"},"stepLog":"Cannot invoke \"com.aventstack.extentreports.ExtentTest.info(String)\" because \"apifeatures.ReportHook.test\" is null\njava.lang.NullPointerException: Cannot invoke \"com.aventstack.extentreports.ExtentTest.info(String)\" because \"apifeatures.ReportHook.test\" is null\r\n\tat apifeatures.ReportHook.afterScenario(ReportHook.java:50)\r\n\tat com.intuit.karate.core.ScenarioRuntime.lambda$afterRun$8(ScenarioRuntime.java:559)\r\n\tat java.base\/java.util.ArrayList.forEach(ArrayList.java:1511)\r\n\tat com.intuit.karate.core.ScenarioRuntime.afterRun(ScenarioRuntime.java:559)\r\n\tat com.intuit.karate.core.ScenarioRuntime.run(ScenarioRuntime.java:464)\r\n\tat com.intuit.karate.core.FeatureRuntime.processScenario(FeatureRuntime.java:182)\r\n\tat java.base\/java.util.stream.ReferencePipeline$2$1.accept(ReferencePipeline.java:179)\r\n\tat com.intuit.karate.core.ScenarioIterator.tryAdvance(ScenarioIterator.java:149)\r\n\tat java.base\/java.util.Spliterator.forEachRemaining(Spliterator.java:332)\r\n\tat java.base\/java.util.stream.AbstractPipeline.copyInto(AbstractPipeline.java:509)\r\n\tat java.base\/java.util.stream.AbstractPipeline.wrapAndCopyInto(AbstractPipeline.java:499)\r\n\tat java.base\/java.util.stream.StreamSpliterators$WrappingSpliterator.forEachRemaining(StreamSpliterators.java:310)\r\n\tat java.base\/java.util.Spliterators$1Adapter.forEachRemaining(Spliterators.java:706)\r\n\tat com.intuit.karate.core.FeatureRuntime.run(FeatureRuntime.java:165)\r\n\tat java.base\/java.util.concurrent.Executors$RunnableAdapter.call(Executors.java:539)\r\n\tat java.base\/java.util.concurrent.FutureTask.run(FutureTask.java:264)\r\n\tat com.intuit.karate.core.SyncExecutorService.execute(SyncExecutorService.java:70)\r\n\tat java.base\/java.util.concurrent.AbstractExecutorService.submit(AbstractExecutorService.java:123)\r\n\tat com.intuit.karate.Suite.run(Suite.java:235)\r\n\tat com.intuit.karate.Runner$Builder.parallel(Runner.java:575)\r\n\tat apifeatures.ScenarioRunner.testParallel(ScenarioRunner.java:22)\r\n\tat java.base\/jdk.internal.reflect.NativeMethodAccessorImpl.invoke0(Native Method)\r\n\tat java.base\/jdk.internal.reflect.NativeMethodAccessorImpl.invoke(NativeMethodAccessorImpl.java:77)\r\n\tat java.base\/jdk.internal.reflect.DelegatingMethodAccessorImpl.invoke(DelegatingMethodAccessorImpl.java:43)\r\n\tat java.base\/java.lang.reflect.Method.invoke(Method.java:568)\r\n\tat org.junit.platform.commons.util.ReflectionUtils.invokeMethod(ReflectionUtils.java:688)\r\n\tat org.junit.jupiter.engine.execution.MethodInvocation.proceed(MethodInvocation.java:60)\r\n\tat org.junit.jupiter.engine.execution.InvocationInterceptorChain$ValidatingInvocation.proceed(InvocationInterceptorChain.java:131)\r\n\tat org.junit.jupiter.engine.extension.TimeoutExtension.intercept(TimeoutExtension.java:149)\r\n\tat org.junit.jupiter.engine.extension.TimeoutExtension.interceptTestableMethod(TimeoutExtension.java:140)\r\n\tat org.junit.jupiter.engine.extension.TimeoutExtension.interceptTestMethod(TimeoutExtension.java:84)\r\n\tat org.junit.jupiter.engine.execution.ExecutableInvoker$ReflectiveInterceptorCall.lambda$ofVoidMethod$0(ExecutableInvoker.java:115)\r\n\tat org.junit.jupiter.engine.execution.ExecutableInvoker.lambda$invoke$0(ExecutableInvoker.java:105)\r\n\tat org.junit.jupiter.engine.execution.InvocationInterceptorChain$InterceptedInvocation.proceed(InvocationInterceptorChain.java:106)\r\n\tat org.junit.jupiter.engine.execution.InvocationInterceptorChain.proceed(InvocationInterceptorChain.java:64)\r\n\tat org.junit.jupiter.engine.execution.InvocationInterceptorChain.chainAndInvoke(InvocationInterceptorChain.java:45)\r\n\tat org.junit.jupiter.engine.execution.InvocationInterceptorChain.invoke(InvocationInterceptorChain.java:37)\r\n\tat org.junit.jupiter.engine.execution.ExecutableInvoker.invoke(ExecutableInvoker.java:104)\r\n\tat org.junit.jupiter.engine.execution.ExecutableInvoker.invoke(ExecutableInvoker.java:98)\r\n\tat org.junit.jupiter.engine.descriptor.TestMethodTestDescriptor.lambda$invokeTestMethod$6(TestMethodTestDescriptor.java:210)\r\n\tat org.junit.platform.engine.support.hierarchical.ThrowableCollector.execute(ThrowableCollector.java:73)\r\n\tat org.junit.jupiter.engine.descriptor.TestMethodTestDescriptor.invokeTestMethod(TestMethodTestDescriptor.java:206)\r\n\tat org.junit.jupiter.engine.descriptor.TestMethodTestDescriptor.execute(TestMethodTestDescriptor.java:131)\r\n\tat org.junit.jupiter.engine.descriptor.TestMethodTestDescriptor.execute(TestMethodTestDescriptor.java:65)\r\n\tat org.junit.platform.engine.support.hierarchical.NodeTestTask.lambda$executeRecursively$5(NodeTestTask.java:139)\r\n\tat org.junit.platform.engine.support.hierarchical.ThrowableCollector.execute(ThrowableCollector.java:73)\r\n\tat org.junit.platform.engine.support.hierarchical.NodeTestTask.lambda$executeRecursively$7(NodeTestTask.java:129)\r\n\tat org.junit.platform.engine.support.hierarchical.Node.around(Node.java:137)\r\n\tat org.junit.platform.engine.support.hierarchical.NodeTestTask.lambda$executeRecursively$8(NodeTestTask.java:127)\r\n\tat org.junit.platform.engine.support.hierarchical.ThrowableCollector.execute(ThrowableCollector.java:73)\r\n\tat org.junit.platform.engine.support.hierarchical.NodeTestTask.executeRecursively(NodeTestTask.java:126)\r\n\tat org.junit.platform.engine.support.hierarchical.NodeTestTask.execute(NodeTestTask.java:84)\r\n\tat java.base\/java.util.ArrayList.forEach(ArrayList.java:1511)\r\n\tat org.junit.platform.engine.support.hierarchical.SameThreadHierarchicalTestExecutorService.invokeAll(SameThreadHierarchicalTestExecutorService.java:38)\r\n\tat org.junit.platform.engine.support.hierarchical.NodeTestTask.lambda$executeRecursively$5(NodeTestTask.java:143)\r\n\tat org.junit.platform.engine.support.hierarchical.ThrowableCollector.execute(ThrowableCollector.java:73)\r\n\tat org.junit.platform.engine.support.hierarchical.NodeTestTask.lambda$executeRecursively$7(NodeTestTask.java:129)\r\n\tat org.junit.platform.engine.support.hierarchical.Node.around(Node.java:137)\r\n\tat org.junit.platform.engine.support.hierarchical.NodeTestTask.lambda$executeRecursively$8(NodeTestTask.java:127)\r\n\tat org.junit.platform.engine.support.hierarchical.ThrowableCollector.execute(ThrowableCollector.java:73)\r\n\tat org.junit.platform.engine.support.hierarchical.NodeTestTask.executeRecursively(NodeTestTask.java:126)\r\n\tat org.junit.platform.engine.support.hierarchical.NodeTestTask.execute(NodeTestTask.java:84)\r\n\tat java.base\/java.util.ArrayList.forEach(ArrayList.java:1511)\r\n\tat org.junit.platform.engine.support.hierarchical.SameThreadHierarchicalTestExecutorService.invokeAll(SameThreadHierarchicalTestExecutorService.java:38)\r\n\tat org.junit.platform.engine.support.hierarchical.NodeTestTask.lambda$executeRecursively$5(NodeTestTask.java:143)\r\n\tat org.junit.platform.engine.support.hierarchical.ThrowableCollector.execute(ThrowableCollector.java:73)\r\n\tat org.junit.platform.engine.support.hierarchical.NodeTestTask.lambda$executeRecursively$7(NodeTestTask.java:129)\r\n\tat org.junit.platform.engine.support.hierarchical.Node.around(Node.java:137)\r\n\tat org.junit.platform.engine.support.hierarchical.NodeTestTask.lambda$executeRecursively$8(NodeTestTask.java:127)\r\n\tat org.junit.platform.engine.support.hierarchical.ThrowableCollector.execute(ThrowableCollector.java:73)\r\n\tat org.junit.platform.engine.support.hierarchical.NodeTestTask.executeRecursively(NodeTestTask.java:126)\r\n\tat org.junit.platform.engine.support.hierarchical.NodeTestTask.execute(NodeTestTask.java:84)\r\n\tat org.junit.platform.engine.support.hierarchical.SameThreadHierarchicalTestExecutorService.submit(SameThreadHierarchicalTestExecutorService.java:32)\r\n\tat org.junit.platform.engine.support.hierarchical.HierarchicalTestExecutor.execute(HierarchicalTestExecutor.java:57)\r\n\tat org.junit.platform.engine.support.hierarchical.HierarchicalTestEngine.execute(HierarchicalTestEngine.java:51)\r\n\tat org.junit.platform.launcher.core.EngineExecutionOrchestrator.execute(EngineExecutionOrchestrator.java:108)\r\n\tat org.junit.platform.launcher.core.EngineExecutionOrchestrator.execute(EngineExecutionOrchestrator.java:88)\r\n\tat org.junit.platform.launcher.core.EngineExecutionOrchestrator.lambda$execute$0(EngineExecutionOrchestrator.java:54)\r\n\tat org.junit.platform.launcher.core.EngineExecutionOrchestrator.withInterceptedStreams(EngineExecutionOrchestrator.java:67)\r\n\tat org.junit.platform.launcher.core.EngineExecutionOrchestrator.execute(EngineExecutionOrchestrator.java:52)\r\n\tat org.junit.platform.launcher.core.DefaultLauncher.execute(DefaultLauncher.java:96)\r\n\tat org.junit.platform.launcher.core.DefaultLauncher.execute(DefaultLauncher.java:84)\r\n\tat org.eclipse.jdt.internal.junit5.runner.JUnit5TestReference.run(JUnit5TestReference.java:100)\r\n\tat org.eclipse.jdt.internal.junit.runner.TestExecution.run(TestExecution.java:40)\r\n\tat org.eclipse.jdt.internal.junit.runner.RemoteTestRunner.runTests(RemoteTestRunner.java:529)\r\n\tat org.eclipse.jdt.internal.junit.runner.RemoteTestRunner.runTests(RemoteTestRunner.java:757)\r\n\tat org.eclipse.jdt.internal.junit.runner.RemoteTestRunner.run(RemoteTestRunner.java:452)\r\n\tat org.eclipse.jdt.internal.junit.runner.RemoteTestRunner.main(RemoteTestRunner.java:210)\r\n"}],"line":63,"description":"","durationMillis":8.188,"failed":true,"error":"Cannot invoke \"com.aventstack.extentreports.ExtentTest.info(String)\" because \"apifeatures.ReportHook.test\" is null\nclasspath:apifeatures\/Target.feature:63","executorName":"main","name":"","startTime":1725114670883,"refId":"[2.12:63]","endTime":1725114670887,"exampleData":{"S.NO":"","Modules":"","SCENARIO":"","URL":"","DESC":"","METHOD":"","STATUS_CODE":"","VALIDATION":"","EXPECTED_RESULT":"","KEY":"httpStatus","VALUE":"\"OK\""},"exampleIndex":11}],"callDepth":0,"name":"AERQ Target API","description":"","resultDate":"2024-08-31 08:01:10 pm","durationMillis":179.0063,"passedCount":0}